L 10/12/2023 - 00:22:58: SourceMod error session started
L 10/12/2023 - 00:22:58: Info (map "l4d_hospital01_apartment") (file "/home/steam/Steam/l4d1server/left4dead/addons/sourcemod/logs/errors_20231012.log")
L 10/12/2023 - 00:22:58: [SM] Exception reported: 
==========
Warning: You should install "Stripper:Source" to spawn objects permanently to the map: http://www.bailopan.net/stripper/#install
==========

L 10/12/2023 - 00:22:58: [SM] Blaming: l4d2_spawn_props.smx
L 10/12/2023 - 00:22:58: [SM] Call stack trace:
L 10/12/2023 - 00:22:58: [SM]   [0] SetFailState
L 10/12/2023 - 00:22:58: [SM]   [1] Line 334, C:\Users\ZCE\Desktop\sourcemod-1.11.0-git6936-windows\addons\sourcemod\scripting\l4d2_spawn_props.sp.cpp::OnAllPluginsLoaded
L 10/12/2023 - 00:31:26: Error log file session closed.
L 10/12/2023 - 00:31:26: SourceMod error session started
L 10/12/2023 - 00:31:26: Info (map "l4d_hospital02_subway") (file "/home/steam/Steam/l4d1server/left4dead/addons/sourcemod/logs/errors_20231012.log")
L 10/12/2023 - 00:31:26: [SM] Exception reported: 
==========
Warning: You should install "Stripper:Source" to spawn objects permanently to the map: http://www.bailopan.net/stripper/#install
==========

L 10/12/2023 - 00:31:26: [SM] Blaming: l4d2_spawn_props.smx
L 10/12/2023 - 00:31:26: [SM] Call stack trace:
L 10/12/2023 - 00:31:26: [SM]   [0] SetFailState
L 10/12/2023 - 00:31:26: [SM]   [1] Line 334, C:\Users\ZCE\Desktop\sourcemod-1.11.0-git6936-windows\addons\sourcemod\scripting\l4d2_spawn_props.sp.cpp::OnAllPluginsLoaded
L 10/12/2023 - 00:37:48: Error log file session closed.
L 10/12/2023 - 00:37:48: SourceMod error session started
L 10/12/2023 - 00:37:48: Info (map "l4d_hospital02_subway") (file "/home/steam/Steam/l4d1server/left4dead/addons/sourcemod/logs/errors_20231012.log")
L 10/12/2023 - 00:37:48: [SM] Exception reported: 
==========
Warning: You should install "Stripper:Source" to spawn objects permanently to the map: http://www.bailopan.net/stripper/#install
==========

L 10/12/2023 - 00:37:48: [SM] Blaming: l4d2_spawn_props.smx
L 10/12/2023 - 00:37:48: [SM] Call stack trace:
L 10/12/2023 - 00:37:48: [SM]   [0] SetFailState
L 10/12/2023 - 00:37:48: [SM]   [1] Line 334, C:\Users\ZCE\Desktop\sourcemod-1.11.0-git6936-windows\addons\sourcemod\scripting\l4d2_spawn_props.sp.cpp::OnAllPluginsLoaded
L 10/12/2023 - 00:48:50: Error log file session closed.
L 10/12/2023 - 00:48:50: SourceMod error session started
L 10/12/2023 - 00:48:50: Info (map "l4d_hospital03_sewers") (file "/home/steam/Steam/l4d1server/left4dead/addons/sourcemod/logs/errors_20231012.log")
L 10/12/2023 - 00:48:50: [SM] Exception reported: 
==========
Warning: You should install "Stripper:Source" to spawn objects permanently to the map: http://www.bailopan.net/stripper/#install
==========

L 10/12/2023 - 00:48:50: [SM] Blaming: l4d2_spawn_props.smx
L 10/12/2023 - 00:48:50: [SM] Call stack trace:
L 10/12/2023 - 00:48:50: [SM]   [0] SetFailState
L 10/12/2023 - 00:48:50: [SM]   [1] Line 334, C:\Users\ZCE\Desktop\sourcemod-1.11.0-git6936-windows\addons\sourcemod\scripting\l4d2_spawn_props.sp.cpp::OnAllPluginsLoaded
L 10/12/2023 - 01:36:02: Error log file session closed.
L 10/12/2023 - 01:36:02: SourceMod error session started
L 10/12/2023 - 01:36:02: Info (map "l4d_hospital04_interior") (file "/home/steam/Steam/l4d1server/left4dead/addons/sourcemod/logs/errors_20231012.log")
L 10/12/2023 - 01:36:02: [SM] Exception reported: 
==========
Warning: You should install "Stripper:Source" to spawn objects permanently to the map: http://www.bailopan.net/stripper/#install
==========

L 10/12/2023 - 01:36:02: [SM] Blaming: l4d2_spawn_props.smx
L 10/12/2023 - 01:36:02: [SM] Call stack trace:
L 10/12/2023 - 01:36:02: [SM]   [0] SetFailState
L 10/12/2023 - 01:36:02: [SM]   [1] Line 334, C:\Users\ZCE\Desktop\sourcemod-1.11.0-git6936-windows\addons\sourcemod\scripting\l4d2_spawn_props.sp.cpp::OnAllPluginsLoaded
L 10/12/2023 - 03:44:53: Error log file session closed.
L 10/12/2023 - 03:44:53: SourceMod error session started
L 10/12/2023 - 03:44:53: Info (map "l4d_hospital01_apartment") (file "/home/steam/Steam/l4d1server/left4dead/addons/sourcemod/logs/errors_20231012.log")
L 10/12/2023 - 03:44:53: [SM] Exception reported: 
==========
Warning: You should install "Stripper:Source" to spawn objects permanently to the map: http://www.bailopan.net/stripper/#install
==========

L 10/12/2023 - 03:44:53: [SM] Blaming: l4d2_spawn_props.smx
L 10/12/2023 - 03:44:53: [SM] Call stack trace:
L 10/12/2023 - 03:44:53: [SM]   [0] SetFailState
L 10/12/2023 - 03:44:53: [SM]   [1] Line 334, C:\Users\ZCE\Desktop\sourcemod-1.11.0-git6936-windows\addons\sourcemod\scripting\l4d2_spawn_props.sp.cpp::OnAllPluginsLoaded
L 10/12/2023 - 03:51:16: Error log file session closed.
L 10/12/2023 - 03:51:16: SourceMod error session started
L 10/12/2023 - 03:51:16: Info (map "l4d_hospital02_subway") (file "/home/steam/Steam/l4d1server/left4dead/addons/sourcemod/logs/errors_20231012.log")
L 10/12/2023 - 03:51:16: [SM] Exception reported: 
==========
Warning: You should install "Stripper:Source" to spawn objects permanently to the map: http://www.bailopan.net/stripper/#install
==========

L 10/12/2023 - 03:51:16: [SM] Blaming: l4d2_spawn_props.smx
L 10/12/2023 - 03:51:16: [SM] Call stack trace:
L 10/12/2023 - 03:51:16: [SM]   [0] SetFailState
L 10/12/2023 - 03:51:16: [SM]   [1] Line 334, C:\Users\ZCE\Desktop\sourcemod-1.11.0-git6936-windows\addons\sourcemod\scripting\l4d2_spawn_props.sp.cpp::OnAllPluginsLoaded
L 10/12/2023 - 03:58:43: Error log file session closed.
L 10/12/2023 - 03:58:43: SourceMod error session started
L 10/12/2023 - 03:58:43: Info (map "l4d_hospital03_sewers") (file "/home/steam/Steam/l4d1server/left4dead/addons/sourcemod/logs/errors_20231012.log")
L 10/12/2023 - 03:58:43: [SM] Exception reported: 
==========
Warning: You should install "Stripper:Source" to spawn objects permanently to the map: http://www.bailopan.net/stripper/#install
==========

L 10/12/2023 - 03:58:43: [SM] Blaming: l4d2_spawn_props.smx
L 10/12/2023 - 03:58:43: [SM] Call stack trace:
L 10/12/2023 - 03:58:43: [SM]   [0] SetFailState
L 10/12/2023 - 03:58:43: [SM]   [1] Line 334, C:\Users\ZCE\Desktop\sourcemod-1.11.0-git6936-windows\addons\sourcemod\scripting\l4d2_spawn_props.sp.cpp::OnAllPluginsLoaded
L 10/12/2023 - 04:06:53: Error log file session closed.
L 10/12/2023 - 04:06:53: SourceMod error session started
L 10/12/2023 - 04:06:53: Info (map "l4d_hospital04_interior") (file "/home/steam/Steam/l4d1server/left4dead/addons/sourcemod/logs/errors_20231012.log")
L 10/12/2023 - 04:06:53: [SM] Exception reported: 
==========
Warning: You should install "Stripper:Source" to spawn objects permanently to the map: http://www.bailopan.net/stripper/#install
==========

L 10/12/2023 - 04:06:53: [SM] Blaming: l4d2_spawn_props.smx
L 10/12/2023 - 04:06:53: [SM] Call stack trace:
L 10/12/2023 - 04:06:53: [SM]   [0] SetFailState
L 10/12/2023 - 04:06:53: [SM]   [1] Line 334, C:\Users\ZCE\Desktop\sourcemod-1.11.0-git6936-windows\addons\sourcemod\scripting\l4d2_spawn_props.sp.cpp::OnAllPluginsLoaded
L 10/12/2023 - 04:13:11: Error log file session closed.
L 10/12/2023 - 04:13:11: SourceMod error session started
L 10/12/2023 - 04:13:11: Info (map "l4d_hospital05_rooftop") (file "/home/steam/Steam/l4d1server/left4dead/addons/sourcemod/logs/errors_20231012.log")
L 10/12/2023 - 04:13:11: [SM] Exception reported: 
==========
Warning: You should install "Stripper:Source" to spawn objects permanently to the map: http://www.bailopan.net/stripper/#install
==========

L 10/12/2023 - 04:13:11: [SM] Blaming: l4d2_spawn_props.smx
L 10/12/2023 - 04:13:11: [SM] Call stack trace:
L 10/12/2023 - 04:13:11: [SM]   [0] SetFailState
L 10/12/2023 - 04:13:11: [SM]   [1] Line 334, C:\Users\ZCE\Desktop\sourcemod-1.11.0-git6936-windows\addons\sourcemod\scripting\l4d2_spawn_props.sp.cpp::OnAllPluginsLoaded
L 10/12/2023 - 04:20:56: Error log file session closed.
L 10/12/2023 - 04:20:56: SourceMod error session started
L 10/12/2023 - 04:20:56: Info (map "l4d_airport01_greenhouse") (file "/home/steam/Steam/l4d1server/left4dead/addons/sourcemod/logs/errors_20231012.log")
L 10/12/2023 - 04:20:56: [SM] Exception reported: 
==========
Warning: You should install "Stripper:Source" to spawn objects permanently to the map: http://www.bailopan.net/stripper/#install
==========

L 10/12/2023 - 04:20:56: [SM] Blaming: l4d2_spawn_props.smx
L 10/12/2023 - 04:20:56: [SM] Call stack trace:
L 10/12/2023 - 04:20:56: [SM]   [0] SetFailState
L 10/12/2023 - 04:20:56: [SM]   [1] Line 334, C:\Users\ZCE\Desktop\sourcemod-1.11.0-git6936-windows\addons\sourcemod\scripting\l4d2_spawn_props.sp.cpp::OnAllPluginsLoaded
L 10/12/2023 - 04:25:09: Error log file session closed.
L 10/12/2023 - 04:25:10: SourceMod error session started
L 10/12/2023 - 04:25:10: Info (map "l4d_airport02_offices") (file "/home/steam/Steam/l4d1server/left4dead/addons/sourcemod/logs/errors_20231012.log")
L 10/12/2023 - 04:25:10: [SM] Exception reported: 
==========
Warning: You should install "Stripper:Source" to spawn objects permanently to the map: http://www.bailopan.net/stripper/#install
==========

L 10/12/2023 - 04:25:10: [SM] Blaming: l4d2_spawn_props.smx
L 10/12/2023 - 04:25:10: [SM] Call stack trace:
L 10/12/2023 - 04:25:10: [SM]   [0] SetFailState
L 10/12/2023 - 04:25:10: [SM]   [1] Line 334, C:\Users\ZCE\Desktop\sourcemod-1.11.0-git6936-windows\addons\sourcemod\scripting\l4d2_spawn_props.sp.cpp::OnAllPluginsLoaded
L 10/12/2023 - 04:32:49: Error log file session closed.
L 10/12/2023 - 04:32:49: SourceMod error session started
L 10/12/2023 - 04:32:49: Info (map "l4d_airport03_garage") (file "/home/steam/Steam/l4d1server/left4dead/addons/sourcemod/logs/errors_20231012.log")
L 10/12/2023 - 04:32:49: [SM] Exception reported: 
==========
Warning: You should install "Stripper:Source" to spawn objects permanently to the map: http://www.bailopan.net/stripper/#install
==========

L 10/12/2023 - 04:32:49: [SM] Blaming: l4d2_spawn_props.smx
L 10/12/2023 - 04:32:49: [SM] Call stack trace:
L 10/12/2023 - 04:32:49: [SM]   [0] SetFailState
L 10/12/2023 - 04:32:49: [SM]   [1] Line 334, C:\Users\ZCE\Desktop\sourcemod-1.11.0-git6936-windows\addons\sourcemod\scripting\l4d2_spawn_props.sp.cpp::OnAllPluginsLoaded
L 10/12/2023 - 04:42:39: Error log file session closed.
L 10/12/2023 - 04:42:39: SourceMod error session started
L 10/12/2023 - 04:42:39: Info (map "l4d_airport04_terminal") (file "/home/steam/Steam/l4d1server/left4dead/addons/sourcemod/logs/errors_20231012.log")
L 10/12/2023 - 04:42:39: [SM] Exception reported: 
==========
Warning: You should install "Stripper:Source" to spawn objects permanently to the map: http://www.bailopan.net/stripper/#install
==========

L 10/12/2023 - 04:42:39: [SM] Blaming: l4d2_spawn_props.smx
L 10/12/2023 - 04:42:39: [SM] Call stack trace:
L 10/12/2023 - 04:42:39: [SM]   [0] SetFailState
L 10/12/2023 - 04:42:39: [SM]   [1] Line 334, C:\Users\ZCE\Desktop\sourcemod-1.11.0-git6936-windows\addons\sourcemod\scripting\l4d2_spawn_props.sp.cpp::OnAllPluginsLoaded
L 10/12/2023 - 04:54:50: Error log file session closed.
L 10/12/2023 - 04:54:50: SourceMod error session started
L 10/12/2023 - 04:54:50: Info (map "l4d_airport05_runway") (file "/home/steam/Steam/l4d1server/left4dead/addons/sourcemod/logs/errors_20231012.log")
L 10/12/2023 - 04:54:50: [SM] Exception reported: 
==========
Warning: You should install "Stripper:Source" to spawn objects permanently to the map: http://www.bailopan.net/stripper/#install
==========

L 10/12/2023 - 04:54:50: [SM] Blaming: l4d2_spawn_props.smx
L 10/12/2023 - 04:54:50: [SM] Call stack trace:
L 10/12/2023 - 04:54:50: [SM]   [0] SetFailState
L 10/12/2023 - 04:54:50: [SM]   [1] Line 334, C:\Users\ZCE\Desktop\sourcemod-1.11.0-git6936-windows\addons\sourcemod\scripting\l4d2_spawn_props.sp.cpp::OnAllPluginsLoaded
L 10/12/2023 - 05:15:47: Error log file session closed.
L 10/12/2023 - 05:15:47: SourceMod error session started
L 10/12/2023 - 05:15:47: Info (map "l4d_smalltown01_caves") (file "/home/steam/Steam/l4d1server/left4dead/addons/sourcemod/logs/errors_20231012.log")
L 10/12/2023 - 05:15:47: [SM] Exception reported: 
==========
Warning: You should install "Stripper:Source" to spawn objects permanently to the map: http://www.bailopan.net/stripper/#install
==========

L 10/12/2023 - 05:15:47: [SM] Blaming: l4d2_spawn_props.smx
L 10/12/2023 - 05:15:47: [SM] Call stack trace:
L 10/12/2023 - 05:15:47: [SM]   [0] SetFailState
L 10/12/2023 - 05:15:47: [SM]   [1] Line 334, C:\Users\ZCE\Desktop\sourcemod-1.11.0-git6936-windows\addons\sourcemod\scripting\l4d2_spawn_props.sp.cpp::OnAllPluginsLoaded
L 10/12/2023 - 05:22:15: SourceMod error session started
L 10/12/2023 - 05:22:15: Info (map "l4d_hospital01_apartment") (file "/home/steam/Steam/l4d1server/left4dead/addons/sourcemod/logs/errors_20231012.log")
L 10/12/2023 - 05:22:15: [SM] Unable to load extension "left4downtown.ext": vstdlib_i486.so: cannot open shared object file: No such file or directory
L 10/12/2023 - 05:22:15: [left4dhooks.smx] Failed to find signature: "CMultiPlayerAnimState::ResetMainActivity" (NIX/1/1.135)
L 10/12/2023 - 05:22:15: [SM] Exception reported: 
==========
Warning: You should install "Stripper:Source" to spawn objects permanently to the map: http://www.bailopan.net/stripper/#install
==========

L 10/12/2023 - 05:22:15: [SM] Blaming: l4d2_spawn_props.smx
L 10/12/2023 - 05:22:15: [SM] Call stack trace:
L 10/12/2023 - 05:22:15: [SM]   [0] SetFailState
L 10/12/2023 - 05:22:15: [SM]   [1] Line 334, C:\Users\ZCE\Desktop\sourcemod-1.11.0-git6936-windows\addons\sourcemod\scripting\l4d2_spawn_props.sp.cpp::OnAllPluginsLoaded
L 10/12/2023 - 09:23:05: Error log file session closed.
L 10/12/2023 - 09:23:05: SourceMod error session started
L 10/12/2023 - 09:23:05: Info (map "l4d_vs_smalltown05_houseboat") (file "/home/steam/Steam/l4d1server/left4dead/addons/sourcemod/logs/errors_20231012.log")
L 10/12/2023 - 09:23:05: [SM] Exception reported: 
==========
Warning: You should install "Stripper:Source" to spawn objects permanently to the map: http://www.bailopan.net/stripper/#install
==========

L 10/12/2023 - 09:23:05: [SM] Blaming: l4d2_spawn_props.smx
L 10/12/2023 - 09:23:05: [SM] Call stack trace:
L 10/12/2023 - 09:23:05: [SM]   [0] SetFailState
L 10/12/2023 - 09:23:05: [SM]   [1] Line 334, C:\Users\ZCE\Desktop\sourcemod-1.11.0-git6936-windows\addons\sourcemod\scripting\l4d2_spawn_props.sp.cpp::OnAllPluginsLoaded
L 10/12/2023 - 19:21:52: Error log file session closed.
L 10/12/2023 - 19:21:52: SourceMod error session started
L 10/12/2023 - 19:21:52: Info (map "l4d_hospital01_apartment") (file "/home/steam/Steam/l4d1server/left4dead/addons/sourcemod/logs/errors_20231012.log")
L 10/12/2023 - 19:21:52: [SM] Exception reported: 
==========
Warning: You should install "Stripper:Source" to spawn objects permanently to the map: http://www.bailopan.net/stripper/#install
==========

L 10/12/2023 - 19:21:52: [SM] Blaming: l4d2_spawn_props.smx
L 10/12/2023 - 19:21:52: [SM] Call stack trace:
L 10/12/2023 - 19:21:52: [SM]   [0] SetFailState
L 10/12/2023 - 19:21:52: [SM]   [1] Line 334, C:\Users\ZCE\Desktop\sourcemod-1.11.0-git6936-windows\addons\sourcemod\scripting\l4d2_spawn_props.sp.cpp::OnAllPluginsLoaded
L 10/12/2023 - 19:29:20: Error log file session closed.
L 10/12/2023 - 19:29:20: SourceMod error session started
L 10/12/2023 - 19:29:20: Info (map "l4d_hospital02_subway") (file "/home/steam/Steam/l4d1server/left4dead/addons/sourcemod/logs/errors_20231012.log")
L 10/12/2023 - 19:29:20: [SM] Exception reported: 
==========
Warning: You should install "Stripper:Source" to spawn objects permanently to the map: http://www.bailopan.net/stripper/#install
==========

L 10/12/2023 - 19:29:20: [SM] Blaming: l4d2_spawn_props.smx
L 10/12/2023 - 19:29:20: [SM] Call stack trace:
L 10/12/2023 - 19:29:20: [SM]   [0] SetFailState
L 10/12/2023 - 19:29:20: [SM]   [1] Line 334, C:\Users\ZCE\Desktop\sourcemod-1.11.0-git6936-windows\addons\sourcemod\scripting\l4d2_spawn_props.sp.cpp::OnAllPluginsLoaded
L 10/12/2023 - 19:37:03: [SM] Exception reported: Entity 578 (578) is not a CBaseEntity
L 10/12/2023 - 19:37:03: [SM] Blaming: l4d2_movablemachinegun_sdkhooks_CH.smx
L 10/12/2023 - 19:37:03: [SM] Call stack trace:
L 10/12/2023 - 19:37:03: [SM]   [0] AcceptEntityInput
L 10/12/2023 - 19:37:03: [SM]   [1] Line 330, C:\Users\ZCE\Desktop\sourcemod-1.11.0-git6936-windows\addons\sourcemod\scripting\l4d2_movablemachinegun_sdkhooks1.sp::Event_RoundStart
L 10/12/2023 - 19:43:33: Error log file session closed.
L 10/12/2023 - 19:43:33: SourceMod error session started
L 10/12/2023 - 19:43:33: Info (map "l4d_hospital03_sewers") (file "/home/steam/Steam/l4d1server/left4dead/addons/sourcemod/logs/errors_20231012.log")
L 10/12/2023 - 19:43:33: [SM] Exception reported: 
==========
Warning: You should install "Stripper:Source" to spawn objects permanently to the map: http://www.bailopan.net/stripper/#install
==========

L 10/12/2023 - 19:43:33: [SM] Blaming: l4d2_spawn_props.smx
L 10/12/2023 - 19:43:33: [SM] Call stack trace:
L 10/12/2023 - 19:43:33: [SM]   [0] SetFailState
L 10/12/2023 - 19:43:33: [SM]   [1] Line 334, C:\Users\ZCE\Desktop\sourcemod-1.11.0-git6936-windows\addons\sourcemod\scripting\l4d2_spawn_props.sp.cpp::OnAllPluginsLoaded
L 10/12/2023 - 19:54:17: Error log file session closed.
L 10/12/2023 - 19:54:17: SourceMod error session started
L 10/12/2023 - 19:54:17: Info (map "l4d_hospital04_interior") (file "/home/steam/Steam/l4d1server/left4dead/addons/sourcemod/logs/errors_20231012.log")
L 10/12/2023 - 19:54:17: [SM] Exception reported: 
==========
Warning: You should install "Stripper:Source" to spawn objects permanently to the map: http://www.bailopan.net/stripper/#install
==========

L 10/12/2023 - 19:54:17: [SM] Blaming: l4d2_spawn_props.smx
L 10/12/2023 - 19:54:17: [SM] Call stack trace:
L 10/12/2023 - 19:54:17: [SM]   [0] SetFailState
L 10/12/2023 - 19:54:17: [SM]   [1] Line 334, C:\Users\ZCE\Desktop\sourcemod-1.11.0-git6936-windows\addons\sourcemod\scripting\l4d2_spawn_props.sp.cpp::OnAllPluginsLoaded
L 10/12/2023 - 20:03:37: Error log file session closed.
L 10/12/2023 - 20:03:37: SourceMod error session started
L 10/12/2023 - 20:03:37: Info (map "l4d_hospital05_rooftop") (file "/home/steam/Steam/l4d1server/left4dead/addons/sourcemod/logs/errors_20231012.log")
L 10/12/2023 - 20:03:37: [SM] Exception reported: 
==========
Warning: You should install "Stripper:Source" to spawn objects permanently to the map: http://www.bailopan.net/stripper/#install
==========

L 10/12/2023 - 20:03:37: [SM] Blaming: l4d2_spawn_props.smx
L 10/12/2023 - 20:03:37: [SM] Call stack trace:
L 10/12/2023 - 20:03:37: [SM]   [0] SetFailState
L 10/12/2023 - 20:03:37: [SM]   [1] Line 334, C:\Users\ZCE\Desktop\sourcemod-1.11.0-git6936-windows\addons\sourcemod\scripting\l4d2_spawn_props.sp.cpp::OnAllPluginsLoaded
L 10/12/2023 - 20:12:58: Error log file session closed.
L 10/12/2023 - 20:12:58: SourceMod error session started
L 10/12/2023 - 20:12:58: Info (map "l4d_airport01_greenhouse") (file "/home/steam/Steam/l4d1server/left4dead/addons/sourcemod/logs/errors_20231012.log")
L 10/12/2023 - 20:12:58: [SM] Exception reported: 
==========
Warning: You should install "Stripper:Source" to spawn objects permanently to the map: http://www.bailopan.net/stripper/#install
==========

L 10/12/2023 - 20:12:58: [SM] Blaming: l4d2_spawn_props.smx
L 10/12/2023 - 20:12:58: [SM] Call stack trace:
L 10/12/2023 - 20:12:58: [SM]   [0] SetFailState
L 10/12/2023 - 20:12:58: [SM]   [1] Line 334, C:\Users\ZCE\Desktop\sourcemod-1.11.0-git6936-windows\addons\sourcemod\scripting\l4d2_spawn_props.sp.cpp::OnAllPluginsLoaded
L 10/12/2023 - 20:17:30: Error log file session closed.
L 10/12/2023 - 20:17:30: SourceMod error session started
L 10/12/2023 - 20:17:30: Info (map "l4d_airport02_offices") (file "/home/steam/Steam/l4d1server/left4dead/addons/sourcemod/logs/errors_20231012.log")
L 10/12/2023 - 20:17:30: [SM] Exception reported: 
==========
Warning: You should install "Stripper:Source" to spawn objects permanently to the map: http://www.bailopan.net/stripper/#install
==========

L 10/12/2023 - 20:17:30: [SM] Blaming: l4d2_spawn_props.smx
L 10/12/2023 - 20:17:30: [SM] Call stack trace:
L 10/12/2023 - 20:17:30: [SM]   [0] SetFailState
L 10/12/2023 - 20:17:30: [SM]   [1] Line 334, C:\Users\ZCE\Desktop\sourcemod-1.11.0-git6936-windows\addons\sourcemod\scripting\l4d2_spawn_props.sp.cpp::OnAllPluginsLoaded
L 10/12/2023 - 20:25:44: Error log file session closed.
L 10/12/2023 - 20:25:44: SourceMod error session started
L 10/12/2023 - 20:25:44: Info (map "l4d_airport03_garage") (file "/home/steam/Steam/l4d1server/left4dead/addons/sourcemod/logs/errors_20231012.log")
L 10/12/2023 - 20:25:44: [SM] Exception reported: 
==========
Warning: You should install "Stripper:Source" to spawn objects permanently to the map: http://www.bailopan.net/stripper/#install
==========

L 10/12/2023 - 20:25:44: [SM] Blaming: l4d2_spawn_props.smx
L 10/12/2023 - 20:25:44: [SM] Call stack trace:
L 10/12/2023 - 20:25:44: [SM]   [0] SetFailState
L 10/12/2023 - 20:25:44: [SM]   [1] Line 334, C:\Users\ZCE\Desktop\sourcemod-1.11.0-git6936-windows\addons\sourcemod\scripting\l4d2_spawn_props.sp.cpp::OnAllPluginsLoaded
L 10/12/2023 - 20:38:25: Error log file session closed.
L 10/12/2023 - 20:38:25: SourceMod error session started
L 10/12/2023 - 20:38:25: Info (map "l4d_airport04_terminal") (file "/home/steam/Steam/l4d1server/left4dead/addons/sourcemod/logs/errors_20231012.log")
L 10/12/2023 - 20:38:25: [SM] Exception reported: 
==========
Warning: You should install "Stripper:Source" to spawn objects permanently to the map: http://www.bailopan.net/stripper/#install
==========

L 10/12/2023 - 20:38:25: [SM] Blaming: l4d2_spawn_props.smx
L 10/12/2023 - 20:38:25: [SM] Call stack trace:
L 10/12/2023 - 20:38:25: [SM]   [0] SetFailState
L 10/12/2023 - 20:38:25: [SM]   [1] Line 334, C:\Users\ZCE\Desktop\sourcemod-1.11.0-git6936-windows\addons\sourcemod\scripting\l4d2_spawn_props.sp.cpp::OnAllPluginsLoaded
L 10/12/2023 - 20:44:49: Error log file session closed.
L 10/12/2023 - 20:44:49: SourceMod error session started
L 10/12/2023 - 20:44:49: Info (map "l4d_airport05_runway") (file "/home/steam/Steam/l4d1server/left4dead/addons/sourcemod/logs/errors_20231012.log")
L 10/12/2023 - 20:44:49: [SM] Exception reported: 
==========
Warning: You should install "Stripper:Source" to spawn objects permanently to the map: http://www.bailopan.net/stripper/#install
==========

L 10/12/2023 - 20:44:49: [SM] Blaming: l4d2_spawn_props.smx
L 10/12/2023 - 20:44:49: [SM] Call stack trace:
L 10/12/2023 - 20:44:49: [SM]   [0] SetFailState
L 10/12/2023 - 20:44:49: [SM]   [1] Line 334, C:\Users\ZCE\Desktop\sourcemod-1.11.0-git6936-windows\addons\sourcemod\scripting\l4d2_spawn_props.sp.cpp::OnAllPluginsLoaded
L 10/12/2023 - 20:50:24: Error log file session closed.
L 10/12/2023 - 20:50:24: SourceMod error session started
L 10/12/2023 - 20:50:24: Info (map "l4d_farm01_hilltop") (file "/home/steam/Steam/l4d1server/left4dead/addons/sourcemod/logs/errors_20231012.log")
L 10/12/2023 - 20:50:24: [SM] Exception reported: 
==========
Warning: You should install "Stripper:Source" to spawn objects permanently to the map: http://www.bailopan.net/stripper/#install
==========

L 10/12/2023 - 20:50:24: [SM] Blaming: l4d2_spawn_props.smx
L 10/12/2023 - 20:50:24: [SM] Call stack trace:
L 10/12/2023 - 20:50:24: [SM]   [0] SetFailState
L 10/12/2023 - 20:50:24: [SM]   [1] Line 334, C:\Users\ZCE\Desktop\sourcemod-1.11.0-git6936-windows\addons\sourcemod\scripting\l4d2_spawn_props.sp.cpp::OnAllPluginsLoaded
L 10/12/2023 - 20:57:31: Error log file session closed.
L 10/12/2023 - 20:57:31: SourceMod error session started
L 10/12/2023 - 20:57:31: Info (map "l4d_farm02_traintunnel") (file "/home/steam/Steam/l4d1server/left4dead/addons/sourcemod/logs/errors_20231012.log")
L 10/12/2023 - 20:57:31: [SM] Exception reported: 
==========
Warning: You should install "Stripper:Source" to spawn objects permanently to the map: http://www.bailopan.net/stripper/#install
==========

L 10/12/2023 - 20:57:31: [SM] Blaming: l4d2_spawn_props.smx
L 10/12/2023 - 20:57:31: [SM] Call stack trace:
L 10/12/2023 - 20:57:31: [SM]   [0] SetFailState
L 10/12/2023 - 20:57:31: [SM]   [1] Line 334, C:\Users\ZCE\Desktop\sourcemod-1.11.0-git6936-windows\addons\sourcemod\scripting\l4d2_spawn_props.sp.cpp::OnAllPluginsLoaded
L 10/12/2023 - 21:04:57: Error log file session closed.
L 10/12/2023 - 21:04:57: SourceMod error session started
L 10/12/2023 - 21:04:57: Info (map "l4d_farm03_bridge") (file "/home/steam/Steam/l4d1server/left4dead/addons/sourcemod/logs/errors_20231012.log")
L 10/12/2023 - 21:04:57: [SM] Exception reported: 
==========
Warning: You should install "Stripper:Source" to spawn objects permanently to the map: http://www.bailopan.net/stripper/#install
==========

L 10/12/2023 - 21:04:57: [SM] Blaming: l4d2_spawn_props.smx
L 10/12/2023 - 21:04:57: [SM] Call stack trace:
L 10/12/2023 - 21:04:57: [SM]   [0] SetFailState
L 10/12/2023 - 21:04:57: [SM]   [1] Line 334, C:\Users\ZCE\Desktop\sourcemod-1.11.0-git6936-windows\addons\sourcemod\scripting\l4d2_spawn_props.sp.cpp::OnAllPluginsLoaded
L 10/12/2023 - 21:14:22: Error log file session closed.
L 10/12/2023 - 21:14:22: SourceMod error session started
L 10/12/2023 - 21:14:22: Info (map "l4d_farm04_barn") (file "/home/steam/Steam/l4d1server/left4dead/addons/sourcemod/logs/errors_20231012.log")
L 10/12/2023 - 21:14:22: [SM] Exception reported: 
==========
Warning: You should install "Stripper:Source" to spawn objects permanently to the map: http://www.bailopan.net/stripper/#install
==========

L 10/12/2023 - 21:14:22: [SM] Blaming: l4d2_spawn_props.smx
L 10/12/2023 - 21:14:22: [SM] Call stack trace:
L 10/12/2023 - 21:14:22: [SM]   [0] SetFailState
L 10/12/2023 - 21:14:22: [SM]   [1] Line 334, C:\Users\ZCE\Desktop\sourcemod-1.11.0-git6936-windows\addons\sourcemod\scripting\l4d2_spawn_props.sp.cpp::OnAllPluginsLoaded
L 10/12/2023 - 21:19:38: Error log file session closed.
L 10/12/2023 - 21:19:38: SourceMod error session started
L 10/12/2023 - 21:19:38: Info (map "l4d_farm05_cornfield") (file "/home/steam/Steam/l4d1server/left4dead/addons/sourcemod/logs/errors_20231012.log")
L 10/12/2023 - 21:19:38: [SM] Exception reported: 
==========
Warning: You should install "Stripper:Source" to spawn objects permanently to the map: http://www.bailopan.net/stripper/#install
==========

L 10/12/2023 - 21:19:38: [SM] Blaming: l4d2_spawn_props.smx
L 10/12/2023 - 21:19:38: [SM] Call stack trace:
L 10/12/2023 - 21:19:38: [SM]   [0] SetFailState
L 10/12/2023 - 21:19:38: [SM]   [1] Line 334, C:\Users\ZCE\Desktop\sourcemod-1.11.0-git6936-windows\addons\sourcemod\scripting\l4d2_spawn_props.sp.cpp::OnAllPluginsLoaded
L 10/12/2023 - 21:28:35: Error log file session closed.
L 10/12/2023 - 21:28:35: SourceMod error session started
L 10/12/2023 - 21:28:35: Info (map "l4d_smalltown01_caves") (file "/home/steam/Steam/l4d1server/left4dead/addons/sourcemod/logs/errors_20231012.log")
L 10/12/2023 - 21:28:35: [SM] Exception reported: 
==========
Warning: You should install "Stripper:Source" to spawn objects permanently to the map: http://www.bailopan.net/stripper/#install
==========

L 10/12/2023 - 21:28:35: [SM] Blaming: l4d2_spawn_props.smx
L 10/12/2023 - 21:28:35: [SM] Call stack trace:
L 10/12/2023 - 21:28:35: [SM]   [0] SetFailState
L 10/12/2023 - 21:28:35: [SM]   [1] Line 334, C:\Users\ZCE\Desktop\sourcemod-1.11.0-git6936-windows\addons\sourcemod\scripting\l4d2_spawn_props.sp.cpp::OnAllPluginsLoaded
L 10/12/2023 - 21:32:37: Error log file session closed.
L 10/12/2023 - 21:32:37: SourceMod error session started
L 10/12/2023 - 21:32:37: Info (map "l4d_smalltown02_drainage") (file "/home/steam/Steam/l4d1server/left4dead/addons/sourcemod/logs/errors_20231012.log")
L 10/12/2023 - 21:32:37: [SM] Exception reported: 
==========
Warning: You should install "Stripper:Source" to spawn objects permanently to the map: http://www.bailopan.net/stripper/#install
==========

L 10/12/2023 - 21:32:37: [SM] Blaming: l4d2_spawn_props.smx
L 10/12/2023 - 21:32:37: [SM] Call stack trace:
L 10/12/2023 - 21:32:37: [SM]   [0] SetFailState
L 10/12/2023 - 21:32:37: [SM]   [1] Line 334, C:\Users\ZCE\Desktop\sourcemod-1.11.0-git6936-windows\addons\sourcemod\scripting\l4d2_spawn_props.sp.cpp::OnAllPluginsLoaded
L 10/12/2023 - 21:39:45: Error log file session closed.
L 10/12/2023 - 21:39:45: SourceMod error session started
L 10/12/2023 - 21:39:45: Info (map "l4d_smalltown03_ranchhouse") (file "/home/steam/Steam/l4d1server/left4dead/addons/sourcemod/logs/errors_20231012.log")
L 10/12/2023 - 21:39:45: [SM] Exception reported: 
==========
Warning: You should install "Stripper:Source" to spawn objects permanently to the map: http://www.bailopan.net/stripper/#install
==========

L 10/12/2023 - 21:39:45: [SM] Blaming: l4d2_spawn_props.smx
L 10/12/2023 - 21:39:45: [SM] Call stack trace:
L 10/12/2023 - 21:39:45: [SM]   [0] SetFailState
L 10/12/2023 - 21:39:45: [SM]   [1] Line 334, C:\Users\ZCE\Desktop\sourcemod-1.11.0-git6936-windows\addons\sourcemod\scripting\l4d2_spawn_props.sp.cpp::OnAllPluginsLoaded
L 10/12/2023 - 21:55:47: Error log file session closed.
L 10/12/2023 - 21:55:47: SourceMod error session started
L 10/12/2023 - 21:55:47: Info (map "l4d_smalltown04_mainstreet") (file "/home/steam/Steam/l4d1server/left4dead/addons/sourcemod/logs/errors_20231012.log")
L 10/12/2023 - 21:55:47: [SM] Exception reported: 
==========
Warning: You should install "Stripper:Source" to spawn objects permanently to the map: http://www.bailopan.net/stripper/#install
==========

L 10/12/2023 - 21:55:47: [SM] Blaming: l4d2_spawn_props.smx
L 10/12/2023 - 21:55:47: [SM] Call stack trace:
L 10/12/2023 - 21:55:47: [SM]   [0] SetFailState
L 10/12/2023 - 21:55:47: [SM]   [1] Line 334, C:\Users\ZCE\Desktop\sourcemod-1.11.0-git6936-windows\addons\sourcemod\scripting\l4d2_spawn_props.sp.cpp::OnAllPluginsLoaded
L 10/12/2023 - 22:06:48: Error log file session closed.
L 10/12/2023 - 22:06:48: SourceMod error session started
L 10/12/2023 - 22:06:48: Info (map "l4d_smalltown05_houseboat") (file "/home/steam/Steam/l4d1server/left4dead/addons/sourcemod/logs/errors_20231012.log")
L 10/12/2023 - 22:06:48: [SM] Exception reported: 
==========
Warning: You should install "Stripper:Source" to spawn objects permanently to the map: http://www.bailopan.net/stripper/#install
==========

L 10/12/2023 - 22:06:48: [SM] Blaming: l4d2_spawn_props.smx
L 10/12/2023 - 22:06:48: [SM] Call stack trace:
L 10/12/2023 - 22:06:48: [SM]   [0] SetFailState
L 10/12/2023 - 22:06:48: [SM]   [1] Line 334, C:\Users\ZCE\Desktop\sourcemod-1.11.0-git6936-windows\addons\sourcemod\scripting\l4d2_spawn_props.sp.cpp::OnAllPluginsLoaded
L 10/12/2023 - 22:15:16: Error log file session closed.
L 10/12/2023 - 22:15:16: SourceMod error session started
L 10/12/2023 - 22:15:16: Info (map "l4d_garage01_alleys") (file "/home/steam/Steam/l4d1server/left4dead/addons/sourcemod/logs/errors_20231012.log")
L 10/12/2023 - 22:15:16: [SM] Exception reported: 
==========
Warning: You should install "Stripper:Source" to spawn objects permanently to the map: http://www.bailopan.net/stripper/#install
==========

L 10/12/2023 - 22:15:16: [SM] Blaming: l4d2_spawn_props.smx
L 10/12/2023 - 22:15:16: [SM] Call stack trace:
L 10/12/2023 - 22:15:16: [SM]   [0] SetFailState
L 10/12/2023 - 22:15:16: [SM]   [1] Line 334, C:\Users\ZCE\Desktop\sourcemod-1.11.0-git6936-windows\addons\sourcemod\scripting\l4d2_spawn_props.sp.cpp::OnAllPluginsLoaded
L 10/12/2023 - 22:25:21: Error log file session closed.
L 10/12/2023 - 22:25:21: SourceMod error session started
L 10/12/2023 - 22:25:21: Info (map "l4d_garage02_lots") (file "/home/steam/Steam/l4d1server/left4dead/addons/sourcemod/logs/errors_20231012.log")
L 10/12/2023 - 22:25:21: [SM] Exception reported: 
==========
Warning: You should install "Stripper:Source" to spawn objects permanently to the map: http://www.bailopan.net/stripper/#install
==========

L 10/12/2023 - 22:25:21: [SM] Blaming: l4d2_spawn_props.smx
L 10/12/2023 - 22:25:21: [SM] Call stack trace:
L 10/12/2023 - 22:25:21: [SM]   [0] SetFailState
L 10/12/2023 - 22:25:21: [SM]   [1] Line 334, C:\Users\ZCE\Desktop\sourcemod-1.11.0-git6936-windows\addons\sourcemod\scripting\l4d2_spawn_props.sp.cpp::OnAllPluginsLoaded
L 10/12/2023 - 22:50:12: Error log file session closed.
L 10/12/2023 - 22:50:12: SourceMod error session started
L 10/12/2023 - 22:50:12: Info (map "l4d_farm01_hilltop") (file "/home/steam/Steam/l4d1server/left4dead/addons/sourcemod/logs/errors_20231012.log")
L 10/12/2023 - 22:50:12: [SM] Exception reported: 
==========
Warning: You should install "Stripper:Source" to spawn objects permanently to the map: http://www.bailopan.net/stripper/#install
==========

L 10/12/2023 - 22:50:12: [SM] Blaming: l4d2_spawn_props.smx
L 10/12/2023 - 22:50:12: [SM] Call stack trace:
L 10/12/2023 - 22:50:12: [SM]   [0] SetFailState
L 10/12/2023 - 22:50:12: [SM]   [1] Line 334, C:\Users\ZCE\Desktop\sourcemod-1.11.0-git6936-windows\addons\sourcemod\scripting\l4d2_spawn_props.sp.cpp::OnAllPluginsLoaded
L 10/12/2023 - 22:54:53: Error log file session closed.
L 10/12/2023 - 22:54:53: SourceMod error session started
L 10/12/2023 - 22:54:53: Info (map "l4d_farm02_traintunnel") (file "/home/steam/Steam/l4d1server/left4dead/addons/sourcemod/logs/errors_20231012.log")
L 10/12/2023 - 22:54:53: [SM] Exception reported: 
==========
Warning: You should install "Stripper:Source" to spawn objects permanently to the map: http://www.bailopan.net/stripper/#install
==========

L 10/12/2023 - 22:54:54: [SM] Blaming: l4d2_spawn_props.smx
L 10/12/2023 - 22:54:54: [SM] Call stack trace:
L 10/12/2023 - 22:54:54: [SM]   [0] SetFailState
L 10/12/2023 - 22:54:54: [SM]   [1] Line 334, C:\Users\ZCE\Desktop\sourcemod-1.11.0-git6936-windows\addons\sourcemod\scripting\l4d2_spawn_props.sp.cpp::OnAllPluginsLoaded
L 10/12/2023 - 23:03:02: Error log file session closed.
L 10/12/2023 - 23:03:02: SourceMod error session started
L 10/12/2023 - 23:03:02: Info (map "l4d_farm03_bridge") (file "/home/steam/Steam/l4d1server/left4dead/addons/sourcemod/logs/errors_20231012.log")
L 10/12/2023 - 23:03:02: [SM] Exception reported: 
==========
Warning: You should install "Stripper:Source" to spawn objects permanently to the map: http://www.bailopan.net/stripper/#install
==========

L 10/12/2023 - 23:03:02: [SM] Blaming: l4d2_spawn_props.smx
L 10/12/2023 - 23:03:02: [SM] Call stack trace:
L 10/12/2023 - 23:03:02: [SM]   [0] SetFailState
L 10/12/2023 - 23:03:02: [SM]   [1] Line 334, C:\Users\ZCE\Desktop\sourcemod-1.11.0-git6936-windows\addons\sourcemod\scripting\l4d2_spawn_props.sp.cpp::OnAllPluginsLoaded
L 10/12/2023 - 23:08:25: Error log file session closed.
L 10/12/2023 - 23:08:25: SourceMod error session started
L 10/12/2023 - 23:08:25: Info (map "l4d_farm04_barn") (file "/home/steam/Steam/l4d1server/left4dead/addons/sourcemod/logs/errors_20231012.log")
L 10/12/2023 - 23:08:25: [SM] Exception reported: 
==========
Warning: You should install "Stripper:Source" to spawn objects permanently to the map: http://www.bailopan.net/stripper/#install
==========

L 10/12/2023 - 23:08:25: [SM] Blaming: l4d2_spawn_props.smx
L 10/12/2023 - 23:08:25: [SM] Call stack trace:
L 10/12/2023 - 23:08:25: [SM]   [0] SetFailState
L 10/12/2023 - 23:08:25: [SM]   [1] Line 334, C:\Users\ZCE\Desktop\sourcemod-1.11.0-git6936-windows\addons\sourcemod\scripting\l4d2_spawn_props.sp.cpp::OnAllPluginsLoaded
L 10/13/2023 - 01:43:11: Error log file session closed.
