L 10/06/2023 - 02:50:47: SourceMod error session started
L 10/06/2023 - 02:50:47: Info (map "l4d_garage02_lots") (file "/home/steam/Steam/l4d1server/left4dead/addons/sourcemod/logs/errors_20231006.log")
L 10/06/2023 - 02:50:47: [SM] Exception reported: 
==========
Warning: You should install "Stripper:Source" to spawn objects permanently to the map: http://www.bailopan.net/stripper/#install
==========

L 10/06/2023 - 02:50:47: [SM] Blaming: l4d2_spawn_props.smx
L 10/06/2023 - 02:50:47: [SM] Call stack trace:
L 10/06/2023 - 02:50:47: [SM]   [0] SetFailState
L 10/06/2023 - 02:50:47: [SM]   [1] Line 334, C:\Users\ZCE\Desktop\sourcemod-1.11.0-git6936-windows\addons\sourcemod\scripting\l4d2_spawn_props.sp.cpp::OnAllPluginsLoaded
L 10/06/2023 - 02:53:59: Error log file session closed.
L 10/06/2023 - 02:53:59: SourceMod error session started
L 10/06/2023 - 02:53:59: Info (map "l4d_airport01_greenhouse") (file "/home/steam/Steam/l4d1server/left4dead/addons/sourcemod/logs/errors_20231006.log")
L 10/06/2023 - 02:53:59: [SM] Exception reported: 
==========
Warning: You should install "Stripper:Source" to spawn objects permanently to the map: http://www.bailopan.net/stripper/#install
==========

L 10/06/2023 - 02:53:59: [SM] Blaming: l4d2_spawn_props.smx
L 10/06/2023 - 02:53:59: [SM] Call stack trace:
L 10/06/2023 - 02:53:59: [SM]   [0] SetFailState
L 10/06/2023 - 02:53:59: [SM]   [1] Line 334, C:\Users\ZCE\Desktop\sourcemod-1.11.0-git6936-windows\addons\sourcemod\scripting\l4d2_spawn_props.sp.cpp::OnAllPluginsLoaded
L 10/06/2023 - 03:00:00: Error log file session closed.
L 10/06/2023 - 03:00:00: SourceMod error session started
L 10/06/2023 - 03:00:00: Info (map "l4d_airport02_offices") (file "/home/steam/Steam/l4d1server/left4dead/addons/sourcemod/logs/errors_20231006.log")
L 10/06/2023 - 03:00:00: [SM] Exception reported: 
==========
Warning: You should install "Stripper:Source" to spawn objects permanently to the map: http://www.bailopan.net/stripper/#install
==========

L 10/06/2023 - 03:00:00: [SM] Blaming: l4d2_spawn_props.smx
L 10/06/2023 - 03:00:00: [SM] Call stack trace:
L 10/06/2023 - 03:00:00: [SM]   [0] SetFailState
L 10/06/2023 - 03:00:00: [SM]   [1] Line 334, C:\Users\ZCE\Desktop\sourcemod-1.11.0-git6936-windows\addons\sourcemod\scripting\l4d2_spawn_props.sp.cpp::OnAllPluginsLoaded
L 10/06/2023 - 03:13:59: Error log file session closed.
L 10/06/2023 - 03:13:59: SourceMod error session started
L 10/06/2023 - 03:13:59: Info (map "l4d_airport03_garage") (file "/home/steam/Steam/l4d1server/left4dead/addons/sourcemod/logs/errors_20231006.log")
L 10/06/2023 - 03:13:59: [SM] Exception reported: 
==========
Warning: You should install "Stripper:Source" to spawn objects permanently to the map: http://www.bailopan.net/stripper/#install
==========

L 10/06/2023 - 03:13:59: [SM] Blaming: l4d2_spawn_props.smx
L 10/06/2023 - 03:13:59: [SM] Call stack trace:
L 10/06/2023 - 03:13:59: [SM]   [0] SetFailState
L 10/06/2023 - 03:13:59: [SM]   [1] Line 334, C:\Users\ZCE\Desktop\sourcemod-1.11.0-git6936-windows\addons\sourcemod\scripting\l4d2_spawn_props.sp.cpp::OnAllPluginsLoaded
L 10/06/2023 - 10:13:14: Error log file session closed.
L 10/06/2023 - 10:13:14: SourceMod error session started
L 10/06/2023 - 10:13:14: Info (map "l4d_hospital01_apartment") (file "/home/steam/Steam/l4d1server/left4dead/addons/sourcemod/logs/errors_20231006.log")
L 10/06/2023 - 10:13:14: [SM] Exception reported: 
==========
Warning: You should install "Stripper:Source" to spawn objects permanently to the map: http://www.bailopan.net/stripper/#install
==========

L 10/06/2023 - 10:13:14: [SM] Blaming: l4d2_spawn_props.smx
L 10/06/2023 - 10:13:14: [SM] Call stack trace:
L 10/06/2023 - 10:13:14: [SM]   [0] SetFailState
L 10/06/2023 - 10:13:14: [SM]   [1] Line 334, C:\Users\ZCE\Desktop\sourcemod-1.11.0-git6936-windows\addons\sourcemod\scripting\l4d2_spawn_props.sp.cpp::OnAllPluginsLoaded
L 10/06/2023 - 10:18:53: Error log file session closed.
L 10/06/2023 - 10:18:53: SourceMod error session started
L 10/06/2023 - 10:18:53: Info (map "l4d_hospital02_subway") (file "/home/steam/Steam/l4d1server/left4dead/addons/sourcemod/logs/errors_20231006.log")
L 10/06/2023 - 10:18:53: [SM] Exception reported: 
==========
Warning: You should install "Stripper:Source" to spawn objects permanently to the map: http://www.bailopan.net/stripper/#install
==========

L 10/06/2023 - 10:18:53: [SM] Blaming: l4d2_spawn_props.smx
L 10/06/2023 - 10:18:53: [SM] Call stack trace:
L 10/06/2023 - 10:18:53: [SM]   [0] SetFailState
L 10/06/2023 - 10:18:53: [SM]   [1] Line 334, C:\Users\ZCE\Desktop\sourcemod-1.11.0-git6936-windows\addons\sourcemod\scripting\l4d2_spawn_props.sp.cpp::OnAllPluginsLoaded
L 10/06/2023 - 10:29:22: Error log file session closed.
L 10/06/2023 - 10:29:22: SourceMod error session started
L 10/06/2023 - 10:29:22: Info (map "l4d_hospital03_sewers") (file "/home/steam/Steam/l4d1server/left4dead/addons/sourcemod/logs/errors_20231006.log")
L 10/06/2023 - 10:29:22: [SM] Exception reported: 
==========
Warning: You should install "Stripper:Source" to spawn objects permanently to the map: http://www.bailopan.net/stripper/#install
==========

L 10/06/2023 - 10:29:22: [SM] Blaming: l4d2_spawn_props.smx
L 10/06/2023 - 10:29:22: [SM] Call stack trace:
L 10/06/2023 - 10:29:22: [SM]   [0] SetFailState
L 10/06/2023 - 10:29:22: [SM]   [1] Line 334, C:\Users\ZCE\Desktop\sourcemod-1.11.0-git6936-windows\addons\sourcemod\scripting\l4d2_spawn_props.sp.cpp::OnAllPluginsLoaded
L 10/06/2023 - 10:35:19: Error log file session closed.
L 10/06/2023 - 10:35:19: SourceMod error session started
L 10/06/2023 - 10:35:19: Info (map "l4d_hospital04_interior") (file "/home/steam/Steam/l4d1server/left4dead/addons/sourcemod/logs/errors_20231006.log")
L 10/06/2023 - 10:35:19: [SM] Exception reported: 
==========
Warning: You should install "Stripper:Source" to spawn objects permanently to the map: http://www.bailopan.net/stripper/#install
==========

L 10/06/2023 - 10:35:19: [SM] Blaming: l4d2_spawn_props.smx
L 10/06/2023 - 10:35:19: [SM] Call stack trace:
L 10/06/2023 - 10:35:19: [SM]   [0] SetFailState
L 10/06/2023 - 10:35:19: [SM]   [1] Line 334, C:\Users\ZCE\Desktop\sourcemod-1.11.0-git6936-windows\addons\sourcemod\scripting\l4d2_spawn_props.sp.cpp::OnAllPluginsLoaded
L 10/06/2023 - 10:44:05: Error log file session closed.
L 10/06/2023 - 10:44:05: SourceMod error session started
L 10/06/2023 - 10:44:05: Info (map "l4d_hospital05_rooftop") (file "/home/steam/Steam/l4d1server/left4dead/addons/sourcemod/logs/errors_20231006.log")
L 10/06/2023 - 10:44:05: [SM] Exception reported: 
==========
Warning: You should install "Stripper:Source" to spawn objects permanently to the map: http://www.bailopan.net/stripper/#install
==========

L 10/06/2023 - 10:44:05: [SM] Blaming: l4d2_spawn_props.smx
L 10/06/2023 - 10:44:05: [SM] Call stack trace:
L 10/06/2023 - 10:44:05: [SM]   [0] SetFailState
L 10/06/2023 - 10:44:05: [SM]   [1] Line 334, C:\Users\ZCE\Desktop\sourcemod-1.11.0-git6936-windows\addons\sourcemod\scripting\l4d2_spawn_props.sp.cpp::OnAllPluginsLoaded
L 10/06/2023 - 10:51:05: [SM] Exception reported: Entity 146 (146) is not a CBaseEntity
L 10/06/2023 - 10:51:05: [SM] Blaming: l4d2_movablemachinegun_sdkhooks_CH.smx
L 10/06/2023 - 10:51:05: [SM] Call stack trace:
L 10/06/2023 - 10:51:05: [SM]   [0] AcceptEntityInput
L 10/06/2023 - 10:51:05: [SM]   [1] Line 330, C:\Users\ZCE\Desktop\sourcemod-1.11.0-git6936-windows\addons\sourcemod\scripting\l4d2_movablemachinegun_sdkhooks1.sp::Event_RoundStart
L 10/06/2023 - 11:00:41: Error log file session closed.
L 10/06/2023 - 11:00:41: SourceMod error session started
L 10/06/2023 - 11:00:41: Info (map "l4d_garage01_alleys") (file "/home/steam/Steam/l4d1server/left4dead/addons/sourcemod/logs/errors_20231006.log")
L 10/06/2023 - 11:00:41: [SM] Exception reported: 
==========
Warning: You should install "Stripper:Source" to spawn objects permanently to the map: http://www.bailopan.net/stripper/#install
==========

L 10/06/2023 - 11:00:41: [SM] Blaming: l4d2_spawn_props.smx
L 10/06/2023 - 11:00:41: [SM] Call stack trace:
L 10/06/2023 - 11:00:41: [SM]   [0] SetFailState
L 10/06/2023 - 11:00:41: [SM]   [1] Line 334, C:\Users\ZCE\Desktop\sourcemod-1.11.0-git6936-windows\addons\sourcemod\scripting\l4d2_spawn_props.sp.cpp::OnAllPluginsLoaded
L 10/06/2023 - 11:11:11: Error log file session closed.
L 10/06/2023 - 11:11:11: SourceMod error session started
L 10/06/2023 - 11:11:11: Info (map "l4d_garage02_lots") (file "/home/steam/Steam/l4d1server/left4dead/addons/sourcemod/logs/errors_20231006.log")
L 10/06/2023 - 11:11:11: [SM] Exception reported: 
==========
Warning: You should install "Stripper:Source" to spawn objects permanently to the map: http://www.bailopan.net/stripper/#install
==========

L 10/06/2023 - 11:11:11: [SM] Blaming: l4d2_spawn_props.smx
L 10/06/2023 - 11:11:11: [SM] Call stack trace:
L 10/06/2023 - 11:11:11: [SM]   [0] SetFailState
L 10/06/2023 - 11:11:11: [SM]   [1] Line 334, C:\Users\ZCE\Desktop\sourcemod-1.11.0-git6936-windows\addons\sourcemod\scripting\l4d2_spawn_props.sp.cpp::OnAllPluginsLoaded
L 10/06/2023 - 16:53:28: Error log file session closed.
L 10/06/2023 - 16:53:28: SourceMod error session started
L 10/06/2023 - 16:53:28: Info (map "l4d_garage02_lots") (file "/home/steam/Steam/l4d1server/left4dead/addons/sourcemod/logs/errors_20231006.log")
L 10/06/2023 - 16:53:28: [SM] Exception reported: 
==========
Warning: You should install "Stripper:Source" to spawn objects permanently to the map: http://www.bailopan.net/stripper/#install
==========

L 10/06/2023 - 16:53:28: [SM] Blaming: l4d2_spawn_props.smx
L 10/06/2023 - 16:53:28: [SM] Call stack trace:
L 10/06/2023 - 16:53:28: [SM]   [0] SetFailState
L 10/06/2023 - 16:53:28: [SM]   [1] Line 334, C:\Users\ZCE\Desktop\sourcemod-1.11.0-git6936-windows\addons\sourcemod\scripting\l4d2_spawn_props.sp.cpp::OnAllPluginsLoaded
L 10/06/2023 - 17:04:59: Error log file session closed.
L 10/06/2023 - 17:04:59: SourceMod error session started
L 10/06/2023 - 17:04:59: Info (map "l4d_hospital01_apartment") (file "/home/steam/Steam/l4d1server/left4dead/addons/sourcemod/logs/errors_20231006.log")
L 10/06/2023 - 17:04:59: [SM] Exception reported: 
==========
Warning: You should install "Stripper:Source" to spawn objects permanently to the map: http://www.bailopan.net/stripper/#install
==========

L 10/06/2023 - 17:04:59: [SM] Blaming: l4d2_spawn_props.smx
L 10/06/2023 - 17:04:59: [SM] Call stack trace:
L 10/06/2023 - 17:04:59: [SM]   [0] SetFailState
L 10/06/2023 - 17:04:59: [SM]   [1] Line 334, C:\Users\ZCE\Desktop\sourcemod-1.11.0-git6936-windows\addons\sourcemod\scripting\l4d2_spawn_props.sp.cpp::OnAllPluginsLoaded
L 10/06/2023 - 17:05:00: [SM] Exception reported: Entity 243 (243) is not a CBaseEntity
L 10/06/2023 - 17:05:00: [SM] Blaming: l4d2_movablemachinegun_sdkhooks_CH.smx
L 10/06/2023 - 17:05:00: [SM] Call stack trace:
L 10/06/2023 - 17:05:00: [SM]   [0] AcceptEntityInput
L 10/06/2023 - 17:05:00: [SM]   [1] Line 330, C:\Users\ZCE\Desktop\sourcemod-1.11.0-git6936-windows\addons\sourcemod\scripting\l4d2_movablemachinegun_sdkhooks1.sp::Event_RoundStart
L 10/06/2023 - 17:09:40: Error log file session closed.
L 10/06/2023 - 17:09:40: SourceMod error session started
L 10/06/2023 - 17:09:40: Info (map "l4d_hospital02_subway") (file "/home/steam/Steam/l4d1server/left4dead/addons/sourcemod/logs/errors_20231006.log")
L 10/06/2023 - 17:09:40: [SM] Exception reported: 
==========
Warning: You should install "Stripper:Source" to spawn objects permanently to the map: http://www.bailopan.net/stripper/#install
==========

L 10/06/2023 - 17:09:40: [SM] Blaming: l4d2_spawn_props.smx
L 10/06/2023 - 17:09:40: [SM] Call stack trace:
L 10/06/2023 - 17:09:40: [SM]   [0] SetFailState
L 10/06/2023 - 17:09:40: [SM]   [1] Line 334, C:\Users\ZCE\Desktop\sourcemod-1.11.0-git6936-windows\addons\sourcemod\scripting\l4d2_spawn_props.sp.cpp::OnAllPluginsLoaded
L 10/06/2023 - 17:22:21: Error log file session closed.
L 10/06/2023 - 17:22:21: SourceMod error session started
L 10/06/2023 - 17:22:21: Info (map "l4d_hospital03_sewers") (file "/home/steam/Steam/l4d1server/left4dead/addons/sourcemod/logs/errors_20231006.log")
L 10/06/2023 - 17:22:21: [SM] Exception reported: 
==========
Warning: You should install "Stripper:Source" to spawn objects permanently to the map: http://www.bailopan.net/stripper/#install
==========

L 10/06/2023 - 17:22:21: [SM] Blaming: l4d2_spawn_props.smx
L 10/06/2023 - 17:22:21: [SM] Call stack trace:
L 10/06/2023 - 17:22:21: [SM]   [0] SetFailState
L 10/06/2023 - 17:22:21: [SM]   [1] Line 334, C:\Users\ZCE\Desktop\sourcemod-1.11.0-git6936-windows\addons\sourcemod\scripting\l4d2_spawn_props.sp.cpp::OnAllPluginsLoaded
L 10/06/2023 - 17:37:59: Error log file session closed.
L 10/06/2023 - 17:37:59: SourceMod error session started
L 10/06/2023 - 17:37:59: Info (map "l4d_hospital04_interior") (file "/home/steam/Steam/l4d1server/left4dead/addons/sourcemod/logs/errors_20231006.log")
L 10/06/2023 - 17:37:59: [SM] Exception reported: 
==========
Warning: You should install "Stripper:Source" to spawn objects permanently to the map: http://www.bailopan.net/stripper/#install
==========

L 10/06/2023 - 17:37:59: [SM] Blaming: l4d2_spawn_props.smx
L 10/06/2023 - 17:37:59: [SM] Call stack trace:
L 10/06/2023 - 17:37:59: [SM]   [0] SetFailState
L 10/06/2023 - 17:37:59: [SM]   [1] Line 334, C:\Users\ZCE\Desktop\sourcemod-1.11.0-git6936-windows\addons\sourcemod\scripting\l4d2_spawn_props.sp.cpp::OnAllPluginsLoaded
L 10/06/2023 - 17:47:19: Error log file session closed.
L 10/06/2023 - 17:47:19: SourceMod error session started
L 10/06/2023 - 17:47:19: Info (map "l4d_hospital05_rooftop") (file "/home/steam/Steam/l4d1server/left4dead/addons/sourcemod/logs/errors_20231006.log")
L 10/06/2023 - 17:47:19: [SM] Exception reported: 
==========
Warning: You should install "Stripper:Source" to spawn objects permanently to the map: http://www.bailopan.net/stripper/#install
==========

L 10/06/2023 - 17:47:19: [SM] Blaming: l4d2_spawn_props.smx
L 10/06/2023 - 17:47:19: [SM] Call stack trace:
L 10/06/2023 - 17:47:19: [SM]   [0] SetFailState
L 10/06/2023 - 17:47:19: [SM]   [1] Line 334, C:\Users\ZCE\Desktop\sourcemod-1.11.0-git6936-windows\addons\sourcemod\scripting\l4d2_spawn_props.sp.cpp::OnAllPluginsLoaded
L 10/06/2023 - 17:55:00: Error log file session closed.
L 10/06/2023 - 17:55:00: SourceMod error session started
L 10/06/2023 - 17:55:00: Info (map "l4d_smalltown01_caves") (file "/home/steam/Steam/l4d1server/left4dead/addons/sourcemod/logs/errors_20231006.log")
L 10/06/2023 - 17:55:00: [SM] Exception reported: 
==========
Warning: You should install "Stripper:Source" to spawn objects permanently to the map: http://www.bailopan.net/stripper/#install
==========

L 10/06/2023 - 17:55:00: [SM] Blaming: l4d2_spawn_props.smx
L 10/06/2023 - 17:55:00: [SM] Call stack trace:
L 10/06/2023 - 17:55:00: [SM]   [0] SetFailState
L 10/06/2023 - 17:55:00: [SM]   [1] Line 334, C:\Users\ZCE\Desktop\sourcemod-1.11.0-git6936-windows\addons\sourcemod\scripting\l4d2_spawn_props.sp.cpp::OnAllPluginsLoaded
L 10/06/2023 - 18:01:19: Error log file session closed.
L 10/06/2023 - 18:01:19: SourceMod error session started
L 10/06/2023 - 18:01:19: Info (map "l4d_smalltown02_drainage") (file "/home/steam/Steam/l4d1server/left4dead/addons/sourcemod/logs/errors_20231006.log")
L 10/06/2023 - 18:01:19: [SM] Exception reported: 
==========
Warning: You should install "Stripper:Source" to spawn objects permanently to the map: http://www.bailopan.net/stripper/#install
==========

L 10/06/2023 - 18:01:19: [SM] Blaming: l4d2_spawn_props.smx
L 10/06/2023 - 18:01:19: [SM] Call stack trace:
L 10/06/2023 - 18:01:19: [SM]   [0] SetFailState
L 10/06/2023 - 18:01:19: [SM]   [1] Line 334, C:\Users\ZCE\Desktop\sourcemod-1.11.0-git6936-windows\addons\sourcemod\scripting\l4d2_spawn_props.sp.cpp::OnAllPluginsLoaded
L 10/06/2023 - 18:07:02: Error log file session closed.
L 10/06/2023 - 18:07:02: SourceMod error session started
L 10/06/2023 - 18:07:02: Info (map "l4d_smalltown03_ranchhouse") (file "/home/steam/Steam/l4d1server/left4dead/addons/sourcemod/logs/errors_20231006.log")
L 10/06/2023 - 18:07:02: [SM] Exception reported: 
==========
Warning: You should install "Stripper:Source" to spawn objects permanently to the map: http://www.bailopan.net/stripper/#install
==========

L 10/06/2023 - 18:07:02: [SM] Blaming: l4d2_spawn_props.smx
L 10/06/2023 - 18:07:02: [SM] Call stack trace:
L 10/06/2023 - 18:07:02: [SM]   [0] SetFailState
L 10/06/2023 - 18:07:02: [SM]   [1] Line 334, C:\Users\ZCE\Desktop\sourcemod-1.11.0-git6936-windows\addons\sourcemod\scripting\l4d2_spawn_props.sp.cpp::OnAllPluginsLoaded
L 10/06/2023 - 18:14:17: Error log file session closed.
L 10/06/2023 - 18:14:17: SourceMod error session started
L 10/06/2023 - 18:14:17: Info (map "l4d_smalltown04_mainstreet") (file "/home/steam/Steam/l4d1server/left4dead/addons/sourcemod/logs/errors_20231006.log")
L 10/06/2023 - 18:14:17: [SM] Exception reported: 
==========
Warning: You should install "Stripper:Source" to spawn objects permanently to the map: http://www.bailopan.net/stripper/#install
==========

L 10/06/2023 - 18:14:17: [SM] Blaming: l4d2_spawn_props.smx
L 10/06/2023 - 18:14:17: [SM] Call stack trace:
L 10/06/2023 - 18:14:17: [SM]   [0] SetFailState
L 10/06/2023 - 18:14:17: [SM]   [1] Line 334, C:\Users\ZCE\Desktop\sourcemod-1.11.0-git6936-windows\addons\sourcemod\scripting\l4d2_spawn_props.sp.cpp::OnAllPluginsLoaded
L 10/06/2023 - 18:24:16: Error log file session closed.
L 10/06/2023 - 18:24:16: SourceMod error session started
L 10/06/2023 - 18:24:16: Info (map "l4d_smalltown05_houseboat") (file "/home/steam/Steam/l4d1server/left4dead/addons/sourcemod/logs/errors_20231006.log")
L 10/06/2023 - 18:24:16: [SM] Exception reported: 
==========
Warning: You should install "Stripper:Source" to spawn objects permanently to the map: http://www.bailopan.net/stripper/#install
==========

L 10/06/2023 - 18:24:16: [SM] Blaming: l4d2_spawn_props.smx
L 10/06/2023 - 18:24:16: [SM] Call stack trace:
L 10/06/2023 - 18:24:16: [SM]   [0] SetFailState
L 10/06/2023 - 18:24:16: [SM]   [1] Line 334, C:\Users\ZCE\Desktop\sourcemod-1.11.0-git6936-windows\addons\sourcemod\scripting\l4d2_spawn_props.sp.cpp::OnAllPluginsLoaded
L 10/06/2023 - 18:32:15: Error log file session closed.
L 10/06/2023 - 18:32:15: SourceMod error session started
L 10/06/2023 - 18:32:15: Info (map "l4d_farm01_hilltop") (file "/home/steam/Steam/l4d1server/left4dead/addons/sourcemod/logs/errors_20231006.log")
L 10/06/2023 - 18:32:15: [SM] Exception reported: 
==========
Warning: You should install "Stripper:Source" to spawn objects permanently to the map: http://www.bailopan.net/stripper/#install
==========

L 10/06/2023 - 18:32:15: [SM] Blaming: l4d2_spawn_props.smx
L 10/06/2023 - 18:32:15: [SM] Call stack trace:
L 10/06/2023 - 18:32:15: [SM]   [0] SetFailState
L 10/06/2023 - 18:32:15: [SM]   [1] Line 334, C:\Users\ZCE\Desktop\sourcemod-1.11.0-git6936-windows\addons\sourcemod\scripting\l4d2_spawn_props.sp.cpp::OnAllPluginsLoaded
L 10/06/2023 - 18:36:27: Error log file session closed.
L 10/06/2023 - 18:36:27: SourceMod error session started
L 10/06/2023 - 18:36:27: Info (map "l4d_farm02_traintunnel") (file "/home/steam/Steam/l4d1server/left4dead/addons/sourcemod/logs/errors_20231006.log")
L 10/06/2023 - 18:36:27: [SM] Exception reported: 
==========
Warning: You should install "Stripper:Source" to spawn objects permanently to the map: http://www.bailopan.net/stripper/#install
==========

L 10/06/2023 - 18:36:27: [SM] Blaming: l4d2_spawn_props.smx
L 10/06/2023 - 18:36:27: [SM] Call stack trace:
L 10/06/2023 - 18:36:27: [SM]   [0] SetFailState
L 10/06/2023 - 18:36:27: [SM]   [1] Line 334, C:\Users\ZCE\Desktop\sourcemod-1.11.0-git6936-windows\addons\sourcemod\scripting\l4d2_spawn_props.sp.cpp::OnAllPluginsLoaded
L 10/06/2023 - 18:43:00: Error log file session closed.
L 10/06/2023 - 18:43:00: SourceMod error session started
L 10/06/2023 - 18:43:00: Info (map "l4d_farm03_bridge") (file "/home/steam/Steam/l4d1server/left4dead/addons/sourcemod/logs/errors_20231006.log")
L 10/06/2023 - 18:43:00: [SM] Exception reported: 
==========
Warning: You should install "Stripper:Source" to spawn objects permanently to the map: http://www.bailopan.net/stripper/#install
==========

L 10/06/2023 - 18:43:00: [SM] Blaming: l4d2_spawn_props.smx
L 10/06/2023 - 18:43:00: [SM] Call stack trace:
L 10/06/2023 - 18:43:00: [SM]   [0] SetFailState
L 10/06/2023 - 18:43:00: [SM]   [1] Line 334, C:\Users\ZCE\Desktop\sourcemod-1.11.0-git6936-windows\addons\sourcemod\scripting\l4d2_spawn_props.sp.cpp::OnAllPluginsLoaded
L 10/06/2023 - 18:50:16: Error log file session closed.
L 10/06/2023 - 18:50:16: SourceMod error session started
L 10/06/2023 - 18:50:16: Info (map "l4d_farm04_barn") (file "/home/steam/Steam/l4d1server/left4dead/addons/sourcemod/logs/errors_20231006.log")
L 10/06/2023 - 18:50:16: [SM] Exception reported: 
==========
Warning: You should install "Stripper:Source" to spawn objects permanently to the map: http://www.bailopan.net/stripper/#install
==========

L 10/06/2023 - 18:50:16: [SM] Blaming: l4d2_spawn_props.smx
L 10/06/2023 - 18:50:16: [SM] Call stack trace:
L 10/06/2023 - 18:50:16: [SM]   [0] SetFailState
L 10/06/2023 - 18:50:16: [SM]   [1] Line 334, C:\Users\ZCE\Desktop\sourcemod-1.11.0-git6936-windows\addons\sourcemod\scripting\l4d2_spawn_props.sp.cpp::OnAllPluginsLoaded
L 10/06/2023 - 18:54:39: Error log file session closed.
L 10/06/2023 - 18:54:39: SourceMod error session started
L 10/06/2023 - 18:54:39: Info (map "l4d_farm05_cornfield") (file "/home/steam/Steam/l4d1server/left4dead/addons/sourcemod/logs/errors_20231006.log")
L 10/06/2023 - 18:54:39: [SM] Exception reported: 
==========
Warning: You should install "Stripper:Source" to spawn objects permanently to the map: http://www.bailopan.net/stripper/#install
==========

L 10/06/2023 - 18:54:39: [SM] Blaming: l4d2_spawn_props.smx
L 10/06/2023 - 18:54:39: [SM] Call stack trace:
L 10/06/2023 - 18:54:39: [SM]   [0] SetFailState
L 10/06/2023 - 18:54:39: [SM]   [1] Line 334, C:\Users\ZCE\Desktop\sourcemod-1.11.0-git6936-windows\addons\sourcemod\scripting\l4d2_spawn_props.sp.cpp::OnAllPluginsLoaded
L 10/06/2023 - 19:03:45: Error log file session closed.
L 10/06/2023 - 19:03:45: SourceMod error session started
L 10/06/2023 - 19:03:45: Info (map "l4d_airport01_greenhouse") (file "/home/steam/Steam/l4d1server/left4dead/addons/sourcemod/logs/errors_20231006.log")
L 10/06/2023 - 19:03:45: [SM] Exception reported: 
==========
Warning: You should install "Stripper:Source" to spawn objects permanently to the map: http://www.bailopan.net/stripper/#install
==========

L 10/06/2023 - 19:03:45: [SM] Blaming: l4d2_spawn_props.smx
L 10/06/2023 - 19:03:45: [SM] Call stack trace:
L 10/06/2023 - 19:03:45: [SM]   [0] SetFailState
L 10/06/2023 - 19:03:45: [SM]   [1] Line 334, C:\Users\ZCE\Desktop\sourcemod-1.11.0-git6936-windows\addons\sourcemod\scripting\l4d2_spawn_props.sp.cpp::OnAllPluginsLoaded
L 10/06/2023 - 19:06:53: Error log file session closed.
L 10/06/2023 - 19:06:53: SourceMod error session started
L 10/06/2023 - 19:06:53: Info (map "l4d_airport02_offices") (file "/home/steam/Steam/l4d1server/left4dead/addons/sourcemod/logs/errors_20231006.log")
L 10/06/2023 - 19:06:53: [SM] Exception reported: 
==========
Warning: You should install "Stripper:Source" to spawn objects permanently to the map: http://www.bailopan.net/stripper/#install
==========

L 10/06/2023 - 19:06:53: [SM] Blaming: l4d2_spawn_props.smx
L 10/06/2023 - 19:06:53: [SM] Call stack trace:
L 10/06/2023 - 19:06:53: [SM]   [0] SetFailState
L 10/06/2023 - 19:06:53: [SM]   [1] Line 334, C:\Users\ZCE\Desktop\sourcemod-1.11.0-git6936-windows\addons\sourcemod\scripting\l4d2_spawn_props.sp.cpp::OnAllPluginsLoaded
L 10/06/2023 - 19:16:24: Error log file session closed.
L 10/06/2023 - 19:16:24: SourceMod error session started
L 10/06/2023 - 19:16:24: Info (map "l4d_airport03_garage") (file "/home/steam/Steam/l4d1server/left4dead/addons/sourcemod/logs/errors_20231006.log")
L 10/06/2023 - 19:16:24: [SM] Exception reported: 
==========
Warning: You should install "Stripper:Source" to spawn objects permanently to the map: http://www.bailopan.net/stripper/#install
==========

L 10/06/2023 - 19:16:24: [SM] Blaming: l4d2_spawn_props.smx
L 10/06/2023 - 19:16:24: [SM] Call stack trace:
L 10/06/2023 - 19:16:24: [SM]   [0] SetFailState
L 10/06/2023 - 19:16:24: [SM]   [1] Line 334, C:\Users\ZCE\Desktop\sourcemod-1.11.0-git6936-windows\addons\sourcemod\scripting\l4d2_spawn_props.sp.cpp::OnAllPluginsLoaded
L 10/06/2023 - 19:26:33: Error log file session closed.
L 10/06/2023 - 19:26:33: SourceMod error session started
L 10/06/2023 - 19:26:33: Info (map "l4d_airport04_terminal") (file "/home/steam/Steam/l4d1server/left4dead/addons/sourcemod/logs/errors_20231006.log")
L 10/06/2023 - 19:26:33: [SM] Exception reported: 
==========
Warning: You should install "Stripper:Source" to spawn objects permanently to the map: http://www.bailopan.net/stripper/#install
==========

L 10/06/2023 - 19:26:33: [SM] Blaming: l4d2_spawn_props.smx
L 10/06/2023 - 19:26:33: [SM] Call stack trace:
L 10/06/2023 - 19:26:33: [SM]   [0] SetFailState
L 10/06/2023 - 19:26:33: [SM]   [1] Line 334, C:\Users\ZCE\Desktop\sourcemod-1.11.0-git6936-windows\addons\sourcemod\scripting\l4d2_spawn_props.sp.cpp::OnAllPluginsLoaded
L 10/06/2023 - 19:35:38: Error log file session closed.
L 10/06/2023 - 19:35:38: SourceMod error session started
L 10/06/2023 - 19:35:38: Info (map "l4d_airport05_runway") (file "/home/steam/Steam/l4d1server/left4dead/addons/sourcemod/logs/errors_20231006.log")
L 10/06/2023 - 19:35:38: [SM] Exception reported: 
==========
Warning: You should install "Stripper:Source" to spawn objects permanently to the map: http://www.bailopan.net/stripper/#install
==========

L 10/06/2023 - 19:35:38: [SM] Blaming: l4d2_spawn_props.smx
L 10/06/2023 - 19:35:38: [SM] Call stack trace:
L 10/06/2023 - 19:35:38: [SM]   [0] SetFailState
L 10/06/2023 - 19:35:38: [SM]   [1] Line 334, C:\Users\ZCE\Desktop\sourcemod-1.11.0-git6936-windows\addons\sourcemod\scripting\l4d2_spawn_props.sp.cpp::OnAllPluginsLoaded
L 10/06/2023 - 19:41:54: Error log file session closed.
L 10/06/2023 - 19:41:54: SourceMod error session started
L 10/06/2023 - 19:41:54: Info (map "l4d_river01_docks") (file "/home/steam/Steam/l4d1server/left4dead/addons/sourcemod/logs/errors_20231006.log")
L 10/06/2023 - 19:41:54: [SM] Exception reported: 
==========
Warning: You should install "Stripper:Source" to spawn objects permanently to the map: http://www.bailopan.net/stripper/#install
==========

L 10/06/2023 - 19:41:54: [SM] Blaming: l4d2_spawn_props.smx
L 10/06/2023 - 19:41:54: [SM] Call stack trace:
L 10/06/2023 - 19:41:54: [SM]   [0] SetFailState
L 10/06/2023 - 19:41:54: [SM]   [1] Line 334, C:\Users\ZCE\Desktop\sourcemod-1.11.0-git6936-windows\addons\sourcemod\scripting\l4d2_spawn_props.sp.cpp::OnAllPluginsLoaded
L 10/06/2023 - 19:58:03: Error log file session closed.
L 10/06/2023 - 19:58:03: SourceMod error session started
L 10/06/2023 - 19:58:03: Info (map "l4d_river02_barge") (file "/home/steam/Steam/l4d1server/left4dead/addons/sourcemod/logs/errors_20231006.log")
L 10/06/2023 - 19:58:03: [SM] Exception reported: 
==========
Warning: You should install "Stripper:Source" to spawn objects permanently to the map: http://www.bailopan.net/stripper/#install
==========

L 10/06/2023 - 19:58:03: [SM] Blaming: l4d2_spawn_props.smx
L 10/06/2023 - 19:58:03: [SM] Call stack trace:
L 10/06/2023 - 19:58:03: [SM]   [0] SetFailState
L 10/06/2023 - 19:58:03: [SM]   [1] Line 334, C:\Users\ZCE\Desktop\sourcemod-1.11.0-git6936-windows\addons\sourcemod\scripting\l4d2_spawn_props.sp.cpp::OnAllPluginsLoaded
L 10/06/2023 - 19:58:21: SourceMod error session started
L 10/06/2023 - 19:58:21: Info (map "l4d_hospital01_apartment") (file "/home/steam/Steam/l4d1server/left4dead/addons/sourcemod/logs/errors_20231006.log")
L 10/06/2023 - 19:58:21: [SM] Unable to load extension "left4downtown.ext": vstdlib_i486.so: cannot open shared object file: No such file or directory
L 10/06/2023 - 19:58:21: [left4dhooks.smx] Failed to find signature: "CMultiPlayerAnimState::ResetMainActivity" (NIX/1/1.135)
L 10/06/2023 - 19:58:21: [SM] Exception reported: 
==========
Warning: You should install "Stripper:Source" to spawn objects permanently to the map: http://www.bailopan.net/stripper/#install
==========

L 10/06/2023 - 19:58:21: [SM] Blaming: l4d2_spawn_props.smx
L 10/06/2023 - 19:58:21: [SM] Call stack trace:
L 10/06/2023 - 19:58:21: [SM]   [0] SetFailState
L 10/06/2023 - 19:58:21: [SM]   [1] Line 334, C:\Users\ZCE\Desktop\sourcemod-1.11.0-git6936-windows\addons\sourcemod\scripting\l4d2_spawn_props.sp.cpp::OnAllPluginsLoaded
L 10/06/2023 - 19:58:27: Error log file session closed.
L 10/06/2023 - 19:58:27: SourceMod error session started
L 10/06/2023 - 19:58:27: Info (map "l4d_hospital01_apartment") (file "/home/steam/Steam/l4d1server/left4dead/addons/sourcemod/logs/errors_20231006.log")
L 10/06/2023 - 19:58:27: [SM] Exception reported: 
==========
Warning: You should install "Stripper:Source" to spawn objects permanently to the map: http://www.bailopan.net/stripper/#install
==========

L 10/06/2023 - 19:58:27: [SM] Blaming: l4d2_spawn_props.smx
L 10/06/2023 - 19:58:27: [SM] Call stack trace:
L 10/06/2023 - 19:58:27: [SM]   [0] SetFailState
L 10/06/2023 - 19:58:27: [SM]   [1] Line 334, C:\Users\ZCE\Desktop\sourcemod-1.11.0-git6936-windows\addons\sourcemod\scripting\l4d2_spawn_props.sp.cpp::OnAllPluginsLoaded
L 10/06/2023 - 20:04:10: Error log file session closed.
L 10/06/2023 - 20:04:10: SourceMod error session started
L 10/06/2023 - 20:04:10: Info (map "l4d_darkblood01_tanker") (file "/home/steam/Steam/l4d1server/left4dead/addons/sourcemod/logs/errors_20231006.log")
L 10/06/2023 - 20:04:10: [SM] Exception reported: 
==========
Warning: You should install "Stripper:Source" to spawn objects permanently to the map: http://www.bailopan.net/stripper/#install
==========

L 10/06/2023 - 20:04:10: [SM] Blaming: l4d2_spawn_props.smx
L 10/06/2023 - 20:04:10: [SM] Call stack trace:
L 10/06/2023 - 20:04:10: [SM]   [0] SetFailState
L 10/06/2023 - 20:04:10: [SM]   [1] Line 334, C:\Users\ZCE\Desktop\sourcemod-1.11.0-git6936-windows\addons\sourcemod\scripting\l4d2_spawn_props.sp.cpp::OnAllPluginsLoaded
L 10/06/2023 - 20:05:01: Error log file session closed.
L 10/06/2023 - 20:05:01: SourceMod error session started
L 10/06/2023 - 20:05:01: Info (map "l4d_hospital01_apartment") (file "/home/steam/Steam/l4d1server/left4dead/addons/sourcemod/logs/errors_20231006.log")
L 10/06/2023 - 20:05:01: [SM] Exception reported: 
==========
Warning: You should install "Stripper:Source" to spawn objects permanently to the map: http://www.bailopan.net/stripper/#install
==========

L 10/06/2023 - 20:05:01: [SM] Blaming: l4d2_spawn_props.smx
L 10/06/2023 - 20:05:01: [SM] Call stack trace:
L 10/06/2023 - 20:05:01: [SM]   [0] SetFailState
L 10/06/2023 - 20:05:01: [SM]   [1] Line 334, C:\Users\ZCE\Desktop\sourcemod-1.11.0-git6936-windows\addons\sourcemod\scripting\l4d2_spawn_props.sp.cpp::OnAllPluginsLoaded
L 10/06/2023 - 21:37:36: Error log file session closed.
L 10/06/2023 - 21:37:36: SourceMod error session started
L 10/06/2023 - 21:37:36: Info (map "l4d_garage01_alleys") (file "/home/steam/Steam/l4d1server/left4dead/addons/sourcemod/logs/errors_20231006.log")
L 10/06/2023 - 21:37:36: [SM] Exception reported: 
==========
Warning: You should install "Stripper:Source" to spawn objects permanently to the map: http://www.bailopan.net/stripper/#install
==========

L 10/06/2023 - 21:37:36: [SM] Blaming: l4d2_spawn_props.smx
L 10/06/2023 - 21:37:36: [SM] Call stack trace:
L 10/06/2023 - 21:37:36: [SM]   [0] SetFailState
L 10/06/2023 - 21:37:36: [SM]   [1] Line 334, C:\Users\ZCE\Desktop\sourcemod-1.11.0-git6936-windows\addons\sourcemod\scripting\l4d2_spawn_props.sp.cpp::OnAllPluginsLoaded
L 10/06/2023 - 21:49:30: Error log file session closed.
L 10/06/2023 - 21:49:30: SourceMod error session started
L 10/06/2023 - 21:49:30: Info (map "l4d_garage02_lots") (file "/home/steam/Steam/l4d1server/left4dead/addons/sourcemod/logs/errors_20231006.log")
L 10/06/2023 - 21:49:30: [SM] Exception reported: 
==========
Warning: You should install "Stripper:Source" to spawn objects permanently to the map: http://www.bailopan.net/stripper/#install
==========

L 10/06/2023 - 21:49:30: [SM] Blaming: l4d2_spawn_props.smx
L 10/06/2023 - 21:49:30: [SM] Call stack trace:
L 10/06/2023 - 21:49:30: [SM]   [0] SetFailState
L 10/06/2023 - 21:49:30: [SM]   [1] Line 334, C:\Users\ZCE\Desktop\sourcemod-1.11.0-git6936-windows\addons\sourcemod\scripting\l4d2_spawn_props.sp.cpp::OnAllPluginsLoaded
L 10/06/2023 - 22:21:27: Error log file session closed.
L 10/06/2023 - 22:21:27: SourceMod error session started
L 10/06/2023 - 22:21:27: Info (map "l4d_airport01_greenhouse") (file "/home/steam/Steam/l4d1server/left4dead/addons/sourcemod/logs/errors_20231006.log")
L 10/06/2023 - 22:21:27: [SM] Exception reported: 
==========
Warning: You should install "Stripper:Source" to spawn objects permanently to the map: http://www.bailopan.net/stripper/#install
==========

L 10/06/2023 - 22:21:27: [SM] Blaming: l4d2_spawn_props.smx
L 10/06/2023 - 22:21:27: [SM] Call stack trace:
L 10/06/2023 - 22:21:27: [SM]   [0] SetFailState
L 10/06/2023 - 22:21:27: [SM]   [1] Line 334, C:\Users\ZCE\Desktop\sourcemod-1.11.0-git6936-windows\addons\sourcemod\scripting\l4d2_spawn_props.sp.cpp::OnAllPluginsLoaded
L 10/06/2023 - 22:27:45: Error log file session closed.
L 10/06/2023 - 22:27:45: SourceMod error session started
L 10/06/2023 - 22:27:45: Info (map "l4d_airport02_offices") (file "/home/steam/Steam/l4d1server/left4dead/addons/sourcemod/logs/errors_20231006.log")
L 10/06/2023 - 22:27:45: [SM] Exception reported: 
==========
Warning: You should install "Stripper:Source" to spawn objects permanently to the map: http://www.bailopan.net/stripper/#install
==========

L 10/06/2023 - 22:27:45: [SM] Blaming: l4d2_spawn_props.smx
L 10/06/2023 - 22:27:45: [SM] Call stack trace:
L 10/06/2023 - 22:27:45: [SM]   [0] SetFailState
L 10/06/2023 - 22:27:45: [SM]   [1] Line 334, C:\Users\ZCE\Desktop\sourcemod-1.11.0-git6936-windows\addons\sourcemod\scripting\l4d2_spawn_props.sp.cpp::OnAllPluginsLoaded
L 10/06/2023 - 22:38:49: Error log file session closed.
L 10/06/2023 - 22:38:49: SourceMod error session started
L 10/06/2023 - 22:38:49: Info (map "l4d_airport03_garage") (file "/home/steam/Steam/l4d1server/left4dead/addons/sourcemod/logs/errors_20231006.log")
L 10/06/2023 - 22:38:49: [SM] Exception reported: 
==========
Warning: You should install "Stripper:Source" to spawn objects permanently to the map: http://www.bailopan.net/stripper/#install
==========

L 10/06/2023 - 22:38:49: [SM] Blaming: l4d2_spawn_props.smx
L 10/06/2023 - 22:38:49: [SM] Call stack trace:
L 10/06/2023 - 22:38:49: [SM]   [0] SetFailState
L 10/06/2023 - 22:38:49: [SM]   [1] Line 334, C:\Users\ZCE\Desktop\sourcemod-1.11.0-git6936-windows\addons\sourcemod\scripting\l4d2_spawn_props.sp.cpp::OnAllPluginsLoaded
L 10/07/2023 - 00:32:44: Error log file session closed.
