L 10/07/2023 - 00:32:44: SourceMod error session started
L 10/07/2023 - 00:32:44: Info (map "l4d_farm01_hilltop") (file "/home/steam/Steam/l4d1server/left4dead/addons/sourcemod/logs/errors_20231007.log")
L 10/07/2023 - 00:32:44: [SM] Exception reported: 
==========
Warning: You should install "Stripper:Source" to spawn objects permanently to the map: http://www.bailopan.net/stripper/#install
==========

L 10/07/2023 - 00:32:44: [SM] Blaming: l4d2_spawn_props.smx
L 10/07/2023 - 00:32:44: [SM] Call stack trace:
L 10/07/2023 - 00:32:44: [SM]   [0] SetFailState
L 10/07/2023 - 00:32:44: [SM]   [1] Line 334, C:\Users\ZCE\Desktop\sourcemod-1.11.0-git6936-windows\addons\sourcemod\scripting\l4d2_spawn_props.sp.cpp::OnAllPluginsLoaded
L 10/07/2023 - 00:37:03: Error log file session closed.
L 10/07/2023 - 00:37:03: SourceMod error session started
L 10/07/2023 - 00:37:03: Info (map "l4d_farm02_traintunnel") (file "/home/steam/Steam/l4d1server/left4dead/addons/sourcemod/logs/errors_20231007.log")
L 10/07/2023 - 00:37:03: [SM] Exception reported: 
==========
Warning: You should install "Stripper:Source" to spawn objects permanently to the map: http://www.bailopan.net/stripper/#install
==========

L 10/07/2023 - 00:37:03: [SM] Blaming: l4d2_spawn_props.smx
L 10/07/2023 - 00:37:03: [SM] Call stack trace:
L 10/07/2023 - 00:37:03: [SM]   [0] SetFailState
L 10/07/2023 - 00:37:03: [SM]   [1] Line 334, C:\Users\ZCE\Desktop\sourcemod-1.11.0-git6936-windows\addons\sourcemod\scripting\l4d2_spawn_props.sp.cpp::OnAllPluginsLoaded
L 10/07/2023 - 11:39:00: Error log file session closed.
L 10/07/2023 - 11:39:00: SourceMod error session started
L 10/07/2023 - 11:39:00: Info (map "l4d_hospital01_apartment") (file "/home/steam/Steam/l4d1server/left4dead/addons/sourcemod/logs/errors_20231007.log")
L 10/07/2023 - 11:39:00: [SM] Exception reported: 
==========
Warning: You should install "Stripper:Source" to spawn objects permanently to the map: http://www.bailopan.net/stripper/#install
==========

L 10/07/2023 - 11:39:00: [SM] Blaming: l4d2_spawn_props.smx
L 10/07/2023 - 11:39:00: [SM] Call stack trace:
L 10/07/2023 - 11:39:00: [SM]   [0] SetFailState
L 10/07/2023 - 11:39:00: [SM]   [1] Line 334, C:\Users\ZCE\Desktop\sourcemod-1.11.0-git6936-windows\addons\sourcemod\scripting\l4d2_spawn_props.sp.cpp::OnAllPluginsLoaded
L 10/07/2023 - 11:40:10: Error log file session closed.
L 10/07/2023 - 11:40:10: SourceMod error session started
L 10/07/2023 - 11:40:10: Info (map "l4d_hospital01_apartment") (file "/home/steam/Steam/l4d1server/left4dead/addons/sourcemod/logs/errors_20231007.log")
L 10/07/2023 - 11:40:10: [SM] Exception reported: 
==========
Warning: You should install "Stripper:Source" to spawn objects permanently to the map: http://www.bailopan.net/stripper/#install
==========

L 10/07/2023 - 11:40:10: [SM] Blaming: l4d2_spawn_props.smx
L 10/07/2023 - 11:40:10: [SM] Call stack trace:
L 10/07/2023 - 11:40:10: [SM]   [0] SetFailState
L 10/07/2023 - 11:40:10: [SM]   [1] Line 334, C:\Users\ZCE\Desktop\sourcemod-1.11.0-git6936-windows\addons\sourcemod\scripting\l4d2_spawn_props.sp.cpp::OnAllPluginsLoaded
L 10/07/2023 - 11:41:15: Error log file session closed.
L 10/07/2023 - 11:41:15: SourceMod error session started
L 10/07/2023 - 11:41:15: Info (map "l4d_hospital01_apartment") (file "/home/steam/Steam/l4d1server/left4dead/addons/sourcemod/logs/errors_20231007.log")
L 10/07/2023 - 11:41:15: [SM] Exception reported: 
==========
Warning: You should install "Stripper:Source" to spawn objects permanently to the map: http://www.bailopan.net/stripper/#install
==========

L 10/07/2023 - 11:41:15: [SM] Blaming: l4d2_spawn_props.smx
L 10/07/2023 - 11:41:15: [SM] Call stack trace:
L 10/07/2023 - 11:41:15: [SM]   [0] SetFailState
L 10/07/2023 - 11:41:15: [SM]   [1] Line 334, C:\Users\ZCE\Desktop\sourcemod-1.11.0-git6936-windows\addons\sourcemod\scripting\l4d2_spawn_props.sp.cpp::OnAllPluginsLoaded
L 10/07/2023 - 11:45:08: Error log file session closed.
L 10/07/2023 - 11:45:08: SourceMod error session started
L 10/07/2023 - 11:45:08: Info (map "l4d_hospital01_apartment") (file "/home/steam/Steam/l4d1server/left4dead/addons/sourcemod/logs/errors_20231007.log")
L 10/07/2023 - 11:45:08: [SM] Exception reported: 
==========
Warning: You should install "Stripper:Source" to spawn objects permanently to the map: http://www.bailopan.net/stripper/#install
==========

L 10/07/2023 - 11:45:08: [SM] Blaming: l4d2_spawn_props.smx
L 10/07/2023 - 11:45:08: [SM] Call stack trace:
L 10/07/2023 - 11:45:08: [SM]   [0] SetFailState
L 10/07/2023 - 11:45:08: [SM]   [1] Line 334, C:\Users\ZCE\Desktop\sourcemod-1.11.0-git6936-windows\addons\sourcemod\scripting\l4d2_spawn_props.sp.cpp::OnAllPluginsLoaded
L 10/07/2023 - 11:51:15: Error log file session closed.
L 10/07/2023 - 11:51:15: SourceMod error session started
L 10/07/2023 - 11:51:15: Info (map "l4d_hospital02_subway") (file "/home/steam/Steam/l4d1server/left4dead/addons/sourcemod/logs/errors_20231007.log")
L 10/07/2023 - 11:51:15: [SM] Exception reported: 
==========
Warning: You should install "Stripper:Source" to spawn objects permanently to the map: http://www.bailopan.net/stripper/#install
==========

L 10/07/2023 - 11:51:15: [SM] Blaming: l4d2_spawn_props.smx
L 10/07/2023 - 11:51:15: [SM] Call stack trace:
L 10/07/2023 - 11:51:15: [SM]   [0] SetFailState
L 10/07/2023 - 11:51:15: [SM]   [1] Line 334, C:\Users\ZCE\Desktop\sourcemod-1.11.0-git6936-windows\addons\sourcemod\scripting\l4d2_spawn_props.sp.cpp::OnAllPluginsLoaded
L 10/07/2023 - 11:58:26: Error log file session closed.
L 10/07/2023 - 11:58:26: SourceMod error session started
L 10/07/2023 - 11:58:26: Info (map "l4d_hospital03_sewers") (file "/home/steam/Steam/l4d1server/left4dead/addons/sourcemod/logs/errors_20231007.log")
L 10/07/2023 - 11:58:26: [SM] Exception reported: 
==========
Warning: You should install "Stripper:Source" to spawn objects permanently to the map: http://www.bailopan.net/stripper/#install
==========

L 10/07/2023 - 11:58:26: [SM] Blaming: l4d2_spawn_props.smx
L 10/07/2023 - 11:58:26: [SM] Call stack trace:
L 10/07/2023 - 11:58:26: [SM]   [0] SetFailState
L 10/07/2023 - 11:58:26: [SM]   [1] Line 334, C:\Users\ZCE\Desktop\sourcemod-1.11.0-git6936-windows\addons\sourcemod\scripting\l4d2_spawn_props.sp.cpp::OnAllPluginsLoaded
L 10/07/2023 - 12:37:40: Error log file session closed.
L 10/07/2023 - 12:37:40: SourceMod error session started
L 10/07/2023 - 12:37:40: Info (map "l4d_vs_farm05_cornfield") (file "/home/steam/Steam/l4d1server/left4dead/addons/sourcemod/logs/errors_20231007.log")
L 10/07/2023 - 12:37:40: [SM] Exception reported: 
==========
Warning: You should install "Stripper:Source" to spawn objects permanently to the map: http://www.bailopan.net/stripper/#install
==========

L 10/07/2023 - 12:37:40: [SM] Blaming: l4d2_spawn_props.smx
L 10/07/2023 - 12:37:40: [SM] Call stack trace:
L 10/07/2023 - 12:37:40: [SM]   [0] SetFailState
L 10/07/2023 - 12:37:40: [SM]   [1] Line 334, C:\Users\ZCE\Desktop\sourcemod-1.11.0-git6936-windows\addons\sourcemod\scripting\l4d2_spawn_props.sp.cpp::OnAllPluginsLoaded
L 10/07/2023 - 13:07:48: Error log file session closed.
L 10/07/2023 - 13:07:48: SourceMod error session started
L 10/07/2023 - 13:07:48: Info (map "l4d_vs_smalltown05_houseboat") (file "/home/steam/Steam/l4d1server/left4dead/addons/sourcemod/logs/errors_20231007.log")
L 10/07/2023 - 13:07:48: [SM] Exception reported: 
==========
Warning: You should install "Stripper:Source" to spawn objects permanently to the map: http://www.bailopan.net/stripper/#install
==========

L 10/07/2023 - 13:07:48: [SM] Blaming: l4d2_spawn_props.smx
L 10/07/2023 - 13:07:48: [SM] Call stack trace:
L 10/07/2023 - 13:07:48: [SM]   [0] SetFailState
L 10/07/2023 - 13:07:48: [SM]   [1] Line 334, C:\Users\ZCE\Desktop\sourcemod-1.11.0-git6936-windows\addons\sourcemod\scripting\l4d2_spawn_props.sp.cpp::OnAllPluginsLoaded
L 10/07/2023 - 20:40:11: Error log file session closed.
L 10/07/2023 - 20:40:11: SourceMod error session started
L 10/07/2023 - 20:40:11: Info (map "l4d_river03_port") (file "/home/steam/Steam/l4d1server/left4dead/addons/sourcemod/logs/errors_20231007.log")
L 10/07/2023 - 20:40:11: [SM] Exception reported: 
==========
Warning: You should install "Stripper:Source" to spawn objects permanently to the map: http://www.bailopan.net/stripper/#install
==========

L 10/07/2023 - 20:40:12: [SM] Blaming: l4d2_spawn_props.smx
L 10/07/2023 - 20:40:12: [SM] Call stack trace:
L 10/07/2023 - 20:40:12: [SM]   [0] SetFailState
L 10/07/2023 - 20:40:12: [SM]   [1] Line 334, C:\Users\ZCE\Desktop\sourcemod-1.11.0-git6936-windows\addons\sourcemod\scripting\l4d2_spawn_props.sp.cpp::OnAllPluginsLoaded
L 10/07/2023 - 21:37:36: Error log file session closed.
L 10/07/2023 - 21:37:36: SourceMod error session started
L 10/07/2023 - 21:37:36: Info (map "l4d_smalltown01_caves") (file "/home/steam/Steam/l4d1server/left4dead/addons/sourcemod/logs/errors_20231007.log")
L 10/07/2023 - 21:37:36: [SM] Exception reported: 
==========
Warning: You should install "Stripper:Source" to spawn objects permanently to the map: http://www.bailopan.net/stripper/#install
==========

L 10/07/2023 - 21:37:36: [SM] Blaming: l4d2_spawn_props.smx
L 10/07/2023 - 21:37:36: [SM] Call stack trace:
L 10/07/2023 - 21:37:36: [SM]   [0] SetFailState
L 10/07/2023 - 21:37:36: [SM]   [1] Line 334, C:\Users\ZCE\Desktop\sourcemod-1.11.0-git6936-windows\addons\sourcemod\scripting\l4d2_spawn_props.sp.cpp::OnAllPluginsLoaded
L 10/07/2023 - 21:38:04: Error log file session closed.
L 10/07/2023 - 21:38:04: SourceMod error session started
L 10/07/2023 - 21:38:04: Info (map "l4d_smalltown01_caves") (file "/home/steam/Steam/l4d1server/left4dead/addons/sourcemod/logs/errors_20231007.log")
L 10/07/2023 - 21:38:04: [SM] Exception reported: 
==========
Warning: You should install "Stripper:Source" to spawn objects permanently to the map: http://www.bailopan.net/stripper/#install
==========

L 10/07/2023 - 21:38:04: [SM] Blaming: l4d2_spawn_props.smx
L 10/07/2023 - 21:38:04: [SM] Call stack trace:
L 10/07/2023 - 21:38:04: [SM]   [0] SetFailState
L 10/07/2023 - 21:38:04: [SM]   [1] Line 334, C:\Users\ZCE\Desktop\sourcemod-1.11.0-git6936-windows\addons\sourcemod\scripting\l4d2_spawn_props.sp.cpp::OnAllPluginsLoaded
L 10/07/2023 - 21:40:00: Error log file session closed.
L 10/07/2023 - 21:40:00: SourceMod error session started
L 10/07/2023 - 21:40:00: Info (map "l4d_hell_bill") (file "/home/steam/Steam/l4d1server/left4dead/addons/sourcemod/logs/errors_20231007.log")
L 10/07/2023 - 21:40:00: [SM] Exception reported: 
==========
Warning: You should install "Stripper:Source" to spawn objects permanently to the map: http://www.bailopan.net/stripper/#install
==========

L 10/07/2023 - 21:40:00: [SM] Blaming: l4d2_spawn_props.smx
L 10/07/2023 - 21:40:00: [SM] Call stack trace:
L 10/07/2023 - 21:40:00: [SM]   [0] SetFailState
L 10/07/2023 - 21:40:00: [SM]   [1] Line 334, C:\Users\ZCE\Desktop\sourcemod-1.11.0-git6936-windows\addons\sourcemod\scripting\l4d2_spawn_props.sp.cpp::OnAllPluginsLoaded
L 10/07/2023 - 21:47:36: Error log file session closed.
L 10/07/2023 - 21:47:36: SourceMod error session started
L 10/07/2023 - 21:47:36: Info (map "l4d_hell_zoey") (file "/home/steam/Steam/l4d1server/left4dead/addons/sourcemod/logs/errors_20231007.log")
L 10/07/2023 - 21:47:36: [SM] Exception reported: 
==========
Warning: You should install "Stripper:Source" to spawn objects permanently to the map: http://www.bailopan.net/stripper/#install
==========

L 10/07/2023 - 21:47:36: [SM] Blaming: l4d2_spawn_props.smx
L 10/07/2023 - 21:47:36: [SM] Call stack trace:
L 10/07/2023 - 21:47:36: [SM]   [0] SetFailState
L 10/07/2023 - 21:47:36: [SM]   [1] Line 334, C:\Users\ZCE\Desktop\sourcemod-1.11.0-git6936-windows\addons\sourcemod\scripting\l4d2_spawn_props.sp.cpp::OnAllPluginsLoaded
L 10/07/2023 - 22:03:15: Error log file session closed.
L 10/07/2023 - 22:03:15: SourceMod error session started
L 10/07/2023 - 22:03:15: Info (map "l4d_river01_docks") (file "/home/steam/Steam/l4d1server/left4dead/addons/sourcemod/logs/errors_20231007.log")
L 10/07/2023 - 22:03:15: [SM] Exception reported: 
==========
Warning: You should install "Stripper:Source" to spawn objects permanently to the map: http://www.bailopan.net/stripper/#install
==========

L 10/07/2023 - 22:03:15: [SM] Blaming: l4d2_spawn_props.smx
L 10/07/2023 - 22:03:15: [SM] Call stack trace:
L 10/07/2023 - 22:03:15: [SM]   [0] SetFailState
L 10/07/2023 - 22:03:15: [SM]   [1] Line 334, C:\Users\ZCE\Desktop\sourcemod-1.11.0-git6936-windows\addons\sourcemod\scripting\l4d2_spawn_props.sp.cpp::OnAllPluginsLoaded
L 10/08/2023 - 05:04:56: Error log file session closed.
