L 10/08/2023 - 05:04:56: SourceMod error session started
L 10/08/2023 - 05:04:56: Info (map "l4d_river01_docks") (file "/home/steam/Steam/l4d1server/left4dead/addons/sourcemod/logs/errors_20231008.log")
L 10/08/2023 - 05:04:56: [SM] Exception reported: 
==========
Warning: You should install "Stripper:Source" to spawn objects permanently to the map: http://www.bailopan.net/stripper/#install
==========

L 10/08/2023 - 05:04:56: [SM] Blaming: l4d2_spawn_props.smx
L 10/08/2023 - 05:04:56: [SM] Call stack trace:
L 10/08/2023 - 05:04:56: [SM]   [0] SetFailState
L 10/08/2023 - 05:04:56: [SM]   [1] Line 334, C:\Users\ZCE\Desktop\sourcemod-1.11.0-git6936-windows\addons\sourcemod\scripting\l4d2_spawn_props.sp.cpp::OnAllPluginsLoaded
L 10/08/2023 - 05:05:13: SourceMod error session started
L 10/08/2023 - 05:05:13: Info (map "l4d_hospital01_apartment") (file "/home/steam/Steam/l4d1server/left4dead/addons/sourcemod/logs/errors_20231008.log")
L 10/08/2023 - 05:05:13: [SM] Unable to load extension "left4downtown.ext": vstdlib_i486.so: cannot open shared object file: No such file or directory
L 10/08/2023 - 05:05:13: [left4dhooks.smx] Failed to find signature: "CMultiPlayerAnimState::ResetMainActivity" (NIX/1/1.135)
L 10/08/2023 - 05:05:13: [SM] Exception reported: 
==========
Warning: You should install "Stripper:Source" to spawn objects permanently to the map: http://www.bailopan.net/stripper/#install
==========

L 10/08/2023 - 05:05:13: [SM] Blaming: l4d2_spawn_props.smx
L 10/08/2023 - 05:05:13: [SM] Call stack trace:
L 10/08/2023 - 05:05:13: [SM]   [0] SetFailState
L 10/08/2023 - 05:05:13: [SM]   [1] Line 334, C:\Users\ZCE\Desktop\sourcemod-1.11.0-git6936-windows\addons\sourcemod\scripting\l4d2_spawn_props.sp.cpp::OnAllPluginsLoaded
L 10/08/2023 - 17:02:01: Error log file session closed.
L 10/08/2023 - 17:02:01: SourceMod error session started
L 10/08/2023 - 17:02:01: Info (map "l4d_hospital01_apartment") (file "/home/steam/Steam/l4d1server/left4dead/addons/sourcemod/logs/errors_20231008.log")
L 10/08/2023 - 17:02:01: [SM] Exception reported: 
==========
Warning: You should install "Stripper:Source" to spawn objects permanently to the map: http://www.bailopan.net/stripper/#install
==========

L 10/08/2023 - 17:02:01: [SM] Blaming: l4d2_spawn_props.smx
L 10/08/2023 - 17:02:01: [SM] Call stack trace:
L 10/08/2023 - 17:02:01: [SM]   [0] SetFailState
L 10/08/2023 - 17:02:01: [SM]   [1] Line 334, C:\Users\ZCE\Desktop\sourcemod-1.11.0-git6936-windows\addons\sourcemod\scripting\l4d2_spawn_props.sp.cpp::OnAllPluginsLoaded
L 10/08/2023 - 17:07:32: Error log file session closed.
L 10/08/2023 - 17:07:32: SourceMod error session started
L 10/08/2023 - 17:07:32: Info (map "l4d_hospital02_subway") (file "/home/steam/Steam/l4d1server/left4dead/addons/sourcemod/logs/errors_20231008.log")
L 10/08/2023 - 17:07:32: [SM] Exception reported: 
==========
Warning: You should install "Stripper:Source" to spawn objects permanently to the map: http://www.bailopan.net/stripper/#install
==========

L 10/08/2023 - 17:07:32: [SM] Blaming: l4d2_spawn_props.smx
L 10/08/2023 - 17:07:32: [SM] Call stack trace:
L 10/08/2023 - 17:07:32: [SM]   [0] SetFailState
L 10/08/2023 - 17:07:32: [SM]   [1] Line 334, C:\Users\ZCE\Desktop\sourcemod-1.11.0-git6936-windows\addons\sourcemod\scripting\l4d2_spawn_props.sp.cpp::OnAllPluginsLoaded
L 10/08/2023 - 17:29:35: Error log file session closed.
L 10/08/2023 - 17:29:35: SourceMod error session started
L 10/08/2023 - 17:29:35: Info (map "l4d_hospital03_sewers") (file "/home/steam/Steam/l4d1server/left4dead/addons/sourcemod/logs/errors_20231008.log")
L 10/08/2023 - 17:29:35: [SM] Exception reported: 
==========
Warning: You should install "Stripper:Source" to spawn objects permanently to the map: http://www.bailopan.net/stripper/#install
==========

L 10/08/2023 - 17:29:35: [SM] Blaming: l4d2_spawn_props.smx
L 10/08/2023 - 17:29:35: [SM] Call stack trace:
L 10/08/2023 - 17:29:35: [SM]   [0] SetFailState
L 10/08/2023 - 17:29:35: [SM]   [1] Line 334, C:\Users\ZCE\Desktop\sourcemod-1.11.0-git6936-windows\addons\sourcemod\scripting\l4d2_spawn_props.sp.cpp::OnAllPluginsLoaded
L 10/08/2023 - 17:45:13: Error log file session closed.
L 10/08/2023 - 17:45:13: SourceMod error session started
L 10/08/2023 - 17:45:13: Info (map "l4d_hospital04_interior") (file "/home/steam/Steam/l4d1server/left4dead/addons/sourcemod/logs/errors_20231008.log")
L 10/08/2023 - 17:45:13: [SM] Exception reported: 
==========
Warning: You should install "Stripper:Source" to spawn objects permanently to the map: http://www.bailopan.net/stripper/#install
==========

L 10/08/2023 - 17:45:13: [SM] Blaming: l4d2_spawn_props.smx
L 10/08/2023 - 17:45:13: [SM] Call stack trace:
L 10/08/2023 - 17:45:13: [SM]   [0] SetFailState
L 10/08/2023 - 17:45:13: [SM]   [1] Line 334, C:\Users\ZCE\Desktop\sourcemod-1.11.0-git6936-windows\addons\sourcemod\scripting\l4d2_spawn_props.sp.cpp::OnAllPluginsLoaded
L 10/08/2023 - 18:06:16: Error log file session closed.
L 10/08/2023 - 18:06:16: SourceMod error session started
L 10/08/2023 - 18:06:16: Info (map "l4d_hospital05_rooftop") (file "/home/steam/Steam/l4d1server/left4dead/addons/sourcemod/logs/errors_20231008.log")
L 10/08/2023 - 18:06:16: [SM] Exception reported: 
==========
Warning: You should install "Stripper:Source" to spawn objects permanently to the map: http://www.bailopan.net/stripper/#install
==========

L 10/08/2023 - 18:06:16: [SM] Blaming: l4d2_spawn_props.smx
L 10/08/2023 - 18:06:16: [SM] Call stack trace:
L 10/08/2023 - 18:06:16: [SM]   [0] SetFailState
L 10/08/2023 - 18:06:16: [SM]   [1] Line 334, C:\Users\ZCE\Desktop\sourcemod-1.11.0-git6936-windows\addons\sourcemod\scripting\l4d2_spawn_props.sp.cpp::OnAllPluginsLoaded
L 10/08/2023 - 18:19:10: Error log file session closed.
L 10/08/2023 - 18:19:10: SourceMod error session started
L 10/08/2023 - 18:19:10: Info (map "l4d_smalltown01_caves") (file "/home/steam/Steam/l4d1server/left4dead/addons/sourcemod/logs/errors_20231008.log")
L 10/08/2023 - 18:19:10: [SM] Exception reported: 
==========
Warning: You should install "Stripper:Source" to spawn objects permanently to the map: http://www.bailopan.net/stripper/#install
==========

L 10/08/2023 - 18:19:10: [SM] Blaming: l4d2_spawn_props.smx
L 10/08/2023 - 18:19:10: [SM] Call stack trace:
L 10/08/2023 - 18:19:10: [SM]   [0] SetFailState
L 10/08/2023 - 18:19:10: [SM]   [1] Line 334, C:\Users\ZCE\Desktop\sourcemod-1.11.0-git6936-windows\addons\sourcemod\scripting\l4d2_spawn_props.sp.cpp::OnAllPluginsLoaded
L 10/08/2023 - 18:31:04: Error log file session closed.
L 10/08/2023 - 18:31:04: SourceMod error session started
L 10/08/2023 - 18:31:04: Info (map "l4d_hospital01_apartment") (file "/home/steam/Steam/l4d1server/left4dead/addons/sourcemod/logs/errors_20231008.log")
L 10/08/2023 - 18:31:04: [SM] Exception reported: 
==========
Warning: You should install "Stripper:Source" to spawn objects permanently to the map: http://www.bailopan.net/stripper/#install
==========

L 10/08/2023 - 18:31:04: [SM] Blaming: l4d2_spawn_props.smx
L 10/08/2023 - 18:31:04: [SM] Call stack trace:
L 10/08/2023 - 18:31:04: [SM]   [0] SetFailState
L 10/08/2023 - 18:31:04: [SM]   [1] Line 334, C:\Users\ZCE\Desktop\sourcemod-1.11.0-git6936-windows\addons\sourcemod\scripting\l4d2_spawn_props.sp.cpp::OnAllPluginsLoaded
L 10/08/2023 - 18:38:22: Error log file session closed.
L 10/08/2023 - 18:38:22: SourceMod error session started
L 10/08/2023 - 18:38:22: Info (map "l4d_hospital02_subway") (file "/home/steam/Steam/l4d1server/left4dead/addons/sourcemod/logs/errors_20231008.log")
L 10/08/2023 - 18:38:22: [SM] Exception reported: 
==========
Warning: You should install "Stripper:Source" to spawn objects permanently to the map: http://www.bailopan.net/stripper/#install
==========

L 10/08/2023 - 18:38:22: [SM] Blaming: l4d2_spawn_props.smx
L 10/08/2023 - 18:38:22: [SM] Call stack trace:
L 10/08/2023 - 18:38:22: [SM]   [0] SetFailState
L 10/08/2023 - 18:38:22: [SM]   [1] Line 334, C:\Users\ZCE\Desktop\sourcemod-1.11.0-git6936-windows\addons\sourcemod\scripting\l4d2_spawn_props.sp.cpp::OnAllPluginsLoaded
L 10/08/2023 - 18:49:14: Error log file session closed.
L 10/08/2023 - 18:49:14: SourceMod error session started
L 10/08/2023 - 18:49:14: Info (map "l4d_hospital03_sewers") (file "/home/steam/Steam/l4d1server/left4dead/addons/sourcemod/logs/errors_20231008.log")
L 10/08/2023 - 18:49:14: [SM] Exception reported: 
==========
Warning: You should install "Stripper:Source" to spawn objects permanently to the map: http://www.bailopan.net/stripper/#install
==========

L 10/08/2023 - 18:49:14: [SM] Blaming: l4d2_spawn_props.smx
L 10/08/2023 - 18:49:14: [SM] Call stack trace:
L 10/08/2023 - 18:49:14: [SM]   [0] SetFailState
L 10/08/2023 - 18:49:14: [SM]   [1] Line 334, C:\Users\ZCE\Desktop\sourcemod-1.11.0-git6936-windows\addons\sourcemod\scripting\l4d2_spawn_props.sp.cpp::OnAllPluginsLoaded
L 10/08/2023 - 18:52:03: Error log file session closed.
L 10/08/2023 - 18:52:03: SourceMod error session started
L 10/08/2023 - 18:52:03: Info (map "l4d_hospital03_sewers") (file "/home/steam/Steam/l4d1server/left4dead/addons/sourcemod/logs/errors_20231008.log")
L 10/08/2023 - 18:52:03: [SM] Exception reported: 
==========
Warning: You should install "Stripper:Source" to spawn objects permanently to the map: http://www.bailopan.net/stripper/#install
==========

L 10/08/2023 - 18:52:03: [SM] Blaming: l4d2_spawn_props.smx
L 10/08/2023 - 18:52:03: [SM] Call stack trace:
L 10/08/2023 - 18:52:03: [SM]   [0] SetFailState
L 10/08/2023 - 18:52:03: [SM]   [1] Line 334, C:\Users\ZCE\Desktop\sourcemod-1.11.0-git6936-windows\addons\sourcemod\scripting\l4d2_spawn_props.sp.cpp::OnAllPluginsLoaded
L 10/08/2023 - 19:03:28: Error log file session closed.
L 10/08/2023 - 19:03:28: SourceMod error session started
L 10/08/2023 - 19:03:28: Info (map "l4d_hospital04_interior") (file "/home/steam/Steam/l4d1server/left4dead/addons/sourcemod/logs/errors_20231008.log")
L 10/08/2023 - 19:03:28: [SM] Exception reported: 
==========
Warning: You should install "Stripper:Source" to spawn objects permanently to the map: http://www.bailopan.net/stripper/#install
==========

L 10/08/2023 - 19:03:28: [SM] Blaming: l4d2_spawn_props.smx
L 10/08/2023 - 19:03:28: [SM] Call stack trace:
L 10/08/2023 - 19:03:28: [SM]   [0] SetFailState
L 10/08/2023 - 19:03:28: [SM]   [1] Line 334, C:\Users\ZCE\Desktop\sourcemod-1.11.0-git6936-windows\addons\sourcemod\scripting\l4d2_spawn_props.sp.cpp::OnAllPluginsLoaded
L 10/08/2023 - 19:10:30: Error log file session closed.
L 10/08/2023 - 19:10:30: SourceMod error session started
L 10/08/2023 - 19:10:30: Info (map "l4d_hospital05_rooftop") (file "/home/steam/Steam/l4d1server/left4dead/addons/sourcemod/logs/errors_20231008.log")
L 10/08/2023 - 19:10:30: [SM] Exception reported: 
==========
Warning: You should install "Stripper:Source" to spawn objects permanently to the map: http://www.bailopan.net/stripper/#install
==========

L 10/08/2023 - 19:10:30: [SM] Blaming: l4d2_spawn_props.smx
L 10/08/2023 - 19:10:30: [SM] Call stack trace:
L 10/08/2023 - 19:10:30: [SM]   [0] SetFailState
L 10/08/2023 - 19:10:30: [SM]   [1] Line 334, C:\Users\ZCE\Desktop\sourcemod-1.11.0-git6936-windows\addons\sourcemod\scripting\l4d2_spawn_props.sp.cpp::OnAllPluginsLoaded
L 10/08/2023 - 20:16:05: Error log file session closed.
L 10/08/2023 - 20:16:05: SourceMod error session started
L 10/08/2023 - 20:16:05: Info (map "l4d_garage01_alleys") (file "/home/steam/Steam/l4d1server/left4dead/addons/sourcemod/logs/errors_20231008.log")
L 10/08/2023 - 20:16:05: [SM] Exception reported: 
==========
Warning: You should install "Stripper:Source" to spawn objects permanently to the map: http://www.bailopan.net/stripper/#install
==========

L 10/08/2023 - 20:16:05: [SM] Blaming: l4d2_spawn_props.smx
L 10/08/2023 - 20:16:05: [SM] Call stack trace:
L 10/08/2023 - 20:16:05: [SM]   [0] SetFailState
L 10/08/2023 - 20:16:05: [SM]   [1] Line 334, C:\Users\ZCE\Desktop\sourcemod-1.11.0-git6936-windows\addons\sourcemod\scripting\l4d2_spawn_props.sp.cpp::OnAllPluginsLoaded
L 10/09/2023 - 02:03:18: Error log file session closed.
