L 10/15/2023 - 00:10:59: SourceMod error session started
L 10/15/2023 - 00:10:59: Info (map "l4d_farm01_hilltop") (file "/home/steam/Steam/l4d1server/left4dead/addons/sourcemod/logs/errors_20231015.log")
L 10/15/2023 - 00:10:59: [SM] Exception reported: 
==========
Warning: You should install "Stripper:Source" to spawn objects permanently to the map: http://www.bailopan.net/stripper/#install
==========

L 10/15/2023 - 00:10:59: [SM] Blaming: l4d2_spawn_props.smx
L 10/15/2023 - 00:10:59: [SM] Call stack trace:
L 10/15/2023 - 00:10:59: [SM]   [0] SetFailState
L 10/15/2023 - 00:10:59: [SM]   [1] Line 334, C:\Users\ZCE\Desktop\sourcemod-1.11.0-git6936-windows\addons\sourcemod\scripting\l4d2_spawn_props.sp.cpp::OnAllPluginsLoaded
L 10/15/2023 - 00:14:49: Error log file session closed.
L 10/15/2023 - 00:14:49: SourceMod error session started
L 10/15/2023 - 00:14:49: Info (map "l4d_farm02_traintunnel") (file "/home/steam/Steam/l4d1server/left4dead/addons/sourcemod/logs/errors_20231015.log")
L 10/15/2023 - 00:14:49: [SM] Exception reported: 
==========
Warning: You should install "Stripper:Source" to spawn objects permanently to the map: http://www.bailopan.net/stripper/#install
==========

L 10/15/2023 - 00:14:49: [SM] Blaming: l4d2_spawn_props.smx
L 10/15/2023 - 00:14:49: [SM] Call stack trace:
L 10/15/2023 - 00:14:49: [SM]   [0] SetFailState
L 10/15/2023 - 00:14:49: [SM]   [1] Line 334, C:\Users\ZCE\Desktop\sourcemod-1.11.0-git6936-windows\addons\sourcemod\scripting\l4d2_spawn_props.sp.cpp::OnAllPluginsLoaded
L 10/15/2023 - 00:21:55: Error log file session closed.
L 10/15/2023 - 00:21:55: SourceMod error session started
L 10/15/2023 - 00:21:55: Info (map "l4d_farm03_bridge") (file "/home/steam/Steam/l4d1server/left4dead/addons/sourcemod/logs/errors_20231015.log")
L 10/15/2023 - 00:21:55: [SM] Exception reported: 
==========
Warning: You should install "Stripper:Source" to spawn objects permanently to the map: http://www.bailopan.net/stripper/#install
==========

L 10/15/2023 - 00:21:55: [SM] Blaming: l4d2_spawn_props.smx
L 10/15/2023 - 00:21:55: [SM] Call stack trace:
L 10/15/2023 - 00:21:55: [SM]   [0] SetFailState
L 10/15/2023 - 00:21:55: [SM]   [1] Line 334, C:\Users\ZCE\Desktop\sourcemod-1.11.0-git6936-windows\addons\sourcemod\scripting\l4d2_spawn_props.sp.cpp::OnAllPluginsLoaded
L 10/15/2023 - 00:31:38: Error log file session closed.
L 10/15/2023 - 00:31:38: SourceMod error session started
L 10/15/2023 - 00:31:38: Info (map "l4d_farm04_barn") (file "/home/steam/Steam/l4d1server/left4dead/addons/sourcemod/logs/errors_20231015.log")
L 10/15/2023 - 00:31:38: [SM] Exception reported: 
==========
Warning: You should install "Stripper:Source" to spawn objects permanently to the map: http://www.bailopan.net/stripper/#install
==========

L 10/15/2023 - 00:31:38: [SM] Blaming: l4d2_spawn_props.smx
L 10/15/2023 - 00:31:38: [SM] Call stack trace:
L 10/15/2023 - 00:31:38: [SM]   [0] SetFailState
L 10/15/2023 - 00:31:38: [SM]   [1] Line 334, C:\Users\ZCE\Desktop\sourcemod-1.11.0-git6936-windows\addons\sourcemod\scripting\l4d2_spawn_props.sp.cpp::OnAllPluginsLoaded
L 10/15/2023 - 00:38:34: Error log file session closed.
L 10/15/2023 - 00:38:34: SourceMod error session started
L 10/15/2023 - 00:38:34: Info (map "l4d_farm05_cornfield") (file "/home/steam/Steam/l4d1server/left4dead/addons/sourcemod/logs/errors_20231015.log")
L 10/15/2023 - 00:38:34: [SM] Exception reported: 
==========
Warning: You should install "Stripper:Source" to spawn objects permanently to the map: http://www.bailopan.net/stripper/#install
==========

L 10/15/2023 - 00:38:34: [SM] Blaming: l4d2_spawn_props.smx
L 10/15/2023 - 00:38:34: [SM] Call stack trace:
L 10/15/2023 - 00:38:34: [SM]   [0] SetFailState
L 10/15/2023 - 00:38:34: [SM]   [1] Line 334, C:\Users\ZCE\Desktop\sourcemod-1.11.0-git6936-windows\addons\sourcemod\scripting\l4d2_spawn_props.sp.cpp::OnAllPluginsLoaded
L 10/15/2023 - 00:49:53: Error log file session closed.
L 10/15/2023 - 00:49:53: SourceMod error session started
L 10/15/2023 - 00:49:53: Info (map "l4d_garage01_alleys") (file "/home/steam/Steam/l4d1server/left4dead/addons/sourcemod/logs/errors_20231015.log")
L 10/15/2023 - 00:49:53: [SM] Exception reported: 
==========
Warning: You should install "Stripper:Source" to spawn objects permanently to the map: http://www.bailopan.net/stripper/#install
==========

L 10/15/2023 - 00:49:53: [SM] Blaming: l4d2_spawn_props.smx
L 10/15/2023 - 00:49:53: [SM] Call stack trace:
L 10/15/2023 - 00:49:53: [SM]   [0] SetFailState
L 10/15/2023 - 00:49:53: [SM]   [1] Line 334, C:\Users\ZCE\Desktop\sourcemod-1.11.0-git6936-windows\addons\sourcemod\scripting\l4d2_spawn_props.sp.cpp::OnAllPluginsLoaded
L 10/15/2023 - 01:04:11: Error log file session closed.
L 10/15/2023 - 01:04:12: SourceMod error session started
L 10/15/2023 - 01:04:12: Info (map "l4d_garage02_lots") (file "/home/steam/Steam/l4d1server/left4dead/addons/sourcemod/logs/errors_20231015.log")
L 10/15/2023 - 01:04:12: [SM] Exception reported: 
==========
Warning: You should install "Stripper:Source" to spawn objects permanently to the map: http://www.bailopan.net/stripper/#install
==========

L 10/15/2023 - 01:04:12: [SM] Blaming: l4d2_spawn_props.smx
L 10/15/2023 - 01:04:12: [SM] Call stack trace:
L 10/15/2023 - 01:04:12: [SM]   [0] SetFailState
L 10/15/2023 - 01:04:12: [SM]   [1] Line 334, C:\Users\ZCE\Desktop\sourcemod-1.11.0-git6936-windows\addons\sourcemod\scripting\l4d2_spawn_props.sp.cpp::OnAllPluginsLoaded
L 10/15/2023 - 03:03:52: Error log file session closed.
L 10/15/2023 - 03:03:52: SourceMod error session started
L 10/15/2023 - 03:03:52: Info (map "l4d_garage01_alleys") (file "/home/steam/Steam/l4d1server/left4dead/addons/sourcemod/logs/errors_20231015.log")
L 10/15/2023 - 03:03:52: [SM] Exception reported: 
==========
Warning: You should install "Stripper:Source" to spawn objects permanently to the map: http://www.bailopan.net/stripper/#install
==========

L 10/15/2023 - 03:03:52: [SM] Blaming: l4d2_spawn_props.smx
L 10/15/2023 - 03:03:52: [SM] Call stack trace:
L 10/15/2023 - 03:03:52: [SM]   [0] SetFailState
L 10/15/2023 - 03:03:52: [SM]   [1] Line 334, C:\Users\ZCE\Desktop\sourcemod-1.11.0-git6936-windows\addons\sourcemod\scripting\l4d2_spawn_props.sp.cpp::OnAllPluginsLoaded
L 10/15/2023 - 03:15:15: Error log file session closed.
L 10/15/2023 - 03:15:15: SourceMod error session started
L 10/15/2023 - 03:15:15: Info (map "l4d_garage02_lots") (file "/home/steam/Steam/l4d1server/left4dead/addons/sourcemod/logs/errors_20231015.log")
L 10/15/2023 - 03:15:15: [SM] Exception reported: 
==========
Warning: You should install "Stripper:Source" to spawn objects permanently to the map: http://www.bailopan.net/stripper/#install
==========

L 10/15/2023 - 03:15:15: [SM] Blaming: l4d2_spawn_props.smx
L 10/15/2023 - 03:15:15: [SM] Call stack trace:
L 10/15/2023 - 03:15:15: [SM]   [0] SetFailState
L 10/15/2023 - 03:15:15: [SM]   [1] Line 334, C:\Users\ZCE\Desktop\sourcemod-1.11.0-git6936-windows\addons\sourcemod\scripting\l4d2_spawn_props.sp.cpp::OnAllPluginsLoaded
L 10/15/2023 - 03:25:43: Error log file session closed.
L 10/15/2023 - 03:25:43: SourceMod error session started
L 10/15/2023 - 03:25:43: Info (map "l4d_hospital01_apartment") (file "/home/steam/Steam/l4d1server/left4dead/addons/sourcemod/logs/errors_20231015.log")
L 10/15/2023 - 03:25:43: [SM] Exception reported: 
==========
Warning: You should install "Stripper:Source" to spawn objects permanently to the map: http://www.bailopan.net/stripper/#install
==========

L 10/15/2023 - 03:25:43: [SM] Blaming: l4d2_spawn_props.smx
L 10/15/2023 - 03:25:43: [SM] Call stack trace:
L 10/15/2023 - 03:25:43: [SM]   [0] SetFailState
L 10/15/2023 - 03:25:43: [SM]   [1] Line 334, C:\Users\ZCE\Desktop\sourcemod-1.11.0-git6936-windows\addons\sourcemod\scripting\l4d2_spawn_props.sp.cpp::OnAllPluginsLoaded
L 10/15/2023 - 03:29:07: Error log file session closed.
L 10/15/2023 - 03:29:07: SourceMod error session started
L 10/15/2023 - 03:29:07: Info (map "l4d_hospital02_subway") (file "/home/steam/Steam/l4d1server/left4dead/addons/sourcemod/logs/errors_20231015.log")
L 10/15/2023 - 03:29:07: [SM] Exception reported: 
==========
Warning: You should install "Stripper:Source" to spawn objects permanently to the map: http://www.bailopan.net/stripper/#install
==========

L 10/15/2023 - 03:29:07: [SM] Blaming: l4d2_spawn_props.smx
L 10/15/2023 - 03:29:07: [SM] Call stack trace:
L 10/15/2023 - 03:29:07: [SM]   [0] SetFailState
L 10/15/2023 - 03:29:07: [SM]   [1] Line 334, C:\Users\ZCE\Desktop\sourcemod-1.11.0-git6936-windows\addons\sourcemod\scripting\l4d2_spawn_props.sp.cpp::OnAllPluginsLoaded
L 10/15/2023 - 03:39:14: Error log file session closed.
L 10/15/2023 - 03:39:14: SourceMod error session started
L 10/15/2023 - 03:39:14: Info (map "l4d_hospital03_sewers") (file "/home/steam/Steam/l4d1server/left4dead/addons/sourcemod/logs/errors_20231015.log")
L 10/15/2023 - 03:39:14: [SM] Exception reported: 
==========
Warning: You should install "Stripper:Source" to spawn objects permanently to the map: http://www.bailopan.net/stripper/#install
==========

L 10/15/2023 - 03:39:14: [SM] Blaming: l4d2_spawn_props.smx
L 10/15/2023 - 03:39:14: [SM] Call stack trace:
L 10/15/2023 - 03:39:14: [SM]   [0] SetFailState
L 10/15/2023 - 03:39:14: [SM]   [1] Line 334, C:\Users\ZCE\Desktop\sourcemod-1.11.0-git6936-windows\addons\sourcemod\scripting\l4d2_spawn_props.sp.cpp::OnAllPluginsLoaded
L 10/15/2023 - 03:48:17: Error log file session closed.
L 10/15/2023 - 03:48:17: SourceMod error session started
L 10/15/2023 - 03:48:17: Info (map "l4d_hospital04_interior") (file "/home/steam/Steam/l4d1server/left4dead/addons/sourcemod/logs/errors_20231015.log")
L 10/15/2023 - 03:48:17: [SM] Exception reported: 
==========
Warning: You should install "Stripper:Source" to spawn objects permanently to the map: http://www.bailopan.net/stripper/#install
==========

L 10/15/2023 - 03:48:17: [SM] Blaming: l4d2_spawn_props.smx
L 10/15/2023 - 03:48:17: [SM] Call stack trace:
L 10/15/2023 - 03:48:17: [SM]   [0] SetFailState
L 10/15/2023 - 03:48:17: [SM]   [1] Line 334, C:\Users\ZCE\Desktop\sourcemod-1.11.0-git6936-windows\addons\sourcemod\scripting\l4d2_spawn_props.sp.cpp::OnAllPluginsLoaded
L 10/15/2023 - 03:59:44: Error log file session closed.
L 10/15/2023 - 03:59:44: SourceMod error session started
L 10/15/2023 - 03:59:44: Info (map "l4d_hospital05_rooftop") (file "/home/steam/Steam/l4d1server/left4dead/addons/sourcemod/logs/errors_20231015.log")
L 10/15/2023 - 03:59:44: [SM] Exception reported: 
==========
Warning: You should install "Stripper:Source" to spawn objects permanently to the map: http://www.bailopan.net/stripper/#install
==========

L 10/15/2023 - 03:59:44: [SM] Blaming: l4d2_spawn_props.smx
L 10/15/2023 - 03:59:44: [SM] Call stack trace:
L 10/15/2023 - 03:59:44: [SM]   [0] SetFailState
L 10/15/2023 - 03:59:44: [SM]   [1] Line 334, C:\Users\ZCE\Desktop\sourcemod-1.11.0-git6936-windows\addons\sourcemod\scripting\l4d2_spawn_props.sp.cpp::OnAllPluginsLoaded
L 10/15/2023 - 04:07:33: Error log file session closed.
L 10/15/2023 - 04:07:33: SourceMod error session started
L 10/15/2023 - 04:07:33: Info (map "l4d_smalltown01_caves") (file "/home/steam/Steam/l4d1server/left4dead/addons/sourcemod/logs/errors_20231015.log")
L 10/15/2023 - 04:07:33: [SM] Exception reported: 
==========
Warning: You should install "Stripper:Source" to spawn objects permanently to the map: http://www.bailopan.net/stripper/#install
==========

L 10/15/2023 - 04:07:33: [SM] Blaming: l4d2_spawn_props.smx
L 10/15/2023 - 04:07:33: [SM] Call stack trace:
L 10/15/2023 - 04:07:33: [SM]   [0] SetFailState
L 10/15/2023 - 04:07:33: [SM]   [1] Line 334, C:\Users\ZCE\Desktop\sourcemod-1.11.0-git6936-windows\addons\sourcemod\scripting\l4d2_spawn_props.sp.cpp::OnAllPluginsLoaded
L 10/15/2023 - 04:12:25: Error log file session closed.
L 10/15/2023 - 04:12:25: SourceMod error session started
L 10/15/2023 - 04:12:25: Info (map "l4d_smalltown02_drainage") (file "/home/steam/Steam/l4d1server/left4dead/addons/sourcemod/logs/errors_20231015.log")
L 10/15/2023 - 04:12:25: [SM] Exception reported: 
==========
Warning: You should install "Stripper:Source" to spawn objects permanently to the map: http://www.bailopan.net/stripper/#install
==========

L 10/15/2023 - 04:12:25: [SM] Blaming: l4d2_spawn_props.smx
L 10/15/2023 - 04:12:25: [SM] Call stack trace:
L 10/15/2023 - 04:12:25: [SM]   [0] SetFailState
L 10/15/2023 - 04:12:25: [SM]   [1] Line 334, C:\Users\ZCE\Desktop\sourcemod-1.11.0-git6936-windows\addons\sourcemod\scripting\l4d2_spawn_props.sp.cpp::OnAllPluginsLoaded
L 10/15/2023 - 04:18:01: Error log file session closed.
L 10/15/2023 - 04:18:01: SourceMod error session started
L 10/15/2023 - 04:18:01: Info (map "l4d_smalltown03_ranchhouse") (file "/home/steam/Steam/l4d1server/left4dead/addons/sourcemod/logs/errors_20231015.log")
L 10/15/2023 - 04:18:01: [SM] Exception reported: 
==========
Warning: You should install "Stripper:Source" to spawn objects permanently to the map: http://www.bailopan.net/stripper/#install
==========

L 10/15/2023 - 04:18:01: [SM] Blaming: l4d2_spawn_props.smx
L 10/15/2023 - 04:18:01: [SM] Call stack trace:
L 10/15/2023 - 04:18:01: [SM]   [0] SetFailState
L 10/15/2023 - 04:18:01: [SM]   [1] Line 334, C:\Users\ZCE\Desktop\sourcemod-1.11.0-git6936-windows\addons\sourcemod\scripting\l4d2_spawn_props.sp.cpp::OnAllPluginsLoaded
L 10/15/2023 - 04:27:53: Error log file session closed.
L 10/15/2023 - 04:27:53: SourceMod error session started
L 10/15/2023 - 04:27:53: Info (map "l4d_smalltown04_mainstreet") (file "/home/steam/Steam/l4d1server/left4dead/addons/sourcemod/logs/errors_20231015.log")
L 10/15/2023 - 04:27:53: [SM] Exception reported: 
==========
Warning: You should install "Stripper:Source" to spawn objects permanently to the map: http://www.bailopan.net/stripper/#install
==========

L 10/15/2023 - 04:27:53: [SM] Blaming: l4d2_spawn_props.smx
L 10/15/2023 - 04:27:53: [SM] Call stack trace:
L 10/15/2023 - 04:27:53: [SM]   [0] SetFailState
L 10/15/2023 - 04:27:53: [SM]   [1] Line 334, C:\Users\ZCE\Desktop\sourcemod-1.11.0-git6936-windows\addons\sourcemod\scripting\l4d2_spawn_props.sp.cpp::OnAllPluginsLoaded
L 10/15/2023 - 04:38:37: Error log file session closed.
L 10/15/2023 - 04:38:37: SourceMod error session started
L 10/15/2023 - 04:38:37: Info (map "l4d_smalltown05_houseboat") (file "/home/steam/Steam/l4d1server/left4dead/addons/sourcemod/logs/errors_20231015.log")
L 10/15/2023 - 04:38:37: [SM] Exception reported: 
==========
Warning: You should install "Stripper:Source" to spawn objects permanently to the map: http://www.bailopan.net/stripper/#install
==========

L 10/15/2023 - 04:38:37: [SM] Blaming: l4d2_spawn_props.smx
L 10/15/2023 - 04:38:37: [SM] Call stack trace:
L 10/15/2023 - 04:38:37: [SM]   [0] SetFailState
L 10/15/2023 - 04:38:37: [SM]   [1] Line 334, C:\Users\ZCE\Desktop\sourcemod-1.11.0-git6936-windows\addons\sourcemod\scripting\l4d2_spawn_props.sp.cpp::OnAllPluginsLoaded
L 10/15/2023 - 04:57:19: Error log file session closed.
L 10/15/2023 - 04:57:19: SourceMod error session started
L 10/15/2023 - 04:57:19: Info (map "l4d_airport01_greenhouse") (file "/home/steam/Steam/l4d1server/left4dead/addons/sourcemod/logs/errors_20231015.log")
L 10/15/2023 - 04:57:19: [SM] Exception reported: 
==========
Warning: You should install "Stripper:Source" to spawn objects permanently to the map: http://www.bailopan.net/stripper/#install
==========

L 10/15/2023 - 04:57:19: [SM] Blaming: l4d2_spawn_props.smx
L 10/15/2023 - 04:57:19: [SM] Call stack trace:
L 10/15/2023 - 04:57:19: [SM]   [0] SetFailState
L 10/15/2023 - 04:57:19: [SM]   [1] Line 334, C:\Users\ZCE\Desktop\sourcemod-1.11.0-git6936-windows\addons\sourcemod\scripting\l4d2_spawn_props.sp.cpp::OnAllPluginsLoaded
L 10/15/2023 - 05:02:39: Error log file session closed.
L 10/15/2023 - 05:02:39: SourceMod error session started
L 10/15/2023 - 05:02:39: Info (map "l4d_airport02_offices") (file "/home/steam/Steam/l4d1server/left4dead/addons/sourcemod/logs/errors_20231015.log")
L 10/15/2023 - 05:02:39: [SM] Exception reported: 
==========
Warning: You should install "Stripper:Source" to spawn objects permanently to the map: http://www.bailopan.net/stripper/#install
==========

L 10/15/2023 - 05:02:39: [SM] Blaming: l4d2_spawn_props.smx
L 10/15/2023 - 05:02:39: [SM] Call stack trace:
L 10/15/2023 - 05:02:39: [SM]   [0] SetFailState
L 10/15/2023 - 05:02:39: [SM]   [1] Line 334, C:\Users\ZCE\Desktop\sourcemod-1.11.0-git6936-windows\addons\sourcemod\scripting\l4d2_spawn_props.sp.cpp::OnAllPluginsLoaded
L 10/15/2023 - 05:10:31: Error log file session closed.
L 10/15/2023 - 05:10:31: SourceMod error session started
L 10/15/2023 - 05:10:31: Info (map "l4d_airport03_garage") (file "/home/steam/Steam/l4d1server/left4dead/addons/sourcemod/logs/errors_20231015.log")
L 10/15/2023 - 05:10:31: [SM] Exception reported: 
==========
Warning: You should install "Stripper:Source" to spawn objects permanently to the map: http://www.bailopan.net/stripper/#install
==========

L 10/15/2023 - 05:10:31: [SM] Blaming: l4d2_spawn_props.smx
L 10/15/2023 - 05:10:31: [SM] Call stack trace:
L 10/15/2023 - 05:10:31: [SM]   [0] SetFailState
L 10/15/2023 - 05:10:31: [SM]   [1] Line 334, C:\Users\ZCE\Desktop\sourcemod-1.11.0-git6936-windows\addons\sourcemod\scripting\l4d2_spawn_props.sp.cpp::OnAllPluginsLoaded
L 10/15/2023 - 05:19:52: Error log file session closed.
L 10/15/2023 - 05:19:52: SourceMod error session started
L 10/15/2023 - 05:19:52: Info (map "l4d_airport04_terminal") (file "/home/steam/Steam/l4d1server/left4dead/addons/sourcemod/logs/errors_20231015.log")
L 10/15/2023 - 05:19:52: [SM] Exception reported: 
==========
Warning: You should install "Stripper:Source" to spawn objects permanently to the map: http://www.bailopan.net/stripper/#install
==========

L 10/15/2023 - 05:19:52: [SM] Blaming: l4d2_spawn_props.smx
L 10/15/2023 - 05:19:52: [SM] Call stack trace:
L 10/15/2023 - 05:19:52: [SM]   [0] SetFailState
L 10/15/2023 - 05:19:52: [SM]   [1] Line 334, C:\Users\ZCE\Desktop\sourcemod-1.11.0-git6936-windows\addons\sourcemod\scripting\l4d2_spawn_props.sp.cpp::OnAllPluginsLoaded
L 10/15/2023 - 05:24:28: Error log file session closed.
L 10/15/2023 - 05:24:28: SourceMod error session started
L 10/15/2023 - 05:24:28: Info (map "l4d_airport05_runway") (file "/home/steam/Steam/l4d1server/left4dead/addons/sourcemod/logs/errors_20231015.log")
L 10/15/2023 - 05:24:28: [SM] Exception reported: 
==========
Warning: You should install "Stripper:Source" to spawn objects permanently to the map: http://www.bailopan.net/stripper/#install
==========

L 10/15/2023 - 05:24:28: [SM] Blaming: l4d2_spawn_props.smx
L 10/15/2023 - 05:24:28: [SM] Call stack trace:
L 10/15/2023 - 05:24:28: [SM]   [0] SetFailState
L 10/15/2023 - 05:24:28: [SM]   [1] Line 334, C:\Users\ZCE\Desktop\sourcemod-1.11.0-git6936-windows\addons\sourcemod\scripting\l4d2_spawn_props.sp.cpp::OnAllPluginsLoaded
L 10/15/2023 - 05:32:18: Error log file session closed.
L 10/15/2023 - 05:32:18: SourceMod error session started
L 10/15/2023 - 05:32:18: Info (map "l4d_garage01_alleys") (file "/home/steam/Steam/l4d1server/left4dead/addons/sourcemod/logs/errors_20231015.log")
L 10/15/2023 - 05:32:18: [SM] Exception reported: 
==========
Warning: You should install "Stripper:Source" to spawn objects permanently to the map: http://www.bailopan.net/stripper/#install
==========

L 10/15/2023 - 05:32:18: [SM] Blaming: l4d2_spawn_props.smx
L 10/15/2023 - 05:32:18: [SM] Call stack trace:
L 10/15/2023 - 05:32:18: [SM]   [0] SetFailState
L 10/15/2023 - 05:32:18: [SM]   [1] Line 334, C:\Users\ZCE\Desktop\sourcemod-1.11.0-git6936-windows\addons\sourcemod\scripting\l4d2_spawn_props.sp.cpp::OnAllPluginsLoaded
L 10/15/2023 - 05:40:19: Error log file session closed.
L 10/15/2023 - 05:40:19: SourceMod error session started
L 10/15/2023 - 05:40:19: Info (map "l4d_garage02_lots") (file "/home/steam/Steam/l4d1server/left4dead/addons/sourcemod/logs/errors_20231015.log")
L 10/15/2023 - 05:40:19: [SM] Exception reported: 
==========
Warning: You should install "Stripper:Source" to spawn objects permanently to the map: http://www.bailopan.net/stripper/#install
==========

L 10/15/2023 - 05:40:19: [SM] Blaming: l4d2_spawn_props.smx
L 10/15/2023 - 05:40:19: [SM] Call stack trace:
L 10/15/2023 - 05:40:19: [SM]   [0] SetFailState
L 10/15/2023 - 05:40:19: [SM]   [1] Line 334, C:\Users\ZCE\Desktop\sourcemod-1.11.0-git6936-windows\addons\sourcemod\scripting\l4d2_spawn_props.sp.cpp::OnAllPluginsLoaded
L 10/15/2023 - 05:51:47: Error log file session closed.
L 10/15/2023 - 05:51:47: SourceMod error session started
L 10/15/2023 - 05:51:47: Info (map "l4d_hospital01_apartment") (file "/home/steam/Steam/l4d1server/left4dead/addons/sourcemod/logs/errors_20231015.log")
L 10/15/2023 - 05:51:47: [SM] Exception reported: 
==========
Warning: You should install "Stripper:Source" to spawn objects permanently to the map: http://www.bailopan.net/stripper/#install
==========

L 10/15/2023 - 05:51:47: [SM] Blaming: l4d2_spawn_props.smx
L 10/15/2023 - 05:51:47: [SM] Call stack trace:
L 10/15/2023 - 05:51:47: [SM]   [0] SetFailState
L 10/15/2023 - 05:51:47: [SM]   [1] Line 334, C:\Users\ZCE\Desktop\sourcemod-1.11.0-git6936-windows\addons\sourcemod\scripting\l4d2_spawn_props.sp.cpp::OnAllPluginsLoaded
L 10/15/2023 - 06:47:37: Error log file session closed.
L 10/15/2023 - 06:47:37: SourceMod error session started
L 10/15/2023 - 06:47:37: Info (map "l4d_hospital02_subway") (file "/home/steam/Steam/l4d1server/left4dead/addons/sourcemod/logs/errors_20231015.log")
L 10/15/2023 - 06:47:37: [SM] Exception reported: 
==========
Warning: You should install "Stripper:Source" to spawn objects permanently to the map: http://www.bailopan.net/stripper/#install
==========

L 10/15/2023 - 06:47:37: [SM] Blaming: l4d2_spawn_props.smx
L 10/15/2023 - 06:47:37: [SM] Call stack trace:
L 10/15/2023 - 06:47:37: [SM]   [0] SetFailState
L 10/15/2023 - 06:47:37: [SM]   [1] Line 334, C:\Users\ZCE\Desktop\sourcemod-1.11.0-git6936-windows\addons\sourcemod\scripting\l4d2_spawn_props.sp.cpp::OnAllPluginsLoaded
L 10/15/2023 - 06:56:49: Error log file session closed.
L 10/15/2023 - 06:56:49: SourceMod error session started
L 10/15/2023 - 06:56:49: Info (map "l4d_hospital03_sewers") (file "/home/steam/Steam/l4d1server/left4dead/addons/sourcemod/logs/errors_20231015.log")
L 10/15/2023 - 06:56:49: [SM] Exception reported: 
==========
Warning: You should install "Stripper:Source" to spawn objects permanently to the map: http://www.bailopan.net/stripper/#install
==========

L 10/15/2023 - 06:56:49: [SM] Blaming: l4d2_spawn_props.smx
L 10/15/2023 - 06:56:49: [SM] Call stack trace:
L 10/15/2023 - 06:56:49: [SM]   [0] SetFailState
L 10/15/2023 - 06:56:49: [SM]   [1] Line 334, C:\Users\ZCE\Desktop\sourcemod-1.11.0-git6936-windows\addons\sourcemod\scripting\l4d2_spawn_props.sp.cpp::OnAllPluginsLoaded
L 10/15/2023 - 07:10:11: Error log file session closed.
L 10/15/2023 - 07:10:11: SourceMod error session started
L 10/15/2023 - 07:10:11: Info (map "l4d_hospital04_interior") (file "/home/steam/Steam/l4d1server/left4dead/addons/sourcemod/logs/errors_20231015.log")
L 10/15/2023 - 07:10:11: [SM] Exception reported: 
==========
Warning: You should install "Stripper:Source" to spawn objects permanently to the map: http://www.bailopan.net/stripper/#install
==========

L 10/15/2023 - 07:10:11: [SM] Blaming: l4d2_spawn_props.smx
L 10/15/2023 - 07:10:11: [SM] Call stack trace:
L 10/15/2023 - 07:10:11: [SM]   [0] SetFailState
L 10/15/2023 - 07:10:11: [SM]   [1] Line 334, C:\Users\ZCE\Desktop\sourcemod-1.11.0-git6936-windows\addons\sourcemod\scripting\l4d2_spawn_props.sp.cpp::OnAllPluginsLoaded
L 10/15/2023 - 08:55:09: Error log file session closed.
L 10/15/2023 - 08:55:09: SourceMod error session started
L 10/15/2023 - 08:55:09: Info (map "l4d_hospital01_apartment") (file "/home/steam/Steam/l4d1server/left4dead/addons/sourcemod/logs/errors_20231015.log")
L 10/15/2023 - 08:55:09: [SM] Exception reported: 
==========
Warning: You should install "Stripper:Source" to spawn objects permanently to the map: http://www.bailopan.net/stripper/#install
==========

L 10/15/2023 - 08:55:09: [SM] Blaming: l4d2_spawn_props.smx
L 10/15/2023 - 08:55:09: [SM] Call stack trace:
L 10/15/2023 - 08:55:09: [SM]   [0] SetFailState
L 10/15/2023 - 08:55:09: [SM]   [1] Line 334, C:\Users\ZCE\Desktop\sourcemod-1.11.0-git6936-windows\addons\sourcemod\scripting\l4d2_spawn_props.sp.cpp::OnAllPluginsLoaded
L 10/15/2023 - 08:59:30: Error log file session closed.
L 10/15/2023 - 08:59:30: SourceMod error session started
L 10/15/2023 - 08:59:30: Info (map "l4d_hospital02_subway") (file "/home/steam/Steam/l4d1server/left4dead/addons/sourcemod/logs/errors_20231015.log")
L 10/15/2023 - 08:59:30: [SM] Exception reported: 
==========
Warning: You should install "Stripper:Source" to spawn objects permanently to the map: http://www.bailopan.net/stripper/#install
==========

L 10/15/2023 - 08:59:30: [SM] Blaming: l4d2_spawn_props.smx
L 10/15/2023 - 08:59:30: [SM] Call stack trace:
L 10/15/2023 - 08:59:30: [SM]   [0] SetFailState
L 10/15/2023 - 08:59:30: [SM]   [1] Line 334, C:\Users\ZCE\Desktop\sourcemod-1.11.0-git6936-windows\addons\sourcemod\scripting\l4d2_spawn_props.sp.cpp::OnAllPluginsLoaded
L 10/15/2023 - 09:07:10: Error log file session closed.
L 10/15/2023 - 09:07:10: SourceMod error session started
L 10/15/2023 - 09:07:10: Info (map "l4d_hospital03_sewers") (file "/home/steam/Steam/l4d1server/left4dead/addons/sourcemod/logs/errors_20231015.log")
L 10/15/2023 - 09:07:10: [SM] Exception reported: 
==========
Warning: You should install "Stripper:Source" to spawn objects permanently to the map: http://www.bailopan.net/stripper/#install
==========

L 10/15/2023 - 09:07:10: [SM] Blaming: l4d2_spawn_props.smx
L 10/15/2023 - 09:07:10: [SM] Call stack trace:
L 10/15/2023 - 09:07:10: [SM]   [0] SetFailState
L 10/15/2023 - 09:07:10: [SM]   [1] Line 334, C:\Users\ZCE\Desktop\sourcemod-1.11.0-git6936-windows\addons\sourcemod\scripting\l4d2_spawn_props.sp.cpp::OnAllPluginsLoaded
L 10/15/2023 - 09:15:15: Error log file session closed.
L 10/15/2023 - 09:15:15: SourceMod error session started
L 10/15/2023 - 09:15:15: Info (map "l4d_hospital04_interior") (file "/home/steam/Steam/l4d1server/left4dead/addons/sourcemod/logs/errors_20231015.log")
L 10/15/2023 - 09:15:15: [SM] Exception reported: 
==========
Warning: You should install "Stripper:Source" to spawn objects permanently to the map: http://www.bailopan.net/stripper/#install
==========

L 10/15/2023 - 09:15:15: [SM] Blaming: l4d2_spawn_props.smx
L 10/15/2023 - 09:15:15: [SM] Call stack trace:
L 10/15/2023 - 09:15:15: [SM]   [0] SetFailState
L 10/15/2023 - 09:15:15: [SM]   [1] Line 334, C:\Users\ZCE\Desktop\sourcemod-1.11.0-git6936-windows\addons\sourcemod\scripting\l4d2_spawn_props.sp.cpp::OnAllPluginsLoaded
L 10/15/2023 - 09:25:55: Error log file session closed.
L 10/15/2023 - 09:25:55: SourceMod error session started
L 10/15/2023 - 09:25:55: Info (map "l4d_hospital05_rooftop") (file "/home/steam/Steam/l4d1server/left4dead/addons/sourcemod/logs/errors_20231015.log")
L 10/15/2023 - 09:25:55: [SM] Exception reported: 
==========
Warning: You should install "Stripper:Source" to spawn objects permanently to the map: http://www.bailopan.net/stripper/#install
==========

L 10/15/2023 - 09:25:55: [SM] Blaming: l4d2_spawn_props.smx
L 10/15/2023 - 09:25:55: [SM] Call stack trace:
L 10/15/2023 - 09:25:55: [SM]   [0] SetFailState
L 10/15/2023 - 09:25:55: [SM]   [1] Line 334, C:\Users\ZCE\Desktop\sourcemod-1.11.0-git6936-windows\addons\sourcemod\scripting\l4d2_spawn_props.sp.cpp::OnAllPluginsLoaded
L 10/15/2023 - 09:34:12: Error log file session closed.
L 10/15/2023 - 09:34:12: SourceMod error session started
L 10/15/2023 - 09:34:12: Info (map "l4d_farm01_hilltop") (file "/home/steam/Steam/l4d1server/left4dead/addons/sourcemod/logs/errors_20231015.log")
L 10/15/2023 - 09:34:12: [SM] Exception reported: 
==========
Warning: You should install "Stripper:Source" to spawn objects permanently to the map: http://www.bailopan.net/stripper/#install
==========

L 10/15/2023 - 09:34:12: [SM] Blaming: l4d2_spawn_props.smx
L 10/15/2023 - 09:34:12: [SM] Call stack trace:
L 10/15/2023 - 09:34:12: [SM]   [0] SetFailState
L 10/15/2023 - 09:34:12: [SM]   [1] Line 334, C:\Users\ZCE\Desktop\sourcemod-1.11.0-git6936-windows\addons\sourcemod\scripting\l4d2_spawn_props.sp.cpp::OnAllPluginsLoaded
