L 10/05/2023 - 01:00:03: SourceMod error session started
L 10/05/2023 - 01:00:03: Info (map "l4d_garage01_alleys") (file "/home/steam/Steam/l4d1server/left4dead/addons/sourcemod/logs/errors_20231005.log")
L 10/05/2023 - 01:00:03: [SM] Exception reported: 
==========
Warning: You should install "Stripper:Source" to spawn objects permanently to the map: http://www.bailopan.net/stripper/#install
==========

L 10/05/2023 - 01:00:03: [SM] Blaming: l4d2_spawn_props.smx
L 10/05/2023 - 01:00:03: [SM] Call stack trace:
L 10/05/2023 - 01:00:03: [SM]   [0] SetFailState
L 10/05/2023 - 01:00:03: [SM]   [1] Line 334, C:\Users\ZCE\Desktop\sourcemod-1.11.0-git6936-windows\addons\sourcemod\scripting\l4d2_spawn_props.sp.cpp::OnAllPluginsLoaded
L 10/05/2023 - 01:15:02: Error log file session closed.
L 10/05/2023 - 01:15:02: SourceMod error session started
L 10/05/2023 - 01:15:02: Info (map "l4d_garage02_lots") (file "/home/steam/Steam/l4d1server/left4dead/addons/sourcemod/logs/errors_20231005.log")
L 10/05/2023 - 01:15:02: [SM] Exception reported: 
==========
Warning: You should install "Stripper:Source" to spawn objects permanently to the map: http://www.bailopan.net/stripper/#install
==========

L 10/05/2023 - 01:15:02: [SM] Blaming: l4d2_spawn_props.smx
L 10/05/2023 - 01:15:02: [SM] Call stack trace:
L 10/05/2023 - 01:15:02: [SM]   [0] SetFailState
L 10/05/2023 - 01:15:02: [SM]   [1] Line 334, C:\Users\ZCE\Desktop\sourcemod-1.11.0-git6936-windows\addons\sourcemod\scripting\l4d2_spawn_props.sp.cpp::OnAllPluginsLoaded
L 10/05/2023 - 11:06:26: Error log file session closed.
L 10/05/2023 - 11:06:26: SourceMod error session started
L 10/05/2023 - 11:06:26: Info (map "l4d_garage01_alleys") (file "/home/steam/Steam/l4d1server/left4dead/addons/sourcemod/logs/errors_20231005.log")
L 10/05/2023 - 11:06:26: [SM] Exception reported: 
==========
Warning: You should install "Stripper:Source" to spawn objects permanently to the map: http://www.bailopan.net/stripper/#install
==========

L 10/05/2023 - 11:06:26: [SM] Blaming: l4d2_spawn_props.smx
L 10/05/2023 - 11:06:26: [SM] Call stack trace:
L 10/05/2023 - 11:06:26: [SM]   [0] SetFailState
L 10/05/2023 - 11:06:26: [SM]   [1] Line 334, C:\Users\ZCE\Desktop\sourcemod-1.11.0-git6936-windows\addons\sourcemod\scripting\l4d2_spawn_props.sp.cpp::OnAllPluginsLoaded
L 10/05/2023 - 11:16:15: Error log file session closed.
L 10/05/2023 - 11:16:15: SourceMod error session started
L 10/05/2023 - 11:16:15: Info (map "l4d_garage02_lots") (file "/home/steam/Steam/l4d1server/left4dead/addons/sourcemod/logs/errors_20231005.log")
L 10/05/2023 - 11:16:15: [SM] Exception reported: 
==========
Warning: You should install "Stripper:Source" to spawn objects permanently to the map: http://www.bailopan.net/stripper/#install
==========

L 10/05/2023 - 11:16:15: [SM] Blaming: l4d2_spawn_props.smx
L 10/05/2023 - 11:16:15: [SM] Call stack trace:
L 10/05/2023 - 11:16:15: [SM]   [0] SetFailState
L 10/05/2023 - 11:16:15: [SM]   [1] Line 334, C:\Users\ZCE\Desktop\sourcemod-1.11.0-git6936-windows\addons\sourcemod\scripting\l4d2_spawn_props.sp.cpp::OnAllPluginsLoaded
L 10/05/2023 - 11:27:18: Error log file session closed.
L 10/05/2023 - 11:27:18: SourceMod error session started
L 10/05/2023 - 11:27:18: Info (map "l4d_farm01_hilltop") (file "/home/steam/Steam/l4d1server/left4dead/addons/sourcemod/logs/errors_20231005.log")
L 10/05/2023 - 11:27:18: [SM] Exception reported: 
==========
Warning: You should install "Stripper:Source" to spawn objects permanently to the map: http://www.bailopan.net/stripper/#install
==========

L 10/05/2023 - 11:27:18: [SM] Blaming: l4d2_spawn_props.smx
L 10/05/2023 - 11:27:18: [SM] Call stack trace:
L 10/05/2023 - 11:27:18: [SM]   [0] SetFailState
L 10/05/2023 - 11:27:18: [SM]   [1] Line 334, C:\Users\ZCE\Desktop\sourcemod-1.11.0-git6936-windows\addons\sourcemod\scripting\l4d2_spawn_props.sp.cpp::OnAllPluginsLoaded
L 10/05/2023 - 11:31:59: Error log file session closed.
L 10/05/2023 - 11:31:59: SourceMod error session started
L 10/05/2023 - 11:31:59: Info (map "l4d_farm02_traintunnel") (file "/home/steam/Steam/l4d1server/left4dead/addons/sourcemod/logs/errors_20231005.log")
L 10/05/2023 - 11:31:59: [SM] Exception reported: 
==========
Warning: You should install "Stripper:Source" to spawn objects permanently to the map: http://www.bailopan.net/stripper/#install
==========

L 10/05/2023 - 11:31:59: [SM] Blaming: l4d2_spawn_props.smx
L 10/05/2023 - 11:31:59: [SM] Call stack trace:
L 10/05/2023 - 11:31:59: [SM]   [0] SetFailState
L 10/05/2023 - 11:31:59: [SM]   [1] Line 334, C:\Users\ZCE\Desktop\sourcemod-1.11.0-git6936-windows\addons\sourcemod\scripting\l4d2_spawn_props.sp.cpp::OnAllPluginsLoaded
L 10/05/2023 - 11:40:59: Error log file session closed.
L 10/05/2023 - 11:40:59: SourceMod error session started
L 10/05/2023 - 11:40:59: Info (map "l4d_farm03_bridge") (file "/home/steam/Steam/l4d1server/left4dead/addons/sourcemod/logs/errors_20231005.log")
L 10/05/2023 - 11:40:59: [SM] Exception reported: 
==========
Warning: You should install "Stripper:Source" to spawn objects permanently to the map: http://www.bailopan.net/stripper/#install
==========

L 10/05/2023 - 11:40:59: [SM] Blaming: l4d2_spawn_props.smx
L 10/05/2023 - 11:40:59: [SM] Call stack trace:
L 10/05/2023 - 11:40:59: [SM]   [0] SetFailState
L 10/05/2023 - 11:40:59: [SM]   [1] Line 334, C:\Users\ZCE\Desktop\sourcemod-1.11.0-git6936-windows\addons\sourcemod\scripting\l4d2_spawn_props.sp.cpp::OnAllPluginsLoaded
L 10/05/2023 - 11:53:26: Error log file session closed.
L 10/05/2023 - 11:53:26: SourceMod error session started
L 10/05/2023 - 11:53:26: Info (map "l4d_smalltown01_caves") (file "/home/steam/Steam/l4d1server/left4dead/addons/sourcemod/logs/errors_20231005.log")
L 10/05/2023 - 11:53:26: [SM] Exception reported: 
==========
Warning: You should install "Stripper:Source" to spawn objects permanently to the map: http://www.bailopan.net/stripper/#install
==========

L 10/05/2023 - 11:53:26: [SM] Blaming: l4d2_spawn_props.smx
L 10/05/2023 - 11:53:26: [SM] Call stack trace:
L 10/05/2023 - 11:53:26: [SM]   [0] SetFailState
L 10/05/2023 - 11:53:26: [SM]   [1] Line 334, C:\Users\ZCE\Desktop\sourcemod-1.11.0-git6936-windows\addons\sourcemod\scripting\l4d2_spawn_props.sp.cpp::OnAllPluginsLoaded
L 10/05/2023 - 11:58:31: Error log file session closed.
L 10/05/2023 - 11:58:31: SourceMod error session started
L 10/05/2023 - 11:58:31: Info (map "l4d_smalltown02_drainage") (file "/home/steam/Steam/l4d1server/left4dead/addons/sourcemod/logs/errors_20231005.log")
L 10/05/2023 - 11:58:31: [SM] Exception reported: 
==========
Warning: You should install "Stripper:Source" to spawn objects permanently to the map: http://www.bailopan.net/stripper/#install
==========

L 10/05/2023 - 11:58:31: [SM] Blaming: l4d2_spawn_props.smx
L 10/05/2023 - 11:58:31: [SM] Call stack trace:
L 10/05/2023 - 11:58:31: [SM]   [0] SetFailState
L 10/05/2023 - 11:58:31: [SM]   [1] Line 334, C:\Users\ZCE\Desktop\sourcemod-1.11.0-git6936-windows\addons\sourcemod\scripting\l4d2_spawn_props.sp.cpp::OnAllPluginsLoaded
L 10/05/2023 - 12:02:53: Error log file session closed.
L 10/05/2023 - 12:02:54: SourceMod error session started
L 10/05/2023 - 12:02:54: Info (map "l4d_smalltown03_ranchhouse") (file "/home/steam/Steam/l4d1server/left4dead/addons/sourcemod/logs/errors_20231005.log")
L 10/05/2023 - 12:02:54: [SM] Exception reported: 
==========
Warning: You should install "Stripper:Source" to spawn objects permanently to the map: http://www.bailopan.net/stripper/#install
==========

L 10/05/2023 - 12:02:54: [SM] Blaming: l4d2_spawn_props.smx
L 10/05/2023 - 12:02:54: [SM] Call stack trace:
L 10/05/2023 - 12:02:54: [SM]   [0] SetFailState
L 10/05/2023 - 12:02:54: [SM]   [1] Line 334, C:\Users\ZCE\Desktop\sourcemod-1.11.0-git6936-windows\addons\sourcemod\scripting\l4d2_spawn_props.sp.cpp::OnAllPluginsLoaded
L 10/05/2023 - 12:07:44: Error log file session closed.
L 10/05/2023 - 12:07:44: SourceMod error session started
L 10/05/2023 - 12:07:44: Info (map "l4d_smalltown04_mainstreet") (file "/home/steam/Steam/l4d1server/left4dead/addons/sourcemod/logs/errors_20231005.log")
L 10/05/2023 - 12:07:44: [SM] Exception reported: 
==========
Warning: You should install "Stripper:Source" to spawn objects permanently to the map: http://www.bailopan.net/stripper/#install
==========

L 10/05/2023 - 12:07:44: [SM] Blaming: l4d2_spawn_props.smx
L 10/05/2023 - 12:07:44: [SM] Call stack trace:
L 10/05/2023 - 12:07:44: [SM]   [0] SetFailState
L 10/05/2023 - 12:07:44: [SM]   [1] Line 334, C:\Users\ZCE\Desktop\sourcemod-1.11.0-git6936-windows\addons\sourcemod\scripting\l4d2_spawn_props.sp.cpp::OnAllPluginsLoaded
L 10/05/2023 - 12:14:00: Error log file session closed.
L 10/05/2023 - 12:14:00: SourceMod error session started
L 10/05/2023 - 12:14:00: Info (map "l4d_smalltown05_houseboat") (file "/home/steam/Steam/l4d1server/left4dead/addons/sourcemod/logs/errors_20231005.log")
L 10/05/2023 - 12:14:00: [SM] Exception reported: 
==========
Warning: You should install "Stripper:Source" to spawn objects permanently to the map: http://www.bailopan.net/stripper/#install
==========

L 10/05/2023 - 12:14:00: [SM] Blaming: l4d2_spawn_props.smx
L 10/05/2023 - 12:14:00: [SM] Call stack trace:
L 10/05/2023 - 12:14:00: [SM]   [0] SetFailState
L 10/05/2023 - 12:14:00: [SM]   [1] Line 334, C:\Users\ZCE\Desktop\sourcemod-1.11.0-git6936-windows\addons\sourcemod\scripting\l4d2_spawn_props.sp.cpp::OnAllPluginsLoaded
L 10/05/2023 - 12:14:02: [SM] Exception reported: Entity 346 (346) is not a CBaseEntity
L 10/05/2023 - 12:14:02: [SM] Blaming: l4d2_movablemachinegun_sdkhooks_CH.smx
L 10/05/2023 - 12:14:02: [SM] Call stack trace:
L 10/05/2023 - 12:14:02: [SM]   [0] AcceptEntityInput
L 10/05/2023 - 12:14:02: [SM]   [1] Line 330, C:\Users\ZCE\Desktop\sourcemod-1.11.0-git6936-windows\addons\sourcemod\scripting\l4d2_movablemachinegun_sdkhooks1.sp::Event_RoundStart
L 10/05/2023 - 12:14:05: [SM] Exception reported: Entity 346 (346) is not a CBaseEntity
L 10/05/2023 - 12:14:05: [SM] Blaming: l4d2_movablemachinegun_sdkhooks_CH.smx
L 10/05/2023 - 12:14:05: [SM] Call stack trace:
L 10/05/2023 - 12:14:05: [SM]   [0] AcceptEntityInput
L 10/05/2023 - 12:14:05: [SM]   [1] Line 330, C:\Users\ZCE\Desktop\sourcemod-1.11.0-git6936-windows\addons\sourcemod\scripting\l4d2_movablemachinegun_sdkhooks1.sp::Event_RoundStart
L 10/05/2023 - 12:22:13: Error log file session closed.
L 10/05/2023 - 12:22:13: SourceMod error session started
L 10/05/2023 - 12:22:13: Info (map "l4d_hospital01_apartment") (file "/home/steam/Steam/l4d1server/left4dead/addons/sourcemod/logs/errors_20231005.log")
L 10/05/2023 - 12:22:13: [SM] Exception reported: 
==========
Warning: You should install "Stripper:Source" to spawn objects permanently to the map: http://www.bailopan.net/stripper/#install
==========

L 10/05/2023 - 12:22:13: [SM] Blaming: l4d2_spawn_props.smx
L 10/05/2023 - 12:22:13: [SM] Call stack trace:
L 10/05/2023 - 12:22:13: [SM]   [0] SetFailState
L 10/05/2023 - 12:22:13: [SM]   [1] Line 334, C:\Users\ZCE\Desktop\sourcemod-1.11.0-git6936-windows\addons\sourcemod\scripting\l4d2_spawn_props.sp.cpp::OnAllPluginsLoaded
L 10/05/2023 - 12:25:22: Error log file session closed.
L 10/05/2023 - 12:25:22: SourceMod error session started
L 10/05/2023 - 12:25:22: Info (map "l4d_hospital02_subway") (file "/home/steam/Steam/l4d1server/left4dead/addons/sourcemod/logs/errors_20231005.log")
L 10/05/2023 - 12:25:22: [SM] Exception reported: 
==========
Warning: You should install "Stripper:Source" to spawn objects permanently to the map: http://www.bailopan.net/stripper/#install
==========

L 10/05/2023 - 12:25:22: [SM] Blaming: l4d2_spawn_props.smx
L 10/05/2023 - 12:25:22: [SM] Call stack trace:
L 10/05/2023 - 12:25:22: [SM]   [0] SetFailState
L 10/05/2023 - 12:25:22: [SM]   [1] Line 334, C:\Users\ZCE\Desktop\sourcemod-1.11.0-git6936-windows\addons\sourcemod\scripting\l4d2_spawn_props.sp.cpp::OnAllPluginsLoaded
L 10/05/2023 - 12:32:35: Error log file session closed.
L 10/05/2023 - 12:32:35: SourceMod error session started
L 10/05/2023 - 12:32:35: Info (map "l4d_hospital03_sewers") (file "/home/steam/Steam/l4d1server/left4dead/addons/sourcemod/logs/errors_20231005.log")
L 10/05/2023 - 12:32:35: [SM] Exception reported: 
==========
Warning: You should install "Stripper:Source" to spawn objects permanently to the map: http://www.bailopan.net/stripper/#install
==========

L 10/05/2023 - 12:32:35: [SM] Blaming: l4d2_spawn_props.smx
L 10/05/2023 - 12:32:35: [SM] Call stack trace:
L 10/05/2023 - 12:32:35: [SM]   [0] SetFailState
L 10/05/2023 - 12:32:35: [SM]   [1] Line 334, C:\Users\ZCE\Desktop\sourcemod-1.11.0-git6936-windows\addons\sourcemod\scripting\l4d2_spawn_props.sp.cpp::OnAllPluginsLoaded
L 10/05/2023 - 12:37:08: Error log file session closed.
L 10/05/2023 - 12:37:08: SourceMod error session started
L 10/05/2023 - 12:37:08: Info (map "l4d_hospital04_interior") (file "/home/steam/Steam/l4d1server/left4dead/addons/sourcemod/logs/errors_20231005.log")
L 10/05/2023 - 12:37:08: [SM] Exception reported: 
==========
Warning: You should install "Stripper:Source" to spawn objects permanently to the map: http://www.bailopan.net/stripper/#install
==========

L 10/05/2023 - 12:37:08: [SM] Blaming: l4d2_spawn_props.smx
L 10/05/2023 - 12:37:08: [SM] Call stack trace:
L 10/05/2023 - 12:37:08: [SM]   [0] SetFailState
L 10/05/2023 - 12:37:08: [SM]   [1] Line 334, C:\Users\ZCE\Desktop\sourcemod-1.11.0-git6936-windows\addons\sourcemod\scripting\l4d2_spawn_props.sp.cpp::OnAllPluginsLoaded
L 10/05/2023 - 12:41:22: Error log file session closed.
L 10/05/2023 - 12:41:23: SourceMod error session started
L 10/05/2023 - 12:41:23: Info (map "l4d_hospital05_rooftop") (file "/home/steam/Steam/l4d1server/left4dead/addons/sourcemod/logs/errors_20231005.log")
L 10/05/2023 - 12:41:23: [SM] Exception reported: 
==========
Warning: You should install "Stripper:Source" to spawn objects permanently to the map: http://www.bailopan.net/stripper/#install
==========

L 10/05/2023 - 12:41:23: [SM] Blaming: l4d2_spawn_props.smx
L 10/05/2023 - 12:41:23: [SM] Call stack trace:
L 10/05/2023 - 12:41:23: [SM]   [0] SetFailState
L 10/05/2023 - 12:41:23: [SM]   [1] Line 334, C:\Users\ZCE\Desktop\sourcemod-1.11.0-git6936-windows\addons\sourcemod\scripting\l4d2_spawn_props.sp.cpp::OnAllPluginsLoaded
L 10/05/2023 - 12:48:38: Error log file session closed.
L 10/05/2023 - 12:48:38: SourceMod error session started
L 10/05/2023 - 12:48:38: Info (map "l4d_river01_docks") (file "/home/steam/Steam/l4d1server/left4dead/addons/sourcemod/logs/errors_20231005.log")
L 10/05/2023 - 12:48:38: [SM] Exception reported: 
==========
Warning: You should install "Stripper:Source" to spawn objects permanently to the map: http://www.bailopan.net/stripper/#install
==========

L 10/05/2023 - 12:48:38: [SM] Blaming: l4d2_spawn_props.smx
L 10/05/2023 - 12:48:38: [SM] Call stack trace:
L 10/05/2023 - 12:48:38: [SM]   [0] SetFailState
L 10/05/2023 - 12:48:38: [SM]   [1] Line 334, C:\Users\ZCE\Desktop\sourcemod-1.11.0-git6936-windows\addons\sourcemod\scripting\l4d2_spawn_props.sp.cpp::OnAllPluginsLoaded
L 10/05/2023 - 13:15:57: Error log file session closed.
L 10/05/2023 - 13:15:57: SourceMod error session started
L 10/05/2023 - 13:15:57: Info (map "l4d_airport01_greenhouse") (file "/home/steam/Steam/l4d1server/left4dead/addons/sourcemod/logs/errors_20231005.log")
L 10/05/2023 - 13:15:57: [SM] Exception reported: 
==========
Warning: You should install "Stripper:Source" to spawn objects permanently to the map: http://www.bailopan.net/stripper/#install
==========

L 10/05/2023 - 13:15:57: [SM] Blaming: l4d2_spawn_props.smx
L 10/05/2023 - 13:15:57: [SM] Call stack trace:
L 10/05/2023 - 13:15:57: [SM]   [0] SetFailState
L 10/05/2023 - 13:15:57: [SM]   [1] Line 334, C:\Users\ZCE\Desktop\sourcemod-1.11.0-git6936-windows\addons\sourcemod\scripting\l4d2_spawn_props.sp.cpp::OnAllPluginsLoaded
L 10/05/2023 - 13:16:15: SourceMod error session started
L 10/05/2023 - 13:16:15: Info (map "l4d_hospital01_apartment") (file "/home/steam/Steam/l4d1server/left4dead/addons/sourcemod/logs/errors_20231005.log")
L 10/05/2023 - 13:16:15: [SM] Unable to load extension "left4downtown.ext": vstdlib_i486.so: cannot open shared object file: No such file or directory
L 10/05/2023 - 13:16:15: [left4dhooks.smx] Failed to find signature: "CMultiPlayerAnimState::ResetMainActivity" (NIX/1/1.135)
L 10/05/2023 - 13:16:15: [SM] Exception reported: 
==========
Warning: You should install "Stripper:Source" to spawn objects permanently to the map: http://www.bailopan.net/stripper/#install
==========

L 10/05/2023 - 13:16:15: [SM] Blaming: l4d2_spawn_props.smx
L 10/05/2023 - 13:16:15: [SM] Call stack trace:
L 10/05/2023 - 13:16:15: [SM]   [0] SetFailState
L 10/05/2023 - 13:16:15: [SM]   [1] Line 334, C:\Users\ZCE\Desktop\sourcemod-1.11.0-git6936-windows\addons\sourcemod\scripting\l4d2_spawn_props.sp.cpp::OnAllPluginsLoaded
L 10/05/2023 - 13:18:09: Error log file session closed.
L 10/05/2023 - 13:18:09: SourceMod error session started
L 10/05/2023 - 13:18:09: Info (map "l4d_airport01_greenhouse") (file "/home/steam/Steam/l4d1server/left4dead/addons/sourcemod/logs/errors_20231005.log")
L 10/05/2023 - 13:18:09: [SM] Exception reported: 
==========
Warning: You should install "Stripper:Source" to spawn objects permanently to the map: http://www.bailopan.net/stripper/#install
==========

L 10/05/2023 - 13:18:09: [SM] Blaming: l4d2_spawn_props.smx
L 10/05/2023 - 13:18:09: [SM] Call stack trace:
L 10/05/2023 - 13:18:09: [SM]   [0] SetFailState
L 10/05/2023 - 13:18:09: [SM]   [1] Line 334, C:\Users\ZCE\Desktop\sourcemod-1.11.0-git6936-windows\addons\sourcemod\scripting\l4d2_spawn_props.sp.cpp::OnAllPluginsLoaded
L 10/05/2023 - 13:18:40: Error log file session closed.
L 10/05/2023 - 13:18:40: SourceMod error session started
L 10/05/2023 - 13:18:40: Info (map "l4d_airport01_greenhouse") (file "/home/steam/Steam/l4d1server/left4dead/addons/sourcemod/logs/errors_20231005.log")
L 10/05/2023 - 13:18:40: [SM] Exception reported: 
==========
Warning: You should install "Stripper:Source" to spawn objects permanently to the map: http://www.bailopan.net/stripper/#install
==========

L 10/05/2023 - 13:18:40: [SM] Blaming: l4d2_spawn_props.smx
L 10/05/2023 - 13:18:40: [SM] Call stack trace:
L 10/05/2023 - 13:18:40: [SM]   [0] SetFailState
L 10/05/2023 - 13:18:40: [SM]   [1] Line 334, C:\Users\ZCE\Desktop\sourcemod-1.11.0-git6936-windows\addons\sourcemod\scripting\l4d2_spawn_props.sp.cpp::OnAllPluginsLoaded
L 10/05/2023 - 13:22:25: Error log file session closed.
L 10/05/2023 - 13:22:25: SourceMod error session started
L 10/05/2023 - 13:22:25: Info (map "l4d_airport02_offices") (file "/home/steam/Steam/l4d1server/left4dead/addons/sourcemod/logs/errors_20231005.log")
L 10/05/2023 - 13:22:25: [SM] Exception reported: 
==========
Warning: You should install "Stripper:Source" to spawn objects permanently to the map: http://www.bailopan.net/stripper/#install
==========

L 10/05/2023 - 13:22:25: [SM] Blaming: l4d2_spawn_props.smx
L 10/05/2023 - 13:22:25: [SM] Call stack trace:
L 10/05/2023 - 13:22:25: [SM]   [0] SetFailState
L 10/05/2023 - 13:22:25: [SM]   [1] Line 334, C:\Users\ZCE\Desktop\sourcemod-1.11.0-git6936-windows\addons\sourcemod\scripting\l4d2_spawn_props.sp.cpp::OnAllPluginsLoaded
L 10/05/2023 - 13:32:21: Error log file session closed.
L 10/05/2023 - 13:32:21: SourceMod error session started
L 10/05/2023 - 13:32:21: Info (map "l4d_airport03_garage") (file "/home/steam/Steam/l4d1server/left4dead/addons/sourcemod/logs/errors_20231005.log")
L 10/05/2023 - 13:32:21: [SM] Exception reported: 
==========
Warning: You should install "Stripper:Source" to spawn objects permanently to the map: http://www.bailopan.net/stripper/#install
==========

L 10/05/2023 - 13:32:21: [SM] Blaming: l4d2_spawn_props.smx
L 10/05/2023 - 13:32:21: [SM] Call stack trace:
L 10/05/2023 - 13:32:21: [SM]   [0] SetFailState
L 10/05/2023 - 13:32:22: [SM]   [1] Line 334, C:\Users\ZCE\Desktop\sourcemod-1.11.0-git6936-windows\addons\sourcemod\scripting\l4d2_spawn_props.sp.cpp::OnAllPluginsLoaded
L 10/05/2023 - 13:37:51: Error log file session closed.
L 10/05/2023 - 13:37:51: SourceMod error session started
L 10/05/2023 - 13:37:51: Info (map "l4d_airport04_terminal") (file "/home/steam/Steam/l4d1server/left4dead/addons/sourcemod/logs/errors_20231005.log")
L 10/05/2023 - 13:37:51: [SM] Exception reported: 
==========
Warning: You should install "Stripper:Source" to spawn objects permanently to the map: http://www.bailopan.net/stripper/#install
==========

L 10/05/2023 - 13:37:51: [SM] Blaming: l4d2_spawn_props.smx
L 10/05/2023 - 13:37:51: [SM] Call stack trace:
L 10/05/2023 - 13:37:51: [SM]   [0] SetFailState
L 10/05/2023 - 13:37:51: [SM]   [1] Line 334, C:\Users\ZCE\Desktop\sourcemod-1.11.0-git6936-windows\addons\sourcemod\scripting\l4d2_spawn_props.sp.cpp::OnAllPluginsLoaded
L 10/05/2023 - 13:41:55: Error log file session closed.
L 10/05/2023 - 13:41:55: SourceMod error session started
L 10/05/2023 - 13:41:55: Info (map "l4d_airport05_runway") (file "/home/steam/Steam/l4d1server/left4dead/addons/sourcemod/logs/errors_20231005.log")
L 10/05/2023 - 13:41:55: [SM] Exception reported: 
==========
Warning: You should install "Stripper:Source" to spawn objects permanently to the map: http://www.bailopan.net/stripper/#install
==========

L 10/05/2023 - 13:41:55: [SM] Blaming: l4d2_spawn_props.smx
L 10/05/2023 - 13:41:55: [SM] Call stack trace:
L 10/05/2023 - 13:41:55: [SM]   [0] SetFailState
L 10/05/2023 - 13:41:55: [SM]   [1] Line 334, C:\Users\ZCE\Desktop\sourcemod-1.11.0-git6936-windows\addons\sourcemod\scripting\l4d2_spawn_props.sp.cpp::OnAllPluginsLoaded
L 10/05/2023 - 13:47:24: Error log file session closed.
L 10/05/2023 - 13:47:24: SourceMod error session started
L 10/05/2023 - 13:47:24: Info (map "l4d_garage01_alleys") (file "/home/steam/Steam/l4d1server/left4dead/addons/sourcemod/logs/errors_20231005.log")
L 10/05/2023 - 13:47:24: [SM] Exception reported: 
==========
Warning: You should install "Stripper:Source" to spawn objects permanently to the map: http://www.bailopan.net/stripper/#install
==========

L 10/05/2023 - 13:47:24: [SM] Blaming: l4d2_spawn_props.smx
L 10/05/2023 - 13:47:24: [SM] Call stack trace:
L 10/05/2023 - 13:47:24: [SM]   [0] SetFailState
L 10/05/2023 - 13:47:24: [SM]   [1] Line 334, C:\Users\ZCE\Desktop\sourcemod-1.11.0-git6936-windows\addons\sourcemod\scripting\l4d2_spawn_props.sp.cpp::OnAllPluginsLoaded
L 10/05/2023 - 15:20:07: Error log file session closed.
L 10/05/2023 - 15:20:07: SourceMod error session started
L 10/05/2023 - 15:20:07: Info (map "l4d_sv_lighthouse") (file "/home/steam/Steam/l4d1server/left4dead/addons/sourcemod/logs/errors_20231005.log")
L 10/05/2023 - 15:20:07: [SM] Exception reported: 
==========
Warning: You should install "Stripper:Source" to spawn objects permanently to the map: http://www.bailopan.net/stripper/#install
==========

L 10/05/2023 - 15:20:07: [SM] Blaming: l4d2_spawn_props.smx
L 10/05/2023 - 15:20:07: [SM] Call stack trace:
L 10/05/2023 - 15:20:07: [SM]   [0] SetFailState
L 10/05/2023 - 15:20:07: [SM]   [1] Line 334, C:\Users\ZCE\Desktop\sourcemod-1.11.0-git6936-windows\addons\sourcemod\scripting\l4d2_spawn_props.sp.cpp::OnAllPluginsLoaded
L 10/05/2023 - 16:08:35: Error log file session closed.
L 10/05/2023 - 16:08:35: SourceMod error session started
L 10/05/2023 - 16:08:35: Info (map "l4d_vs_smalltown01_caves") (file "/home/steam/Steam/l4d1server/left4dead/addons/sourcemod/logs/errors_20231005.log")
L 10/05/2023 - 16:08:35: [SM] Exception reported: 
==========
Warning: You should install "Stripper:Source" to spawn objects permanently to the map: http://www.bailopan.net/stripper/#install
==========

L 10/05/2023 - 16:08:35: [SM] Blaming: l4d2_spawn_props.smx
L 10/05/2023 - 16:08:35: [SM] Call stack trace:
L 10/05/2023 - 16:08:35: [SM]   [0] SetFailState
L 10/05/2023 - 16:08:35: [SM]   [1] Line 334, C:\Users\ZCE\Desktop\sourcemod-1.11.0-git6936-windows\addons\sourcemod\scripting\l4d2_spawn_props.sp.cpp::OnAllPluginsLoaded
L 10/05/2023 - 16:09:21: Error log file session closed.
L 10/05/2023 - 16:09:21: SourceMod error session started
L 10/05/2023 - 16:09:21: Info (map "ld_cryodragoon_4_3") (file "/home/steam/Steam/l4d1server/left4dead/addons/sourcemod/logs/errors_20231005.log")
L 10/05/2023 - 16:09:21: [SM] Exception reported: 
==========
Warning: You should install "Stripper:Source" to spawn objects permanently to the map: http://www.bailopan.net/stripper/#install
==========

L 10/05/2023 - 16:09:21: [SM] Blaming: l4d2_spawn_props.smx
L 10/05/2023 - 16:09:21: [SM] Call stack trace:
L 10/05/2023 - 16:09:21: [SM]   [0] SetFailState
L 10/05/2023 - 16:09:21: [SM]   [1] Line 334, C:\Users\ZCE\Desktop\sourcemod-1.11.0-git6936-windows\addons\sourcemod\scripting\l4d2_spawn_props.sp.cpp::OnAllPluginsLoaded
L 10/05/2023 - 16:28:23: Error log file session closed.
L 10/05/2023 - 16:28:23: SourceMod error session started
L 10/05/2023 - 16:28:23: Info (map "l4d_farm01_hilltop") (file "/home/steam/Steam/l4d1server/left4dead/addons/sourcemod/logs/errors_20231005.log")
L 10/05/2023 - 16:28:23: [SM] Exception reported: 
==========
Warning: You should install "Stripper:Source" to spawn objects permanently to the map: http://www.bailopan.net/stripper/#install
==========

L 10/05/2023 - 16:28:24: [SM] Blaming: l4d2_spawn_props.smx
L 10/05/2023 - 16:28:24: [SM] Call stack trace:
L 10/05/2023 - 16:28:24: [SM]   [0] SetFailState
L 10/05/2023 - 16:28:24: [SM]   [1] Line 334, C:\Users\ZCE\Desktop\sourcemod-1.11.0-git6936-windows\addons\sourcemod\scripting\l4d2_spawn_props.sp.cpp::OnAllPluginsLoaded
L 10/05/2023 - 16:32:24: Error log file session closed.
L 10/05/2023 - 16:32:24: SourceMod error session started
L 10/05/2023 - 16:32:24: Info (map "l4d_farm02_traintunnel") (file "/home/steam/Steam/l4d1server/left4dead/addons/sourcemod/logs/errors_20231005.log")
L 10/05/2023 - 16:32:24: [SM] Exception reported: 
==========
Warning: You should install "Stripper:Source" to spawn objects permanently to the map: http://www.bailopan.net/stripper/#install
==========

L 10/05/2023 - 16:32:24: [SM] Blaming: l4d2_spawn_props.smx
L 10/05/2023 - 16:32:24: [SM] Call stack trace:
L 10/05/2023 - 16:32:24: [SM]   [0] SetFailState
L 10/05/2023 - 16:32:24: [SM]   [1] Line 334, C:\Users\ZCE\Desktop\sourcemod-1.11.0-git6936-windows\addons\sourcemod\scripting\l4d2_spawn_props.sp.cpp::OnAllPluginsLoaded
L 10/05/2023 - 16:38:41: Error log file session closed.
L 10/05/2023 - 16:38:41: SourceMod error session started
L 10/05/2023 - 16:38:41: Info (map "l4d_farm03_bridge") (file "/home/steam/Steam/l4d1server/left4dead/addons/sourcemod/logs/errors_20231005.log")
L 10/05/2023 - 16:38:41: [SM] Exception reported: 
==========
Warning: You should install "Stripper:Source" to spawn objects permanently to the map: http://www.bailopan.net/stripper/#install
==========

L 10/05/2023 - 16:38:41: [SM] Blaming: l4d2_spawn_props.smx
L 10/05/2023 - 16:38:41: [SM] Call stack trace:
L 10/05/2023 - 16:38:41: [SM]   [0] SetFailState
L 10/05/2023 - 16:38:41: [SM]   [1] Line 334, C:\Users\ZCE\Desktop\sourcemod-1.11.0-git6936-windows\addons\sourcemod\scripting\l4d2_spawn_props.sp.cpp::OnAllPluginsLoaded
L 10/05/2023 - 16:45:51: Error log file session closed.
L 10/05/2023 - 16:45:51: SourceMod error session started
L 10/05/2023 - 16:45:51: Info (map "l4d_farm04_barn") (file "/home/steam/Steam/l4d1server/left4dead/addons/sourcemod/logs/errors_20231005.log")
L 10/05/2023 - 16:45:51: [SM] Exception reported: 
==========
Warning: You should install "Stripper:Source" to spawn objects permanently to the map: http://www.bailopan.net/stripper/#install
==========

L 10/05/2023 - 16:45:51: [SM] Blaming: l4d2_spawn_props.smx
L 10/05/2023 - 16:45:51: [SM] Call stack trace:
L 10/05/2023 - 16:45:51: [SM]   [0] SetFailState
L 10/05/2023 - 16:45:51: [SM]   [1] Line 334, C:\Users\ZCE\Desktop\sourcemod-1.11.0-git6936-windows\addons\sourcemod\scripting\l4d2_spawn_props.sp.cpp::OnAllPluginsLoaded
L 10/05/2023 - 16:50:04: Error log file session closed.
L 10/05/2023 - 16:50:04: SourceMod error session started
L 10/05/2023 - 16:50:04: Info (map "l4d_farm05_cornfield") (file "/home/steam/Steam/l4d1server/left4dead/addons/sourcemod/logs/errors_20231005.log")
L 10/05/2023 - 16:50:04: [SM] Exception reported: 
==========
Warning: You should install "Stripper:Source" to spawn objects permanently to the map: http://www.bailopan.net/stripper/#install
==========

L 10/05/2023 - 16:50:04: [SM] Blaming: l4d2_spawn_props.smx
L 10/05/2023 - 16:50:04: [SM] Call stack trace:
L 10/05/2023 - 16:50:04: [SM]   [0] SetFailState
L 10/05/2023 - 16:50:04: [SM]   [1] Line 334, C:\Users\ZCE\Desktop\sourcemod-1.11.0-git6936-windows\addons\sourcemod\scripting\l4d2_spawn_props.sp.cpp::OnAllPluginsLoaded
L 10/05/2023 - 16:57:53: Error log file session closed.
L 10/05/2023 - 16:57:53: SourceMod error session started
L 10/05/2023 - 16:57:53: Info (map "l4d_hospital01_apartment") (file "/home/steam/Steam/l4d1server/left4dead/addons/sourcemod/logs/errors_20231005.log")
L 10/05/2023 - 16:57:53: [SM] Exception reported: 
==========
Warning: You should install "Stripper:Source" to spawn objects permanently to the map: http://www.bailopan.net/stripper/#install
==========

L 10/05/2023 - 16:57:53: [SM] Blaming: l4d2_spawn_props.smx
L 10/05/2023 - 16:57:53: [SM] Call stack trace:
L 10/05/2023 - 16:57:53: [SM]   [0] SetFailState
L 10/05/2023 - 16:57:53: [SM]   [1] Line 334, C:\Users\ZCE\Desktop\sourcemod-1.11.0-git6936-windows\addons\sourcemod\scripting\l4d2_spawn_props.sp.cpp::OnAllPluginsLoaded
L 10/05/2023 - 17:00:15: Error log file session closed.
L 10/05/2023 - 17:00:15: SourceMod error session started
L 10/05/2023 - 17:00:15: Info (map "l4d_hospital02_subway") (file "/home/steam/Steam/l4d1server/left4dead/addons/sourcemod/logs/errors_20231005.log")
L 10/05/2023 - 17:00:15: [SM] Exception reported: 
==========
Warning: You should install "Stripper:Source" to spawn objects permanently to the map: http://www.bailopan.net/stripper/#install
==========

L 10/05/2023 - 17:00:15: [SM] Blaming: l4d2_spawn_props.smx
L 10/05/2023 - 17:00:15: [SM] Call stack trace:
L 10/05/2023 - 17:00:15: [SM]   [0] SetFailState
L 10/05/2023 - 17:00:15: [SM]   [1] Line 334, C:\Users\ZCE\Desktop\sourcemod-1.11.0-git6936-windows\addons\sourcemod\scripting\l4d2_spawn_props.sp.cpp::OnAllPluginsLoaded
L 10/05/2023 - 17:04:22: Error log file session closed.
L 10/05/2023 - 17:04:22: SourceMod error session started
L 10/05/2023 - 17:04:22: Info (map "l4d_hospital03_sewers") (file "/home/steam/Steam/l4d1server/left4dead/addons/sourcemod/logs/errors_20231005.log")
L 10/05/2023 - 17:04:22: [SM] Exception reported: 
==========
Warning: You should install "Stripper:Source" to spawn objects permanently to the map: http://www.bailopan.net/stripper/#install
==========

L 10/05/2023 - 17:04:22: [SM] Blaming: l4d2_spawn_props.smx
L 10/05/2023 - 17:04:22: [SM] Call stack trace:
L 10/05/2023 - 17:04:22: [SM]   [0] SetFailState
L 10/05/2023 - 17:04:22: [SM]   [1] Line 334, C:\Users\ZCE\Desktop\sourcemod-1.11.0-git6936-windows\addons\sourcemod\scripting\l4d2_spawn_props.sp.cpp::OnAllPluginsLoaded
L 10/05/2023 - 17:09:22: Error log file session closed.
L 10/05/2023 - 17:09:22: SourceMod error session started
L 10/05/2023 - 17:09:22: Info (map "l4d_hospital04_interior") (file "/home/steam/Steam/l4d1server/left4dead/addons/sourcemod/logs/errors_20231005.log")
L 10/05/2023 - 17:09:22: [SM] Exception reported: 
==========
Warning: You should install "Stripper:Source" to spawn objects permanently to the map: http://www.bailopan.net/stripper/#install
==========

L 10/05/2023 - 17:09:22: [SM] Blaming: l4d2_spawn_props.smx
L 10/05/2023 - 17:09:22: [SM] Call stack trace:
L 10/05/2023 - 17:09:22: [SM]   [0] SetFailState
L 10/05/2023 - 17:09:22: [SM]   [1] Line 334, C:\Users\ZCE\Desktop\sourcemod-1.11.0-git6936-windows\addons\sourcemod\scripting\l4d2_spawn_props.sp.cpp::OnAllPluginsLoaded
L 10/05/2023 - 17:15:02: Error log file session closed.
L 10/05/2023 - 17:15:02: SourceMod error session started
L 10/05/2023 - 17:15:02: Info (map "l4d_hospital05_rooftop") (file "/home/steam/Steam/l4d1server/left4dead/addons/sourcemod/logs/errors_20231005.log")
L 10/05/2023 - 17:15:02: [SM] Exception reported: 
==========
Warning: You should install "Stripper:Source" to spawn objects permanently to the map: http://www.bailopan.net/stripper/#install
==========

L 10/05/2023 - 17:15:02: [SM] Blaming: l4d2_spawn_props.smx
L 10/05/2023 - 17:15:02: [SM] Call stack trace:
L 10/05/2023 - 17:15:02: [SM]   [0] SetFailState
L 10/05/2023 - 17:15:02: [SM]   [1] Line 334, C:\Users\ZCE\Desktop\sourcemod-1.11.0-git6936-windows\addons\sourcemod\scripting\l4d2_spawn_props.sp.cpp::OnAllPluginsLoaded
L 10/05/2023 - 17:22:24: Error log file session closed.
L 10/05/2023 - 17:22:24: SourceMod error session started
L 10/05/2023 - 17:22:24: Info (map "l4d_river01_docks") (file "/home/steam/Steam/l4d1server/left4dead/addons/sourcemod/logs/errors_20231005.log")
L 10/05/2023 - 17:22:24: [SM] Exception reported: 
==========
Warning: You should install "Stripper:Source" to spawn objects permanently to the map: http://www.bailopan.net/stripper/#install
==========

L 10/05/2023 - 17:22:24: [SM] Blaming: l4d2_spawn_props.smx
L 10/05/2023 - 17:22:24: [SM] Call stack trace:
L 10/05/2023 - 17:22:24: [SM]   [0] SetFailState
L 10/05/2023 - 17:22:24: [SM]   [1] Line 334, C:\Users\ZCE\Desktop\sourcemod-1.11.0-git6936-windows\addons\sourcemod\scripting\l4d2_spawn_props.sp.cpp::OnAllPluginsLoaded
L 10/05/2023 - 17:29:01: Error log file session closed.
L 10/05/2023 - 17:29:01: SourceMod error session started
L 10/05/2023 - 17:29:01: Info (map "l4d_river02_barge") (file "/home/steam/Steam/l4d1server/left4dead/addons/sourcemod/logs/errors_20231005.log")
L 10/05/2023 - 17:29:01: [SM] Exception reported: 
==========
Warning: You should install "Stripper:Source" to spawn objects permanently to the map: http://www.bailopan.net/stripper/#install
==========

L 10/05/2023 - 17:29:01: [SM] Blaming: l4d2_spawn_props.smx
L 10/05/2023 - 17:29:01: [SM] Call stack trace:
L 10/05/2023 - 17:29:01: [SM]   [0] SetFailState
L 10/05/2023 - 17:29:01: [SM]   [1] Line 334, C:\Users\ZCE\Desktop\sourcemod-1.11.0-git6936-windows\addons\sourcemod\scripting\l4d2_spawn_props.sp.cpp::OnAllPluginsLoaded
L 10/05/2023 - 17:29:18: SourceMod error session started
L 10/05/2023 - 17:29:18: Info (map "l4d_hospital01_apartment") (file "/home/steam/Steam/l4d1server/left4dead/addons/sourcemod/logs/errors_20231005.log")
L 10/05/2023 - 17:29:18: [SM] Unable to load extension "left4downtown.ext": vstdlib_i486.so: cannot open shared object file: No such file or directory
L 10/05/2023 - 17:29:18: [left4dhooks.smx] Failed to find signature: "CMultiPlayerAnimState::ResetMainActivity" (NIX/1/1.135)
L 10/05/2023 - 17:29:18: [SM] Exception reported: 
==========
Warning: You should install "Stripper:Source" to spawn objects permanently to the map: http://www.bailopan.net/stripper/#install
==========

L 10/05/2023 - 17:29:18: [SM] Blaming: l4d2_spawn_props.smx
L 10/05/2023 - 17:29:18: [SM] Call stack trace:
L 10/05/2023 - 17:29:18: [SM]   [0] SetFailState
L 10/05/2023 - 17:29:18: [SM]   [1] Line 334, C:\Users\ZCE\Desktop\sourcemod-1.11.0-git6936-windows\addons\sourcemod\scripting\l4d2_spawn_props.sp.cpp::OnAllPluginsLoaded
L 10/05/2023 - 17:46:50: Error log file session closed.
L 10/05/2023 - 17:46:50: SourceMod error session started
L 10/05/2023 - 17:46:50: Info (map "l4d_hospital01_apartment") (file "/home/steam/Steam/l4d1server/left4dead/addons/sourcemod/logs/errors_20231005.log")
L 10/05/2023 - 17:46:50: [SM] Exception reported: 
==========
Warning: You should install "Stripper:Source" to spawn objects permanently to the map: http://www.bailopan.net/stripper/#install
==========

L 10/05/2023 - 17:46:50: [SM] Blaming: l4d2_spawn_props.smx
L 10/05/2023 - 17:46:50: [SM] Call stack trace:
L 10/05/2023 - 17:46:50: [SM]   [0] SetFailState
L 10/05/2023 - 17:46:50: [SM]   [1] Line 334, C:\Users\ZCE\Desktop\sourcemod-1.11.0-git6936-windows\addons\sourcemod\scripting\l4d2_spawn_props.sp.cpp::OnAllPluginsLoaded
L 10/05/2023 - 17:49:39: Error log file session closed.
L 10/05/2023 - 17:49:39: SourceMod error session started
L 10/05/2023 - 17:49:39: Info (map "l4d_hospital01_apartment") (file "/home/steam/Steam/l4d1server/left4dead/addons/sourcemod/logs/errors_20231005.log")
L 10/05/2023 - 17:49:39: [SM] Exception reported: 
==========
Warning: You should install "Stripper:Source" to spawn objects permanently to the map: http://www.bailopan.net/stripper/#install
==========

L 10/05/2023 - 17:49:39: [SM] Blaming: l4d2_spawn_props.smx
L 10/05/2023 - 17:49:39: [SM] Call stack trace:
L 10/05/2023 - 17:49:39: [SM]   [0] SetFailState
L 10/05/2023 - 17:49:39: [SM]   [1] Line 334, C:\Users\ZCE\Desktop\sourcemod-1.11.0-git6936-windows\addons\sourcemod\scripting\l4d2_spawn_props.sp.cpp::OnAllPluginsLoaded
L 10/05/2023 - 17:53:37: Error log file session closed.
L 10/05/2023 - 17:53:37: SourceMod error session started
L 10/05/2023 - 17:53:37: Info (map "l4d_hospital02_subway") (file "/home/steam/Steam/l4d1server/left4dead/addons/sourcemod/logs/errors_20231005.log")
L 10/05/2023 - 17:53:37: [SM] Exception reported: 
==========
Warning: You should install "Stripper:Source" to spawn objects permanently to the map: http://www.bailopan.net/stripper/#install
==========

L 10/05/2023 - 17:53:37: [SM] Blaming: l4d2_spawn_props.smx
L 10/05/2023 - 17:53:37: [SM] Call stack trace:
L 10/05/2023 - 17:53:37: [SM]   [0] SetFailState
L 10/05/2023 - 17:53:37: [SM]   [1] Line 334, C:\Users\ZCE\Desktop\sourcemod-1.11.0-git6936-windows\addons\sourcemod\scripting\l4d2_spawn_props.sp.cpp::OnAllPluginsLoaded
L 10/05/2023 - 18:02:20: Error log file session closed.
L 10/05/2023 - 18:02:20: SourceMod error session started
L 10/05/2023 - 18:02:20: Info (map "l4d_hospital03_sewers") (file "/home/steam/Steam/l4d1server/left4dead/addons/sourcemod/logs/errors_20231005.log")
L 10/05/2023 - 18:02:20: [SM] Exception reported: 
==========
Warning: You should install "Stripper:Source" to spawn objects permanently to the map: http://www.bailopan.net/stripper/#install
==========

L 10/05/2023 - 18:02:20: [SM] Blaming: l4d2_spawn_props.smx
L 10/05/2023 - 18:02:20: [SM] Call stack trace:
L 10/05/2023 - 18:02:20: [SM]   [0] SetFailState
L 10/05/2023 - 18:02:20: [SM]   [1] Line 334, C:\Users\ZCE\Desktop\sourcemod-1.11.0-git6936-windows\addons\sourcemod\scripting\l4d2_spawn_props.sp.cpp::OnAllPluginsLoaded
L 10/05/2023 - 18:14:13: Error log file session closed.
L 10/05/2023 - 18:14:13: SourceMod error session started
L 10/05/2023 - 18:14:13: Info (map "l4d_hospital04_interior") (file "/home/steam/Steam/l4d1server/left4dead/addons/sourcemod/logs/errors_20231005.log")
L 10/05/2023 - 18:14:13: [SM] Exception reported: 
==========
Warning: You should install "Stripper:Source" to spawn objects permanently to the map: http://www.bailopan.net/stripper/#install
==========

L 10/05/2023 - 18:14:13: [SM] Blaming: l4d2_spawn_props.smx
L 10/05/2023 - 18:14:13: [SM] Call stack trace:
L 10/05/2023 - 18:14:13: [SM]   [0] SetFailState
L 10/05/2023 - 18:14:13: [SM]   [1] Line 334, C:\Users\ZCE\Desktop\sourcemod-1.11.0-git6936-windows\addons\sourcemod\scripting\l4d2_spawn_props.sp.cpp::OnAllPluginsLoaded
L 10/05/2023 - 18:20:46: Error log file session closed.
L 10/05/2023 - 18:20:46: SourceMod error session started
L 10/05/2023 - 18:20:46: Info (map "l4d_hospital05_rooftop") (file "/home/steam/Steam/l4d1server/left4dead/addons/sourcemod/logs/errors_20231005.log")
L 10/05/2023 - 18:20:46: [SM] Exception reported: 
==========
Warning: You should install "Stripper:Source" to spawn objects permanently to the map: http://www.bailopan.net/stripper/#install
==========

L 10/05/2023 - 18:20:46: [SM] Blaming: l4d2_spawn_props.smx
L 10/05/2023 - 18:20:46: [SM] Call stack trace:
L 10/05/2023 - 18:20:46: [SM]   [0] SetFailState
L 10/05/2023 - 18:20:46: [SM]   [1] Line 334, C:\Users\ZCE\Desktop\sourcemod-1.11.0-git6936-windows\addons\sourcemod\scripting\l4d2_spawn_props.sp.cpp::OnAllPluginsLoaded
L 10/05/2023 - 18:28:41: Error log file session closed.
L 10/05/2023 - 18:28:41: SourceMod error session started
L 10/05/2023 - 18:28:41: Info (map "l4d_airport01_greenhouse") (file "/home/steam/Steam/l4d1server/left4dead/addons/sourcemod/logs/errors_20231005.log")
L 10/05/2023 - 18:28:41: [SM] Exception reported: 
==========
Warning: You should install "Stripper:Source" to spawn objects permanently to the map: http://www.bailopan.net/stripper/#install
==========

L 10/05/2023 - 18:28:41: [SM] Blaming: l4d2_spawn_props.smx
L 10/05/2023 - 18:28:41: [SM] Call stack trace:
L 10/05/2023 - 18:28:41: [SM]   [0] SetFailState
L 10/05/2023 - 18:28:41: [SM]   [1] Line 334, C:\Users\ZCE\Desktop\sourcemod-1.11.0-git6936-windows\addons\sourcemod\scripting\l4d2_spawn_props.sp.cpp::OnAllPluginsLoaded
L 10/05/2023 - 18:32:58: Error log file session closed.
L 10/05/2023 - 18:32:58: SourceMod error session started
L 10/05/2023 - 18:32:58: Info (map "l4d_airport02_offices") (file "/home/steam/Steam/l4d1server/left4dead/addons/sourcemod/logs/errors_20231005.log")
L 10/05/2023 - 18:32:58: [SM] Exception reported: 
==========
Warning: You should install "Stripper:Source" to spawn objects permanently to the map: http://www.bailopan.net/stripper/#install
==========

L 10/05/2023 - 18:32:58: [SM] Blaming: l4d2_spawn_props.smx
L 10/05/2023 - 18:32:58: [SM] Call stack trace:
L 10/05/2023 - 18:32:58: [SM]   [0] SetFailState
L 10/05/2023 - 18:32:58: [SM]   [1] Line 334, C:\Users\ZCE\Desktop\sourcemod-1.11.0-git6936-windows\addons\sourcemod\scripting\l4d2_spawn_props.sp.cpp::OnAllPluginsLoaded
L 10/05/2023 - 18:39:47: Error log file session closed.
L 10/05/2023 - 18:39:47: SourceMod error session started
L 10/05/2023 - 18:39:47: Info (map "l4d_airport03_garage") (file "/home/steam/Steam/l4d1server/left4dead/addons/sourcemod/logs/errors_20231005.log")
L 10/05/2023 - 18:39:47: [SM] Exception reported: 
==========
Warning: You should install "Stripper:Source" to spawn objects permanently to the map: http://www.bailopan.net/stripper/#install
==========

L 10/05/2023 - 18:39:47: [SM] Blaming: l4d2_spawn_props.smx
L 10/05/2023 - 18:39:47: [SM] Call stack trace:
L 10/05/2023 - 18:39:47: [SM]   [0] SetFailState
L 10/05/2023 - 18:39:47: [SM]   [1] Line 334, C:\Users\ZCE\Desktop\sourcemod-1.11.0-git6936-windows\addons\sourcemod\scripting\l4d2_spawn_props.sp.cpp::OnAllPluginsLoaded
L 10/05/2023 - 18:48:30: Error log file session closed.
L 10/05/2023 - 18:48:30: SourceMod error session started
L 10/05/2023 - 18:48:30: Info (map "l4d_airport04_terminal") (file "/home/steam/Steam/l4d1server/left4dead/addons/sourcemod/logs/errors_20231005.log")
L 10/05/2023 - 18:48:30: [SM] Exception reported: 
==========
Warning: You should install "Stripper:Source" to spawn objects permanently to the map: http://www.bailopan.net/stripper/#install
==========

L 10/05/2023 - 18:48:30: [SM] Blaming: l4d2_spawn_props.smx
L 10/05/2023 - 18:48:30: [SM] Call stack trace:
L 10/05/2023 - 18:48:30: [SM]   [0] SetFailState
L 10/05/2023 - 18:48:30: [SM]   [1] Line 334, C:\Users\ZCE\Desktop\sourcemod-1.11.0-git6936-windows\addons\sourcemod\scripting\l4d2_spawn_props.sp.cpp::OnAllPluginsLoaded
L 10/05/2023 - 18:53:28: Error log file session closed.
L 10/05/2023 - 18:53:28: SourceMod error session started
L 10/05/2023 - 18:53:28: Info (map "l4d_airport05_runway") (file "/home/steam/Steam/l4d1server/left4dead/addons/sourcemod/logs/errors_20231005.log")
L 10/05/2023 - 18:53:28: [SM] Exception reported: 
==========
Warning: You should install "Stripper:Source" to spawn objects permanently to the map: http://www.bailopan.net/stripper/#install
==========

L 10/05/2023 - 18:53:28: [SM] Blaming: l4d2_spawn_props.smx
L 10/05/2023 - 18:53:28: [SM] Call stack trace:
L 10/05/2023 - 18:53:28: [SM]   [0] SetFailState
L 10/05/2023 - 18:53:28: [SM]   [1] Line 334, C:\Users\ZCE\Desktop\sourcemod-1.11.0-git6936-windows\addons\sourcemod\scripting\l4d2_spawn_props.sp.cpp::OnAllPluginsLoaded
L 10/05/2023 - 18:59:01: Error log file session closed.
L 10/05/2023 - 18:59:01: SourceMod error session started
L 10/05/2023 - 18:59:01: Info (map "l4d_smalltown01_caves") (file "/home/steam/Steam/l4d1server/left4dead/addons/sourcemod/logs/errors_20231005.log")
L 10/05/2023 - 18:59:01: [SM] Exception reported: 
==========
Warning: You should install "Stripper:Source" to spawn objects permanently to the map: http://www.bailopan.net/stripper/#install
==========

L 10/05/2023 - 18:59:01: [SM] Blaming: l4d2_spawn_props.smx
L 10/05/2023 - 18:59:01: [SM] Call stack trace:
L 10/05/2023 - 18:59:01: [SM]   [0] SetFailState
L 10/05/2023 - 18:59:01: [SM]   [1] Line 334, C:\Users\ZCE\Desktop\sourcemod-1.11.0-git6936-windows\addons\sourcemod\scripting\l4d2_spawn_props.sp.cpp::OnAllPluginsLoaded
L 10/05/2023 - 19:01:56: Error log file session closed.
L 10/05/2023 - 19:01:56: SourceMod error session started
L 10/05/2023 - 19:01:56: Info (map "l4d_smalltown02_drainage") (file "/home/steam/Steam/l4d1server/left4dead/addons/sourcemod/logs/errors_20231005.log")
L 10/05/2023 - 19:01:56: [SM] Exception reported: 
==========
Warning: You should install "Stripper:Source" to spawn objects permanently to the map: http://www.bailopan.net/stripper/#install
==========

L 10/05/2023 - 19:01:56: [SM] Blaming: l4d2_spawn_props.smx
L 10/05/2023 - 19:01:56: [SM] Call stack trace:
L 10/05/2023 - 19:01:56: [SM]   [0] SetFailState
L 10/05/2023 - 19:01:56: [SM]   [1] Line 334, C:\Users\ZCE\Desktop\sourcemod-1.11.0-git6936-windows\addons\sourcemod\scripting\l4d2_spawn_props.sp.cpp::OnAllPluginsLoaded
L 10/05/2023 - 19:05:48: Error log file session closed.
L 10/05/2023 - 19:05:48: SourceMod error session started
L 10/05/2023 - 19:05:48: Info (map "l4d_smalltown03_ranchhouse") (file "/home/steam/Steam/l4d1server/left4dead/addons/sourcemod/logs/errors_20231005.log")
L 10/05/2023 - 19:05:48: [SM] Exception reported: 
==========
Warning: You should install "Stripper:Source" to spawn objects permanently to the map: http://www.bailopan.net/stripper/#install
==========

L 10/05/2023 - 19:05:48: [SM] Blaming: l4d2_spawn_props.smx
L 10/05/2023 - 19:05:48: [SM] Call stack trace:
L 10/05/2023 - 19:05:48: [SM]   [0] SetFailState
L 10/05/2023 - 19:05:48: [SM]   [1] Line 334, C:\Users\ZCE\Desktop\sourcemod-1.11.0-git6936-windows\addons\sourcemod\scripting\l4d2_spawn_props.sp.cpp::OnAllPluginsLoaded
L 10/05/2023 - 19:10:11: Error log file session closed.
L 10/05/2023 - 19:10:11: SourceMod error session started
L 10/05/2023 - 19:10:11: Info (map "l4d_smalltown04_mainstreet") (file "/home/steam/Steam/l4d1server/left4dead/addons/sourcemod/logs/errors_20231005.log")
L 10/05/2023 - 19:10:11: [SM] Exception reported: 
==========
Warning: You should install "Stripper:Source" to spawn objects permanently to the map: http://www.bailopan.net/stripper/#install
==========

L 10/05/2023 - 19:10:11: [SM] Blaming: l4d2_spawn_props.smx
L 10/05/2023 - 19:10:11: [SM] Call stack trace:
L 10/05/2023 - 19:10:11: [SM]   [0] SetFailState
L 10/05/2023 - 19:10:11: [SM]   [1] Line 334, C:\Users\ZCE\Desktop\sourcemod-1.11.0-git6936-windows\addons\sourcemod\scripting\l4d2_spawn_props.sp.cpp::OnAllPluginsLoaded
L 10/05/2023 - 19:20:14: Error log file session closed.
L 10/05/2023 - 19:20:14: SourceMod error session started
L 10/05/2023 - 19:20:14: Info (map "l4d_smalltown05_houseboat") (file "/home/steam/Steam/l4d1server/left4dead/addons/sourcemod/logs/errors_20231005.log")
L 10/05/2023 - 19:20:14: [SM] Exception reported: 
==========
Warning: You should install "Stripper:Source" to spawn objects permanently to the map: http://www.bailopan.net/stripper/#install
==========

L 10/05/2023 - 19:20:14: [SM] Blaming: l4d2_spawn_props.smx
L 10/05/2023 - 19:20:14: [SM] Call stack trace:
L 10/05/2023 - 19:20:14: [SM]   [0] SetFailState
L 10/05/2023 - 19:20:14: [SM]   [1] Line 334, C:\Users\ZCE\Desktop\sourcemod-1.11.0-git6936-windows\addons\sourcemod\scripting\l4d2_spawn_props.sp.cpp::OnAllPluginsLoaded
L 10/05/2023 - 19:28:21: Error log file session closed.
L 10/05/2023 - 19:28:21: SourceMod error session started
L 10/05/2023 - 19:28:21: Info (map "l4d_river01_docks") (file "/home/steam/Steam/l4d1server/left4dead/addons/sourcemod/logs/errors_20231005.log")
L 10/05/2023 - 19:28:21: [SM] Exception reported: 
==========
Warning: You should install "Stripper:Source" to spawn objects permanently to the map: http://www.bailopan.net/stripper/#install
==========

L 10/05/2023 - 19:28:21: [SM] Blaming: l4d2_spawn_props.smx
L 10/05/2023 - 19:28:21: [SM] Call stack trace:
L 10/05/2023 - 19:28:21: [SM]   [0] SetFailState
L 10/05/2023 - 19:28:21: [SM]   [1] Line 334, C:\Users\ZCE\Desktop\sourcemod-1.11.0-git6936-windows\addons\sourcemod\scripting\l4d2_spawn_props.sp.cpp::OnAllPluginsLoaded
L 10/05/2023 - 19:33:50: Error log file session closed.
L 10/05/2023 - 19:33:50: SourceMod error session started
L 10/05/2023 - 19:33:50: Info (map "l4d_river03_port") (file "/home/steam/Steam/l4d1server/left4dead/addons/sourcemod/logs/errors_20231005.log")
L 10/05/2023 - 19:33:50: [SM] Exception reported: 
==========
Warning: You should install "Stripper:Source" to spawn objects permanently to the map: http://www.bailopan.net/stripper/#install
==========

L 10/05/2023 - 19:33:50: [SM] Blaming: l4d2_spawn_props.smx
L 10/05/2023 - 19:33:50: [SM] Call stack trace:
L 10/05/2023 - 19:33:50: [SM]   [0] SetFailState
L 10/05/2023 - 19:33:50: [SM]   [1] Line 334, C:\Users\ZCE\Desktop\sourcemod-1.11.0-git6936-windows\addons\sourcemod\scripting\l4d2_spawn_props.sp.cpp::OnAllPluginsLoaded
L 10/05/2023 - 19:34:06: SourceMod error session started
L 10/05/2023 - 19:34:06: Info (map "l4d_hospital01_apartment") (file "/home/steam/Steam/l4d1server/left4dead/addons/sourcemod/logs/errors_20231005.log")
L 10/05/2023 - 19:34:06: [SM] Unable to load extension "left4downtown.ext": vstdlib_i486.so: cannot open shared object file: No such file or directory
L 10/05/2023 - 19:34:06: [left4dhooks.smx] Failed to find signature: "CMultiPlayerAnimState::ResetMainActivity" (NIX/1/1.135)
L 10/05/2023 - 19:34:06: [SM] Exception reported: 
==========
Warning: You should install "Stripper:Source" to spawn objects permanently to the map: http://www.bailopan.net/stripper/#install
==========

L 10/05/2023 - 19:34:06: [SM] Blaming: l4d2_spawn_props.smx
L 10/05/2023 - 19:34:06: [SM] Call stack trace:
L 10/05/2023 - 19:34:06: [SM]   [0] SetFailState
L 10/05/2023 - 19:34:06: [SM]   [1] Line 334, C:\Users\ZCE\Desktop\sourcemod-1.11.0-git6936-windows\addons\sourcemod\scripting\l4d2_spawn_props.sp.cpp::OnAllPluginsLoaded
L 10/05/2023 - 21:03:26: Error log file session closed.
L 10/05/2023 - 21:03:26: SourceMod error session started
L 10/05/2023 - 21:03:26: Info (map "l4d_sv_lighthouse") (file "/home/steam/Steam/l4d1server/left4dead/addons/sourcemod/logs/errors_20231005.log")
L 10/05/2023 - 21:03:26: [SM] Exception reported: 
==========
Warning: You should install "Stripper:Source" to spawn objects permanently to the map: http://www.bailopan.net/stripper/#install
==========

L 10/05/2023 - 21:03:26: [SM] Blaming: l4d2_spawn_props.smx
L 10/05/2023 - 21:03:26: [SM] Call stack trace:
L 10/05/2023 - 21:03:26: [SM]   [0] SetFailState
L 10/05/2023 - 21:03:26: [SM]   [1] Line 334, C:\Users\ZCE\Desktop\sourcemod-1.11.0-git6936-windows\addons\sourcemod\scripting\l4d2_spawn_props.sp.cpp::OnAllPluginsLoaded
L 10/05/2023 - 22:25:01: Error log file session closed.
L 10/05/2023 - 22:25:01: SourceMod error session started
L 10/05/2023 - 22:25:01: Info (map "l4d_river03_port") (file "/home/steam/Steam/l4d1server/left4dead/addons/sourcemod/logs/errors_20231005.log")
L 10/05/2023 - 22:25:01: [SM] Exception reported: 
==========
Warning: You should install "Stripper:Source" to spawn objects permanently to the map: http://www.bailopan.net/stripper/#install
==========

L 10/05/2023 - 22:25:01: [SM] Blaming: l4d2_spawn_props.smx
L 10/05/2023 - 22:25:01: [SM] Call stack trace:
L 10/05/2023 - 22:25:01: [SM]   [0] SetFailState
L 10/05/2023 - 22:25:01: [SM]   [1] Line 334, C:\Users\ZCE\Desktop\sourcemod-1.11.0-git6936-windows\addons\sourcemod\scripting\l4d2_spawn_props.sp.cpp::OnAllPluginsLoaded
L 10/05/2023 - 22:33:01: Error log file session closed.
L 10/05/2023 - 22:33:01: SourceMod error session started
L 10/05/2023 - 22:33:01: Info (map "l4d_airport01_greenhouse") (file "/home/steam/Steam/l4d1server/left4dead/addons/sourcemod/logs/errors_20231005.log")
L 10/05/2023 - 22:33:01: [SM] Exception reported: 
==========
Warning: You should install "Stripper:Source" to spawn objects permanently to the map: http://www.bailopan.net/stripper/#install
==========

L 10/05/2023 - 22:33:01: [SM] Blaming: l4d2_spawn_props.smx
L 10/05/2023 - 22:33:01: [SM] Call stack trace:
L 10/05/2023 - 22:33:01: [SM]   [0] SetFailState
L 10/05/2023 - 22:33:01: [SM]   [1] Line 334, C:\Users\ZCE\Desktop\sourcemod-1.11.0-git6936-windows\addons\sourcemod\scripting\l4d2_spawn_props.sp.cpp::OnAllPluginsLoaded
L 10/05/2023 - 22:35:44: Error log file session closed.
L 10/05/2023 - 22:35:44: SourceMod error session started
L 10/05/2023 - 22:35:44: Info (map "l4d_airport02_offices") (file "/home/steam/Steam/l4d1server/left4dead/addons/sourcemod/logs/errors_20231005.log")
L 10/05/2023 - 22:35:44: [SM] Exception reported: 
==========
Warning: You should install "Stripper:Source" to spawn objects permanently to the map: http://www.bailopan.net/stripper/#install
==========

L 10/05/2023 - 22:35:44: [SM] Blaming: l4d2_spawn_props.smx
L 10/05/2023 - 22:35:44: [SM] Call stack trace:
L 10/05/2023 - 22:35:44: [SM]   [0] SetFailState
L 10/05/2023 - 22:35:44: [SM]   [1] Line 334, C:\Users\ZCE\Desktop\sourcemod-1.11.0-git6936-windows\addons\sourcemod\scripting\l4d2_spawn_props.sp.cpp::OnAllPluginsLoaded
L 10/05/2023 - 22:46:22: Error log file session closed.
L 10/05/2023 - 22:46:22: SourceMod error session started
L 10/05/2023 - 22:46:22: Info (map "l4d_airport03_garage") (file "/home/steam/Steam/l4d1server/left4dead/addons/sourcemod/logs/errors_20231005.log")
L 10/05/2023 - 22:46:22: [SM] Exception reported: 
==========
Warning: You should install "Stripper:Source" to spawn objects permanently to the map: http://www.bailopan.net/stripper/#install
==========

L 10/05/2023 - 22:46:22: [SM] Blaming: l4d2_spawn_props.smx
L 10/05/2023 - 22:46:22: [SM] Call stack trace:
L 10/05/2023 - 22:46:22: [SM]   [0] SetFailState
L 10/05/2023 - 22:46:22: [SM]   [1] Line 334, C:\Users\ZCE\Desktop\sourcemod-1.11.0-git6936-windows\addons\sourcemod\scripting\l4d2_spawn_props.sp.cpp::OnAllPluginsLoaded
L 10/05/2023 - 22:56:24: Error log file session closed.
L 10/05/2023 - 22:56:24: SourceMod error session started
L 10/05/2023 - 22:56:24: Info (map "l4d_airport04_terminal") (file "/home/steam/Steam/l4d1server/left4dead/addons/sourcemod/logs/errors_20231005.log")
L 10/05/2023 - 22:56:24: [SM] Exception reported: 
==========
Warning: You should install "Stripper:Source" to spawn objects permanently to the map: http://www.bailopan.net/stripper/#install
==========

L 10/05/2023 - 22:56:24: [SM] Blaming: l4d2_spawn_props.smx
L 10/05/2023 - 22:56:24: [SM] Call stack trace:
L 10/05/2023 - 22:56:24: [SM]   [0] SetFailState
L 10/05/2023 - 22:56:24: [SM]   [1] Line 334, C:\Users\ZCE\Desktop\sourcemod-1.11.0-git6936-windows\addons\sourcemod\scripting\l4d2_spawn_props.sp.cpp::OnAllPluginsLoaded
L 10/05/2023 - 23:02:43: Error log file session closed.
L 10/05/2023 - 23:02:43: SourceMod error session started
L 10/05/2023 - 23:02:43: Info (map "l4d_airport05_runway") (file "/home/steam/Steam/l4d1server/left4dead/addons/sourcemod/logs/errors_20231005.log")
L 10/05/2023 - 23:02:43: [SM] Exception reported: 
==========
Warning: You should install "Stripper:Source" to spawn objects permanently to the map: http://www.bailopan.net/stripper/#install
==========

L 10/05/2023 - 23:02:43: [SM] Blaming: l4d2_spawn_props.smx
L 10/05/2023 - 23:02:43: [SM] Call stack trace:
L 10/05/2023 - 23:02:43: [SM]   [0] SetFailState
L 10/05/2023 - 23:02:43: [SM]   [1] Line 334, C:\Users\ZCE\Desktop\sourcemod-1.11.0-git6936-windows\addons\sourcemod\scripting\l4d2_spawn_props.sp.cpp::OnAllPluginsLoaded
L 10/05/2023 - 23:16:04: Error log file session closed.
L 10/05/2023 - 23:16:04: SourceMod error session started
L 10/05/2023 - 23:16:04: Info (map "l4d_sv_lighthouse") (file "/home/steam/Steam/l4d1server/left4dead/addons/sourcemod/logs/errors_20231005.log")
L 10/05/2023 - 23:16:04: [SM] Exception reported: 
==========
Warning: You should install "Stripper:Source" to spawn objects permanently to the map: http://www.bailopan.net/stripper/#install
==========

L 10/05/2023 - 23:16:04: [SM] Blaming: l4d2_spawn_props.smx
L 10/05/2023 - 23:16:04: [SM] Call stack trace:
L 10/05/2023 - 23:16:04: [SM]   [0] SetFailState
L 10/05/2023 - 23:16:04: [SM]   [1] Line 334, C:\Users\ZCE\Desktop\sourcemod-1.11.0-git6936-windows\addons\sourcemod\scripting\l4d2_spawn_props.sp.cpp::OnAllPluginsLoaded
L 10/05/2023 - 23:21:06: Error log file session closed.
L 10/05/2023 - 23:21:06: SourceMod error session started
L 10/05/2023 - 23:21:06: Info (map "l4d_vs_farm05_cornfield") (file "/home/steam/Steam/l4d1server/left4dead/addons/sourcemod/logs/errors_20231005.log")
L 10/05/2023 - 23:21:06: [SM] Exception reported: 
==========
Warning: You should install "Stripper:Source" to spawn objects permanently to the map: http://www.bailopan.net/stripper/#install
==========

L 10/05/2023 - 23:21:06: [SM] Blaming: l4d2_spawn_props.smx
L 10/05/2023 - 23:21:06: [SM] Call stack trace:
L 10/05/2023 - 23:21:06: [SM]   [0] SetFailState
L 10/05/2023 - 23:21:06: [SM]   [1] Line 334, C:\Users\ZCE\Desktop\sourcemod-1.11.0-git6936-windows\addons\sourcemod\scripting\l4d2_spawn_props.sp.cpp::OnAllPluginsLoaded
L 10/06/2023 - 02:50:47: Error log file session closed.
