L 10/14/2023 - 00:59:32: SourceMod error session started
L 10/14/2023 - 00:59:32: Info (map "l4d_garage01_alleys") (file "/home/steam/Steam/l4d1server/left4dead/addons/sourcemod/logs/errors_20231014.log")
L 10/14/2023 - 00:59:32: [SM] Exception reported: 
==========
Warning: You should install "Stripper:Source" to spawn objects permanently to the map: http://www.bailopan.net/stripper/#install
==========

L 10/14/2023 - 00:59:32: [SM] Blaming: l4d2_spawn_props.smx
L 10/14/2023 - 00:59:32: [SM] Call stack trace:
L 10/14/2023 - 00:59:32: [SM]   [0] SetFailState
L 10/14/2023 - 00:59:32: [SM]   [1] Line 334, C:\Users\ZCE\Desktop\sourcemod-1.11.0-git6936-windows\addons\sourcemod\scripting\l4d2_spawn_props.sp.cpp::OnAllPluginsLoaded
L 10/14/2023 - 09:57:30: Error log file session closed.
L 10/14/2023 - 09:57:30: SourceMod error session started
L 10/14/2023 - 09:57:30: Info (map "l4d_hospital01_apartment") (file "/home/steam/Steam/l4d1server/left4dead/addons/sourcemod/logs/errors_20231014.log")
L 10/14/2023 - 09:57:30: [SM] Exception reported: 
==========
Warning: You should install "Stripper:Source" to spawn objects permanently to the map: http://www.bailopan.net/stripper/#install
==========

L 10/14/2023 - 09:57:30: [SM] Blaming: l4d2_spawn_props.smx
L 10/14/2023 - 09:57:30: [SM] Call stack trace:
L 10/14/2023 - 09:57:30: [SM]   [0] SetFailState
L 10/14/2023 - 09:57:30: [SM]   [1] Line 334, C:\Users\ZCE\Desktop\sourcemod-1.11.0-git6936-windows\addons\sourcemod\scripting\l4d2_spawn_props.sp.cpp::OnAllPluginsLoaded
L 10/14/2023 - 12:52:27: Error log file session closed.
L 10/14/2023 - 12:52:27: SourceMod error session started
L 10/14/2023 - 12:52:27: Info (map "l4d_hospital01_apartment") (file "/home/steam/Steam/l4d1server/left4dead/addons/sourcemod/logs/errors_20231014.log")
L 10/14/2023 - 12:52:27: [SM] Exception reported: 
==========
Warning: You should install "Stripper:Source" to spawn objects permanently to the map: http://www.bailopan.net/stripper/#install
==========

L 10/14/2023 - 12:52:27: [SM] Blaming: l4d2_spawn_props.smx
L 10/14/2023 - 12:52:27: [SM] Call stack trace:
L 10/14/2023 - 12:52:27: [SM]   [0] SetFailState
L 10/14/2023 - 12:52:27: [SM]   [1] Line 334, C:\Users\ZCE\Desktop\sourcemod-1.11.0-git6936-windows\addons\sourcemod\scripting\l4d2_spawn_props.sp.cpp::OnAllPluginsLoaded
L 10/14/2023 - 12:59:55: Error log file session closed.
L 10/14/2023 - 12:59:55: SourceMod error session started
L 10/14/2023 - 12:59:55: Info (map "l4d_hospital01_apartment") (file "/home/steam/Steam/l4d1server/left4dead/addons/sourcemod/logs/errors_20231014.log")
L 10/14/2023 - 12:59:55: [SM] Exception reported: 
==========
Warning: You should install "Stripper:Source" to spawn objects permanently to the map: http://www.bailopan.net/stripper/#install
==========

L 10/14/2023 - 12:59:55: [SM] Blaming: l4d2_spawn_props.smx
L 10/14/2023 - 12:59:55: [SM] Call stack trace:
L 10/14/2023 - 12:59:55: [SM]   [0] SetFailState
L 10/14/2023 - 12:59:55: [SM]   [1] Line 334, C:\Users\ZCE\Desktop\sourcemod-1.11.0-git6936-windows\addons\sourcemod\scripting\l4d2_spawn_props.sp.cpp::OnAllPluginsLoaded
L 10/14/2023 - 15:35:16: Error log file session closed.
L 10/14/2023 - 15:35:16: SourceMod error session started
L 10/14/2023 - 15:35:16: Info (map "l4d_vs_smalltown01_caves") (file "/home/steam/Steam/l4d1server/left4dead/addons/sourcemod/logs/errors_20231014.log")
L 10/14/2023 - 15:35:16: [SM] Exception reported: 
==========
Warning: You should install "Stripper:Source" to spawn objects permanently to the map: http://www.bailopan.net/stripper/#install
==========

L 10/14/2023 - 15:35:16: [SM] Blaming: l4d2_spawn_props.smx
L 10/14/2023 - 15:35:16: [SM] Call stack trace:
L 10/14/2023 - 15:35:16: [SM]   [0] SetFailState
L 10/14/2023 - 15:35:16: [SM]   [1] Line 334, C:\Users\ZCE\Desktop\sourcemod-1.11.0-git6936-windows\addons\sourcemod\scripting\l4d2_spawn_props.sp.cpp::OnAllPluginsLoaded
L 10/14/2023 - 15:38:40: Error log file session closed.
L 10/14/2023 - 15:38:40: SourceMod error session started
L 10/14/2023 - 15:38:40: Info (map "l4d_city17_01") (file "/home/steam/Steam/l4d1server/left4dead/addons/sourcemod/logs/errors_20231014.log")
L 10/14/2023 - 15:38:40: [SM] Exception reported: 
==========
Warning: You should install "Stripper:Source" to spawn objects permanently to the map: http://www.bailopan.net/stripper/#install
==========

L 10/14/2023 - 15:38:40: [SM] Blaming: l4d2_spawn_props.smx
L 10/14/2023 - 15:38:40: [SM] Call stack trace:
L 10/14/2023 - 15:38:40: [SM]   [0] SetFailState
L 10/14/2023 - 15:38:40: [SM]   [1] Line 334, C:\Users\ZCE\Desktop\sourcemod-1.11.0-git6936-windows\addons\sourcemod\scripting\l4d2_spawn_props.sp.cpp::OnAllPluginsLoaded
L 10/14/2023 - 16:40:49: Error log file session closed.
L 10/14/2023 - 16:40:49: SourceMod error session started
L 10/14/2023 - 16:40:49: Info (map "l4d_vs_hospital01_apartment") (file "/home/steam/Steam/l4d1server/left4dead/addons/sourcemod/logs/errors_20231014.log")
L 10/14/2023 - 16:40:49: [SM] Exception reported: 
==========
Warning: You should install "Stripper:Source" to spawn objects permanently to the map: http://www.bailopan.net/stripper/#install
==========

L 10/14/2023 - 16:40:49: [SM] Blaming: l4d2_spawn_props.smx
L 10/14/2023 - 16:40:49: [SM] Call stack trace:
L 10/14/2023 - 16:40:49: [SM]   [0] SetFailState
L 10/14/2023 - 16:40:49: [SM]   [1] Line 334, C:\Users\ZCE\Desktop\sourcemod-1.11.0-git6936-windows\addons\sourcemod\scripting\l4d2_spawn_props.sp.cpp::OnAllPluginsLoaded
L 10/14/2023 - 16:48:32: Error log file session closed.
L 10/14/2023 - 16:48:32: SourceMod error session started
L 10/14/2023 - 16:48:32: Info (map "l4d_vs_hospital02_subway") (file "/home/steam/Steam/l4d1server/left4dead/addons/sourcemod/logs/errors_20231014.log")
L 10/14/2023 - 16:48:32: [SM] Exception reported: 
==========
Warning: You should install "Stripper:Source" to spawn objects permanently to the map: http://www.bailopan.net/stripper/#install
==========

L 10/14/2023 - 16:48:32: [SM] Blaming: l4d2_spawn_props.smx
L 10/14/2023 - 16:48:32: [SM] Call stack trace:
L 10/14/2023 - 16:48:32: [SM]   [0] SetFailState
L 10/14/2023 - 16:48:32: [SM]   [1] Line 334, C:\Users\ZCE\Desktop\sourcemod-1.11.0-git6936-windows\addons\sourcemod\scripting\l4d2_spawn_props.sp.cpp::OnAllPluginsLoaded
L 10/14/2023 - 16:53:35: Error log file session closed.
L 10/14/2023 - 16:53:35: SourceMod error session started
L 10/14/2023 - 16:53:35: Info (map "l4d_vs_hospital03_sewers") (file "/home/steam/Steam/l4d1server/left4dead/addons/sourcemod/logs/errors_20231014.log")
L 10/14/2023 - 16:53:35: [SM] Exception reported: 
==========
Warning: You should install "Stripper:Source" to spawn objects permanently to the map: http://www.bailopan.net/stripper/#install
==========

L 10/14/2023 - 16:53:35: [SM] Blaming: l4d2_spawn_props.smx
L 10/14/2023 - 16:53:35: [SM] Call stack trace:
L 10/14/2023 - 16:53:35: [SM]   [0] SetFailState
L 10/14/2023 - 16:53:35: [SM]   [1] Line 334, C:\Users\ZCE\Desktop\sourcemod-1.11.0-git6936-windows\addons\sourcemod\scripting\l4d2_spawn_props.sp.cpp::OnAllPluginsLoaded
L 10/14/2023 - 16:59:14: Error log file session closed.
L 10/14/2023 - 16:59:14: SourceMod error session started
L 10/14/2023 - 16:59:14: Info (map "l4d_hospital04_interior") (file "/home/steam/Steam/l4d1server/left4dead/addons/sourcemod/logs/errors_20231014.log")
L 10/14/2023 - 16:59:14: [SM] Exception reported: 
==========
Warning: You should install "Stripper:Source" to spawn objects permanently to the map: http://www.bailopan.net/stripper/#install
==========

L 10/14/2023 - 16:59:14: [SM] Blaming: l4d2_spawn_props.smx
L 10/14/2023 - 16:59:14: [SM] Call stack trace:
L 10/14/2023 - 16:59:14: [SM]   [0] SetFailState
L 10/14/2023 - 16:59:14: [SM]   [1] Line 334, C:\Users\ZCE\Desktop\sourcemod-1.11.0-git6936-windows\addons\sourcemod\scripting\l4d2_spawn_props.sp.cpp::OnAllPluginsLoaded
L 10/14/2023 - 17:06:04: Error log file session closed.
L 10/14/2023 - 17:06:04: SourceMod error session started
L 10/14/2023 - 17:06:04: Info (map "l4d_hospital05_rooftop") (file "/home/steam/Steam/l4d1server/left4dead/addons/sourcemod/logs/errors_20231014.log")
L 10/14/2023 - 17:06:04: [SM] Exception reported: 
==========
Warning: You should install "Stripper:Source" to spawn objects permanently to the map: http://www.bailopan.net/stripper/#install
==========

L 10/14/2023 - 17:06:04: [SM] Blaming: l4d2_spawn_props.smx
L 10/14/2023 - 17:06:04: [SM] Call stack trace:
L 10/14/2023 - 17:06:04: [SM]   [0] SetFailState
L 10/14/2023 - 17:06:04: [SM]   [1] Line 334, C:\Users\ZCE\Desktop\sourcemod-1.11.0-git6936-windows\addons\sourcemod\scripting\l4d2_spawn_props.sp.cpp::OnAllPluginsLoaded
L 10/14/2023 - 17:44:10: Error log file session closed.
L 10/14/2023 - 17:44:10: SourceMod error session started
L 10/14/2023 - 17:44:10: Info (map "l4d_smalltown01_caves") (file "/home/steam/Steam/l4d1server/left4dead/addons/sourcemod/logs/errors_20231014.log")
L 10/14/2023 - 17:44:10: [SM] Exception reported: 
==========
Warning: You should install "Stripper:Source" to spawn objects permanently to the map: http://www.bailopan.net/stripper/#install
==========

L 10/14/2023 - 17:44:10: [SM] Blaming: l4d2_spawn_props.smx
L 10/14/2023 - 17:44:10: [SM] Call stack trace:
L 10/14/2023 - 17:44:10: [SM]   [0] SetFailState
L 10/14/2023 - 17:44:10: [SM]   [1] Line 334, C:\Users\ZCE\Desktop\sourcemod-1.11.0-git6936-windows\addons\sourcemod\scripting\l4d2_spawn_props.sp.cpp::OnAllPluginsLoaded
L 10/14/2023 - 17:48:28: Error log file session closed.
L 10/14/2023 - 17:48:28: SourceMod error session started
L 10/14/2023 - 17:48:28: Info (map "l4d_smalltown02_drainage") (file "/home/steam/Steam/l4d1server/left4dead/addons/sourcemod/logs/errors_20231014.log")
L 10/14/2023 - 17:48:28: [SM] Exception reported: 
==========
Warning: You should install "Stripper:Source" to spawn objects permanently to the map: http://www.bailopan.net/stripper/#install
==========

L 10/14/2023 - 17:48:28: [SM] Blaming: l4d2_spawn_props.smx
L 10/14/2023 - 17:48:28: [SM] Call stack trace:
L 10/14/2023 - 17:48:28: [SM]   [0] SetFailState
L 10/14/2023 - 17:48:28: [SM]   [1] Line 334, C:\Users\ZCE\Desktop\sourcemod-1.11.0-git6936-windows\addons\sourcemod\scripting\l4d2_spawn_props.sp.cpp::OnAllPluginsLoaded
L 10/14/2023 - 17:52:24: Error log file session closed.
L 10/14/2023 - 17:52:24: SourceMod error session started
L 10/14/2023 - 17:52:24: Info (map "l4d_smalltown03_ranchhouse") (file "/home/steam/Steam/l4d1server/left4dead/addons/sourcemod/logs/errors_20231014.log")
L 10/14/2023 - 17:52:24: [SM] Exception reported: 
==========
Warning: You should install "Stripper:Source" to spawn objects permanently to the map: http://www.bailopan.net/stripper/#install
==========

L 10/14/2023 - 17:52:24: [SM] Blaming: l4d2_spawn_props.smx
L 10/14/2023 - 17:52:24: [SM] Call stack trace:
L 10/14/2023 - 17:52:24: [SM]   [0] SetFailState
L 10/14/2023 - 17:52:24: [SM]   [1] Line 334, C:\Users\ZCE\Desktop\sourcemod-1.11.0-git6936-windows\addons\sourcemod\scripting\l4d2_spawn_props.sp.cpp::OnAllPluginsLoaded
L 10/14/2023 - 18:00:26: Error log file session closed.
L 10/14/2023 - 18:00:26: SourceMod error session started
L 10/14/2023 - 18:00:26: Info (map "l4d_smalltown04_mainstreet") (file "/home/steam/Steam/l4d1server/left4dead/addons/sourcemod/logs/errors_20231014.log")
L 10/14/2023 - 18:00:26: [SM] Exception reported: 
==========
Warning: You should install "Stripper:Source" to spawn objects permanently to the map: http://www.bailopan.net/stripper/#install
==========

L 10/14/2023 - 18:00:26: [SM] Blaming: l4d2_spawn_props.smx
L 10/14/2023 - 18:00:26: [SM] Call stack trace:
L 10/14/2023 - 18:00:26: [SM]   [0] SetFailState
L 10/14/2023 - 18:00:26: [SM]   [1] Line 334, C:\Users\ZCE\Desktop\sourcemod-1.11.0-git6936-windows\addons\sourcemod\scripting\l4d2_spawn_props.sp.cpp::OnAllPluginsLoaded
L 10/14/2023 - 18:04:30: Error log file session closed.
L 10/14/2023 - 18:04:30: SourceMod error session started
L 10/14/2023 - 18:04:30: Info (map "l4d_hospital01_apartment") (file "/home/steam/Steam/l4d1server/left4dead/addons/sourcemod/logs/errors_20231014.log")
L 10/14/2023 - 18:04:30: [SM] Exception reported: 
==========
Warning: You should install "Stripper:Source" to spawn objects permanently to the map: http://www.bailopan.net/stripper/#install
==========

L 10/14/2023 - 18:04:30: [SM] Blaming: l4d2_spawn_props.smx
L 10/14/2023 - 18:04:30: [SM] Call stack trace:
L 10/14/2023 - 18:04:30: [SM]   [0] SetFailState
L 10/14/2023 - 18:04:30: [SM]   [1] Line 334, C:\Users\ZCE\Desktop\sourcemod-1.11.0-git6936-windows\addons\sourcemod\scripting\l4d2_spawn_props.sp.cpp::OnAllPluginsLoaded
L 10/14/2023 - 18:06:59: Error log file session closed.
L 10/14/2023 - 18:06:59: SourceMod error session started
L 10/14/2023 - 18:06:59: Info (map "l4d_hospital02_subway") (file "/home/steam/Steam/l4d1server/left4dead/addons/sourcemod/logs/errors_20231014.log")
L 10/14/2023 - 18:06:59: [SM] Exception reported: 
==========
Warning: You should install "Stripper:Source" to spawn objects permanently to the map: http://www.bailopan.net/stripper/#install
==========

L 10/14/2023 - 18:06:59: [SM] Blaming: l4d2_spawn_props.smx
L 10/14/2023 - 18:06:59: [SM] Call stack trace:
L 10/14/2023 - 18:06:59: [SM]   [0] SetFailState
L 10/14/2023 - 18:06:59: [SM]   [1] Line 334, C:\Users\ZCE\Desktop\sourcemod-1.11.0-git6936-windows\addons\sourcemod\scripting\l4d2_spawn_props.sp.cpp::OnAllPluginsLoaded
L 10/14/2023 - 18:13:02: Error log file session closed.
L 10/14/2023 - 18:13:02: SourceMod error session started
L 10/14/2023 - 18:13:02: Info (map "l4d_hospital03_sewers") (file "/home/steam/Steam/l4d1server/left4dead/addons/sourcemod/logs/errors_20231014.log")
L 10/14/2023 - 18:13:02: [SM] Exception reported: 
==========
Warning: You should install "Stripper:Source" to spawn objects permanently to the map: http://www.bailopan.net/stripper/#install
==========

L 10/14/2023 - 18:13:02: [SM] Blaming: l4d2_spawn_props.smx
L 10/14/2023 - 18:13:02: [SM] Call stack trace:
L 10/14/2023 - 18:13:02: [SM]   [0] SetFailState
L 10/14/2023 - 18:13:02: [SM]   [1] Line 334, C:\Users\ZCE\Desktop\sourcemod-1.11.0-git6936-windows\addons\sourcemod\scripting\l4d2_spawn_props.sp.cpp::OnAllPluginsLoaded
L 10/14/2023 - 18:21:00: Error log file session closed.
L 10/14/2023 - 18:21:00: SourceMod error session started
L 10/14/2023 - 18:21:00: Info (map "l4d_hospital04_interior") (file "/home/steam/Steam/l4d1server/left4dead/addons/sourcemod/logs/errors_20231014.log")
L 10/14/2023 - 18:21:00: [SM] Exception reported: 
==========
Warning: You should install "Stripper:Source" to spawn objects permanently to the map: http://www.bailopan.net/stripper/#install
==========

L 10/14/2023 - 18:21:00: [SM] Blaming: l4d2_spawn_props.smx
L 10/14/2023 - 18:21:00: [SM] Call stack trace:
L 10/14/2023 - 18:21:00: [SM]   [0] SetFailState
L 10/14/2023 - 18:21:00: [SM]   [1] Line 334, C:\Users\ZCE\Desktop\sourcemod-1.11.0-git6936-windows\addons\sourcemod\scripting\l4d2_spawn_props.sp.cpp::OnAllPluginsLoaded
L 10/14/2023 - 18:27:04: Error log file session closed.
L 10/14/2023 - 18:27:04: SourceMod error session started
L 10/14/2023 - 18:27:04: Info (map "l4d_hospital05_rooftop") (file "/home/steam/Steam/l4d1server/left4dead/addons/sourcemod/logs/errors_20231014.log")
L 10/14/2023 - 18:27:04: [SM] Exception reported: 
==========
Warning: You should install "Stripper:Source" to spawn objects permanently to the map: http://www.bailopan.net/stripper/#install
==========

L 10/14/2023 - 18:27:04: [SM] Blaming: l4d2_spawn_props.smx
L 10/14/2023 - 18:27:04: [SM] Call stack trace:
L 10/14/2023 - 18:27:04: [SM]   [0] SetFailState
L 10/14/2023 - 18:27:04: [SM]   [1] Line 334, C:\Users\ZCE\Desktop\sourcemod-1.11.0-git6936-windows\addons\sourcemod\scripting\l4d2_spawn_props.sp.cpp::OnAllPluginsLoaded
L 10/14/2023 - 18:45:32: Error log file session closed.
L 10/14/2023 - 18:45:32: SourceMod error session started
L 10/14/2023 - 18:45:32: Info (map "l4d_farm01_hilltop") (file "/home/steam/Steam/l4d1server/left4dead/addons/sourcemod/logs/errors_20231014.log")
L 10/14/2023 - 18:45:32: [SM] Exception reported: 
==========
Warning: You should install "Stripper:Source" to spawn objects permanently to the map: http://www.bailopan.net/stripper/#install
==========

L 10/14/2023 - 18:45:32: [SM] Blaming: l4d2_spawn_props.smx
L 10/14/2023 - 18:45:32: [SM] Call stack trace:
L 10/14/2023 - 18:45:32: [SM]   [0] SetFailState
L 10/14/2023 - 18:45:32: [SM]   [1] Line 334, C:\Users\ZCE\Desktop\sourcemod-1.11.0-git6936-windows\addons\sourcemod\scripting\l4d2_spawn_props.sp.cpp::OnAllPluginsLoaded
L 10/14/2023 - 18:52:31: Error log file session closed.
L 10/14/2023 - 18:52:31: SourceMod error session started
L 10/14/2023 - 18:52:31: Info (map "l4d_farm02_traintunnel") (file "/home/steam/Steam/l4d1server/left4dead/addons/sourcemod/logs/errors_20231014.log")
L 10/14/2023 - 18:52:31: [SM] Exception reported: 
==========
Warning: You should install "Stripper:Source" to spawn objects permanently to the map: http://www.bailopan.net/stripper/#install
==========

L 10/14/2023 - 18:52:31: [SM] Blaming: l4d2_spawn_props.smx
L 10/14/2023 - 18:52:31: [SM] Call stack trace:
L 10/14/2023 - 18:52:31: [SM]   [0] SetFailState
L 10/14/2023 - 18:52:31: [SM]   [1] Line 334, C:\Users\ZCE\Desktop\sourcemod-1.11.0-git6936-windows\addons\sourcemod\scripting\l4d2_spawn_props.sp.cpp::OnAllPluginsLoaded
L 10/14/2023 - 18:59:02: Error log file session closed.
L 10/14/2023 - 18:59:02: SourceMod error session started
L 10/14/2023 - 18:59:02: Info (map "l4d_farm03_bridge") (file "/home/steam/Steam/l4d1server/left4dead/addons/sourcemod/logs/errors_20231014.log")
L 10/14/2023 - 18:59:02: [SM] Exception reported: 
==========
Warning: You should install "Stripper:Source" to spawn objects permanently to the map: http://www.bailopan.net/stripper/#install
==========

L 10/14/2023 - 18:59:02: [SM] Blaming: l4d2_spawn_props.smx
L 10/14/2023 - 18:59:02: [SM] Call stack trace:
L 10/14/2023 - 18:59:02: [SM]   [0] SetFailState
L 10/14/2023 - 18:59:02: [SM]   [1] Line 334, C:\Users\ZCE\Desktop\sourcemod-1.11.0-git6936-windows\addons\sourcemod\scripting\l4d2_spawn_props.sp.cpp::OnAllPluginsLoaded
L 10/14/2023 - 19:24:49: Error log file session closed.
L 10/14/2023 - 19:24:49: SourceMod error session started
L 10/14/2023 - 19:24:49: Info (map "l4d_farm04_barn") (file "/home/steam/Steam/l4d1server/left4dead/addons/sourcemod/logs/errors_20231014.log")
L 10/14/2023 - 19:24:49: [SM] Exception reported: 
==========
Warning: You should install "Stripper:Source" to spawn objects permanently to the map: http://www.bailopan.net/stripper/#install
==========

L 10/14/2023 - 19:24:49: [SM] Blaming: l4d2_spawn_props.smx
L 10/14/2023 - 19:24:49: [SM] Call stack trace:
L 10/14/2023 - 19:24:49: [SM]   [0] SetFailState
L 10/14/2023 - 19:24:49: [SM]   [1] Line 334, C:\Users\ZCE\Desktop\sourcemod-1.11.0-git6936-windows\addons\sourcemod\scripting\l4d2_spawn_props.sp.cpp::OnAllPluginsLoaded
L 10/14/2023 - 19:28:42: Error log file session closed.
L 10/14/2023 - 19:28:42: SourceMod error session started
L 10/14/2023 - 19:28:42: Info (map "l4d_farm05_cornfield") (file "/home/steam/Steam/l4d1server/left4dead/addons/sourcemod/logs/errors_20231014.log")
L 10/14/2023 - 19:28:42: [SM] Exception reported: 
==========
Warning: You should install "Stripper:Source" to spawn objects permanently to the map: http://www.bailopan.net/stripper/#install
==========

L 10/14/2023 - 19:28:42: [SM] Blaming: l4d2_spawn_props.smx
L 10/14/2023 - 19:28:42: [SM] Call stack trace:
L 10/14/2023 - 19:28:42: [SM]   [0] SetFailState
L 10/14/2023 - 19:28:42: [SM]   [1] Line 334, C:\Users\ZCE\Desktop\sourcemod-1.11.0-git6936-windows\addons\sourcemod\scripting\l4d2_spawn_props.sp.cpp::OnAllPluginsLoaded
L 10/14/2023 - 19:32:25: Error log file session closed.
L 10/14/2023 - 19:32:25: SourceMod error session started
L 10/14/2023 - 19:32:25: Info (map "l4d_hospital01_apartment") (file "/home/steam/Steam/l4d1server/left4dead/addons/sourcemod/logs/errors_20231014.log")
L 10/14/2023 - 19:32:25: [SM] Exception reported: 
==========
Warning: You should install "Stripper:Source" to spawn objects permanently to the map: http://www.bailopan.net/stripper/#install
==========

L 10/14/2023 - 19:32:25: [SM] Blaming: l4d2_spawn_props.smx
L 10/14/2023 - 19:32:25: [SM] Call stack trace:
L 10/14/2023 - 19:32:25: [SM]   [0] SetFailState
L 10/14/2023 - 19:32:25: [SM]   [1] Line 334, C:\Users\ZCE\Desktop\sourcemod-1.11.0-git6936-windows\addons\sourcemod\scripting\l4d2_spawn_props.sp.cpp::OnAllPluginsLoaded
L 10/14/2023 - 19:39:19: Error log file session closed.
L 10/14/2023 - 19:39:19: SourceMod error session started
L 10/14/2023 - 19:39:19: Info (map "l4d_hospital02_subway") (file "/home/steam/Steam/l4d1server/left4dead/addons/sourcemod/logs/errors_20231014.log")
L 10/14/2023 - 19:39:19: [SM] Exception reported: 
==========
Warning: You should install "Stripper:Source" to spawn objects permanently to the map: http://www.bailopan.net/stripper/#install
==========

L 10/14/2023 - 19:39:19: [SM] Blaming: l4d2_spawn_props.smx
L 10/14/2023 - 19:39:19: [SM] Call stack trace:
L 10/14/2023 - 19:39:19: [SM]   [0] SetFailState
L 10/14/2023 - 19:39:19: [SM]   [1] Line 334, C:\Users\ZCE\Desktop\sourcemod-1.11.0-git6936-windows\addons\sourcemod\scripting\l4d2_spawn_props.sp.cpp::OnAllPluginsLoaded
L 10/14/2023 - 19:47:41: Error log file session closed.
L 10/14/2023 - 19:47:41: SourceMod error session started
L 10/14/2023 - 19:47:41: Info (map "l4d_hospital03_sewers") (file "/home/steam/Steam/l4d1server/left4dead/addons/sourcemod/logs/errors_20231014.log")
L 10/14/2023 - 19:47:41: [SM] Exception reported: 
==========
Warning: You should install "Stripper:Source" to spawn objects permanently to the map: http://www.bailopan.net/stripper/#install
==========

L 10/14/2023 - 19:47:41: [SM] Blaming: l4d2_spawn_props.smx
L 10/14/2023 - 19:47:41: [SM] Call stack trace:
L 10/14/2023 - 19:47:41: [SM]   [0] SetFailState
L 10/14/2023 - 19:47:41: [SM]   [1] Line 334, C:\Users\ZCE\Desktop\sourcemod-1.11.0-git6936-windows\addons\sourcemod\scripting\l4d2_spawn_props.sp.cpp::OnAllPluginsLoaded
L 10/14/2023 - 19:57:19: Error log file session closed.
L 10/14/2023 - 19:57:19: SourceMod error session started
L 10/14/2023 - 19:57:19: Info (map "l4d_hospital04_interior") (file "/home/steam/Steam/l4d1server/left4dead/addons/sourcemod/logs/errors_20231014.log")
L 10/14/2023 - 19:57:19: [SM] Exception reported: 
==========
Warning: You should install "Stripper:Source" to spawn objects permanently to the map: http://www.bailopan.net/stripper/#install
==========

L 10/14/2023 - 19:57:19: [SM] Blaming: l4d2_spawn_props.smx
L 10/14/2023 - 19:57:19: [SM] Call stack trace:
L 10/14/2023 - 19:57:19: [SM]   [0] SetFailState
L 10/14/2023 - 19:57:19: [SM]   [1] Line 334, C:\Users\ZCE\Desktop\sourcemod-1.11.0-git6936-windows\addons\sourcemod\scripting\l4d2_spawn_props.sp.cpp::OnAllPluginsLoaded
L 10/14/2023 - 20:04:26: Error log file session closed.
L 10/14/2023 - 20:04:26: SourceMod error session started
L 10/14/2023 - 20:04:26: Info (map "l4d_hospital05_rooftop") (file "/home/steam/Steam/l4d1server/left4dead/addons/sourcemod/logs/errors_20231014.log")
L 10/14/2023 - 20:04:26: [SM] Exception reported: 
==========
Warning: You should install "Stripper:Source" to spawn objects permanently to the map: http://www.bailopan.net/stripper/#install
==========

L 10/14/2023 - 20:04:26: [SM] Blaming: l4d2_spawn_props.smx
L 10/14/2023 - 20:04:26: [SM] Call stack trace:
L 10/14/2023 - 20:04:26: [SM]   [0] SetFailState
L 10/14/2023 - 20:04:26: [SM]   [1] Line 334, C:\Users\ZCE\Desktop\sourcemod-1.11.0-git6936-windows\addons\sourcemod\scripting\l4d2_spawn_props.sp.cpp::OnAllPluginsLoaded
L 10/14/2023 - 20:50:43: Error log file session closed.
L 10/14/2023 - 20:50:43: SourceMod error session started
L 10/14/2023 - 20:50:43: Info (map "l4d_hospital01_apartment") (file "/home/steam/Steam/l4d1server/left4dead/addons/sourcemod/logs/errors_20231014.log")
L 10/14/2023 - 20:50:43: [SM] Exception reported: 
==========
Warning: You should install "Stripper:Source" to spawn objects permanently to the map: http://www.bailopan.net/stripper/#install
==========

L 10/14/2023 - 20:50:43: [SM] Blaming: l4d2_spawn_props.smx
L 10/14/2023 - 20:50:43: [SM] Call stack trace:
L 10/14/2023 - 20:50:43: [SM]   [0] SetFailState
L 10/14/2023 - 20:50:43: [SM]   [1] Line 334, C:\Users\ZCE\Desktop\sourcemod-1.11.0-git6936-windows\addons\sourcemod\scripting\l4d2_spawn_props.sp.cpp::OnAllPluginsLoaded
L 10/14/2023 - 20:56:08: Error log file session closed.
L 10/14/2023 - 20:56:08: SourceMod error session started
L 10/14/2023 - 20:56:08: Info (map "l4d_hospital02_subway") (file "/home/steam/Steam/l4d1server/left4dead/addons/sourcemod/logs/errors_20231014.log")
L 10/14/2023 - 20:56:08: [SM] Exception reported: 
==========
Warning: You should install "Stripper:Source" to spawn objects permanently to the map: http://www.bailopan.net/stripper/#install
==========

L 10/14/2023 - 20:56:08: [SM] Blaming: l4d2_spawn_props.smx
L 10/14/2023 - 20:56:08: [SM] Call stack trace:
L 10/14/2023 - 20:56:08: [SM]   [0] SetFailState
L 10/14/2023 - 20:56:08: [SM]   [1] Line 334, C:\Users\ZCE\Desktop\sourcemod-1.11.0-git6936-windows\addons\sourcemod\scripting\l4d2_spawn_props.sp.cpp::OnAllPluginsLoaded
L 10/14/2023 - 21:04:50: Error log file session closed.
L 10/14/2023 - 21:04:50: SourceMod error session started
L 10/14/2023 - 21:04:50: Info (map "l4d_hospital03_sewers") (file "/home/steam/Steam/l4d1server/left4dead/addons/sourcemod/logs/errors_20231014.log")
L 10/14/2023 - 21:04:50: [SM] Exception reported: 
==========
Warning: You should install "Stripper:Source" to spawn objects permanently to the map: http://www.bailopan.net/stripper/#install
==========

L 10/14/2023 - 21:04:50: [SM] Blaming: l4d2_spawn_props.smx
L 10/14/2023 - 21:04:50: [SM] Call stack trace:
L 10/14/2023 - 21:04:50: [SM]   [0] SetFailState
L 10/14/2023 - 21:04:50: [SM]   [1] Line 334, C:\Users\ZCE\Desktop\sourcemod-1.11.0-git6936-windows\addons\sourcemod\scripting\l4d2_spawn_props.sp.cpp::OnAllPluginsLoaded
L 10/14/2023 - 21:12:49: Error log file session closed.
L 10/14/2023 - 21:12:49: SourceMod error session started
L 10/14/2023 - 21:12:49: Info (map "l4d_hospital04_interior") (file "/home/steam/Steam/l4d1server/left4dead/addons/sourcemod/logs/errors_20231014.log")
L 10/14/2023 - 21:12:49: [SM] Exception reported: 
==========
Warning: You should install "Stripper:Source" to spawn objects permanently to the map: http://www.bailopan.net/stripper/#install
==========

L 10/14/2023 - 21:12:49: [SM] Blaming: l4d2_spawn_props.smx
L 10/14/2023 - 21:12:49: [SM] Call stack trace:
L 10/14/2023 - 21:12:49: [SM]   [0] SetFailState
L 10/14/2023 - 21:12:49: [SM]   [1] Line 334, C:\Users\ZCE\Desktop\sourcemod-1.11.0-git6936-windows\addons\sourcemod\scripting\l4d2_spawn_props.sp.cpp::OnAllPluginsLoaded
L 10/14/2023 - 21:23:30: Error log file session closed.
L 10/14/2023 - 21:23:30: SourceMod error session started
L 10/14/2023 - 21:23:30: Info (map "l4d_farm01_hilltop") (file "/home/steam/Steam/l4d1server/left4dead/addons/sourcemod/logs/errors_20231014.log")
L 10/14/2023 - 21:23:30: [SM] Exception reported: 
==========
Warning: You should install "Stripper:Source" to spawn objects permanently to the map: http://www.bailopan.net/stripper/#install
==========

L 10/14/2023 - 21:23:30: [SM] Blaming: l4d2_spawn_props.smx
L 10/14/2023 - 21:23:30: [SM] Call stack trace:
L 10/14/2023 - 21:23:30: [SM]   [0] SetFailState
L 10/14/2023 - 21:23:30: [SM]   [1] Line 334, C:\Users\ZCE\Desktop\sourcemod-1.11.0-git6936-windows\addons\sourcemod\scripting\l4d2_spawn_props.sp.cpp::OnAllPluginsLoaded
L 10/14/2023 - 21:27:16: Error log file session closed.
L 10/14/2023 - 21:27:16: SourceMod error session started
L 10/14/2023 - 21:27:16: Info (map "l4d_farm02_traintunnel") (file "/home/steam/Steam/l4d1server/left4dead/addons/sourcemod/logs/errors_20231014.log")
L 10/14/2023 - 21:27:16: [SM] Exception reported: 
==========
Warning: You should install "Stripper:Source" to spawn objects permanently to the map: http://www.bailopan.net/stripper/#install
==========

L 10/14/2023 - 21:27:16: [SM] Blaming: l4d2_spawn_props.smx
L 10/14/2023 - 21:27:16: [SM] Call stack trace:
L 10/14/2023 - 21:27:16: [SM]   [0] SetFailState
L 10/14/2023 - 21:27:16: [SM]   [1] Line 334, C:\Users\ZCE\Desktop\sourcemod-1.11.0-git6936-windows\addons\sourcemod\scripting\l4d2_spawn_props.sp.cpp::OnAllPluginsLoaded
L 10/14/2023 - 21:33:18: Error log file session closed.
L 10/14/2023 - 21:33:18: SourceMod error session started
L 10/14/2023 - 21:33:18: Info (map "l4d_farm03_bridge") (file "/home/steam/Steam/l4d1server/left4dead/addons/sourcemod/logs/errors_20231014.log")
L 10/14/2023 - 21:33:18: [SM] Exception reported: 
==========
Warning: You should install "Stripper:Source" to spawn objects permanently to the map: http://www.bailopan.net/stripper/#install
==========

L 10/14/2023 - 21:33:18: [SM] Blaming: l4d2_spawn_props.smx
L 10/14/2023 - 21:33:18: [SM] Call stack trace:
L 10/14/2023 - 21:33:18: [SM]   [0] SetFailState
L 10/14/2023 - 21:33:18: [SM]   [1] Line 334, C:\Users\ZCE\Desktop\sourcemod-1.11.0-git6936-windows\addons\sourcemod\scripting\l4d2_spawn_props.sp.cpp::OnAllPluginsLoaded
L 10/14/2023 - 21:37:59: Error log file session closed.
L 10/14/2023 - 21:37:59: SourceMod error session started
L 10/14/2023 - 21:37:59: Info (map "l4d_farm04_barn") (file "/home/steam/Steam/l4d1server/left4dead/addons/sourcemod/logs/errors_20231014.log")
L 10/14/2023 - 21:37:59: [SM] Exception reported: 
==========
Warning: You should install "Stripper:Source" to spawn objects permanently to the map: http://www.bailopan.net/stripper/#install
==========

L 10/14/2023 - 21:37:59: [SM] Blaming: l4d2_spawn_props.smx
L 10/14/2023 - 21:37:59: [SM] Call stack trace:
L 10/14/2023 - 21:37:59: [SM]   [0] SetFailState
L 10/14/2023 - 21:37:59: [SM]   [1] Line 334, C:\Users\ZCE\Desktop\sourcemod-1.11.0-git6936-windows\addons\sourcemod\scripting\l4d2_spawn_props.sp.cpp::OnAllPluginsLoaded
L 10/14/2023 - 21:42:39: Error log file session closed.
L 10/14/2023 - 21:42:39: SourceMod error session started
L 10/14/2023 - 21:42:39: Info (map "l4d_farm05_cornfield") (file "/home/steam/Steam/l4d1server/left4dead/addons/sourcemod/logs/errors_20231014.log")
L 10/14/2023 - 21:42:39: [SM] Exception reported: 
==========
Warning: You should install "Stripper:Source" to spawn objects permanently to the map: http://www.bailopan.net/stripper/#install
==========

L 10/14/2023 - 21:42:39: [SM] Blaming: l4d2_spawn_props.smx
L 10/14/2023 - 21:42:39: [SM] Call stack trace:
L 10/14/2023 - 21:42:39: [SM]   [0] SetFailState
L 10/14/2023 - 21:42:39: [SM]   [1] Line 334, C:\Users\ZCE\Desktop\sourcemod-1.11.0-git6936-windows\addons\sourcemod\scripting\l4d2_spawn_props.sp.cpp::OnAllPluginsLoaded
L 10/14/2023 - 21:50:58: Error log file session closed.
L 10/14/2023 - 21:50:58: SourceMod error session started
L 10/14/2023 - 21:50:58: Info (map "l4d_garage01_alleys") (file "/home/steam/Steam/l4d1server/left4dead/addons/sourcemod/logs/errors_20231014.log")
L 10/14/2023 - 21:50:58: [SM] Exception reported: 
==========
Warning: You should install "Stripper:Source" to spawn objects permanently to the map: http://www.bailopan.net/stripper/#install
==========

L 10/14/2023 - 21:50:58: [SM] Blaming: l4d2_spawn_props.smx
L 10/14/2023 - 21:50:58: [SM] Call stack trace:
L 10/14/2023 - 21:50:58: [SM]   [0] SetFailState
L 10/14/2023 - 21:50:58: [SM]   [1] Line 334, C:\Users\ZCE\Desktop\sourcemod-1.11.0-git6936-windows\addons\sourcemod\scripting\l4d2_spawn_props.sp.cpp::OnAllPluginsLoaded
L 10/14/2023 - 22:00:05: Error log file session closed.
L 10/14/2023 - 22:00:05: SourceMod error session started
L 10/14/2023 - 22:00:05: Info (map "l4d_garage02_lots") (file "/home/steam/Steam/l4d1server/left4dead/addons/sourcemod/logs/errors_20231014.log")
L 10/14/2023 - 22:00:05: [SM] Exception reported: 
==========
Warning: You should install "Stripper:Source" to spawn objects permanently to the map: http://www.bailopan.net/stripper/#install
==========

L 10/14/2023 - 22:00:05: [SM] Blaming: l4d2_spawn_props.smx
L 10/14/2023 - 22:00:05: [SM] Call stack trace:
L 10/14/2023 - 22:00:05: [SM]   [0] SetFailState
L 10/14/2023 - 22:00:05: [SM]   [1] Line 334, C:\Users\ZCE\Desktop\sourcemod-1.11.0-git6936-windows\addons\sourcemod\scripting\l4d2_spawn_props.sp.cpp::OnAllPluginsLoaded
L 10/14/2023 - 22:10:32: Error log file session closed.
L 10/14/2023 - 22:10:32: SourceMod error session started
L 10/14/2023 - 22:10:32: Info (map "l4d_airport01_greenhouse") (file "/home/steam/Steam/l4d1server/left4dead/addons/sourcemod/logs/errors_20231014.log")
L 10/14/2023 - 22:10:32: [SM] Exception reported: 
==========
Warning: You should install "Stripper:Source" to spawn objects permanently to the map: http://www.bailopan.net/stripper/#install
==========

L 10/14/2023 - 22:10:32: [SM] Blaming: l4d2_spawn_props.smx
L 10/14/2023 - 22:10:32: [SM] Call stack trace:
L 10/14/2023 - 22:10:32: [SM]   [0] SetFailState
L 10/14/2023 - 22:10:32: [SM]   [1] Line 334, C:\Users\ZCE\Desktop\sourcemod-1.11.0-git6936-windows\addons\sourcemod\scripting\l4d2_spawn_props.sp.cpp::OnAllPluginsLoaded
L 10/14/2023 - 22:14:09: Error log file session closed.
L 10/14/2023 - 22:14:09: SourceMod error session started
L 10/14/2023 - 22:14:09: Info (map "l4d_airport02_offices") (file "/home/steam/Steam/l4d1server/left4dead/addons/sourcemod/logs/errors_20231014.log")
L 10/14/2023 - 22:14:09: [SM] Exception reported: 
==========
Warning: You should install "Stripper:Source" to spawn objects permanently to the map: http://www.bailopan.net/stripper/#install
==========

L 10/14/2023 - 22:14:09: [SM] Blaming: l4d2_spawn_props.smx
L 10/14/2023 - 22:14:09: [SM] Call stack trace:
L 10/14/2023 - 22:14:09: [SM]   [0] SetFailState
L 10/14/2023 - 22:14:09: [SM]   [1] Line 334, C:\Users\ZCE\Desktop\sourcemod-1.11.0-git6936-windows\addons\sourcemod\scripting\l4d2_spawn_props.sp.cpp::OnAllPluginsLoaded
L 10/14/2023 - 22:22:00: Error log file session closed.
L 10/14/2023 - 22:22:00: SourceMod error session started
L 10/14/2023 - 22:22:00: Info (map "l4d_airport03_garage") (file "/home/steam/Steam/l4d1server/left4dead/addons/sourcemod/logs/errors_20231014.log")
L 10/14/2023 - 22:22:00: [SM] Exception reported: 
==========
Warning: You should install "Stripper:Source" to spawn objects permanently to the map: http://www.bailopan.net/stripper/#install
==========

L 10/14/2023 - 22:22:00: [SM] Blaming: l4d2_spawn_props.smx
L 10/14/2023 - 22:22:00: [SM] Call stack trace:
L 10/14/2023 - 22:22:00: [SM]   [0] SetFailState
L 10/14/2023 - 22:22:00: [SM]   [1] Line 334, C:\Users\ZCE\Desktop\sourcemod-1.11.0-git6936-windows\addons\sourcemod\scripting\l4d2_spawn_props.sp.cpp::OnAllPluginsLoaded
L 10/14/2023 - 22:28:05: Error log file session closed.
L 10/14/2023 - 22:28:05: SourceMod error session started
L 10/14/2023 - 22:28:05: Info (map "l4d_airport04_terminal") (file "/home/steam/Steam/l4d1server/left4dead/addons/sourcemod/logs/errors_20231014.log")
L 10/14/2023 - 22:28:05: [SM] Exception reported: 
==========
Warning: You should install "Stripper:Source" to spawn objects permanently to the map: http://www.bailopan.net/stripper/#install
==========

L 10/14/2023 - 22:28:05: [SM] Blaming: l4d2_spawn_props.smx
L 10/14/2023 - 22:28:05: [SM] Call stack trace:
L 10/14/2023 - 22:28:05: [SM]   [0] SetFailState
L 10/14/2023 - 22:28:05: [SM]   [1] Line 334, C:\Users\ZCE\Desktop\sourcemod-1.11.0-git6936-windows\addons\sourcemod\scripting\l4d2_spawn_props.sp.cpp::OnAllPluginsLoaded
L 10/14/2023 - 22:35:25: Error log file session closed.
L 10/14/2023 - 22:35:25: SourceMod error session started
L 10/14/2023 - 22:35:25: Info (map "l4d_airport05_runway") (file "/home/steam/Steam/l4d1server/left4dead/addons/sourcemod/logs/errors_20231014.log")
L 10/14/2023 - 22:35:25: [SM] Exception reported: 
==========
Warning: You should install "Stripper:Source" to spawn objects permanently to the map: http://www.bailopan.net/stripper/#install
==========

L 10/14/2023 - 22:35:25: [SM] Blaming: l4d2_spawn_props.smx
L 10/14/2023 - 22:35:25: [SM] Call stack trace:
L 10/14/2023 - 22:35:25: [SM]   [0] SetFailState
L 10/14/2023 - 22:35:25: [SM]   [1] Line 334, C:\Users\ZCE\Desktop\sourcemod-1.11.0-git6936-windows\addons\sourcemod\scripting\l4d2_spawn_props.sp.cpp::OnAllPluginsLoaded
L 10/14/2023 - 22:41:07: Error log file session closed.
L 10/14/2023 - 22:41:07: SourceMod error session started
L 10/14/2023 - 22:41:07: Info (map "l4d_smalltown01_caves") (file "/home/steam/Steam/l4d1server/left4dead/addons/sourcemod/logs/errors_20231014.log")
L 10/14/2023 - 22:41:07: [SM] Exception reported: 
==========
Warning: You should install "Stripper:Source" to spawn objects permanently to the map: http://www.bailopan.net/stripper/#install
==========

L 10/14/2023 - 22:41:07: [SM] Blaming: l4d2_spawn_props.smx
L 10/14/2023 - 22:41:07: [SM] Call stack trace:
L 10/14/2023 - 22:41:07: [SM]   [0] SetFailState
L 10/14/2023 - 22:41:07: [SM]   [1] Line 334, C:\Users\ZCE\Desktop\sourcemod-1.11.0-git6936-windows\addons\sourcemod\scripting\l4d2_spawn_props.sp.cpp::OnAllPluginsLoaded
L 10/14/2023 - 22:46:20: Error log file session closed.
L 10/14/2023 - 22:46:20: SourceMod error session started
L 10/14/2023 - 22:46:20: Info (map "l4d_smalltown02_drainage") (file "/home/steam/Steam/l4d1server/left4dead/addons/sourcemod/logs/errors_20231014.log")
L 10/14/2023 - 22:46:20: [SM] Exception reported: 
==========
Warning: You should install "Stripper:Source" to spawn objects permanently to the map: http://www.bailopan.net/stripper/#install
==========

L 10/14/2023 - 22:46:20: [SM] Blaming: l4d2_spawn_props.smx
L 10/14/2023 - 22:46:20: [SM] Call stack trace:
L 10/14/2023 - 22:46:20: [SM]   [0] SetFailState
L 10/14/2023 - 22:46:20: [SM]   [1] Line 334, C:\Users\ZCE\Desktop\sourcemod-1.11.0-git6936-windows\addons\sourcemod\scripting\l4d2_spawn_props.sp.cpp::OnAllPluginsLoaded
L 10/14/2023 - 22:51:38: Error log file session closed.
L 10/14/2023 - 22:51:38: SourceMod error session started
L 10/14/2023 - 22:51:38: Info (map "l4d_smalltown03_ranchhouse") (file "/home/steam/Steam/l4d1server/left4dead/addons/sourcemod/logs/errors_20231014.log")
L 10/14/2023 - 22:51:38: [SM] Exception reported: 
==========
Warning: You should install "Stripper:Source" to spawn objects permanently to the map: http://www.bailopan.net/stripper/#install
==========

L 10/14/2023 - 22:51:38: [SM] Blaming: l4d2_spawn_props.smx
L 10/14/2023 - 22:51:38: [SM] Call stack trace:
L 10/14/2023 - 22:51:38: [SM]   [0] SetFailState
L 10/14/2023 - 22:51:38: [SM]   [1] Line 334, C:\Users\ZCE\Desktop\sourcemod-1.11.0-git6936-windows\addons\sourcemod\scripting\l4d2_spawn_props.sp.cpp::OnAllPluginsLoaded
L 10/14/2023 - 22:57:34: Error log file session closed.
L 10/14/2023 - 22:57:34: SourceMod error session started
L 10/14/2023 - 22:57:34: Info (map "l4d_smalltown04_mainstreet") (file "/home/steam/Steam/l4d1server/left4dead/addons/sourcemod/logs/errors_20231014.log")
L 10/14/2023 - 22:57:34: [SM] Exception reported: 
==========
Warning: You should install "Stripper:Source" to spawn objects permanently to the map: http://www.bailopan.net/stripper/#install
==========

L 10/14/2023 - 22:57:34: [SM] Blaming: l4d2_spawn_props.smx
L 10/14/2023 - 22:57:34: [SM] Call stack trace:
L 10/14/2023 - 22:57:34: [SM]   [0] SetFailState
L 10/14/2023 - 22:57:34: [SM]   [1] Line 334, C:\Users\ZCE\Desktop\sourcemod-1.11.0-git6936-windows\addons\sourcemod\scripting\l4d2_spawn_props.sp.cpp::OnAllPluginsLoaded
L 10/14/2023 - 23:04:41: Error log file session closed.
L 10/14/2023 - 23:04:41: SourceMod error session started
L 10/14/2023 - 23:04:41: Info (map "l4d_smalltown05_houseboat") (file "/home/steam/Steam/l4d1server/left4dead/addons/sourcemod/logs/errors_20231014.log")
L 10/14/2023 - 23:04:41: [SM] Exception reported: 
==========
Warning: You should install "Stripper:Source" to spawn objects permanently to the map: http://www.bailopan.net/stripper/#install
==========

L 10/14/2023 - 23:04:41: [SM] Blaming: l4d2_spawn_props.smx
L 10/14/2023 - 23:04:41: [SM] Call stack trace:
L 10/14/2023 - 23:04:41: [SM]   [0] SetFailState
L 10/14/2023 - 23:04:41: [SM]   [1] Line 334, C:\Users\ZCE\Desktop\sourcemod-1.11.0-git6936-windows\addons\sourcemod\scripting\l4d2_spawn_props.sp.cpp::OnAllPluginsLoaded
L 10/14/2023 - 23:14:19: Error log file session closed.
L 10/14/2023 - 23:14:19: SourceMod error session started
L 10/14/2023 - 23:14:19: Info (map "l4d_hospital01_apartment") (file "/home/steam/Steam/l4d1server/left4dead/addons/sourcemod/logs/errors_20231014.log")
L 10/14/2023 - 23:14:19: [SM] Exception reported: 
==========
Warning: You should install "Stripper:Source" to spawn objects permanently to the map: http://www.bailopan.net/stripper/#install
==========

L 10/14/2023 - 23:14:19: [SM] Blaming: l4d2_spawn_props.smx
L 10/14/2023 - 23:14:19: [SM] Call stack trace:
L 10/14/2023 - 23:14:19: [SM]   [0] SetFailState
L 10/14/2023 - 23:14:19: [SM]   [1] Line 334, C:\Users\ZCE\Desktop\sourcemod-1.11.0-git6936-windows\addons\sourcemod\scripting\l4d2_spawn_props.sp.cpp::OnAllPluginsLoaded
L 10/14/2023 - 23:20:56: Error log file session closed.
L 10/14/2023 - 23:20:56: SourceMod error session started
L 10/14/2023 - 23:20:56: Info (map "l4d_hospital02_subway") (file "/home/steam/Steam/l4d1server/left4dead/addons/sourcemod/logs/errors_20231014.log")
L 10/14/2023 - 23:20:56: [SM] Exception reported: 
==========
Warning: You should install "Stripper:Source" to spawn objects permanently to the map: http://www.bailopan.net/stripper/#install
==========

L 10/14/2023 - 23:20:56: [SM] Blaming: l4d2_spawn_props.smx
L 10/14/2023 - 23:20:56: [SM] Call stack trace:
L 10/14/2023 - 23:20:56: [SM]   [0] SetFailState
L 10/14/2023 - 23:20:56: [SM]   [1] Line 334, C:\Users\ZCE\Desktop\sourcemod-1.11.0-git6936-windows\addons\sourcemod\scripting\l4d2_spawn_props.sp.cpp::OnAllPluginsLoaded
L 10/14/2023 - 23:26:26: Error log file session closed.
L 10/14/2023 - 23:26:26: SourceMod error session started
L 10/14/2023 - 23:26:26: Info (map "l4d_hospital01_apartment") (file "/home/steam/Steam/l4d1server/left4dead/addons/sourcemod/logs/errors_20231014.log")
L 10/14/2023 - 23:26:26: [SM] Exception reported: 
==========
Warning: You should install "Stripper:Source" to spawn objects permanently to the map: http://www.bailopan.net/stripper/#install
==========

L 10/14/2023 - 23:26:26: [SM] Blaming: l4d2_spawn_props.smx
L 10/14/2023 - 23:26:26: [SM] Call stack trace:
L 10/14/2023 - 23:26:26: [SM]   [0] SetFailState
L 10/14/2023 - 23:26:26: [SM]   [1] Line 334, C:\Users\ZCE\Desktop\sourcemod-1.11.0-git6936-windows\addons\sourcemod\scripting\l4d2_spawn_props.sp.cpp::OnAllPluginsLoaded
L 10/14/2023 - 23:32:44: Error log file session closed.
L 10/14/2023 - 23:32:44: SourceMod error session started
L 10/14/2023 - 23:32:44: Info (map "l4d_hospital02_subway") (file "/home/steam/Steam/l4d1server/left4dead/addons/sourcemod/logs/errors_20231014.log")
L 10/14/2023 - 23:32:44: [SM] Exception reported: 
==========
Warning: You should install "Stripper:Source" to spawn objects permanently to the map: http://www.bailopan.net/stripper/#install
==========

L 10/14/2023 - 23:32:44: [SM] Blaming: l4d2_spawn_props.smx
L 10/14/2023 - 23:32:44: [SM] Call stack trace:
L 10/14/2023 - 23:32:44: [SM]   [0] SetFailState
L 10/14/2023 - 23:32:44: [SM]   [1] Line 334, C:\Users\ZCE\Desktop\sourcemod-1.11.0-git6936-windows\addons\sourcemod\scripting\l4d2_spawn_props.sp.cpp::OnAllPluginsLoaded
L 10/14/2023 - 23:42:57: Error log file session closed.
L 10/14/2023 - 23:42:57: SourceMod error session started
L 10/14/2023 - 23:42:57: Info (map "l4d_hospital03_sewers") (file "/home/steam/Steam/l4d1server/left4dead/addons/sourcemod/logs/errors_20231014.log")
L 10/14/2023 - 23:42:57: [SM] Exception reported: 
==========
Warning: You should install "Stripper:Source" to spawn objects permanently to the map: http://www.bailopan.net/stripper/#install
==========

L 10/14/2023 - 23:42:57: [SM] Blaming: l4d2_spawn_props.smx
L 10/14/2023 - 23:42:57: [SM] Call stack trace:
L 10/14/2023 - 23:42:57: [SM]   [0] SetFailState
L 10/14/2023 - 23:42:57: [SM]   [1] Line 334, C:\Users\ZCE\Desktop\sourcemod-1.11.0-git6936-windows\addons\sourcemod\scripting\l4d2_spawn_props.sp.cpp::OnAllPluginsLoaded
L 10/14/2023 - 23:42:58: [SM] Exception reported: Entity 387 (387) is not a CBaseEntity
L 10/14/2023 - 23:42:58: [SM] Blaming: l4d2_movablemachinegun_sdkhooks_CH.smx
L 10/14/2023 - 23:42:58: [SM] Call stack trace:
L 10/14/2023 - 23:42:58: [SM]   [0] AcceptEntityInput
L 10/14/2023 - 23:42:58: [SM]   [1] Line 330, C:\Users\ZCE\Desktop\sourcemod-1.11.0-git6936-windows\addons\sourcemod\scripting\l4d2_movablemachinegun_sdkhooks1.sp::Event_RoundStart
L 10/14/2023 - 23:43:02: [SM] Exception reported: Entity 387 (387) is not a CBaseEntity
L 10/14/2023 - 23:43:02: [SM] Blaming: l4d2_movablemachinegun_sdkhooks_CH.smx
L 10/14/2023 - 23:43:02: [SM] Call stack trace:
L 10/14/2023 - 23:43:02: [SM]   [0] AcceptEntityInput
L 10/14/2023 - 23:43:02: [SM]   [1] Line 330, C:\Users\ZCE\Desktop\sourcemod-1.11.0-git6936-windows\addons\sourcemod\scripting\l4d2_movablemachinegun_sdkhooks1.sp::Event_RoundStart
L 10/14/2023 - 23:46:45: Error log file session closed.
L 10/14/2023 - 23:46:45: SourceMod error session started
L 10/14/2023 - 23:46:45: Info (map "l4d_garage01_alleys") (file "/home/steam/Steam/l4d1server/left4dead/addons/sourcemod/logs/errors_20231014.log")
L 10/14/2023 - 23:46:45: [SM] Exception reported: 
==========
Warning: You should install "Stripper:Source" to spawn objects permanently to the map: http://www.bailopan.net/stripper/#install
==========

L 10/14/2023 - 23:46:45: [SM] Blaming: l4d2_spawn_props.smx
L 10/14/2023 - 23:46:45: [SM] Call stack trace:
L 10/14/2023 - 23:46:45: [SM]   [0] SetFailState
L 10/14/2023 - 23:46:45: [SM]   [1] Line 334, C:\Users\ZCE\Desktop\sourcemod-1.11.0-git6936-windows\addons\sourcemod\scripting\l4d2_spawn_props.sp.cpp::OnAllPluginsLoaded
L 10/14/2023 - 23:58:06: Error log file session closed.
L 10/14/2023 - 23:58:06: SourceMod error session started
L 10/14/2023 - 23:58:06: Info (map "l4d_garage02_lots") (file "/home/steam/Steam/l4d1server/left4dead/addons/sourcemod/logs/errors_20231014.log")
L 10/14/2023 - 23:58:06: [SM] Exception reported: 
==========
Warning: You should install "Stripper:Source" to spawn objects permanently to the map: http://www.bailopan.net/stripper/#install
==========

L 10/14/2023 - 23:58:06: [SM] Blaming: l4d2_spawn_props.smx
L 10/14/2023 - 23:58:06: [SM] Call stack trace:
L 10/14/2023 - 23:58:06: [SM]   [0] SetFailState
L 10/14/2023 - 23:58:06: [SM]   [1] Line 334, C:\Users\ZCE\Desktop\sourcemod-1.11.0-git6936-windows\addons\sourcemod\scripting\l4d2_spawn_props.sp.cpp::OnAllPluginsLoaded
L 10/15/2023 - 00:10:58: Error log file session closed.
