L 10/10/2023 - 00:10:28: SourceMod log file session started (file "/home/steam/Steam/l4d1server/left4dead/addons/sourcemod/logs/L20231010.log") (Version "1.11.0.6936")
L 10/10/2023 - 00:10:28: [basecommands.smx] "Console<0><Console><Console>" changed cvar (cvar "z_difficulty") (value "Impossible")
L 10/10/2023 - 00:10:28: [basecommands.smx] "Console<0><Console><Console>" changed cvar (cvar "sb_all_bot_team") (value "1")
L 10/10/2023 - 00:10:28: [basecommands.smx] "Console<0><Console><Console>" changed cvar (cvar "sv_hibernate_when_empty") (value "0")
L 10/10/2023 - 00:10:28: [basecommands.smx] "Console<0><Console><Console>" changed cvar (cvar "survivor_allow_crawling") (value "1")
L 10/10/2023 - 00:10:28: [basecommands.smx] "Console<0><Console><Console>" changed cvar (cvar "survivor_crawl_speed") (value "100")
L 10/10/2023 - 00:10:28: [basecommands.smx] "Console<0><Console><Console>" changed cvar (cvar "director_afk_timeout") (value "120")
L 10/10/2023 - 00:19:14: -------- Mapchange to l4d_smalltown02_drainage --------
L 10/10/2023 - 00:19:15: [basecommands.smx] "Console<0><Console><Console>" changed cvar (cvar "z_difficulty") (value "Impossible")
L 10/10/2023 - 00:19:15: [basecommands.smx] "Console<0><Console><Console>" changed cvar (cvar "sb_all_bot_team") (value "1")
L 10/10/2023 - 00:19:15: [basecommands.smx] "Console<0><Console><Console>" changed cvar (cvar "sv_hibernate_when_empty") (value "0")
L 10/10/2023 - 00:19:15: [basecommands.smx] "Console<0><Console><Console>" changed cvar (cvar "survivor_allow_crawling") (value "1")
L 10/10/2023 - 00:19:15: [basecommands.smx] "Console<0><Console><Console>" changed cvar (cvar "survivor_crawl_speed") (value "100")
L 10/10/2023 - 00:19:15: [basecommands.smx] "Console<0><Console><Console>" changed cvar (cvar "director_afk_timeout") (value "120")
L 10/10/2023 - 00:27:40: -------- Mapchange to l4d_smalltown03_ranchhouse --------
L 10/10/2023 - 00:27:41: [basecommands.smx] "Console<0><Console><Console>" changed cvar (cvar "z_difficulty") (value "Impossible")
L 10/10/2023 - 00:27:41: [basecommands.smx] "Console<0><Console><Console>" changed cvar (cvar "sb_all_bot_team") (value "1")
L 10/10/2023 - 00:27:41: [basecommands.smx] "Console<0><Console><Console>" changed cvar (cvar "sv_hibernate_when_empty") (value "0")
L 10/10/2023 - 00:27:41: [basecommands.smx] "Console<0><Console><Console>" changed cvar (cvar "survivor_allow_crawling") (value "1")
L 10/10/2023 - 00:27:41: [basecommands.smx] "Console<0><Console><Console>" changed cvar (cvar "survivor_crawl_speed") (value "100")
L 10/10/2023 - 00:27:41: [basecommands.smx] "Console<0><Console><Console>" changed cvar (cvar "director_afk_timeout") (value "120")
L 10/10/2023 - 22:19:55: -------- Mapchange to l4d_airport04_terminal --------
L 10/10/2023 - 22:19:56: [basecommands.smx] "Console<0><Console><Console>" changed cvar (cvar "z_difficulty") (value "Impossible")
L 10/10/2023 - 22:19:56: [basecommands.smx] "Console<0><Console><Console>" changed cvar (cvar "sb_all_bot_team") (value "1")
L 10/10/2023 - 22:19:56: [basecommands.smx] "Console<0><Console><Console>" changed cvar (cvar "sv_hibernate_when_empty") (value "0")
L 10/10/2023 - 22:19:56: [basecommands.smx] "Console<0><Console><Console>" changed cvar (cvar "survivor_allow_crawling") (value "1")
L 10/10/2023 - 22:19:56: [basecommands.smx] "Console<0><Console><Console>" changed cvar (cvar "survivor_crawl_speed") (value "100")
L 10/10/2023 - 22:19:56: [basecommands.smx] "Console<0><Console><Console>" changed cvar (cvar "director_afk_timeout") (value "120")
L 10/11/2023 - 05:12:36: Log file closed.
