L 10/06/2023 - 02:50:48: SourceMod log file session started (file "/home/steam/Steam/l4d1server/left4dead/addons/sourcemod/logs/L20231006.log") (Version "1.11.0.6936")
L 10/06/2023 - 02:50:48: [basecommands.smx] "Console<0><Console><Console>" changed cvar (cvar "z_difficulty") (value "Impossible")
L 10/06/2023 - 02:50:48: [basecommands.smx] "Console<0><Console><Console>" changed cvar (cvar "sb_all_bot_team") (value "1")
L 10/06/2023 - 02:50:48: [basecommands.smx] "Console<0><Console><Console>" changed cvar (cvar "sv_hibernate_when_empty") (value "0")
L 10/06/2023 - 02:50:48: [basecommands.smx] "Console<0><Console><Console>" changed cvar (cvar "survivor_allow_crawling") (value "1")
L 10/06/2023 - 02:50:48: [basecommands.smx] "Console<0><Console><Console>" changed cvar (cvar "survivor_crawl_speed") (value "100")
L 10/06/2023 - 02:50:48: [basecommands.smx] "Console<0><Console><Console>" changed cvar (cvar "director_afk_timeout") (value "120")
L 10/06/2023 - 02:53:59: -------- Mapchange to l4d_airport01_greenhouse --------
L 10/06/2023 - 02:53:59: [basecommands.smx] "Console<0><Console><Console>" changed cvar (cvar "z_difficulty") (value "Impossible")
L 10/06/2023 - 02:53:59: [basecommands.smx] "Console<0><Console><Console>" changed cvar (cvar "sb_all_bot_team") (value "1")
L 10/06/2023 - 02:53:59: [basecommands.smx] "Console<0><Console><Console>" changed cvar (cvar "sv_hibernate_when_empty") (value "0")
L 10/06/2023 - 02:53:59: [basecommands.smx] "Console<0><Console><Console>" changed cvar (cvar "survivor_allow_crawling") (value "1")
L 10/06/2023 - 02:53:59: [basecommands.smx] "Console<0><Console><Console>" changed cvar (cvar "survivor_crawl_speed") (value "100")
L 10/06/2023 - 02:53:59: [basecommands.smx] "Console<0><Console><Console>" changed cvar (cvar "director_afk_timeout") (value "120")
L 10/06/2023 - 03:00:00: -------- Mapchange to l4d_airport02_offices --------
L 10/06/2023 - 03:00:01: [basecommands.smx] "Console<0><Console><Console>" changed cvar (cvar "z_difficulty") (value "Impossible")
L 10/06/2023 - 03:00:01: [basecommands.smx] "Console<0><Console><Console>" changed cvar (cvar "sb_all_bot_team") (value "1")
L 10/06/2023 - 03:00:01: [basecommands.smx] "Console<0><Console><Console>" changed cvar (cvar "sv_hibernate_when_empty") (value "0")
L 10/06/2023 - 03:00:01: [basecommands.smx] "Console<0><Console><Console>" changed cvar (cvar "survivor_allow_crawling") (value "1")
L 10/06/2023 - 03:00:01: [basecommands.smx] "Console<0><Console><Console>" changed cvar (cvar "survivor_crawl_speed") (value "100")
L 10/06/2023 - 03:00:01: [basecommands.smx] "Console<0><Console><Console>" changed cvar (cvar "director_afk_timeout") (value "120")
L 10/06/2023 - 03:13:59: -------- Mapchange to l4d_airport03_garage --------
L 10/06/2023 - 03:14:00: [basecommands.smx] "Console<0><Console><Console>" changed cvar (cvar "z_difficulty") (value "Impossible")
L 10/06/2023 - 03:14:00: [basecommands.smx] "Console<0><Console><Console>" changed cvar (cvar "sb_all_bot_team") (value "1")
L 10/06/2023 - 03:14:00: [basecommands.smx] "Console<0><Console><Console>" changed cvar (cvar "sv_hibernate_when_empty") (value "0")
L 10/06/2023 - 03:14:00: [basecommands.smx] "Console<0><Console><Console>" changed cvar (cvar "survivor_allow_crawling") (value "1")
L 10/06/2023 - 03:14:00: [basecommands.smx] "Console<0><Console><Console>" changed cvar (cvar "survivor_crawl_speed") (value "100")
L 10/06/2023 - 03:14:00: [basecommands.smx] "Console<0><Console><Console>" changed cvar (cvar "director_afk_timeout") (value "120")
L 10/06/2023 - 10:13:14: -------- Mapchange to l4d_hospital01_apartment --------
L 10/06/2023 - 10:13:14: [basecommands.smx] "Console<0><Console><Console>" changed cvar (cvar "z_difficulty") (value "Impossible")
L 10/06/2023 - 10:13:14: [basecommands.smx] "Console<0><Console><Console>" changed cvar (cvar "sb_all_bot_team") (value "1")
L 10/06/2023 - 10:13:14: [basecommands.smx] "Console<0><Console><Console>" changed cvar (cvar "sv_hibernate_when_empty") (value "0")
L 10/06/2023 - 10:13:14: [basecommands.smx] "Console<0><Console><Console>" changed cvar (cvar "survivor_allow_crawling") (value "1")
L 10/06/2023 - 10:13:14: [basecommands.smx] "Console<0><Console><Console>" changed cvar (cvar "survivor_crawl_speed") (value "100")
L 10/06/2023 - 10:13:14: [basecommands.smx] "Console<0><Console><Console>" changed cvar (cvar "director_afk_timeout") (value "120")
L 10/06/2023 - 10:18:53: -------- Mapchange to l4d_hospital02_subway --------
L 10/06/2023 - 10:18:54: [basecommands.smx] "Console<0><Console><Console>" changed cvar (cvar "z_difficulty") (value "Impossible")
L 10/06/2023 - 10:18:54: [basecommands.smx] "Console<0><Console><Console>" changed cvar (cvar "sb_all_bot_team") (value "1")
L 10/06/2023 - 10:18:54: [basecommands.smx] "Console<0><Console><Console>" changed cvar (cvar "sv_hibernate_when_empty") (value "0")
L 10/06/2023 - 10:18:54: [basecommands.smx] "Console<0><Console><Console>" changed cvar (cvar "survivor_allow_crawling") (value "1")
L 10/06/2023 - 10:18:54: [basecommands.smx] "Console<0><Console><Console>" changed cvar (cvar "survivor_crawl_speed") (value "100")
L 10/06/2023 - 10:18:54: [basecommands.smx] "Console<0><Console><Console>" changed cvar (cvar "director_afk_timeout") (value "120")
L 10/06/2023 - 10:29:22: -------- Mapchange to l4d_hospital03_sewers --------
L 10/06/2023 - 10:29:23: [basecommands.smx] "Console<0><Console><Console>" changed cvar (cvar "z_difficulty") (value "Impossible")
L 10/06/2023 - 10:29:23: [basecommands.smx] "Console<0><Console><Console>" changed cvar (cvar "sb_all_bot_team") (value "1")
L 10/06/2023 - 10:29:23: [basecommands.smx] "Console<0><Console><Console>" changed cvar (cvar "sv_hibernate_when_empty") (value "0")
L 10/06/2023 - 10:29:23: [basecommands.smx] "Console<0><Console><Console>" changed cvar (cvar "survivor_allow_crawling") (value "1")
L 10/06/2023 - 10:29:23: [basecommands.smx] "Console<0><Console><Console>" changed cvar (cvar "survivor_crawl_speed") (value "100")
L 10/06/2023 - 10:29:23: [basecommands.smx] "Console<0><Console><Console>" changed cvar (cvar "director_afk_timeout") (value "120")
L 10/06/2023 - 10:35:19: -------- Mapchange to l4d_hospital04_interior --------
L 10/06/2023 - 10:35:19: [basecommands.smx] "Console<0><Console><Console>" changed cvar (cvar "z_difficulty") (value "Impossible")
L 10/06/2023 - 10:35:19: [basecommands.smx] "Console<0><Console><Console>" changed cvar (cvar "sb_all_bot_team") (value "1")
L 10/06/2023 - 10:35:19: [basecommands.smx] "Console<0><Console><Console>" changed cvar (cvar "sv_hibernate_when_empty") (value "0")
L 10/06/2023 - 10:35:19: [basecommands.smx] "Console<0><Console><Console>" changed cvar (cvar "survivor_allow_crawling") (value "1")
L 10/06/2023 - 10:35:19: [basecommands.smx] "Console<0><Console><Console>" changed cvar (cvar "survivor_crawl_speed") (value "100")
L 10/06/2023 - 10:35:19: [basecommands.smx] "Console<0><Console><Console>" changed cvar (cvar "director_afk_timeout") (value "120")
L 10/06/2023 - 10:44:05: -------- Mapchange to l4d_hospital05_rooftop --------
L 10/06/2023 - 10:44:06: [basecommands.smx] "Console<0><Console><Console>" changed cvar (cvar "z_difficulty") (value "Impossible")
L 10/06/2023 - 10:44:06: [basecommands.smx] "Console<0><Console><Console>" changed cvar (cvar "sb_all_bot_team") (value "1")
L 10/06/2023 - 10:44:06: [basecommands.smx] "Console<0><Console><Console>" changed cvar (cvar "sv_hibernate_when_empty") (value "0")
L 10/06/2023 - 10:44:06: [basecommands.smx] "Console<0><Console><Console>" changed cvar (cvar "survivor_allow_crawling") (value "1")
L 10/06/2023 - 10:44:06: [basecommands.smx] "Console<0><Console><Console>" changed cvar (cvar "survivor_crawl_speed") (value "100")
L 10/06/2023 - 10:44:06: [basecommands.smx] "Console<0><Console><Console>" changed cvar (cvar "director_afk_timeout") (value "120")
L 10/06/2023 - 11:00:40: [SM] Changed map to "l4d_garage01_alleys"
L 10/06/2023 - 11:00:41: -------- Mapchange to l4d_garage01_alleys --------
L 10/06/2023 - 11:00:42: [basecommands.smx] "Console<0><Console><Console>" changed cvar (cvar "z_difficulty") (value "Impossible")
L 10/06/2023 - 11:00:42: [basecommands.smx] "Console<0><Console><Console>" changed cvar (cvar "sb_all_bot_team") (value "1")
L 10/06/2023 - 11:00:42: [basecommands.smx] "Console<0><Console><Console>" changed cvar (cvar "sv_hibernate_when_empty") (value "0")
L 10/06/2023 - 11:00:42: [basecommands.smx] "Console<0><Console><Console>" changed cvar (cvar "survivor_allow_crawling") (value "1")
L 10/06/2023 - 11:00:42: [basecommands.smx] "Console<0><Console><Console>" changed cvar (cvar "survivor_crawl_speed") (value "100")
L 10/06/2023 - 11:00:42: [basecommands.smx] "Console<0><Console><Console>" changed cvar (cvar "director_afk_timeout") (value "120")
L 10/06/2023 - 11:11:11: -------- Mapchange to l4d_garage02_lots --------
L 10/06/2023 - 11:11:12: [basecommands.smx] "Console<0><Console><Console>" changed cvar (cvar "z_difficulty") (value "Impossible")
L 10/06/2023 - 11:11:12: [basecommands.smx] "Console<0><Console><Console>" changed cvar (cvar "sb_all_bot_team") (value "1")
L 10/06/2023 - 11:11:12: [basecommands.smx] "Console<0><Console><Console>" changed cvar (cvar "sv_hibernate_when_empty") (value "0")
L 10/06/2023 - 11:11:12: [basecommands.smx] "Console<0><Console><Console>" changed cvar (cvar "survivor_allow_crawling") (value "1")
L 10/06/2023 - 11:11:12: [basecommands.smx] "Console<0><Console><Console>" changed cvar (cvar "survivor_crawl_speed") (value "100")
L 10/06/2023 - 11:11:12: [basecommands.smx] "Console<0><Console><Console>" changed cvar (cvar "director_afk_timeout") (value "120")
L 10/06/2023 - 16:53:28: -------- Mapchange to l4d_garage02_lots --------
L 10/06/2023 - 16:53:29: [basecommands.smx] "Console<0><Console><Console>" changed cvar (cvar "z_difficulty") (value "Impossible")
L 10/06/2023 - 16:53:29: [basecommands.smx] "Console<0><Console><Console>" changed cvar (cvar "sb_all_bot_team") (value "1")
L 10/06/2023 - 16:53:29: [basecommands.smx] "Console<0><Console><Console>" changed cvar (cvar "sv_hibernate_when_empty") (value "0")
L 10/06/2023 - 16:53:29: [basecommands.smx] "Console<0><Console><Console>" changed cvar (cvar "survivor_allow_crawling") (value "1")
L 10/06/2023 - 16:53:29: [basecommands.smx] "Console<0><Console><Console>" changed cvar (cvar "survivor_crawl_speed") (value "100")
L 10/06/2023 - 16:53:29: [basecommands.smx] "Console<0><Console><Console>" changed cvar (cvar "director_afk_timeout") (value "120")
L 10/06/2023 - 17:04:59: [SM] Changed map to "l4d_hospital01_apartment"
L 10/06/2023 - 17:04:59: -------- Mapchange to l4d_hospital01_apartment --------
L 10/06/2023 - 17:05:00: [basecommands.smx] "Console<0><Console><Console>" changed cvar (cvar "z_difficulty") (value "Impossible")
L 10/06/2023 - 17:05:00: [basecommands.smx] "Console<0><Console><Console>" changed cvar (cvar "sb_all_bot_team") (value "1")
L 10/06/2023 - 17:05:00: [basecommands.smx] "Console<0><Console><Console>" changed cvar (cvar "sv_hibernate_when_empty") (value "0")
L 10/06/2023 - 17:05:00: [basecommands.smx] "Console<0><Console><Console>" changed cvar (cvar "survivor_allow_crawling") (value "1")
L 10/06/2023 - 17:05:00: [basecommands.smx] "Console<0><Console><Console>" changed cvar (cvar "survivor_crawl_speed") (value "100")
L 10/06/2023 - 17:05:00: [basecommands.smx] "Console<0><Console><Console>" changed cvar (cvar "director_afk_timeout") (value "120")
L 10/06/2023 - 17:09:40: -------- Mapchange to l4d_hospital02_subway --------
L 10/06/2023 - 17:09:41: [basecommands.smx] "Console<0><Console><Console>" changed cvar (cvar "z_difficulty") (value "Impossible")
L 10/06/2023 - 17:09:41: [basecommands.smx] "Console<0><Console><Console>" changed cvar (cvar "sb_all_bot_team") (value "1")
L 10/06/2023 - 17:09:41: [basecommands.smx] "Console<0><Console><Console>" changed cvar (cvar "sv_hibernate_when_empty") (value "0")
L 10/06/2023 - 17:09:41: [basecommands.smx] "Console<0><Console><Console>" changed cvar (cvar "survivor_allow_crawling") (value "1")
L 10/06/2023 - 17:09:41: [basecommands.smx] "Console<0><Console><Console>" changed cvar (cvar "survivor_crawl_speed") (value "100")
L 10/06/2023 - 17:09:41: [basecommands.smx] "Console<0><Console><Console>" changed cvar (cvar "director_afk_timeout") (value "120")
L 10/06/2023 - 17:22:21: -------- Mapchange to l4d_hospital03_sewers --------
L 10/06/2023 - 17:22:22: [basecommands.smx] "Console<0><Console><Console>" changed cvar (cvar "z_difficulty") (value "Impossible")
L 10/06/2023 - 17:22:22: [basecommands.smx] "Console<0><Console><Console>" changed cvar (cvar "sb_all_bot_team") (value "1")
L 10/06/2023 - 17:22:22: [basecommands.smx] "Console<0><Console><Console>" changed cvar (cvar "sv_hibernate_when_empty") (value "0")
L 10/06/2023 - 17:22:22: [basecommands.smx] "Console<0><Console><Console>" changed cvar (cvar "survivor_allow_crawling") (value "1")
L 10/06/2023 - 17:22:22: [basecommands.smx] "Console<0><Console><Console>" changed cvar (cvar "survivor_crawl_speed") (value "100")
L 10/06/2023 - 17:22:22: [basecommands.smx] "Console<0><Console><Console>" changed cvar (cvar "director_afk_timeout") (value "120")
L 10/06/2023 - 17:37:59: -------- Mapchange to l4d_hospital04_interior --------
L 10/06/2023 - 17:38:00: [basecommands.smx] "Console<0><Console><Console>" changed cvar (cvar "z_difficulty") (value "Impossible")
L 10/06/2023 - 17:38:00: [basecommands.smx] "Console<0><Console><Console>" changed cvar (cvar "sb_all_bot_team") (value "1")
L 10/06/2023 - 17:38:00: [basecommands.smx] "Console<0><Console><Console>" changed cvar (cvar "sv_hibernate_when_empty") (value "0")
L 10/06/2023 - 17:38:00: [basecommands.smx] "Console<0><Console><Console>" changed cvar (cvar "survivor_allow_crawling") (value "1")
L 10/06/2023 - 17:38:00: [basecommands.smx] "Console<0><Console><Console>" changed cvar (cvar "survivor_crawl_speed") (value "100")
L 10/06/2023 - 17:38:00: [basecommands.smx] "Console<0><Console><Console>" changed cvar (cvar "director_afk_timeout") (value "120")
L 10/06/2023 - 17:47:19: -------- Mapchange to l4d_hospital05_rooftop --------
L 10/06/2023 - 17:47:19: [basecommands.smx] "Console<0><Console><Console>" changed cvar (cvar "z_difficulty") (value "Impossible")
L 10/06/2023 - 17:47:19: [basecommands.smx] "Console<0><Console><Console>" changed cvar (cvar "sb_all_bot_team") (value "1")
L 10/06/2023 - 17:47:19: [basecommands.smx] "Console<0><Console><Console>" changed cvar (cvar "sv_hibernate_when_empty") (value "0")
L 10/06/2023 - 17:47:19: [basecommands.smx] "Console<0><Console><Console>" changed cvar (cvar "survivor_allow_crawling") (value "1")
L 10/06/2023 - 17:47:19: [basecommands.smx] "Console<0><Console><Console>" changed cvar (cvar "survivor_crawl_speed") (value "100")
L 10/06/2023 - 17:47:19: [basecommands.smx] "Console<0><Console><Console>" changed cvar (cvar "director_afk_timeout") (value "120")
L 10/06/2023 - 17:54:59: [SM] Changed map to "l4d_smalltown01_caves"
L 10/06/2023 - 17:55:00: -------- Mapchange to l4d_smalltown01_caves --------
L 10/06/2023 - 17:55:00: [basecommands.smx] "Console<0><Console><Console>" changed cvar (cvar "z_difficulty") (value "Impossible")
L 10/06/2023 - 17:55:00: [basecommands.smx] "Console<0><Console><Console>" changed cvar (cvar "sb_all_bot_team") (value "1")
L 10/06/2023 - 17:55:00: [basecommands.smx] "Console<0><Console><Console>" changed cvar (cvar "sv_hibernate_when_empty") (value "0")
L 10/06/2023 - 17:55:00: [basecommands.smx] "Console<0><Console><Console>" changed cvar (cvar "survivor_allow_crawling") (value "1")
L 10/06/2023 - 17:55:00: [basecommands.smx] "Console<0><Console><Console>" changed cvar (cvar "survivor_crawl_speed") (value "100")
L 10/06/2023 - 17:55:00: [basecommands.smx] "Console<0><Console><Console>" changed cvar (cvar "director_afk_timeout") (value "120")
L 10/06/2023 - 18:01:19: -------- Mapchange to l4d_smalltown02_drainage --------
L 10/06/2023 - 18:01:19: [basecommands.smx] "Console<0><Console><Console>" changed cvar (cvar "z_difficulty") (value "Impossible")
L 10/06/2023 - 18:01:19: [basecommands.smx] "Console<0><Console><Console>" changed cvar (cvar "sb_all_bot_team") (value "1")
L 10/06/2023 - 18:01:19: [basecommands.smx] "Console<0><Console><Console>" changed cvar (cvar "sv_hibernate_when_empty") (value "0")
L 10/06/2023 - 18:01:19: [basecommands.smx] "Console<0><Console><Console>" changed cvar (cvar "survivor_allow_crawling") (value "1")
L 10/06/2023 - 18:01:19: [basecommands.smx] "Console<0><Console><Console>" changed cvar (cvar "survivor_crawl_speed") (value "100")
L 10/06/2023 - 18:01:19: [basecommands.smx] "Console<0><Console><Console>" changed cvar (cvar "director_afk_timeout") (value "120")
L 10/06/2023 - 18:07:02: -------- Mapchange to l4d_smalltown03_ranchhouse --------
L 10/06/2023 - 18:07:03: [basecommands.smx] "Console<0><Console><Console>" changed cvar (cvar "z_difficulty") (value "Impossible")
L 10/06/2023 - 18:07:03: [basecommands.smx] "Console<0><Console><Console>" changed cvar (cvar "sb_all_bot_team") (value "1")
L 10/06/2023 - 18:07:03: [basecommands.smx] "Console<0><Console><Console>" changed cvar (cvar "sv_hibernate_when_empty") (value "0")
L 10/06/2023 - 18:07:03: [basecommands.smx] "Console<0><Console><Console>" changed cvar (cvar "survivor_allow_crawling") (value "1")
L 10/06/2023 - 18:07:03: [basecommands.smx] "Console<0><Console><Console>" changed cvar (cvar "survivor_crawl_speed") (value "100")
L 10/06/2023 - 18:07:03: [basecommands.smx] "Console<0><Console><Console>" changed cvar (cvar "director_afk_timeout") (value "120")
L 10/06/2023 - 18:14:17: -------- Mapchange to l4d_smalltown04_mainstreet --------
L 10/06/2023 - 18:14:17: [basecommands.smx] "Console<0><Console><Console>" changed cvar (cvar "z_difficulty") (value "Impossible")
L 10/06/2023 - 18:14:17: [basecommands.smx] "Console<0><Console><Console>" changed cvar (cvar "sb_all_bot_team") (value "1")
L 10/06/2023 - 18:14:17: [basecommands.smx] "Console<0><Console><Console>" changed cvar (cvar "sv_hibernate_when_empty") (value "0")
L 10/06/2023 - 18:14:17: [basecommands.smx] "Console<0><Console><Console>" changed cvar (cvar "survivor_allow_crawling") (value "1")
L 10/06/2023 - 18:14:18: [basecommands.smx] "Console<0><Console><Console>" changed cvar (cvar "survivor_crawl_speed") (value "100")
L 10/06/2023 - 18:14:18: [basecommands.smx] "Console<0><Console><Console>" changed cvar (cvar "director_afk_timeout") (value "120")
L 10/06/2023 - 18:24:16: -------- Mapchange to l4d_smalltown05_houseboat --------
L 10/06/2023 - 18:24:17: [basecommands.smx] "Console<0><Console><Console>" changed cvar (cvar "z_difficulty") (value "Impossible")
L 10/06/2023 - 18:24:17: [basecommands.smx] "Console<0><Console><Console>" changed cvar (cvar "sb_all_bot_team") (value "1")
L 10/06/2023 - 18:24:17: [basecommands.smx] "Console<0><Console><Console>" changed cvar (cvar "sv_hibernate_when_empty") (value "0")
L 10/06/2023 - 18:24:17: [basecommands.smx] "Console<0><Console><Console>" changed cvar (cvar "survivor_allow_crawling") (value "1")
L 10/06/2023 - 18:24:17: [basecommands.smx] "Console<0><Console><Console>" changed cvar (cvar "survivor_crawl_speed") (value "100")
L 10/06/2023 - 18:24:17: [basecommands.smx] "Console<0><Console><Console>" changed cvar (cvar "director_afk_timeout") (value "120")
L 10/06/2023 - 18:32:15: [SM] Changed map to "l4d_farm01_hilltop"
L 10/06/2023 - 18:32:15: -------- Mapchange to l4d_farm01_hilltop --------
L 10/06/2023 - 18:32:16: [basecommands.smx] "Console<0><Console><Console>" changed cvar (cvar "z_difficulty") (value "Impossible")
L 10/06/2023 - 18:32:16: [basecommands.smx] "Console<0><Console><Console>" changed cvar (cvar "sb_all_bot_team") (value "1")
L 10/06/2023 - 18:32:16: [basecommands.smx] "Console<0><Console><Console>" changed cvar (cvar "sv_hibernate_when_empty") (value "0")
L 10/06/2023 - 18:32:16: [basecommands.smx] "Console<0><Console><Console>" changed cvar (cvar "survivor_allow_crawling") (value "1")
L 10/06/2023 - 18:32:16: [basecommands.smx] "Console<0><Console><Console>" changed cvar (cvar "survivor_crawl_speed") (value "100")
L 10/06/2023 - 18:32:16: [basecommands.smx] "Console<0><Console><Console>" changed cvar (cvar "director_afk_timeout") (value "120")
L 10/06/2023 - 18:36:27: -------- Mapchange to l4d_farm02_traintunnel --------
L 10/06/2023 - 18:36:27: [basecommands.smx] "Console<0><Console><Console>" changed cvar (cvar "z_difficulty") (value "Impossible")
L 10/06/2023 - 18:36:27: [basecommands.smx] "Console<0><Console><Console>" changed cvar (cvar "sb_all_bot_team") (value "1")
L 10/06/2023 - 18:36:27: [basecommands.smx] "Console<0><Console><Console>" changed cvar (cvar "sv_hibernate_when_empty") (value "0")
L 10/06/2023 - 18:36:27: [basecommands.smx] "Console<0><Console><Console>" changed cvar (cvar "survivor_allow_crawling") (value "1")
L 10/06/2023 - 18:36:27: [basecommands.smx] "Console<0><Console><Console>" changed cvar (cvar "survivor_crawl_speed") (value "100")
L 10/06/2023 - 18:36:27: [basecommands.smx] "Console<0><Console><Console>" changed cvar (cvar "director_afk_timeout") (value "120")
L 10/06/2023 - 18:43:00: -------- Mapchange to l4d_farm03_bridge --------
L 10/06/2023 - 18:43:01: [basecommands.smx] "Console<0><Console><Console>" changed cvar (cvar "z_difficulty") (value "Impossible")
L 10/06/2023 - 18:43:01: [basecommands.smx] "Console<0><Console><Console>" changed cvar (cvar "sb_all_bot_team") (value "1")
L 10/06/2023 - 18:43:01: [basecommands.smx] "Console<0><Console><Console>" changed cvar (cvar "sv_hibernate_when_empty") (value "0")
L 10/06/2023 - 18:43:01: [basecommands.smx] "Console<0><Console><Console>" changed cvar (cvar "survivor_allow_crawling") (value "1")
L 10/06/2023 - 18:43:01: [basecommands.smx] "Console<0><Console><Console>" changed cvar (cvar "survivor_crawl_speed") (value "100")
L 10/06/2023 - 18:43:01: [basecommands.smx] "Console<0><Console><Console>" changed cvar (cvar "director_afk_timeout") (value "120")
L 10/06/2023 - 18:50:16: -------- Mapchange to l4d_farm04_barn --------
L 10/06/2023 - 18:50:17: [basecommands.smx] "Console<0><Console><Console>" changed cvar (cvar "z_difficulty") (value "Impossible")
L 10/06/2023 - 18:50:17: [basecommands.smx] "Console<0><Console><Console>" changed cvar (cvar "sb_all_bot_team") (value "1")
L 10/06/2023 - 18:50:17: [basecommands.smx] "Console<0><Console><Console>" changed cvar (cvar "sv_hibernate_when_empty") (value "0")
L 10/06/2023 - 18:50:17: [basecommands.smx] "Console<0><Console><Console>" changed cvar (cvar "survivor_allow_crawling") (value "1")
L 10/06/2023 - 18:50:17: [basecommands.smx] "Console<0><Console><Console>" changed cvar (cvar "survivor_crawl_speed") (value "100")
L 10/06/2023 - 18:50:17: [basecommands.smx] "Console<0><Console><Console>" changed cvar (cvar "director_afk_timeout") (value "120")
L 10/06/2023 - 18:54:39: -------- Mapchange to l4d_farm05_cornfield --------
L 10/06/2023 - 18:54:39: [basecommands.smx] "Console<0><Console><Console>" changed cvar (cvar "z_difficulty") (value "Impossible")
L 10/06/2023 - 18:54:39: [basecommands.smx] "Console<0><Console><Console>" changed cvar (cvar "sb_all_bot_team") (value "1")
L 10/06/2023 - 18:54:39: [basecommands.smx] "Console<0><Console><Console>" changed cvar (cvar "sv_hibernate_when_empty") (value "0")
L 10/06/2023 - 18:54:39: [basecommands.smx] "Console<0><Console><Console>" changed cvar (cvar "survivor_allow_crawling") (value "1")
L 10/06/2023 - 18:54:39: [basecommands.smx] "Console<0><Console><Console>" changed cvar (cvar "survivor_crawl_speed") (value "100")
L 10/06/2023 - 18:54:39: [basecommands.smx] "Console<0><Console><Console>" changed cvar (cvar "director_afk_timeout") (value "120")
L 10/06/2023 - 19:03:45: [SM] Changed map to "l4d_airport01_greenhouse"
L 10/06/2023 - 19:03:45: -------- Mapchange to l4d_airport01_greenhouse --------
L 10/06/2023 - 19:03:46: [basecommands.smx] "Console<0><Console><Console>" changed cvar (cvar "z_difficulty") (value "Impossible")
L 10/06/2023 - 19:03:46: [basecommands.smx] "Console<0><Console><Console>" changed cvar (cvar "sb_all_bot_team") (value "1")
L 10/06/2023 - 19:03:46: [basecommands.smx] "Console<0><Console><Console>" changed cvar (cvar "sv_hibernate_when_empty") (value "0")
L 10/06/2023 - 19:03:46: [basecommands.smx] "Console<0><Console><Console>" changed cvar (cvar "survivor_allow_crawling") (value "1")
L 10/06/2023 - 19:03:46: [basecommands.smx] "Console<0><Console><Console>" changed cvar (cvar "survivor_crawl_speed") (value "100")
L 10/06/2023 - 19:03:46: [basecommands.smx] "Console<0><Console><Console>" changed cvar (cvar "director_afk_timeout") (value "120")
L 10/06/2023 - 19:06:53: -------- Mapchange to l4d_airport02_offices --------
L 10/06/2023 - 19:06:54: [basecommands.smx] "Console<0><Console><Console>" changed cvar (cvar "z_difficulty") (value "Impossible")
L 10/06/2023 - 19:06:54: [basecommands.smx] "Console<0><Console><Console>" changed cvar (cvar "sb_all_bot_team") (value "1")
L 10/06/2023 - 19:06:54: [basecommands.smx] "Console<0><Console><Console>" changed cvar (cvar "sv_hibernate_when_empty") (value "0")
L 10/06/2023 - 19:06:54: [basecommands.smx] "Console<0><Console><Console>" changed cvar (cvar "survivor_allow_crawling") (value "1")
L 10/06/2023 - 19:06:54: [basecommands.smx] "Console<0><Console><Console>" changed cvar (cvar "survivor_crawl_speed") (value "100")
L 10/06/2023 - 19:06:54: [basecommands.smx] "Console<0><Console><Console>" changed cvar (cvar "director_afk_timeout") (value "120")
L 10/06/2023 - 19:16:24: -------- Mapchange to l4d_airport03_garage --------
L 10/06/2023 - 19:16:25: [basecommands.smx] "Console<0><Console><Console>" changed cvar (cvar "z_difficulty") (value "Impossible")
L 10/06/2023 - 19:16:25: [basecommands.smx] "Console<0><Console><Console>" changed cvar (cvar "sb_all_bot_team") (value "1")
L 10/06/2023 - 19:16:25: [basecommands.smx] "Console<0><Console><Console>" changed cvar (cvar "sv_hibernate_when_empty") (value "0")
L 10/06/2023 - 19:16:25: [basecommands.smx] "Console<0><Console><Console>" changed cvar (cvar "survivor_allow_crawling") (value "1")
L 10/06/2023 - 19:16:25: [basecommands.smx] "Console<0><Console><Console>" changed cvar (cvar "survivor_crawl_speed") (value "100")
L 10/06/2023 - 19:16:25: [basecommands.smx] "Console<0><Console><Console>" changed cvar (cvar "director_afk_timeout") (value "120")
L 10/06/2023 - 19:26:33: -------- Mapchange to l4d_airport04_terminal --------
L 10/06/2023 - 19:26:34: [basecommands.smx] "Console<0><Console><Console>" changed cvar (cvar "z_difficulty") (value "Impossible")
L 10/06/2023 - 19:26:34: [basecommands.smx] "Console<0><Console><Console>" changed cvar (cvar "sb_all_bot_team") (value "1")
L 10/06/2023 - 19:26:34: [basecommands.smx] "Console<0><Console><Console>" changed cvar (cvar "sv_hibernate_when_empty") (value "0")
L 10/06/2023 - 19:26:34: [basecommands.smx] "Console<0><Console><Console>" changed cvar (cvar "survivor_allow_crawling") (value "1")
L 10/06/2023 - 19:26:34: [basecommands.smx] "Console<0><Console><Console>" changed cvar (cvar "survivor_crawl_speed") (value "100")
L 10/06/2023 - 19:26:34: [basecommands.smx] "Console<0><Console><Console>" changed cvar (cvar "director_afk_timeout") (value "120")
L 10/06/2023 - 19:35:38: -------- Mapchange to l4d_airport05_runway --------
L 10/06/2023 - 19:35:39: [basecommands.smx] "Console<0><Console><Console>" changed cvar (cvar "z_difficulty") (value "Impossible")
L 10/06/2023 - 19:35:39: [basecommands.smx] "Console<0><Console><Console>" changed cvar (cvar "sb_all_bot_team") (value "1")
L 10/06/2023 - 19:35:39: [basecommands.smx] "Console<0><Console><Console>" changed cvar (cvar "sv_hibernate_when_empty") (value "0")
L 10/06/2023 - 19:35:39: [basecommands.smx] "Console<0><Console><Console>" changed cvar (cvar "survivor_allow_crawling") (value "1")
L 10/06/2023 - 19:35:39: [basecommands.smx] "Console<0><Console><Console>" changed cvar (cvar "survivor_crawl_speed") (value "100")
L 10/06/2023 - 19:35:39: [basecommands.smx] "Console<0><Console><Console>" changed cvar (cvar "director_afk_timeout") (value "120")
L 10/06/2023 - 19:41:54: [SM] Changed map to "l4d_river01_docks"
L 10/06/2023 - 19:41:54: -------- Mapchange to l4d_river01_docks --------
L 10/06/2023 - 19:41:56: [basecommands.smx] "Console<0><Console><Console>" changed cvar (cvar "z_difficulty") (value "Impossible")
L 10/06/2023 - 19:41:56: [basecommands.smx] "Console<0><Console><Console>" changed cvar (cvar "sb_all_bot_team") (value "1")
L 10/06/2023 - 19:41:56: [basecommands.smx] "Console<0><Console><Console>" changed cvar (cvar "sv_hibernate_when_empty") (value "0")
L 10/06/2023 - 19:41:56: [basecommands.smx] "Console<0><Console><Console>" changed cvar (cvar "survivor_allow_crawling") (value "1")
L 10/06/2023 - 19:41:56: [basecommands.smx] "Console<0><Console><Console>" changed cvar (cvar "survivor_crawl_speed") (value "100")
L 10/06/2023 - 19:41:56: [basecommands.smx] "Console<0><Console><Console>" changed cvar (cvar "director_afk_timeout") (value "120")
L 10/06/2023 - 19:58:03: -------- Mapchange to l4d_river02_barge --------
L 10/06/2023 - 19:58:23: SourceMod log file session started (file "/home/steam/Steam/l4d1server/left4dead/addons/sourcemod/logs/L20231006.log") (Version "1.11.0.6936")
L 10/06/2023 - 19:58:23: [basecommands.smx] "Console<0><Console><Console>" changed cvar (cvar "z_difficulty") (value "Impossible")
L 10/06/2023 - 19:58:23: [basecommands.smx] "Console<0><Console><Console>" changed cvar (cvar "sb_all_bot_team") (value "1")
L 10/06/2023 - 19:58:23: [basecommands.smx] "Console<0><Console><Console>" changed cvar (cvar "sv_hibernate_when_empty") (value "0")
L 10/06/2023 - 19:58:23: [basecommands.smx] "Console<0><Console><Console>" changed cvar (cvar "survivor_allow_crawling") (value "1")
L 10/06/2023 - 19:58:23: [basecommands.smx] "Console<0><Console><Console>" changed cvar (cvar "survivor_crawl_speed") (value "100")
L 10/06/2023 - 19:58:23: [basecommands.smx] "Console<0><Console><Console>" changed cvar (cvar "director_afk_timeout") (value "120")
L 10/06/2023 - 19:58:27: -------- Mapchange to l4d_hospital01_apartment --------
L 10/06/2023 - 19:58:28: [basecommands.smx] "Console<0><Console><Console>" changed cvar (cvar "z_difficulty") (value "Impossible")
L 10/06/2023 - 19:58:28: [basecommands.smx] "Console<0><Console><Console>" changed cvar (cvar "sb_all_bot_team") (value "1")
L 10/06/2023 - 19:58:28: [basecommands.smx] "Console<0><Console><Console>" changed cvar (cvar "sv_hibernate_when_empty") (value "0")
L 10/06/2023 - 19:58:28: [basecommands.smx] "Console<0><Console><Console>" changed cvar (cvar "survivor_allow_crawling") (value "1")
L 10/06/2023 - 19:58:28: [basecommands.smx] "Console<0><Console><Console>" changed cvar (cvar "survivor_crawl_speed") (value "100")
L 10/06/2023 - 19:58:28: [basecommands.smx] "Console<0><Console><Console>" changed cvar (cvar "director_afk_timeout") (value "120")
L 10/06/2023 - 20:01:36: [funcommands.smx] "辣椒冰激凌<2><STEAM_1:0:518486803><>" toggled noclip on "辣椒冰激凌<2><STEAM_1:0:518486803><>"
L 10/06/2023 - 20:01:39: [funcommands.smx] "辣椒冰激凌<2><STEAM_1:0:518486803><>" toggled noclip on "辣椒冰激凌<2><STEAM_1:0:518486803><>"
L 10/06/2023 - 20:01:51: [funcommands.smx] "辣椒冰激凌<2><STEAM_1:0:518486803><>" toggled noclip on "辣椒冰激凌<2><STEAM_1:0:518486803><>"
L 10/06/2023 - 20:01:54: [funcommands.smx] "辣椒冰激凌<2><STEAM_1:0:518486803><>" toggled noclip on "辣椒冰激凌<2><STEAM_1:0:518486803><>"
L 10/06/2023 - 20:02:16: [funcommands.smx] "辣椒冰激凌<2><STEAM_1:0:518486803><>" toggled noclip on "辣椒冰激凌<2><STEAM_1:0:518486803><>"
L 10/06/2023 - 20:02:18: [funcommands.smx] "辣椒冰激凌<2><STEAM_1:0:518486803><>" toggled noclip on "辣椒冰激凌<2><STEAM_1:0:518486803><>"
L 10/06/2023 - 20:02:30: [funcommands.smx] "辣椒冰激凌<2><STEAM_1:0:518486803><>" toggled noclip on "辣椒冰激凌<2><STEAM_1:0:518486803><>"
L 10/06/2023 - 20:02:33: [funcommands.smx] "辣椒冰激凌<2><STEAM_1:0:518486803><>" toggled noclip on "辣椒冰激凌<2><STEAM_1:0:518486803><>"
L 10/06/2023 - 20:02:49: [funcommands.smx] "辣椒冰激凌<2><STEAM_1:0:518486803><>" toggled noclip on "辣椒冰激凌<2><STEAM_1:0:518486803><>"
L 10/06/2023 - 20:02:51: [funcommands.smx] "辣椒冰激凌<2><STEAM_1:0:518486803><>" toggled noclip on "辣椒冰激凌<2><STEAM_1:0:518486803><>"
L 10/06/2023 - 20:03:14: [funcommands.smx] "辣椒冰激凌<2><STEAM_1:0:518486803><>" toggled noclip on "辣椒冰激凌<2><STEAM_1:0:518486803><>"
L 10/06/2023 - 20:03:17: [funcommands.smx] "辣椒冰激凌<2><STEAM_1:0:518486803><>" toggled noclip on "辣椒冰激凌<2><STEAM_1:0:518486803><>"
L 10/06/2023 - 20:04:08: [SM] Changed map to "l4d_darkblood01_tanker"
L 10/06/2023 - 20:04:10: -------- Mapchange to l4d_darkblood01_tanker --------
L 10/06/2023 - 20:04:10: [basecommands.smx] "Console<0><Console><Console>" changed cvar (cvar "z_difficulty") (value "Impossible")
L 10/06/2023 - 20:04:10: [basecommands.smx] "Console<0><Console><Console>" changed cvar (cvar "sb_all_bot_team") (value "1")
L 10/06/2023 - 20:04:10: [basecommands.smx] "Console<0><Console><Console>" changed cvar (cvar "sv_hibernate_when_empty") (value "0")
L 10/06/2023 - 20:04:10: [basecommands.smx] "Console<0><Console><Console>" changed cvar (cvar "survivor_allow_crawling") (value "1")
L 10/06/2023 - 20:04:10: [basecommands.smx] "Console<0><Console><Console>" changed cvar (cvar "survivor_crawl_speed") (value "100")
L 10/06/2023 - 20:04:10: [basecommands.smx] "Console<0><Console><Console>" changed cvar (cvar "director_afk_timeout") (value "120")
L 10/06/2023 - 20:05:01: [SM] Changed map to "l4d_hospital01_apartment"
L 10/06/2023 - 20:05:01: -------- Mapchange to l4d_hospital01_apartment --------
L 10/06/2023 - 20:05:02: [basecommands.smx] "Console<0><Console><Console>" changed cvar (cvar "z_difficulty") (value "Impossible")
L 10/06/2023 - 20:05:02: [basecommands.smx] "Console<0><Console><Console>" changed cvar (cvar "sb_all_bot_team") (value "1")
L 10/06/2023 - 20:05:02: [basecommands.smx] "Console<0><Console><Console>" changed cvar (cvar "sv_hibernate_when_empty") (value "0")
L 10/06/2023 - 20:05:02: [basecommands.smx] "Console<0><Console><Console>" changed cvar (cvar "survivor_allow_crawling") (value "1")
L 10/06/2023 - 20:05:02: [basecommands.smx] "Console<0><Console><Console>" changed cvar (cvar "survivor_crawl_speed") (value "100")
L 10/06/2023 - 20:05:02: [basecommands.smx] "Console<0><Console><Console>" changed cvar (cvar "director_afk_timeout") (value "120")
L 10/06/2023 - 21:37:36: -------- Mapchange to l4d_garage01_alleys --------
L 10/06/2023 - 21:37:37: [basecommands.smx] "Console<0><Console><Console>" changed cvar (cvar "z_difficulty") (value "Impossible")
L 10/06/2023 - 21:37:37: [basecommands.smx] "Console<0><Console><Console>" changed cvar (cvar "sb_all_bot_team") (value "1")
L 10/06/2023 - 21:37:37: [basecommands.smx] "Console<0><Console><Console>" changed cvar (cvar "sv_hibernate_when_empty") (value "0")
L 10/06/2023 - 21:37:37: [basecommands.smx] "Console<0><Console><Console>" changed cvar (cvar "survivor_allow_crawling") (value "1")
L 10/06/2023 - 21:37:37: [basecommands.smx] "Console<0><Console><Console>" changed cvar (cvar "survivor_crawl_speed") (value "100")
L 10/06/2023 - 21:37:37: [basecommands.smx] "Console<0><Console><Console>" changed cvar (cvar "director_afk_timeout") (value "120")
L 10/06/2023 - 21:49:30: -------- Mapchange to l4d_garage02_lots --------
L 10/06/2023 - 21:49:31: [basecommands.smx] "Console<0><Console><Console>" changed cvar (cvar "z_difficulty") (value "Impossible")
L 10/06/2023 - 21:49:31: [basecommands.smx] "Console<0><Console><Console>" changed cvar (cvar "sb_all_bot_team") (value "1")
L 10/06/2023 - 21:49:31: [basecommands.smx] "Console<0><Console><Console>" changed cvar (cvar "sv_hibernate_when_empty") (value "0")
L 10/06/2023 - 21:49:31: [basecommands.smx] "Console<0><Console><Console>" changed cvar (cvar "survivor_allow_crawling") (value "1")
L 10/06/2023 - 21:49:31: [basecommands.smx] "Console<0><Console><Console>" changed cvar (cvar "survivor_crawl_speed") (value "100")
L 10/06/2023 - 21:49:31: [basecommands.smx] "Console<0><Console><Console>" changed cvar (cvar "director_afk_timeout") (value "120")
L 10/06/2023 - 22:21:27: [SM] Changed map to "l4d_airport01_greenhouse"
L 10/06/2023 - 22:21:27: -------- Mapchange to l4d_airport01_greenhouse --------
L 10/06/2023 - 22:21:28: [basecommands.smx] "Console<0><Console><Console>" changed cvar (cvar "z_difficulty") (value "Impossible")
L 10/06/2023 - 22:21:28: [basecommands.smx] "Console<0><Console><Console>" changed cvar (cvar "sb_all_bot_team") (value "1")
L 10/06/2023 - 22:21:28: [basecommands.smx] "Console<0><Console><Console>" changed cvar (cvar "sv_hibernate_when_empty") (value "0")
L 10/06/2023 - 22:21:28: [basecommands.smx] "Console<0><Console><Console>" changed cvar (cvar "survivor_allow_crawling") (value "1")
L 10/06/2023 - 22:21:28: [basecommands.smx] "Console<0><Console><Console>" changed cvar (cvar "survivor_crawl_speed") (value "100")
L 10/06/2023 - 22:21:28: [basecommands.smx] "Console<0><Console><Console>" changed cvar (cvar "director_afk_timeout") (value "120")
L 10/06/2023 - 22:27:45: -------- Mapchange to l4d_airport02_offices --------
L 10/06/2023 - 22:27:45: [basecommands.smx] "Console<0><Console><Console>" changed cvar (cvar "z_difficulty") (value "Impossible")
L 10/06/2023 - 22:27:45: [basecommands.smx] "Console<0><Console><Console>" changed cvar (cvar "sb_all_bot_team") (value "1")
L 10/06/2023 - 22:27:45: [basecommands.smx] "Console<0><Console><Console>" changed cvar (cvar "sv_hibernate_when_empty") (value "0")
L 10/06/2023 - 22:27:45: [basecommands.smx] "Console<0><Console><Console>" changed cvar (cvar "survivor_allow_crawling") (value "1")
L 10/06/2023 - 22:27:45: [basecommands.smx] "Console<0><Console><Console>" changed cvar (cvar "survivor_crawl_speed") (value "100")
L 10/06/2023 - 22:27:45: [basecommands.smx] "Console<0><Console><Console>" changed cvar (cvar "director_afk_timeout") (value "120")
L 10/06/2023 - 22:38:49: -------- Mapchange to l4d_airport03_garage --------
L 10/06/2023 - 22:38:50: [basecommands.smx] "Console<0><Console><Console>" changed cvar (cvar "z_difficulty") (value "Impossible")
L 10/06/2023 - 22:38:50: [basecommands.smx] "Console<0><Console><Console>" changed cvar (cvar "sb_all_bot_team") (value "1")
L 10/06/2023 - 22:38:50: [basecommands.smx] "Console<0><Console><Console>" changed cvar (cvar "sv_hibernate_when_empty") (value "0")
L 10/06/2023 - 22:38:50: [basecommands.smx] "Console<0><Console><Console>" changed cvar (cvar "survivor_allow_crawling") (value "1")
L 10/06/2023 - 22:38:50: [basecommands.smx] "Console<0><Console><Console>" changed cvar (cvar "survivor_crawl_speed") (value "100")
L 10/06/2023 - 22:38:50: [basecommands.smx] "Console<0><Console><Console>" changed cvar (cvar "director_afk_timeout") (value "120")
L 10/07/2023 - 00:32:44: Log file closed.
