L 10/05/2023 - 01:00:04: SourceMod log file session started (file "/home/steam/Steam/l4d1server/left4dead/addons/sourcemod/logs/L20231005.log") (Version "1.11.0.6936")
L 10/05/2023 - 01:00:04: [basecommands.smx] "Console<0><Console><Console>" changed cvar (cvar "z_difficulty") (value "Impossible")
L 10/05/2023 - 01:00:04: [basecommands.smx] "Console<0><Console><Console>" changed cvar (cvar "sb_all_bot_team") (value "1")
L 10/05/2023 - 01:00:04: [basecommands.smx] "Console<0><Console><Console>" changed cvar (cvar "sv_hibernate_when_empty") (value "0")
L 10/05/2023 - 01:00:04: [basecommands.smx] "Console<0><Console><Console>" changed cvar (cvar "survivor_allow_crawling") (value "1")
L 10/05/2023 - 01:00:04: [basecommands.smx] "Console<0><Console><Console>" changed cvar (cvar "survivor_crawl_speed") (value "100")
L 10/05/2023 - 01:00:04: [basecommands.smx] "Console<0><Console><Console>" changed cvar (cvar "director_afk_timeout") (value "120")
L 10/05/2023 - 01:15:02: -------- Mapchange to l4d_garage02_lots --------
L 10/05/2023 - 01:15:03: [basecommands.smx] "Console<0><Console><Console>" changed cvar (cvar "z_difficulty") (value "Impossible")
L 10/05/2023 - 01:15:03: [basecommands.smx] "Console<0><Console><Console>" changed cvar (cvar "sb_all_bot_team") (value "1")
L 10/05/2023 - 01:15:03: [basecommands.smx] "Console<0><Console><Console>" changed cvar (cvar "sv_hibernate_when_empty") (value "0")
L 10/05/2023 - 01:15:03: [basecommands.smx] "Console<0><Console><Console>" changed cvar (cvar "survivor_allow_crawling") (value "1")
L 10/05/2023 - 01:15:03: [basecommands.smx] "Console<0><Console><Console>" changed cvar (cvar "survivor_crawl_speed") (value "100")
L 10/05/2023 - 01:15:03: [basecommands.smx] "Console<0><Console><Console>" changed cvar (cvar "director_afk_timeout") (value "120")
L 10/05/2023 - 11:06:26: -------- Mapchange to l4d_garage01_alleys --------
L 10/05/2023 - 11:06:27: [basecommands.smx] "Console<0><Console><Console>" changed cvar (cvar "z_difficulty") (value "Impossible")
L 10/05/2023 - 11:06:27: [basecommands.smx] "Console<0><Console><Console>" changed cvar (cvar "sb_all_bot_team") (value "1")
L 10/05/2023 - 11:06:27: [basecommands.smx] "Console<0><Console><Console>" changed cvar (cvar "sv_hibernate_when_empty") (value "0")
L 10/05/2023 - 11:06:27: [basecommands.smx] "Console<0><Console><Console>" changed cvar (cvar "survivor_allow_crawling") (value "1")
L 10/05/2023 - 11:06:27: [basecommands.smx] "Console<0><Console><Console>" changed cvar (cvar "survivor_crawl_speed") (value "100")
L 10/05/2023 - 11:06:27: [basecommands.smx] "Console<0><Console><Console>" changed cvar (cvar "director_afk_timeout") (value "120")
L 10/05/2023 - 11:16:15: -------- Mapchange to l4d_garage02_lots --------
L 10/05/2023 - 11:16:16: [basecommands.smx] "Console<0><Console><Console>" changed cvar (cvar "z_difficulty") (value "Impossible")
L 10/05/2023 - 11:16:16: [basecommands.smx] "Console<0><Console><Console>" changed cvar (cvar "sb_all_bot_team") (value "1")
L 10/05/2023 - 11:16:16: [basecommands.smx] "Console<0><Console><Console>" changed cvar (cvar "sv_hibernate_when_empty") (value "0")
L 10/05/2023 - 11:16:16: [basecommands.smx] "Console<0><Console><Console>" changed cvar (cvar "survivor_allow_crawling") (value "1")
L 10/05/2023 - 11:16:16: [basecommands.smx] "Console<0><Console><Console>" changed cvar (cvar "survivor_crawl_speed") (value "100")
L 10/05/2023 - 11:16:16: [basecommands.smx] "Console<0><Console><Console>" changed cvar (cvar "director_afk_timeout") (value "120")
L 10/05/2023 - 11:27:18: [SM] Changed map to "l4d_farm01_hilltop"
L 10/05/2023 - 11:27:18: -------- Mapchange to l4d_farm01_hilltop --------
L 10/05/2023 - 11:27:19: [basecommands.smx] "Console<0><Console><Console>" changed cvar (cvar "z_difficulty") (value "Impossible")
L 10/05/2023 - 11:27:19: [basecommands.smx] "Console<0><Console><Console>" changed cvar (cvar "sb_all_bot_team") (value "1")
L 10/05/2023 - 11:27:19: [basecommands.smx] "Console<0><Console><Console>" changed cvar (cvar "sv_hibernate_when_empty") (value "0")
L 10/05/2023 - 11:27:19: [basecommands.smx] "Console<0><Console><Console>" changed cvar (cvar "survivor_allow_crawling") (value "1")
L 10/05/2023 - 11:27:19: [basecommands.smx] "Console<0><Console><Console>" changed cvar (cvar "survivor_crawl_speed") (value "100")
L 10/05/2023 - 11:27:19: [basecommands.smx] "Console<0><Console><Console>" changed cvar (cvar "director_afk_timeout") (value "120")
L 10/05/2023 - 11:31:59: -------- Mapchange to l4d_farm02_traintunnel --------
L 10/05/2023 - 11:32:00: [basecommands.smx] "Console<0><Console><Console>" changed cvar (cvar "z_difficulty") (value "Impossible")
L 10/05/2023 - 11:32:00: [basecommands.smx] "Console<0><Console><Console>" changed cvar (cvar "sb_all_bot_team") (value "1")
L 10/05/2023 - 11:32:00: [basecommands.smx] "Console<0><Console><Console>" changed cvar (cvar "sv_hibernate_when_empty") (value "0")
L 10/05/2023 - 11:32:00: [basecommands.smx] "Console<0><Console><Console>" changed cvar (cvar "survivor_allow_crawling") (value "1")
L 10/05/2023 - 11:32:00: [basecommands.smx] "Console<0><Console><Console>" changed cvar (cvar "survivor_crawl_speed") (value "100")
L 10/05/2023 - 11:32:00: [basecommands.smx] "Console<0><Console><Console>" changed cvar (cvar "director_afk_timeout") (value "120")
L 10/05/2023 - 11:40:59: -------- Mapchange to l4d_farm03_bridge --------
L 10/05/2023 - 11:41:00: [basecommands.smx] "Console<0><Console><Console>" changed cvar (cvar "z_difficulty") (value "Impossible")
L 10/05/2023 - 11:41:00: [basecommands.smx] "Console<0><Console><Console>" changed cvar (cvar "sb_all_bot_team") (value "1")
L 10/05/2023 - 11:41:00: [basecommands.smx] "Console<0><Console><Console>" changed cvar (cvar "sv_hibernate_when_empty") (value "0")
L 10/05/2023 - 11:41:00: [basecommands.smx] "Console<0><Console><Console>" changed cvar (cvar "survivor_allow_crawling") (value "1")
L 10/05/2023 - 11:41:00: [basecommands.smx] "Console<0><Console><Console>" changed cvar (cvar "survivor_crawl_speed") (value "100")
L 10/05/2023 - 11:41:00: [basecommands.smx] "Console<0><Console><Console>" changed cvar (cvar "director_afk_timeout") (value "120")
L 10/05/2023 - 11:53:26: -------- Mapchange to l4d_smalltown01_caves --------
L 10/05/2023 - 11:53:27: [basecommands.smx] "Console<0><Console><Console>" changed cvar (cvar "z_difficulty") (value "Impossible")
L 10/05/2023 - 11:53:27: [basecommands.smx] "Console<0><Console><Console>" changed cvar (cvar "sb_all_bot_team") (value "1")
L 10/05/2023 - 11:53:27: [basecommands.smx] "Console<0><Console><Console>" changed cvar (cvar "sv_hibernate_when_empty") (value "0")
L 10/05/2023 - 11:53:27: [basecommands.smx] "Console<0><Console><Console>" changed cvar (cvar "survivor_allow_crawling") (value "1")
L 10/05/2023 - 11:53:27: [basecommands.smx] "Console<0><Console><Console>" changed cvar (cvar "survivor_crawl_speed") (value "100")
L 10/05/2023 - 11:53:27: [basecommands.smx] "Console<0><Console><Console>" changed cvar (cvar "director_afk_timeout") (value "120")
L 10/05/2023 - 11:58:31: -------- Mapchange to l4d_smalltown02_drainage --------
L 10/05/2023 - 11:58:32: [basecommands.smx] "Console<0><Console><Console>" changed cvar (cvar "z_difficulty") (value "Impossible")
L 10/05/2023 - 11:58:32: [basecommands.smx] "Console<0><Console><Console>" changed cvar (cvar "sb_all_bot_team") (value "1")
L 10/05/2023 - 11:58:32: [basecommands.smx] "Console<0><Console><Console>" changed cvar (cvar "sv_hibernate_when_empty") (value "0")
L 10/05/2023 - 11:58:32: [basecommands.smx] "Console<0><Console><Console>" changed cvar (cvar "survivor_allow_crawling") (value "1")
L 10/05/2023 - 11:58:32: [basecommands.smx] "Console<0><Console><Console>" changed cvar (cvar "survivor_crawl_speed") (value "100")
L 10/05/2023 - 11:58:32: [basecommands.smx] "Console<0><Console><Console>" changed cvar (cvar "director_afk_timeout") (value "120")
L 10/05/2023 - 12:02:53: -------- Mapchange to l4d_smalltown03_ranchhouse --------
L 10/05/2023 - 12:02:54: [basecommands.smx] "Console<0><Console><Console>" changed cvar (cvar "z_difficulty") (value "Impossible")
L 10/05/2023 - 12:02:54: [basecommands.smx] "Console<0><Console><Console>" changed cvar (cvar "sb_all_bot_team") (value "1")
L 10/05/2023 - 12:02:54: [basecommands.smx] "Console<0><Console><Console>" changed cvar (cvar "sv_hibernate_when_empty") (value "0")
L 10/05/2023 - 12:02:54: [basecommands.smx] "Console<0><Console><Console>" changed cvar (cvar "survivor_allow_crawling") (value "1")
L 10/05/2023 - 12:02:54: [basecommands.smx] "Console<0><Console><Console>" changed cvar (cvar "survivor_crawl_speed") (value "100")
L 10/05/2023 - 12:02:54: [basecommands.smx] "Console<0><Console><Console>" changed cvar (cvar "director_afk_timeout") (value "120")
L 10/05/2023 - 12:07:44: -------- Mapchange to l4d_smalltown04_mainstreet --------
L 10/05/2023 - 12:07:45: [basecommands.smx] "Console<0><Console><Console>" changed cvar (cvar "z_difficulty") (value "Impossible")
L 10/05/2023 - 12:07:45: [basecommands.smx] "Console<0><Console><Console>" changed cvar (cvar "sb_all_bot_team") (value "1")
L 10/05/2023 - 12:07:45: [basecommands.smx] "Console<0><Console><Console>" changed cvar (cvar "sv_hibernate_when_empty") (value "0")
L 10/05/2023 - 12:07:45: [basecommands.smx] "Console<0><Console><Console>" changed cvar (cvar "survivor_allow_crawling") (value "1")
L 10/05/2023 - 12:07:45: [basecommands.smx] "Console<0><Console><Console>" changed cvar (cvar "survivor_crawl_speed") (value "100")
L 10/05/2023 - 12:07:45: [basecommands.smx] "Console<0><Console><Console>" changed cvar (cvar "director_afk_timeout") (value "120")
L 10/05/2023 - 12:14:00: -------- Mapchange to l4d_smalltown05_houseboat --------
L 10/05/2023 - 12:14:02: [basecommands.smx] "Console<0><Console><Console>" changed cvar (cvar "z_difficulty") (value "Impossible")
L 10/05/2023 - 12:14:02: [basecommands.smx] "Console<0><Console><Console>" changed cvar (cvar "sb_all_bot_team") (value "1")
L 10/05/2023 - 12:14:02: [basecommands.smx] "Console<0><Console><Console>" changed cvar (cvar "sv_hibernate_when_empty") (value "0")
L 10/05/2023 - 12:14:02: [basecommands.smx] "Console<0><Console><Console>" changed cvar (cvar "survivor_allow_crawling") (value "1")
L 10/05/2023 - 12:14:02: [basecommands.smx] "Console<0><Console><Console>" changed cvar (cvar "survivor_crawl_speed") (value "100")
L 10/05/2023 - 12:14:02: [basecommands.smx] "Console<0><Console><Console>" changed cvar (cvar "director_afk_timeout") (value "120")
L 10/05/2023 - 12:22:13: [SM] Changed map to "l4d_hospital01_apartment"
L 10/05/2023 - 12:22:13: -------- Mapchange to l4d_hospital01_apartment --------
L 10/05/2023 - 12:22:14: [basecommands.smx] "Console<0><Console><Console>" changed cvar (cvar "z_difficulty") (value "Impossible")
L 10/05/2023 - 12:22:14: [basecommands.smx] "Console<0><Console><Console>" changed cvar (cvar "sb_all_bot_team") (value "1")
L 10/05/2023 - 12:22:14: [basecommands.smx] "Console<0><Console><Console>" changed cvar (cvar "sv_hibernate_when_empty") (value "0")
L 10/05/2023 - 12:22:14: [basecommands.smx] "Console<0><Console><Console>" changed cvar (cvar "survivor_allow_crawling") (value "1")
L 10/05/2023 - 12:22:14: [basecommands.smx] "Console<0><Console><Console>" changed cvar (cvar "survivor_crawl_speed") (value "100")
L 10/05/2023 - 12:22:14: [basecommands.smx] "Console<0><Console><Console>" changed cvar (cvar "director_afk_timeout") (value "120")
L 10/05/2023 - 12:25:22: -------- Mapchange to l4d_hospital02_subway --------
L 10/05/2023 - 12:25:23: [basecommands.smx] "Console<0><Console><Console>" changed cvar (cvar "z_difficulty") (value "Impossible")
L 10/05/2023 - 12:25:23: [basecommands.smx] "Console<0><Console><Console>" changed cvar (cvar "sb_all_bot_team") (value "1")
L 10/05/2023 - 12:25:23: [basecommands.smx] "Console<0><Console><Console>" changed cvar (cvar "sv_hibernate_when_empty") (value "0")
L 10/05/2023 - 12:25:23: [basecommands.smx] "Console<0><Console><Console>" changed cvar (cvar "survivor_allow_crawling") (value "1")
L 10/05/2023 - 12:25:23: [basecommands.smx] "Console<0><Console><Console>" changed cvar (cvar "survivor_crawl_speed") (value "100")
L 10/05/2023 - 12:25:23: [basecommands.smx] "Console<0><Console><Console>" changed cvar (cvar "director_afk_timeout") (value "120")
L 10/05/2023 - 12:32:35: -------- Mapchange to l4d_hospital03_sewers --------
L 10/05/2023 - 12:32:36: [basecommands.smx] "Console<0><Console><Console>" changed cvar (cvar "z_difficulty") (value "Impossible")
L 10/05/2023 - 12:32:36: [basecommands.smx] "Console<0><Console><Console>" changed cvar (cvar "sb_all_bot_team") (value "1")
L 10/05/2023 - 12:32:36: [basecommands.smx] "Console<0><Console><Console>" changed cvar (cvar "sv_hibernate_when_empty") (value "0")
L 10/05/2023 - 12:32:36: [basecommands.smx] "Console<0><Console><Console>" changed cvar (cvar "survivor_allow_crawling") (value "1")
L 10/05/2023 - 12:32:36: [basecommands.smx] "Console<0><Console><Console>" changed cvar (cvar "survivor_crawl_speed") (value "100")
L 10/05/2023 - 12:32:36: [basecommands.smx] "Console<0><Console><Console>" changed cvar (cvar "director_afk_timeout") (value "120")
L 10/05/2023 - 12:37:08: -------- Mapchange to l4d_hospital04_interior --------
L 10/05/2023 - 12:37:09: [basecommands.smx] "Console<0><Console><Console>" changed cvar (cvar "z_difficulty") (value "Impossible")
L 10/05/2023 - 12:37:09: [basecommands.smx] "Console<0><Console><Console>" changed cvar (cvar "sb_all_bot_team") (value "1")
L 10/05/2023 - 12:37:09: [basecommands.smx] "Console<0><Console><Console>" changed cvar (cvar "sv_hibernate_when_empty") (value "0")
L 10/05/2023 - 12:37:09: [basecommands.smx] "Console<0><Console><Console>" changed cvar (cvar "survivor_allow_crawling") (value "1")
L 10/05/2023 - 12:37:09: [basecommands.smx] "Console<0><Console><Console>" changed cvar (cvar "survivor_crawl_speed") (value "100")
L 10/05/2023 - 12:37:09: [basecommands.smx] "Console<0><Console><Console>" changed cvar (cvar "director_afk_timeout") (value "120")
L 10/05/2023 - 12:41:22: -------- Mapchange to l4d_hospital05_rooftop --------
L 10/05/2023 - 12:41:23: [basecommands.smx] "Console<0><Console><Console>" changed cvar (cvar "z_difficulty") (value "Impossible")
L 10/05/2023 - 12:41:23: [basecommands.smx] "Console<0><Console><Console>" changed cvar (cvar "sb_all_bot_team") (value "1")
L 10/05/2023 - 12:41:23: [basecommands.smx] "Console<0><Console><Console>" changed cvar (cvar "sv_hibernate_when_empty") (value "0")
L 10/05/2023 - 12:41:23: [basecommands.smx] "Console<0><Console><Console>" changed cvar (cvar "survivor_allow_crawling") (value "1")
L 10/05/2023 - 12:41:23: [basecommands.smx] "Console<0><Console><Console>" changed cvar (cvar "survivor_crawl_speed") (value "100")
L 10/05/2023 - 12:41:23: [basecommands.smx] "Console<0><Console><Console>" changed cvar (cvar "director_afk_timeout") (value "120")
L 10/05/2023 - 12:48:37: [SM] Changed map to "l4d_river01_docks"
L 10/05/2023 - 12:48:38: -------- Mapchange to l4d_river01_docks --------
L 10/05/2023 - 12:48:39: [basecommands.smx] "Console<0><Console><Console>" changed cvar (cvar "z_difficulty") (value "Impossible")
L 10/05/2023 - 12:48:39: [basecommands.smx] "Console<0><Console><Console>" changed cvar (cvar "sb_all_bot_team") (value "1")
L 10/05/2023 - 12:48:39: [basecommands.smx] "Console<0><Console><Console>" changed cvar (cvar "sv_hibernate_when_empty") (value "0")
L 10/05/2023 - 12:48:39: [basecommands.smx] "Console<0><Console><Console>" changed cvar (cvar "survivor_allow_crawling") (value "1")
L 10/05/2023 - 12:48:39: [basecommands.smx] "Console<0><Console><Console>" changed cvar (cvar "survivor_crawl_speed") (value "100")
L 10/05/2023 - 12:48:39: [basecommands.smx] "Console<0><Console><Console>" changed cvar (cvar "director_afk_timeout") (value "120")
L 10/05/2023 - 13:15:57: -------- Mapchange to l4d_airport01_greenhouse --------
L 10/05/2023 - 13:16:17: SourceMod log file session started (file "/home/steam/Steam/l4d1server/left4dead/addons/sourcemod/logs/L20231005.log") (Version "1.11.0.6936")
L 10/05/2023 - 13:16:17: [basecommands.smx] "Console<0><Console><Console>" changed cvar (cvar "z_difficulty") (value "Impossible")
L 10/05/2023 - 13:16:17: [basecommands.smx] "Console<0><Console><Console>" changed cvar (cvar "sb_all_bot_team") (value "1")
L 10/05/2023 - 13:16:17: [basecommands.smx] "Console<0><Console><Console>" changed cvar (cvar "sv_hibernate_when_empty") (value "0")
L 10/05/2023 - 13:16:17: [basecommands.smx] "Console<0><Console><Console>" changed cvar (cvar "survivor_allow_crawling") (value "1")
L 10/05/2023 - 13:16:17: [basecommands.smx] "Console<0><Console><Console>" changed cvar (cvar "survivor_crawl_speed") (value "100")
L 10/05/2023 - 13:16:17: [basecommands.smx] "Console<0><Console><Console>" changed cvar (cvar "director_afk_timeout") (value "120")
L 10/05/2023 - 13:18:09: -------- Mapchange to l4d_airport01_greenhouse --------
L 10/05/2023 - 13:18:10: [basecommands.smx] "Console<0><Console><Console>" changed cvar (cvar "z_difficulty") (value "Impossible")
L 10/05/2023 - 13:18:10: [basecommands.smx] "Console<0><Console><Console>" changed cvar (cvar "sb_all_bot_team") (value "1")
L 10/05/2023 - 13:18:10: [basecommands.smx] "Console<0><Console><Console>" changed cvar (cvar "sv_hibernate_when_empty") (value "0")
L 10/05/2023 - 13:18:10: [basecommands.smx] "Console<0><Console><Console>" changed cvar (cvar "survivor_allow_crawling") (value "1")
L 10/05/2023 - 13:18:10: [basecommands.smx] "Console<0><Console><Console>" changed cvar (cvar "survivor_crawl_speed") (value "100")
L 10/05/2023 - 13:18:10: [basecommands.smx] "Console<0><Console><Console>" changed cvar (cvar "director_afk_timeout") (value "120")
L 10/05/2023 - 13:18:40: -------- Mapchange to l4d_airport01_greenhouse --------
L 10/05/2023 - 13:18:41: [basecommands.smx] "Console<0><Console><Console>" changed cvar (cvar "z_difficulty") (value "Impossible")
L 10/05/2023 - 13:18:41: [basecommands.smx] "Console<0><Console><Console>" changed cvar (cvar "sb_all_bot_team") (value "1")
L 10/05/2023 - 13:18:41: [basecommands.smx] "Console<0><Console><Console>" changed cvar (cvar "sv_hibernate_when_empty") (value "0")
L 10/05/2023 - 13:18:41: [basecommands.smx] "Console<0><Console><Console>" changed cvar (cvar "survivor_allow_crawling") (value "1")
L 10/05/2023 - 13:18:41: [basecommands.smx] "Console<0><Console><Console>" changed cvar (cvar "survivor_crawl_speed") (value "100")
L 10/05/2023 - 13:18:41: [basecommands.smx] "Console<0><Console><Console>" changed cvar (cvar "director_afk_timeout") (value "120")
L 10/05/2023 - 13:22:25: -------- Mapchange to l4d_airport02_offices --------
L 10/05/2023 - 13:22:25: [basecommands.smx] "Console<0><Console><Console>" changed cvar (cvar "z_difficulty") (value "Impossible")
L 10/05/2023 - 13:22:26: [basecommands.smx] "Console<0><Console><Console>" changed cvar (cvar "sb_all_bot_team") (value "1")
L 10/05/2023 - 13:22:26: [basecommands.smx] "Console<0><Console><Console>" changed cvar (cvar "sv_hibernate_when_empty") (value "0")
L 10/05/2023 - 13:22:26: [basecommands.smx] "Console<0><Console><Console>" changed cvar (cvar "survivor_allow_crawling") (value "1")
L 10/05/2023 - 13:22:26: [basecommands.smx] "Console<0><Console><Console>" changed cvar (cvar "survivor_crawl_speed") (value "100")
L 10/05/2023 - 13:22:26: [basecommands.smx] "Console<0><Console><Console>" changed cvar (cvar "director_afk_timeout") (value "120")
L 10/05/2023 - 13:32:21: -------- Mapchange to l4d_airport03_garage --------
L 10/05/2023 - 13:32:22: [basecommands.smx] "Console<0><Console><Console>" changed cvar (cvar "z_difficulty") (value "Impossible")
L 10/05/2023 - 13:32:23: [basecommands.smx] "Console<0><Console><Console>" changed cvar (cvar "sb_all_bot_team") (value "1")
L 10/05/2023 - 13:32:23: [basecommands.smx] "Console<0><Console><Console>" changed cvar (cvar "sv_hibernate_when_empty") (value "0")
L 10/05/2023 - 13:32:23: [basecommands.smx] "Console<0><Console><Console>" changed cvar (cvar "survivor_allow_crawling") (value "1")
L 10/05/2023 - 13:32:23: [basecommands.smx] "Console<0><Console><Console>" changed cvar (cvar "survivor_crawl_speed") (value "100")
L 10/05/2023 - 13:32:23: [basecommands.smx] "Console<0><Console><Console>" changed cvar (cvar "director_afk_timeout") (value "120")
L 10/05/2023 - 13:37:51: -------- Mapchange to l4d_airport04_terminal --------
L 10/05/2023 - 13:37:52: [basecommands.smx] "Console<0><Console><Console>" changed cvar (cvar "z_difficulty") (value "Impossible")
L 10/05/2023 - 13:37:52: [basecommands.smx] "Console<0><Console><Console>" changed cvar (cvar "sb_all_bot_team") (value "1")
L 10/05/2023 - 13:37:52: [basecommands.smx] "Console<0><Console><Console>" changed cvar (cvar "sv_hibernate_when_empty") (value "0")
L 10/05/2023 - 13:37:52: [basecommands.smx] "Console<0><Console><Console>" changed cvar (cvar "survivor_allow_crawling") (value "1")
L 10/05/2023 - 13:37:52: [basecommands.smx] "Console<0><Console><Console>" changed cvar (cvar "survivor_crawl_speed") (value "100")
L 10/05/2023 - 13:37:52: [basecommands.smx] "Console<0><Console><Console>" changed cvar (cvar "director_afk_timeout") (value "120")
L 10/05/2023 - 13:41:55: -------- Mapchange to l4d_airport05_runway --------
L 10/05/2023 - 13:41:56: [basecommands.smx] "Console<0><Console><Console>" changed cvar (cvar "z_difficulty") (value "Impossible")
L 10/05/2023 - 13:41:56: [basecommands.smx] "Console<0><Console><Console>" changed cvar (cvar "sb_all_bot_team") (value "1")
L 10/05/2023 - 13:41:56: [basecommands.smx] "Console<0><Console><Console>" changed cvar (cvar "sv_hibernate_when_empty") (value "0")
L 10/05/2023 - 13:41:56: [basecommands.smx] "Console<0><Console><Console>" changed cvar (cvar "survivor_allow_crawling") (value "1")
L 10/05/2023 - 13:41:56: [basecommands.smx] "Console<0><Console><Console>" changed cvar (cvar "survivor_crawl_speed") (value "100")
L 10/05/2023 - 13:41:56: [basecommands.smx] "Console<0><Console><Console>" changed cvar (cvar "director_afk_timeout") (value "120")
L 10/05/2023 - 13:47:24: [SM] Changed map to "l4d_garage01_alleys"
L 10/05/2023 - 13:47:24: -------- Mapchange to l4d_garage01_alleys --------
L 10/05/2023 - 13:47:25: [basecommands.smx] "Console<0><Console><Console>" changed cvar (cvar "z_difficulty") (value "Impossible")
L 10/05/2023 - 13:47:25: [basecommands.smx] "Console<0><Console><Console>" changed cvar (cvar "sb_all_bot_team") (value "1")
L 10/05/2023 - 13:47:25: [basecommands.smx] "Console<0><Console><Console>" changed cvar (cvar "sv_hibernate_when_empty") (value "0")
L 10/05/2023 - 13:47:25: [basecommands.smx] "Console<0><Console><Console>" changed cvar (cvar "survivor_allow_crawling") (value "1")
L 10/05/2023 - 13:47:25: [basecommands.smx] "Console<0><Console><Console>" changed cvar (cvar "survivor_crawl_speed") (value "100")
L 10/05/2023 - 13:47:25: [basecommands.smx] "Console<0><Console><Console>" changed cvar (cvar "director_afk_timeout") (value "120")
L 10/05/2023 - 15:20:07: -------- Mapchange to l4d_sv_lighthouse --------
L 10/05/2023 - 15:20:08: [basecommands.smx] "Console<0><Console><Console>" changed cvar (cvar "z_difficulty") (value "Impossible")
L 10/05/2023 - 15:20:08: [basecommands.smx] "Console<0><Console><Console>" changed cvar (cvar "sb_all_bot_team") (value "1")
L 10/05/2023 - 15:20:08: [basecommands.smx] "Console<0><Console><Console>" changed cvar (cvar "sv_hibernate_when_empty") (value "0")
L 10/05/2023 - 15:20:08: [basecommands.smx] "Console<0><Console><Console>" changed cvar (cvar "survivor_allow_crawling") (value "1")
L 10/05/2023 - 15:20:08: [basecommands.smx] "Console<0><Console><Console>" changed cvar (cvar "survivor_crawl_speed") (value "100")
L 10/05/2023 - 15:20:08: [basecommands.smx] "Console<0><Console><Console>" changed cvar (cvar "director_afk_timeout") (value "120")
L 10/05/2023 - 16:08:35: -------- Mapchange to l4d_vs_smalltown01_caves --------
L 10/05/2023 - 16:08:36: [basecommands.smx] "Console<0><Console><Console>" changed cvar (cvar "z_difficulty") (value "Impossible")
L 10/05/2023 - 16:08:36: [basecommands.smx] "Console<0><Console><Console>" changed cvar (cvar "sb_all_bot_team") (value "1")
L 10/05/2023 - 16:08:36: [basecommands.smx] "Console<0><Console><Console>" changed cvar (cvar "sv_hibernate_when_empty") (value "0")
L 10/05/2023 - 16:08:36: [basecommands.smx] "Console<0><Console><Console>" changed cvar (cvar "survivor_allow_crawling") (value "1")
L 10/05/2023 - 16:08:36: [basecommands.smx] "Console<0><Console><Console>" changed cvar (cvar "survivor_crawl_speed") (value "100")
L 10/05/2023 - 16:08:36: [basecommands.smx] "Console<0><Console><Console>" changed cvar (cvar "director_afk_timeout") (value "120")
L 10/05/2023 - 16:09:21: [SM] Changed map to "ld_cryodragoon_4_3"
L 10/05/2023 - 16:09:21: -------- Mapchange to ld_cryodragoon_4_3 --------
L 10/05/2023 - 16:09:22: [basecommands.smx] "Console<0><Console><Console>" changed cvar (cvar "z_difficulty") (value "Impossible")
L 10/05/2023 - 16:09:22: [basecommands.smx] "Console<0><Console><Console>" changed cvar (cvar "sb_all_bot_team") (value "1")
L 10/05/2023 - 16:09:22: [basecommands.smx] "Console<0><Console><Console>" changed cvar (cvar "sv_hibernate_when_empty") (value "0")
L 10/05/2023 - 16:09:22: [basecommands.smx] "Console<0><Console><Console>" changed cvar (cvar "survivor_allow_crawling") (value "1")
L 10/05/2023 - 16:09:22: [basecommands.smx] "Console<0><Console><Console>" changed cvar (cvar "survivor_crawl_speed") (value "100")
L 10/05/2023 - 16:09:22: [basecommands.smx] "Console<0><Console><Console>" changed cvar (cvar "director_afk_timeout") (value "120")
L 10/05/2023 - 16:28:23: -------- Mapchange to l4d_farm01_hilltop --------
L 10/05/2023 - 16:28:24: [basecommands.smx] "Console<0><Console><Console>" changed cvar (cvar "z_difficulty") (value "Impossible")
L 10/05/2023 - 16:28:24: [basecommands.smx] "Console<0><Console><Console>" changed cvar (cvar "sb_all_bot_team") (value "1")
L 10/05/2023 - 16:28:24: [basecommands.smx] "Console<0><Console><Console>" changed cvar (cvar "sv_hibernate_when_empty") (value "0")
L 10/05/2023 - 16:28:24: [basecommands.smx] "Console<0><Console><Console>" changed cvar (cvar "survivor_allow_crawling") (value "1")
L 10/05/2023 - 16:28:24: [basecommands.smx] "Console<0><Console><Console>" changed cvar (cvar "survivor_crawl_speed") (value "100")
L 10/05/2023 - 16:28:24: [basecommands.smx] "Console<0><Console><Console>" changed cvar (cvar "director_afk_timeout") (value "120")
L 10/05/2023 - 16:32:24: -------- Mapchange to l4d_farm02_traintunnel --------
L 10/05/2023 - 16:32:25: [basecommands.smx] "Console<0><Console><Console>" changed cvar (cvar "z_difficulty") (value "Impossible")
L 10/05/2023 - 16:32:25: [basecommands.smx] "Console<0><Console><Console>" changed cvar (cvar "sb_all_bot_team") (value "1")
L 10/05/2023 - 16:32:25: [basecommands.smx] "Console<0><Console><Console>" changed cvar (cvar "sv_hibernate_when_empty") (value "0")
L 10/05/2023 - 16:32:25: [basecommands.smx] "Console<0><Console><Console>" changed cvar (cvar "survivor_allow_crawling") (value "1")
L 10/05/2023 - 16:32:25: [basecommands.smx] "Console<0><Console><Console>" changed cvar (cvar "survivor_crawl_speed") (value "100")
L 10/05/2023 - 16:32:25: [basecommands.smx] "Console<0><Console><Console>" changed cvar (cvar "director_afk_timeout") (value "120")
L 10/05/2023 - 16:38:41: -------- Mapchange to l4d_farm03_bridge --------
L 10/05/2023 - 16:38:42: [basecommands.smx] "Console<0><Console><Console>" changed cvar (cvar "z_difficulty") (value "Impossible")
L 10/05/2023 - 16:38:42: [basecommands.smx] "Console<0><Console><Console>" changed cvar (cvar "sb_all_bot_team") (value "1")
L 10/05/2023 - 16:38:42: [basecommands.smx] "Console<0><Console><Console>" changed cvar (cvar "sv_hibernate_when_empty") (value "0")
L 10/05/2023 - 16:38:42: [basecommands.smx] "Console<0><Console><Console>" changed cvar (cvar "survivor_allow_crawling") (value "1")
L 10/05/2023 - 16:38:42: [basecommands.smx] "Console<0><Console><Console>" changed cvar (cvar "survivor_crawl_speed") (value "100")
L 10/05/2023 - 16:38:42: [basecommands.smx] "Console<0><Console><Console>" changed cvar (cvar "director_afk_timeout") (value "120")
L 10/05/2023 - 16:45:51: -------- Mapchange to l4d_farm04_barn --------
L 10/05/2023 - 16:45:52: [basecommands.smx] "Console<0><Console><Console>" changed cvar (cvar "z_difficulty") (value "Impossible")
L 10/05/2023 - 16:45:52: [basecommands.smx] "Console<0><Console><Console>" changed cvar (cvar "sb_all_bot_team") (value "1")
L 10/05/2023 - 16:45:52: [basecommands.smx] "Console<0><Console><Console>" changed cvar (cvar "sv_hibernate_when_empty") (value "0")
L 10/05/2023 - 16:45:52: [basecommands.smx] "Console<0><Console><Console>" changed cvar (cvar "survivor_allow_crawling") (value "1")
L 10/05/2023 - 16:45:52: [basecommands.smx] "Console<0><Console><Console>" changed cvar (cvar "survivor_crawl_speed") (value "100")
L 10/05/2023 - 16:45:52: [basecommands.smx] "Console<0><Console><Console>" changed cvar (cvar "director_afk_timeout") (value "120")
L 10/05/2023 - 16:50:04: -------- Mapchange to l4d_farm05_cornfield --------
L 10/05/2023 - 16:50:04: [basecommands.smx] "Console<0><Console><Console>" changed cvar (cvar "z_difficulty") (value "Impossible")
L 10/05/2023 - 16:50:04: [basecommands.smx] "Console<0><Console><Console>" changed cvar (cvar "sb_all_bot_team") (value "1")
L 10/05/2023 - 16:50:04: [basecommands.smx] "Console<0><Console><Console>" changed cvar (cvar "sv_hibernate_when_empty") (value "0")
L 10/05/2023 - 16:50:04: [basecommands.smx] "Console<0><Console><Console>" changed cvar (cvar "survivor_allow_crawling") (value "1")
L 10/05/2023 - 16:50:05: [basecommands.smx] "Console<0><Console><Console>" changed cvar (cvar "survivor_crawl_speed") (value "100")
L 10/05/2023 - 16:50:05: [basecommands.smx] "Console<0><Console><Console>" changed cvar (cvar "director_afk_timeout") (value "120")
L 10/05/2023 - 16:57:53: [SM] Changed map to "l4d_hospital01_apartment"
L 10/05/2023 - 16:57:53: -------- Mapchange to l4d_hospital01_apartment --------
L 10/05/2023 - 16:57:54: [basecommands.smx] "Console<0><Console><Console>" changed cvar (cvar "z_difficulty") (value "Impossible")
L 10/05/2023 - 16:57:54: [basecommands.smx] "Console<0><Console><Console>" changed cvar (cvar "sb_all_bot_team") (value "1")
L 10/05/2023 - 16:57:54: [basecommands.smx] "Console<0><Console><Console>" changed cvar (cvar "sv_hibernate_when_empty") (value "0")
L 10/05/2023 - 16:57:54: [basecommands.smx] "Console<0><Console><Console>" changed cvar (cvar "survivor_allow_crawling") (value "1")
L 10/05/2023 - 16:57:54: [basecommands.smx] "Console<0><Console><Console>" changed cvar (cvar "survivor_crawl_speed") (value "100")
L 10/05/2023 - 16:57:54: [basecommands.smx] "Console<0><Console><Console>" changed cvar (cvar "director_afk_timeout") (value "120")
L 10/05/2023 - 17:00:15: -------- Mapchange to l4d_hospital02_subway --------
L 10/05/2023 - 17:00:16: [basecommands.smx] "Console<0><Console><Console>" changed cvar (cvar "z_difficulty") (value "Impossible")
L 10/05/2023 - 17:00:16: [basecommands.smx] "Console<0><Console><Console>" changed cvar (cvar "sb_all_bot_team") (value "1")
L 10/05/2023 - 17:00:16: [basecommands.smx] "Console<0><Console><Console>" changed cvar (cvar "sv_hibernate_when_empty") (value "0")
L 10/05/2023 - 17:00:16: [basecommands.smx] "Console<0><Console><Console>" changed cvar (cvar "survivor_allow_crawling") (value "1")
L 10/05/2023 - 17:00:16: [basecommands.smx] "Console<0><Console><Console>" changed cvar (cvar "survivor_crawl_speed") (value "100")
L 10/05/2023 - 17:00:16: [basecommands.smx] "Console<0><Console><Console>" changed cvar (cvar "director_afk_timeout") (value "120")
L 10/05/2023 - 17:04:22: -------- Mapchange to l4d_hospital03_sewers --------
L 10/05/2023 - 17:04:22: [basecommands.smx] "Console<0><Console><Console>" changed cvar (cvar "z_difficulty") (value "Impossible")
L 10/05/2023 - 17:04:22: [basecommands.smx] "Console<0><Console><Console>" changed cvar (cvar "sb_all_bot_team") (value "1")
L 10/05/2023 - 17:04:22: [basecommands.smx] "Console<0><Console><Console>" changed cvar (cvar "sv_hibernate_when_empty") (value "0")
L 10/05/2023 - 17:04:22: [basecommands.smx] "Console<0><Console><Console>" changed cvar (cvar "survivor_allow_crawling") (value "1")
L 10/05/2023 - 17:04:22: [basecommands.smx] "Console<0><Console><Console>" changed cvar (cvar "survivor_crawl_speed") (value "100")
L 10/05/2023 - 17:04:22: [basecommands.smx] "Console<0><Console><Console>" changed cvar (cvar "director_afk_timeout") (value "120")
L 10/05/2023 - 17:09:22: -------- Mapchange to l4d_hospital04_interior --------
L 10/05/2023 - 17:09:22: [basecommands.smx] "Console<0><Console><Console>" changed cvar (cvar "z_difficulty") (value "Impossible")
L 10/05/2023 - 17:09:22: [basecommands.smx] "Console<0><Console><Console>" changed cvar (cvar "sb_all_bot_team") (value "1")
L 10/05/2023 - 17:09:22: [basecommands.smx] "Console<0><Console><Console>" changed cvar (cvar "sv_hibernate_when_empty") (value "0")
L 10/05/2023 - 17:09:22: [basecommands.smx] "Console<0><Console><Console>" changed cvar (cvar "survivor_allow_crawling") (value "1")
L 10/05/2023 - 17:09:22: [basecommands.smx] "Console<0><Console><Console>" changed cvar (cvar "survivor_crawl_speed") (value "100")
L 10/05/2023 - 17:09:22: [basecommands.smx] "Console<0><Console><Console>" changed cvar (cvar "director_afk_timeout") (value "120")
L 10/05/2023 - 17:15:02: -------- Mapchange to l4d_hospital05_rooftop --------
L 10/05/2023 - 17:15:03: [basecommands.smx] "Console<0><Console><Console>" changed cvar (cvar "z_difficulty") (value "Impossible")
L 10/05/2023 - 17:15:03: [basecommands.smx] "Console<0><Console><Console>" changed cvar (cvar "sb_all_bot_team") (value "1")
L 10/05/2023 - 17:15:03: [basecommands.smx] "Console<0><Console><Console>" changed cvar (cvar "sv_hibernate_when_empty") (value "0")
L 10/05/2023 - 17:15:03: [basecommands.smx] "Console<0><Console><Console>" changed cvar (cvar "survivor_allow_crawling") (value "1")
L 10/05/2023 - 17:15:03: [basecommands.smx] "Console<0><Console><Console>" changed cvar (cvar "survivor_crawl_speed") (value "100")
L 10/05/2023 - 17:15:03: [basecommands.smx] "Console<0><Console><Console>" changed cvar (cvar "director_afk_timeout") (value "120")
L 10/05/2023 - 17:22:24: [SM] Changed map to "l4d_river01_docks"
L 10/05/2023 - 17:22:24: -------- Mapchange to l4d_river01_docks --------
L 10/05/2023 - 17:22:25: [basecommands.smx] "Console<0><Console><Console>" changed cvar (cvar "z_difficulty") (value "Impossible")
L 10/05/2023 - 17:22:25: [basecommands.smx] "Console<0><Console><Console>" changed cvar (cvar "sb_all_bot_team") (value "1")
L 10/05/2023 - 17:22:25: [basecommands.smx] "Console<0><Console><Console>" changed cvar (cvar "sv_hibernate_when_empty") (value "0")
L 10/05/2023 - 17:22:25: [basecommands.smx] "Console<0><Console><Console>" changed cvar (cvar "survivor_allow_crawling") (value "1")
L 10/05/2023 - 17:22:25: [basecommands.smx] "Console<0><Console><Console>" changed cvar (cvar "survivor_crawl_speed") (value "100")
L 10/05/2023 - 17:22:25: [basecommands.smx] "Console<0><Console><Console>" changed cvar (cvar "director_afk_timeout") (value "120")
L 10/05/2023 - 17:29:01: -------- Mapchange to l4d_river02_barge --------
L 10/05/2023 - 17:29:19: SourceMod log file session started (file "/home/steam/Steam/l4d1server/left4dead/addons/sourcemod/logs/L20231005.log") (Version "1.11.0.6936")
L 10/05/2023 - 17:29:19: [basecommands.smx] "Console<0><Console><Console>" changed cvar (cvar "z_difficulty") (value "Impossible")
L 10/05/2023 - 17:29:19: [basecommands.smx] "Console<0><Console><Console>" changed cvar (cvar "sb_all_bot_team") (value "1")
L 10/05/2023 - 17:29:19: [basecommands.smx] "Console<0><Console><Console>" changed cvar (cvar "sv_hibernate_when_empty") (value "0")
L 10/05/2023 - 17:29:19: [basecommands.smx] "Console<0><Console><Console>" changed cvar (cvar "survivor_allow_crawling") (value "1")
L 10/05/2023 - 17:29:19: [basecommands.smx] "Console<0><Console><Console>" changed cvar (cvar "survivor_crawl_speed") (value "100")
L 10/05/2023 - 17:29:19: [basecommands.smx] "Console<0><Console><Console>" changed cvar (cvar "director_afk_timeout") (value "120")
L 10/05/2023 - 17:46:50: -------- Mapchange to l4d_hospital01_apartment --------
L 10/05/2023 - 17:46:51: [basecommands.smx] "Console<0><Console><Console>" changed cvar (cvar "z_difficulty") (value "Impossible")
L 10/05/2023 - 17:46:51: [basecommands.smx] "Console<0><Console><Console>" changed cvar (cvar "sb_all_bot_team") (value "1")
L 10/05/2023 - 17:46:51: [basecommands.smx] "Console<0><Console><Console>" changed cvar (cvar "sv_hibernate_when_empty") (value "0")
L 10/05/2023 - 17:46:51: [basecommands.smx] "Console<0><Console><Console>" changed cvar (cvar "survivor_allow_crawling") (value "1")
L 10/05/2023 - 17:46:51: [basecommands.smx] "Console<0><Console><Console>" changed cvar (cvar "survivor_crawl_speed") (value "100")
L 10/05/2023 - 17:46:51: [basecommands.smx] "Console<0><Console><Console>" changed cvar (cvar "director_afk_timeout") (value "120")
L 10/05/2023 - 17:49:39: -------- Mapchange to l4d_hospital01_apartment --------
L 10/05/2023 - 17:49:40: [basecommands.smx] "Console<0><Console><Console>" changed cvar (cvar "z_difficulty") (value "Impossible")
L 10/05/2023 - 17:49:40: [basecommands.smx] "Console<0><Console><Console>" changed cvar (cvar "sb_all_bot_team") (value "1")
L 10/05/2023 - 17:49:40: [basecommands.smx] "Console<0><Console><Console>" changed cvar (cvar "sv_hibernate_when_empty") (value "0")
L 10/05/2023 - 17:49:40: [basecommands.smx] "Console<0><Console><Console>" changed cvar (cvar "survivor_allow_crawling") (value "1")
L 10/05/2023 - 17:49:40: [basecommands.smx] "Console<0><Console><Console>" changed cvar (cvar "survivor_crawl_speed") (value "100")
L 10/05/2023 - 17:49:40: [basecommands.smx] "Console<0><Console><Console>" changed cvar (cvar "director_afk_timeout") (value "120")
L 10/05/2023 - 17:53:37: -------- Mapchange to l4d_hospital02_subway --------
L 10/05/2023 - 17:53:38: [basecommands.smx] "Console<0><Console><Console>" changed cvar (cvar "z_difficulty") (value "Impossible")
L 10/05/2023 - 17:53:38: [basecommands.smx] "Console<0><Console><Console>" changed cvar (cvar "sb_all_bot_team") (value "1")
L 10/05/2023 - 17:53:38: [basecommands.smx] "Console<0><Console><Console>" changed cvar (cvar "sv_hibernate_when_empty") (value "0")
L 10/05/2023 - 17:53:38: [basecommands.smx] "Console<0><Console><Console>" changed cvar (cvar "survivor_allow_crawling") (value "1")
L 10/05/2023 - 17:53:38: [basecommands.smx] "Console<0><Console><Console>" changed cvar (cvar "survivor_crawl_speed") (value "100")
L 10/05/2023 - 17:53:38: [basecommands.smx] "Console<0><Console><Console>" changed cvar (cvar "director_afk_timeout") (value "120")
L 10/05/2023 - 18:02:20: -------- Mapchange to l4d_hospital03_sewers --------
L 10/05/2023 - 18:02:21: [basecommands.smx] "Console<0><Console><Console>" changed cvar (cvar "z_difficulty") (value "Impossible")
L 10/05/2023 - 18:02:21: [basecommands.smx] "Console<0><Console><Console>" changed cvar (cvar "sb_all_bot_team") (value "1")
L 10/05/2023 - 18:02:21: [basecommands.smx] "Console<0><Console><Console>" changed cvar (cvar "sv_hibernate_when_empty") (value "0")
L 10/05/2023 - 18:02:21: [basecommands.smx] "Console<0><Console><Console>" changed cvar (cvar "survivor_allow_crawling") (value "1")
L 10/05/2023 - 18:02:21: [basecommands.smx] "Console<0><Console><Console>" changed cvar (cvar "survivor_crawl_speed") (value "100")
L 10/05/2023 - 18:02:21: [basecommands.smx] "Console<0><Console><Console>" changed cvar (cvar "director_afk_timeout") (value "120")
L 10/05/2023 - 18:14:13: -------- Mapchange to l4d_hospital04_interior --------
L 10/05/2023 - 18:14:13: [basecommands.smx] "Console<0><Console><Console>" changed cvar (cvar "z_difficulty") (value "Impossible")
L 10/05/2023 - 18:14:13: [basecommands.smx] "Console<0><Console><Console>" changed cvar (cvar "sb_all_bot_team") (value "1")
L 10/05/2023 - 18:14:13: [basecommands.smx] "Console<0><Console><Console>" changed cvar (cvar "sv_hibernate_when_empty") (value "0")
L 10/05/2023 - 18:14:13: [basecommands.smx] "Console<0><Console><Console>" changed cvar (cvar "survivor_allow_crawling") (value "1")
L 10/05/2023 - 18:14:13: [basecommands.smx] "Console<0><Console><Console>" changed cvar (cvar "survivor_crawl_speed") (value "100")
L 10/05/2023 - 18:14:13: [basecommands.smx] "Console<0><Console><Console>" changed cvar (cvar "director_afk_timeout") (value "120")
L 10/05/2023 - 18:20:46: -------- Mapchange to l4d_hospital05_rooftop --------
L 10/05/2023 - 18:20:47: [basecommands.smx] "Console<0><Console><Console>" changed cvar (cvar "z_difficulty") (value "Impossible")
L 10/05/2023 - 18:20:47: [basecommands.smx] "Console<0><Console><Console>" changed cvar (cvar "sb_all_bot_team") (value "1")
L 10/05/2023 - 18:20:47: [basecommands.smx] "Console<0><Console><Console>" changed cvar (cvar "sv_hibernate_when_empty") (value "0")
L 10/05/2023 - 18:20:47: [basecommands.smx] "Console<0><Console><Console>" changed cvar (cvar "survivor_allow_crawling") (value "1")
L 10/05/2023 - 18:20:47: [basecommands.smx] "Console<0><Console><Console>" changed cvar (cvar "survivor_crawl_speed") (value "100")
L 10/05/2023 - 18:20:47: [basecommands.smx] "Console<0><Console><Console>" changed cvar (cvar "director_afk_timeout") (value "120")
L 10/05/2023 - 18:28:40: [SM] Changed map to "l4d_airport01_greenhouse"
L 10/05/2023 - 18:28:41: -------- Mapchange to l4d_airport01_greenhouse --------
L 10/05/2023 - 18:28:41: [basecommands.smx] "Console<0><Console><Console>" changed cvar (cvar "z_difficulty") (value "Impossible")
L 10/05/2023 - 18:28:41: [basecommands.smx] "Console<0><Console><Console>" changed cvar (cvar "sb_all_bot_team") (value "1")
L 10/05/2023 - 18:28:41: [basecommands.smx] "Console<0><Console><Console>" changed cvar (cvar "sv_hibernate_when_empty") (value "0")
L 10/05/2023 - 18:28:41: [basecommands.smx] "Console<0><Console><Console>" changed cvar (cvar "survivor_allow_crawling") (value "1")
L 10/05/2023 - 18:28:41: [basecommands.smx] "Console<0><Console><Console>" changed cvar (cvar "survivor_crawl_speed") (value "100")
L 10/05/2023 - 18:28:41: [basecommands.smx] "Console<0><Console><Console>" changed cvar (cvar "director_afk_timeout") (value "120")
L 10/05/2023 - 18:32:58: -------- Mapchange to l4d_airport02_offices --------
L 10/05/2023 - 18:32:59: [basecommands.smx] "Console<0><Console><Console>" changed cvar (cvar "z_difficulty") (value "Impossible")
L 10/05/2023 - 18:32:59: [basecommands.smx] "Console<0><Console><Console>" changed cvar (cvar "sb_all_bot_team") (value "1")
L 10/05/2023 - 18:32:59: [basecommands.smx] "Console<0><Console><Console>" changed cvar (cvar "sv_hibernate_when_empty") (value "0")
L 10/05/2023 - 18:32:59: [basecommands.smx] "Console<0><Console><Console>" changed cvar (cvar "survivor_allow_crawling") (value "1")
L 10/05/2023 - 18:32:59: [basecommands.smx] "Console<0><Console><Console>" changed cvar (cvar "survivor_crawl_speed") (value "100")
L 10/05/2023 - 18:32:59: [basecommands.smx] "Console<0><Console><Console>" changed cvar (cvar "director_afk_timeout") (value "120")
L 10/05/2023 - 18:39:47: -------- Mapchange to l4d_airport03_garage --------
L 10/05/2023 - 18:39:47: [basecommands.smx] "Console<0><Console><Console>" changed cvar (cvar "z_difficulty") (value "Impossible")
L 10/05/2023 - 18:39:47: [basecommands.smx] "Console<0><Console><Console>" changed cvar (cvar "sb_all_bot_team") (value "1")
L 10/05/2023 - 18:39:47: [basecommands.smx] "Console<0><Console><Console>" changed cvar (cvar "sv_hibernate_when_empty") (value "0")
L 10/05/2023 - 18:39:47: [basecommands.smx] "Console<0><Console><Console>" changed cvar (cvar "survivor_allow_crawling") (value "1")
L 10/05/2023 - 18:39:47: [basecommands.smx] "Console<0><Console><Console>" changed cvar (cvar "survivor_crawl_speed") (value "100")
L 10/05/2023 - 18:39:47: [basecommands.smx] "Console<0><Console><Console>" changed cvar (cvar "director_afk_timeout") (value "120")
L 10/05/2023 - 18:48:30: -------- Mapchange to l4d_airport04_terminal --------
L 10/05/2023 - 18:48:31: [basecommands.smx] "Console<0><Console><Console>" changed cvar (cvar "z_difficulty") (value "Impossible")
L 10/05/2023 - 18:48:31: [basecommands.smx] "Console<0><Console><Console>" changed cvar (cvar "sb_all_bot_team") (value "1")
L 10/05/2023 - 18:48:31: [basecommands.smx] "Console<0><Console><Console>" changed cvar (cvar "sv_hibernate_when_empty") (value "0")
L 10/05/2023 - 18:48:31: [basecommands.smx] "Console<0><Console><Console>" changed cvar (cvar "survivor_allow_crawling") (value "1")
L 10/05/2023 - 18:48:31: [basecommands.smx] "Console<0><Console><Console>" changed cvar (cvar "survivor_crawl_speed") (value "100")
L 10/05/2023 - 18:48:31: [basecommands.smx] "Console<0><Console><Console>" changed cvar (cvar "director_afk_timeout") (value "120")
L 10/05/2023 - 18:53:28: -------- Mapchange to l4d_airport05_runway --------
L 10/05/2023 - 18:53:29: [basecommands.smx] "Console<0><Console><Console>" changed cvar (cvar "z_difficulty") (value "Impossible")
L 10/05/2023 - 18:53:29: [basecommands.smx] "Console<0><Console><Console>" changed cvar (cvar "sb_all_bot_team") (value "1")
L 10/05/2023 - 18:53:29: [basecommands.smx] "Console<0><Console><Console>" changed cvar (cvar "sv_hibernate_when_empty") (value "0")
L 10/05/2023 - 18:53:29: [basecommands.smx] "Console<0><Console><Console>" changed cvar (cvar "survivor_allow_crawling") (value "1")
L 10/05/2023 - 18:53:29: [basecommands.smx] "Console<0><Console><Console>" changed cvar (cvar "survivor_crawl_speed") (value "100")
L 10/05/2023 - 18:53:29: [basecommands.smx] "Console<0><Console><Console>" changed cvar (cvar "director_afk_timeout") (value "120")
L 10/05/2023 - 18:59:01: [SM] Changed map to "l4d_smalltown01_caves"
L 10/05/2023 - 18:59:01: -------- Mapchange to l4d_smalltown01_caves --------
L 10/05/2023 - 18:59:01: [basecommands.smx] "Console<0><Console><Console>" changed cvar (cvar "z_difficulty") (value "Impossible")
L 10/05/2023 - 18:59:01: [basecommands.smx] "Console<0><Console><Console>" changed cvar (cvar "sb_all_bot_team") (value "1")
L 10/05/2023 - 18:59:01: [basecommands.smx] "Console<0><Console><Console>" changed cvar (cvar "sv_hibernate_when_empty") (value "0")
L 10/05/2023 - 18:59:01: [basecommands.smx] "Console<0><Console><Console>" changed cvar (cvar "survivor_allow_crawling") (value "1")
L 10/05/2023 - 18:59:02: [basecommands.smx] "Console<0><Console><Console>" changed cvar (cvar "survivor_crawl_speed") (value "100")
L 10/05/2023 - 18:59:02: [basecommands.smx] "Console<0><Console><Console>" changed cvar (cvar "director_afk_timeout") (value "120")
L 10/05/2023 - 19:01:56: -------- Mapchange to l4d_smalltown02_drainage --------
L 10/05/2023 - 19:01:57: [basecommands.smx] "Console<0><Console><Console>" changed cvar (cvar "z_difficulty") (value "Impossible")
L 10/05/2023 - 19:01:57: [basecommands.smx] "Console<0><Console><Console>" changed cvar (cvar "sb_all_bot_team") (value "1")
L 10/05/2023 - 19:01:57: [basecommands.smx] "Console<0><Console><Console>" changed cvar (cvar "sv_hibernate_when_empty") (value "0")
L 10/05/2023 - 19:01:57: [basecommands.smx] "Console<0><Console><Console>" changed cvar (cvar "survivor_allow_crawling") (value "1")
L 10/05/2023 - 19:01:57: [basecommands.smx] "Console<0><Console><Console>" changed cvar (cvar "survivor_crawl_speed") (value "100")
L 10/05/2023 - 19:01:57: [basecommands.smx] "Console<0><Console><Console>" changed cvar (cvar "director_afk_timeout") (value "120")
L 10/05/2023 - 19:05:47: -------- Mapchange to l4d_smalltown03_ranchhouse --------
L 10/05/2023 - 19:05:48: [basecommands.smx] "Console<0><Console><Console>" changed cvar (cvar "z_difficulty") (value "Impossible")
L 10/05/2023 - 19:05:48: [basecommands.smx] "Console<0><Console><Console>" changed cvar (cvar "sb_all_bot_team") (value "1")
L 10/05/2023 - 19:05:48: [basecommands.smx] "Console<0><Console><Console>" changed cvar (cvar "sv_hibernate_when_empty") (value "0")
L 10/05/2023 - 19:05:48: [basecommands.smx] "Console<0><Console><Console>" changed cvar (cvar "survivor_allow_crawling") (value "1")
L 10/05/2023 - 19:05:48: [basecommands.smx] "Console<0><Console><Console>" changed cvar (cvar "survivor_crawl_speed") (value "100")
L 10/05/2023 - 19:05:48: [basecommands.smx] "Console<0><Console><Console>" changed cvar (cvar "director_afk_timeout") (value "120")
L 10/05/2023 - 19:10:11: -------- Mapchange to l4d_smalltown04_mainstreet --------
L 10/05/2023 - 19:10:12: [basecommands.smx] "Console<0><Console><Console>" changed cvar (cvar "z_difficulty") (value "Impossible")
L 10/05/2023 - 19:10:12: [basecommands.smx] "Console<0><Console><Console>" changed cvar (cvar "sb_all_bot_team") (value "1")
L 10/05/2023 - 19:10:12: [basecommands.smx] "Console<0><Console><Console>" changed cvar (cvar "sv_hibernate_when_empty") (value "0")
L 10/05/2023 - 19:10:12: [basecommands.smx] "Console<0><Console><Console>" changed cvar (cvar "survivor_allow_crawling") (value "1")
L 10/05/2023 - 19:10:12: [basecommands.smx] "Console<0><Console><Console>" changed cvar (cvar "survivor_crawl_speed") (value "100")
L 10/05/2023 - 19:10:12: [basecommands.smx] "Console<0><Console><Console>" changed cvar (cvar "director_afk_timeout") (value "120")
L 10/05/2023 - 19:20:14: -------- Mapchange to l4d_smalltown05_houseboat --------
L 10/05/2023 - 19:20:15: [basecommands.smx] "Console<0><Console><Console>" changed cvar (cvar "z_difficulty") (value "Impossible")
L 10/05/2023 - 19:20:15: [basecommands.smx] "Console<0><Console><Console>" changed cvar (cvar "sb_all_bot_team") (value "1")
L 10/05/2023 - 19:20:15: [basecommands.smx] "Console<0><Console><Console>" changed cvar (cvar "sv_hibernate_when_empty") (value "0")
L 10/05/2023 - 19:20:15: [basecommands.smx] "Console<0><Console><Console>" changed cvar (cvar "survivor_allow_crawling") (value "1")
L 10/05/2023 - 19:20:15: [basecommands.smx] "Console<0><Console><Console>" changed cvar (cvar "survivor_crawl_speed") (value "100")
L 10/05/2023 - 19:20:15: [basecommands.smx] "Console<0><Console><Console>" changed cvar (cvar "director_afk_timeout") (value "120")
L 10/05/2023 - 19:28:21: [SM] Changed map to "l4d_river01_docks"
L 10/05/2023 - 19:28:21: -------- Mapchange to l4d_river01_docks --------
L 10/05/2023 - 19:28:22: [basecommands.smx] "Console<0><Console><Console>" changed cvar (cvar "z_difficulty") (value "Impossible")
L 10/05/2023 - 19:28:22: [basecommands.smx] "Console<0><Console><Console>" changed cvar (cvar "sb_all_bot_team") (value "1")
L 10/05/2023 - 19:28:22: [basecommands.smx] "Console<0><Console><Console>" changed cvar (cvar "sv_hibernate_when_empty") (value "0")
L 10/05/2023 - 19:28:22: [basecommands.smx] "Console<0><Console><Console>" changed cvar (cvar "survivor_allow_crawling") (value "1")
L 10/05/2023 - 19:28:22: [basecommands.smx] "Console<0><Console><Console>" changed cvar (cvar "survivor_crawl_speed") (value "100")
L 10/05/2023 - 19:28:23: [basecommands.smx] "Console<0><Console><Console>" changed cvar (cvar "director_afk_timeout") (value "120")
L 10/05/2023 - 19:33:48: [SM] Changed map to "l4d_river03_port"
L 10/05/2023 - 19:33:50: -------- Mapchange to l4d_river03_port --------
L 10/05/2023 - 19:34:08: SourceMod log file session started (file "/home/steam/Steam/l4d1server/left4dead/addons/sourcemod/logs/L20231005.log") (Version "1.11.0.6936")
L 10/05/2023 - 19:34:08: [basecommands.smx] "Console<0><Console><Console>" changed cvar (cvar "z_difficulty") (value "Impossible")
L 10/05/2023 - 19:34:08: [basecommands.smx] "Console<0><Console><Console>" changed cvar (cvar "sb_all_bot_team") (value "1")
L 10/05/2023 - 19:34:08: [basecommands.smx] "Console<0><Console><Console>" changed cvar (cvar "sv_hibernate_when_empty") (value "0")
L 10/05/2023 - 19:34:08: [basecommands.smx] "Console<0><Console><Console>" changed cvar (cvar "survivor_allow_crawling") (value "1")
L 10/05/2023 - 19:34:08: [basecommands.smx] "Console<0><Console><Console>" changed cvar (cvar "survivor_crawl_speed") (value "100")
L 10/05/2023 - 19:34:08: [basecommands.smx] "Console<0><Console><Console>" changed cvar (cvar "director_afk_timeout") (value "120")
L 10/05/2023 - 21:03:26: -------- Mapchange to l4d_sv_lighthouse --------
L 10/05/2023 - 21:03:27: [basecommands.smx] "Console<0><Console><Console>" changed cvar (cvar "z_difficulty") (value "Impossible")
L 10/05/2023 - 21:03:27: [basecommands.smx] "Console<0><Console><Console>" changed cvar (cvar "sb_all_bot_team") (value "1")
L 10/05/2023 - 21:03:27: [basecommands.smx] "Console<0><Console><Console>" changed cvar (cvar "sv_hibernate_when_empty") (value "0")
L 10/05/2023 - 21:03:27: [basecommands.smx] "Console<0><Console><Console>" changed cvar (cvar "survivor_allow_crawling") (value "1")
L 10/05/2023 - 21:03:27: [basecommands.smx] "Console<0><Console><Console>" changed cvar (cvar "survivor_crawl_speed") (value "100")
L 10/05/2023 - 21:03:27: [basecommands.smx] "Console<0><Console><Console>" changed cvar (cvar "director_afk_timeout") (value "120")
L 10/05/2023 - 22:25:01: -------- Mapchange to l4d_river03_port --------
L 10/05/2023 - 22:25:02: [basecommands.smx] "Console<0><Console><Console>" changed cvar (cvar "z_difficulty") (value "Impossible")
L 10/05/2023 - 22:25:02: [basecommands.smx] "Console<0><Console><Console>" changed cvar (cvar "sb_all_bot_team") (value "1")
L 10/05/2023 - 22:25:02: [basecommands.smx] "Console<0><Console><Console>" changed cvar (cvar "sv_hibernate_when_empty") (value "0")
L 10/05/2023 - 22:25:02: [basecommands.smx] "Console<0><Console><Console>" changed cvar (cvar "survivor_allow_crawling") (value "1")
L 10/05/2023 - 22:25:02: [basecommands.smx] "Console<0><Console><Console>" changed cvar (cvar "survivor_crawl_speed") (value "100")
L 10/05/2023 - 22:25:02: [basecommands.smx] "Console<0><Console><Console>" changed cvar (cvar "director_afk_timeout") (value "120")
L 10/05/2023 - 22:33:01: [SM] Changed map to "l4d_airport01_greenhouse"
L 10/05/2023 - 22:33:01: -------- Mapchange to l4d_airport01_greenhouse --------
L 10/05/2023 - 22:33:02: [basecommands.smx] "Console<0><Console><Console>" changed cvar (cvar "z_difficulty") (value "Impossible")
L 10/05/2023 - 22:33:02: [basecommands.smx] "Console<0><Console><Console>" changed cvar (cvar "sb_all_bot_team") (value "1")
L 10/05/2023 - 22:33:02: [basecommands.smx] "Console<0><Console><Console>" changed cvar (cvar "sv_hibernate_when_empty") (value "0")
L 10/05/2023 - 22:33:02: [basecommands.smx] "Console<0><Console><Console>" changed cvar (cvar "survivor_allow_crawling") (value "1")
L 10/05/2023 - 22:33:02: [basecommands.smx] "Console<0><Console><Console>" changed cvar (cvar "survivor_crawl_speed") (value "100")
L 10/05/2023 - 22:33:02: [basecommands.smx] "Console<0><Console><Console>" changed cvar (cvar "director_afk_timeout") (value "120")
L 10/05/2023 - 22:35:44: -------- Mapchange to l4d_airport02_offices --------
L 10/05/2023 - 22:35:44: [basecommands.smx] "Console<0><Console><Console>" changed cvar (cvar "z_difficulty") (value "Impossible")
L 10/05/2023 - 22:35:44: [basecommands.smx] "Console<0><Console><Console>" changed cvar (cvar "sb_all_bot_team") (value "1")
L 10/05/2023 - 22:35:44: [basecommands.smx] "Console<0><Console><Console>" changed cvar (cvar "sv_hibernate_when_empty") (value "0")
L 10/05/2023 - 22:35:44: [basecommands.smx] "Console<0><Console><Console>" changed cvar (cvar "survivor_allow_crawling") (value "1")
L 10/05/2023 - 22:35:44: [basecommands.smx] "Console<0><Console><Console>" changed cvar (cvar "survivor_crawl_speed") (value "100")
L 10/05/2023 - 22:35:44: [basecommands.smx] "Console<0><Console><Console>" changed cvar (cvar "director_afk_timeout") (value "120")
L 10/05/2023 - 22:46:22: -------- Mapchange to l4d_airport03_garage --------
L 10/05/2023 - 22:46:23: [basecommands.smx] "Console<0><Console><Console>" changed cvar (cvar "z_difficulty") (value "Impossible")
L 10/05/2023 - 22:46:23: [basecommands.smx] "Console<0><Console><Console>" changed cvar (cvar "sb_all_bot_team") (value "1")
L 10/05/2023 - 22:46:23: [basecommands.smx] "Console<0><Console><Console>" changed cvar (cvar "sv_hibernate_when_empty") (value "0")
L 10/05/2023 - 22:46:23: [basecommands.smx] "Console<0><Console><Console>" changed cvar (cvar "survivor_allow_crawling") (value "1")
L 10/05/2023 - 22:46:23: [basecommands.smx] "Console<0><Console><Console>" changed cvar (cvar "survivor_crawl_speed") (value "100")
L 10/05/2023 - 22:46:23: [basecommands.smx] "Console<0><Console><Console>" changed cvar (cvar "director_afk_timeout") (value "120")
L 10/05/2023 - 22:56:24: -------- Mapchange to l4d_airport04_terminal --------
L 10/05/2023 - 22:56:25: [basecommands.smx] "Console<0><Console><Console>" changed cvar (cvar "z_difficulty") (value "Impossible")
L 10/05/2023 - 22:56:25: [basecommands.smx] "Console<0><Console><Console>" changed cvar (cvar "sb_all_bot_team") (value "1")
L 10/05/2023 - 22:56:25: [basecommands.smx] "Console<0><Console><Console>" changed cvar (cvar "sv_hibernate_when_empty") (value "0")
L 10/05/2023 - 22:56:25: [basecommands.smx] "Console<0><Console><Console>" changed cvar (cvar "survivor_allow_crawling") (value "1")
L 10/05/2023 - 22:56:25: [basecommands.smx] "Console<0><Console><Console>" changed cvar (cvar "survivor_crawl_speed") (value "100")
L 10/05/2023 - 22:56:25: [basecommands.smx] "Console<0><Console><Console>" changed cvar (cvar "director_afk_timeout") (value "120")
L 10/05/2023 - 23:02:43: -------- Mapchange to l4d_airport05_runway --------
L 10/05/2023 - 23:02:44: [basecommands.smx] "Console<0><Console><Console>" changed cvar (cvar "z_difficulty") (value "Impossible")
L 10/05/2023 - 23:02:44: [basecommands.smx] "Console<0><Console><Console>" changed cvar (cvar "sb_all_bot_team") (value "1")
L 10/05/2023 - 23:02:44: [basecommands.smx] "Console<0><Console><Console>" changed cvar (cvar "sv_hibernate_when_empty") (value "0")
L 10/05/2023 - 23:02:44: [basecommands.smx] "Console<0><Console><Console>" changed cvar (cvar "survivor_allow_crawling") (value "1")
L 10/05/2023 - 23:02:44: [basecommands.smx] "Console<0><Console><Console>" changed cvar (cvar "survivor_crawl_speed") (value "100")
L 10/05/2023 - 23:02:44: [basecommands.smx] "Console<0><Console><Console>" changed cvar (cvar "director_afk_timeout") (value "120")
L 10/05/2023 - 23:16:04: -------- Mapchange to l4d_sv_lighthouse --------
L 10/05/2023 - 23:16:05: [basecommands.smx] "Console<0><Console><Console>" changed cvar (cvar "z_difficulty") (value "Impossible")
L 10/05/2023 - 23:16:05: [basecommands.smx] "Console<0><Console><Console>" changed cvar (cvar "sb_all_bot_team") (value "1")
L 10/05/2023 - 23:16:05: [basecommands.smx] "Console<0><Console><Console>" changed cvar (cvar "sv_hibernate_when_empty") (value "0")
L 10/05/2023 - 23:16:05: [basecommands.smx] "Console<0><Console><Console>" changed cvar (cvar "survivor_allow_crawling") (value "1")
L 10/05/2023 - 23:16:05: [basecommands.smx] "Console<0><Console><Console>" changed cvar (cvar "survivor_crawl_speed") (value "100")
L 10/05/2023 - 23:16:05: [basecommands.smx] "Console<0><Console><Console>" changed cvar (cvar "director_afk_timeout") (value "120")
L 10/05/2023 - 23:21:06: -------- Mapchange to l4d_vs_farm05_cornfield --------
L 10/05/2023 - 23:21:07: [basecommands.smx] "Console<0><Console><Console>" changed cvar (cvar "z_difficulty") (value "Impossible")
L 10/05/2023 - 23:21:07: [basecommands.smx] "Console<0><Console><Console>" changed cvar (cvar "sb_all_bot_team") (value "1")
L 10/05/2023 - 23:21:07: [basecommands.smx] "Console<0><Console><Console>" changed cvar (cvar "sv_hibernate_when_empty") (value "0")
L 10/05/2023 - 23:21:07: [basecommands.smx] "Console<0><Console><Console>" changed cvar (cvar "survivor_allow_crawling") (value "1")
L 10/05/2023 - 23:21:07: [basecommands.smx] "Console<0><Console><Console>" changed cvar (cvar "survivor_crawl_speed") (value "100")
L 10/05/2023 - 23:21:07: [basecommands.smx] "Console<0><Console><Console>" changed cvar (cvar "director_afk_timeout") (value "120")
L 10/06/2023 - 02:50:47: Log file closed.
