L 10/14/2023 - 00:59:33: SourceMod log file session started (file "/home/steam/Steam/l4d1server/left4dead/addons/sourcemod/logs/L20231014.log") (Version "1.11.0.6936")
L 10/14/2023 - 00:59:33: [basecommands.smx] "Console<0><Console><Console>" changed cvar (cvar "z_difficulty") (value "Impossible")
L 10/14/2023 - 00:59:33: [basecommands.smx] "Console<0><Console><Console>" changed cvar (cvar "sb_all_bot_team") (value "1")
L 10/14/2023 - 00:59:33: [basecommands.smx] "Console<0><Console><Console>" changed cvar (cvar "sv_hibernate_when_empty") (value "0")
L 10/14/2023 - 00:59:33: [basecommands.smx] "Console<0><Console><Console>" changed cvar (cvar "survivor_allow_crawling") (value "1")
L 10/14/2023 - 00:59:33: [basecommands.smx] "Console<0><Console><Console>" changed cvar (cvar "survivor_crawl_speed") (value "100")
L 10/14/2023 - 00:59:33: [basecommands.smx] "Console<0><Console><Console>" changed cvar (cvar "director_afk_timeout") (value "120")
L 10/14/2023 - 09:57:30: -------- Mapchange to l4d_hospital01_apartment --------
L 10/14/2023 - 09:57:31: [basecommands.smx] "Console<0><Console><Console>" changed cvar (cvar "z_difficulty") (value "Impossible")
L 10/14/2023 - 09:57:31: [basecommands.smx] "Console<0><Console><Console>" changed cvar (cvar "sb_all_bot_team") (value "1")
L 10/14/2023 - 09:57:31: [basecommands.smx] "Console<0><Console><Console>" changed cvar (cvar "sv_hibernate_when_empty") (value "0")
L 10/14/2023 - 09:57:31: [basecommands.smx] "Console<0><Console><Console>" changed cvar (cvar "survivor_allow_crawling") (value "1")
L 10/14/2023 - 09:57:31: [basecommands.smx] "Console<0><Console><Console>" changed cvar (cvar "survivor_crawl_speed") (value "100")
L 10/14/2023 - 09:57:31: [basecommands.smx] "Console<0><Console><Console>" changed cvar (cvar "director_afk_timeout") (value "120")
L 10/14/2023 - 12:52:27: -------- Mapchange to l4d_hospital01_apartment --------
L 10/14/2023 - 12:52:27: [basecommands.smx] "Console<0><Console><Console>" changed cvar (cvar "z_difficulty") (value "Impossible")
L 10/14/2023 - 12:52:27: [basecommands.smx] "Console<0><Console><Console>" changed cvar (cvar "sb_all_bot_team") (value "1")
L 10/14/2023 - 12:52:27: [basecommands.smx] "Console<0><Console><Console>" changed cvar (cvar "sv_hibernate_when_empty") (value "0")
L 10/14/2023 - 12:52:27: [basecommands.smx] "Console<0><Console><Console>" changed cvar (cvar "survivor_allow_crawling") (value "1")
L 10/14/2023 - 12:52:27: [basecommands.smx] "Console<0><Console><Console>" changed cvar (cvar "survivor_crawl_speed") (value "100")
L 10/14/2023 - 12:52:27: [basecommands.smx] "Console<0><Console><Console>" changed cvar (cvar "director_afk_timeout") (value "120")
L 10/14/2023 - 12:59:55: -------- Mapchange to l4d_hospital01_apartment --------
L 10/14/2023 - 12:59:55: [basecommands.smx] "Console<0><Console><Console>" changed cvar (cvar "z_difficulty") (value "Impossible")
L 10/14/2023 - 12:59:55: [basecommands.smx] "Console<0><Console><Console>" changed cvar (cvar "sb_all_bot_team") (value "1")
L 10/14/2023 - 12:59:55: [basecommands.smx] "Console<0><Console><Console>" changed cvar (cvar "sv_hibernate_when_empty") (value "0")
L 10/14/2023 - 12:59:55: [basecommands.smx] "Console<0><Console><Console>" changed cvar (cvar "survivor_allow_crawling") (value "1")
L 10/14/2023 - 12:59:55: [basecommands.smx] "Console<0><Console><Console>" changed cvar (cvar "survivor_crawl_speed") (value "100")
L 10/14/2023 - 12:59:55: [basecommands.smx] "Console<0><Console><Console>" changed cvar (cvar "director_afk_timeout") (value "120")
L 10/14/2023 - 15:35:16: -------- Mapchange to l4d_vs_smalltown01_caves --------
L 10/14/2023 - 15:35:17: [basecommands.smx] "Console<0><Console><Console>" changed cvar (cvar "z_difficulty") (value "Impossible")
L 10/14/2023 - 15:35:17: [basecommands.smx] "Console<0><Console><Console>" changed cvar (cvar "sb_all_bot_team") (value "1")
L 10/14/2023 - 15:35:17: [basecommands.smx] "Console<0><Console><Console>" changed cvar (cvar "sv_hibernate_when_empty") (value "0")
L 10/14/2023 - 15:35:17: [basecommands.smx] "Console<0><Console><Console>" changed cvar (cvar "survivor_allow_crawling") (value "1")
L 10/14/2023 - 15:35:17: [basecommands.smx] "Console<0><Console><Console>" changed cvar (cvar "survivor_crawl_speed") (value "100")
L 10/14/2023 - 15:35:17: [basecommands.smx] "Console<0><Console><Console>" changed cvar (cvar "director_afk_timeout") (value "120")
L 10/14/2023 - 15:38:39: [SM] Changed map to "l4d_city17_01"
L 10/14/2023 - 15:38:40: -------- Mapchange to l4d_city17_01 --------
L 10/14/2023 - 15:38:41: [basecommands.smx] "Console<0><Console><Console>" changed cvar (cvar "z_difficulty") (value "Impossible")
L 10/14/2023 - 15:38:41: [basecommands.smx] "Console<0><Console><Console>" changed cvar (cvar "sb_all_bot_team") (value "1")
L 10/14/2023 - 15:38:41: [basecommands.smx] "Console<0><Console><Console>" changed cvar (cvar "sv_hibernate_when_empty") (value "0")
L 10/14/2023 - 15:38:41: [basecommands.smx] "Console<0><Console><Console>" changed cvar (cvar "survivor_allow_crawling") (value "1")
L 10/14/2023 - 15:38:41: [basecommands.smx] "Console<0><Console><Console>" changed cvar (cvar "survivor_crawl_speed") (value "100")
L 10/14/2023 - 15:38:41: [basecommands.smx] "Console<0><Console><Console>" changed cvar (cvar "director_afk_timeout") (value "120")
L 10/14/2023 - 16:40:49: -------- Mapchange to l4d_vs_hospital01_apartment --------
L 10/14/2023 - 16:40:50: [basecommands.smx] "Console<0><Console><Console>" changed cvar (cvar "z_difficulty") (value "Impossible")
L 10/14/2023 - 16:40:50: [basecommands.smx] "Console<0><Console><Console>" changed cvar (cvar "sb_all_bot_team") (value "1")
L 10/14/2023 - 16:40:50: [basecommands.smx] "Console<0><Console><Console>" changed cvar (cvar "sv_hibernate_when_empty") (value "0")
L 10/14/2023 - 16:40:50: [basecommands.smx] "Console<0><Console><Console>" changed cvar (cvar "survivor_allow_crawling") (value "1")
L 10/14/2023 - 16:40:50: [basecommands.smx] "Console<0><Console><Console>" changed cvar (cvar "survivor_crawl_speed") (value "100")
L 10/14/2023 - 16:40:50: [basecommands.smx] "Console<0><Console><Console>" changed cvar (cvar "director_afk_timeout") (value "120")
L 10/14/2023 - 16:48:32: -------- Mapchange to l4d_vs_hospital02_subway --------
L 10/14/2023 - 16:48:33: [basecommands.smx] "Console<0><Console><Console>" changed cvar (cvar "z_difficulty") (value "Impossible")
L 10/14/2023 - 16:48:33: [basecommands.smx] "Console<0><Console><Console>" changed cvar (cvar "sb_all_bot_team") (value "1")
L 10/14/2023 - 16:48:33: [basecommands.smx] "Console<0><Console><Console>" changed cvar (cvar "sv_hibernate_when_empty") (value "0")
L 10/14/2023 - 16:48:33: [basecommands.smx] "Console<0><Console><Console>" changed cvar (cvar "survivor_allow_crawling") (value "1")
L 10/14/2023 - 16:48:33: [basecommands.smx] "Console<0><Console><Console>" changed cvar (cvar "survivor_crawl_speed") (value "100")
L 10/14/2023 - 16:48:33: [basecommands.smx] "Console<0><Console><Console>" changed cvar (cvar "director_afk_timeout") (value "120")
L 10/14/2023 - 16:53:35: -------- Mapchange to l4d_vs_hospital03_sewers --------
L 10/14/2023 - 16:53:36: [basecommands.smx] "Console<0><Console><Console>" changed cvar (cvar "z_difficulty") (value "Impossible")
L 10/14/2023 - 16:53:36: [basecommands.smx] "Console<0><Console><Console>" changed cvar (cvar "sb_all_bot_team") (value "1")
L 10/14/2023 - 16:53:36: [basecommands.smx] "Console<0><Console><Console>" changed cvar (cvar "sv_hibernate_when_empty") (value "0")
L 10/14/2023 - 16:53:36: [basecommands.smx] "Console<0><Console><Console>" changed cvar (cvar "survivor_allow_crawling") (value "1")
L 10/14/2023 - 16:53:36: [basecommands.smx] "Console<0><Console><Console>" changed cvar (cvar "survivor_crawl_speed") (value "100")
L 10/14/2023 - 16:53:36: [basecommands.smx] "Console<0><Console><Console>" changed cvar (cvar "director_afk_timeout") (value "120")
L 10/14/2023 - 16:59:14: -------- Mapchange to l4d_hospital04_interior --------
L 10/14/2023 - 16:59:15: [basecommands.smx] "Console<0><Console><Console>" changed cvar (cvar "z_difficulty") (value "Impossible")
L 10/14/2023 - 16:59:15: [basecommands.smx] "Console<0><Console><Console>" changed cvar (cvar "sb_all_bot_team") (value "1")
L 10/14/2023 - 16:59:15: [basecommands.smx] "Console<0><Console><Console>" changed cvar (cvar "sv_hibernate_when_empty") (value "0")
L 10/14/2023 - 16:59:15: [basecommands.smx] "Console<0><Console><Console>" changed cvar (cvar "survivor_allow_crawling") (value "1")
L 10/14/2023 - 16:59:15: [basecommands.smx] "Console<0><Console><Console>" changed cvar (cvar "survivor_crawl_speed") (value "100")
L 10/14/2023 - 16:59:15: [basecommands.smx] "Console<0><Console><Console>" changed cvar (cvar "director_afk_timeout") (value "120")
L 10/14/2023 - 17:06:04: -------- Mapchange to l4d_hospital05_rooftop --------
L 10/14/2023 - 17:06:04: [basecommands.smx] "Console<0><Console><Console>" changed cvar (cvar "z_difficulty") (value "Impossible")
L 10/14/2023 - 17:06:04: [basecommands.smx] "Console<0><Console><Console>" changed cvar (cvar "sb_all_bot_team") (value "1")
L 10/14/2023 - 17:06:04: [basecommands.smx] "Console<0><Console><Console>" changed cvar (cvar "sv_hibernate_when_empty") (value "0")
L 10/14/2023 - 17:06:04: [basecommands.smx] "Console<0><Console><Console>" changed cvar (cvar "survivor_allow_crawling") (value "1")
L 10/14/2023 - 17:06:04: [basecommands.smx] "Console<0><Console><Console>" changed cvar (cvar "survivor_crawl_speed") (value "100")
L 10/14/2023 - 17:06:04: [basecommands.smx] "Console<0><Console><Console>" changed cvar (cvar "director_afk_timeout") (value "120")
L 10/14/2023 - 17:44:10: [SM] Changed map to "l4d_smalltown01_caves"
L 10/14/2023 - 17:44:10: -------- Mapchange to l4d_smalltown01_caves --------
L 10/14/2023 - 17:44:10: [basecommands.smx] "Console<0><Console><Console>" changed cvar (cvar "z_difficulty") (value "Impossible")
L 10/14/2023 - 17:44:10: [basecommands.smx] "Console<0><Console><Console>" changed cvar (cvar "sb_all_bot_team") (value "1")
L 10/14/2023 - 17:44:11: [basecommands.smx] "Console<0><Console><Console>" changed cvar (cvar "sv_hibernate_when_empty") (value "0")
L 10/14/2023 - 17:44:11: [basecommands.smx] "Console<0><Console><Console>" changed cvar (cvar "survivor_allow_crawling") (value "1")
L 10/14/2023 - 17:44:11: [basecommands.smx] "Console<0><Console><Console>" changed cvar (cvar "survivor_crawl_speed") (value "100")
L 10/14/2023 - 17:44:11: [basecommands.smx] "Console<0><Console><Console>" changed cvar (cvar "director_afk_timeout") (value "120")
L 10/14/2023 - 17:48:28: -------- Mapchange to l4d_smalltown02_drainage --------
L 10/14/2023 - 17:48:29: [basecommands.smx] "Console<0><Console><Console>" changed cvar (cvar "z_difficulty") (value "Impossible")
L 10/14/2023 - 17:48:29: [basecommands.smx] "Console<0><Console><Console>" changed cvar (cvar "sb_all_bot_team") (value "1")
L 10/14/2023 - 17:48:29: [basecommands.smx] "Console<0><Console><Console>" changed cvar (cvar "sv_hibernate_when_empty") (value "0")
L 10/14/2023 - 17:48:29: [basecommands.smx] "Console<0><Console><Console>" changed cvar (cvar "survivor_allow_crawling") (value "1")
L 10/14/2023 - 17:48:29: [basecommands.smx] "Console<0><Console><Console>" changed cvar (cvar "survivor_crawl_speed") (value "100")
L 10/14/2023 - 17:48:29: [basecommands.smx] "Console<0><Console><Console>" changed cvar (cvar "director_afk_timeout") (value "120")
L 10/14/2023 - 17:52:24: -------- Mapchange to l4d_smalltown03_ranchhouse --------
L 10/14/2023 - 17:52:25: [basecommands.smx] "Console<0><Console><Console>" changed cvar (cvar "z_difficulty") (value "Impossible")
L 10/14/2023 - 17:52:25: [basecommands.smx] "Console<0><Console><Console>" changed cvar (cvar "sb_all_bot_team") (value "1")
L 10/14/2023 - 17:52:25: [basecommands.smx] "Console<0><Console><Console>" changed cvar (cvar "sv_hibernate_when_empty") (value "0")
L 10/14/2023 - 17:52:25: [basecommands.smx] "Console<0><Console><Console>" changed cvar (cvar "survivor_allow_crawling") (value "1")
L 10/14/2023 - 17:52:25: [basecommands.smx] "Console<0><Console><Console>" changed cvar (cvar "survivor_crawl_speed") (value "100")
L 10/14/2023 - 17:52:25: [basecommands.smx] "Console<0><Console><Console>" changed cvar (cvar "director_afk_timeout") (value "120")
L 10/14/2023 - 18:00:26: -------- Mapchange to l4d_smalltown04_mainstreet --------
L 10/14/2023 - 18:00:27: [basecommands.smx] "Console<0><Console><Console>" changed cvar (cvar "z_difficulty") (value "Impossible")
L 10/14/2023 - 18:00:27: [basecommands.smx] "Console<0><Console><Console>" changed cvar (cvar "sb_all_bot_team") (value "1")
L 10/14/2023 - 18:00:27: [basecommands.smx] "Console<0><Console><Console>" changed cvar (cvar "sv_hibernate_when_empty") (value "0")
L 10/14/2023 - 18:00:27: [basecommands.smx] "Console<0><Console><Console>" changed cvar (cvar "survivor_allow_crawling") (value "1")
L 10/14/2023 - 18:00:27: [basecommands.smx] "Console<0><Console><Console>" changed cvar (cvar "survivor_crawl_speed") (value "100")
L 10/14/2023 - 18:00:27: [basecommands.smx] "Console<0><Console><Console>" changed cvar (cvar "director_afk_timeout") (value "120")
L 10/14/2023 - 18:04:30: [SM] Changed map to "l4d_hospital01_apartment"
L 10/14/2023 - 18:04:30: -------- Mapchange to l4d_hospital01_apartment --------
L 10/14/2023 - 18:04:31: [basecommands.smx] "Console<0><Console><Console>" changed cvar (cvar "z_difficulty") (value "Impossible")
L 10/14/2023 - 18:04:31: [basecommands.smx] "Console<0><Console><Console>" changed cvar (cvar "sb_all_bot_team") (value "1")
L 10/14/2023 - 18:04:31: [basecommands.smx] "Console<0><Console><Console>" changed cvar (cvar "sv_hibernate_when_empty") (value "0")
L 10/14/2023 - 18:04:31: [basecommands.smx] "Console<0><Console><Console>" changed cvar (cvar "survivor_allow_crawling") (value "1")
L 10/14/2023 - 18:04:31: [basecommands.smx] "Console<0><Console><Console>" changed cvar (cvar "survivor_crawl_speed") (value "100")
L 10/14/2023 - 18:04:31: [basecommands.smx] "Console<0><Console><Console>" changed cvar (cvar "director_afk_timeout") (value "120")
L 10/14/2023 - 18:06:59: -------- Mapchange to l4d_hospital02_subway --------
L 10/14/2023 - 18:07:00: [basecommands.smx] "Console<0><Console><Console>" changed cvar (cvar "z_difficulty") (value "Impossible")
L 10/14/2023 - 18:07:00: [basecommands.smx] "Console<0><Console><Console>" changed cvar (cvar "sb_all_bot_team") (value "1")
L 10/14/2023 - 18:07:00: [basecommands.smx] "Console<0><Console><Console>" changed cvar (cvar "sv_hibernate_when_empty") (value "0")
L 10/14/2023 - 18:07:00: [basecommands.smx] "Console<0><Console><Console>" changed cvar (cvar "survivor_allow_crawling") (value "1")
L 10/14/2023 - 18:07:00: [basecommands.smx] "Console<0><Console><Console>" changed cvar (cvar "survivor_crawl_speed") (value "100")
L 10/14/2023 - 18:07:00: [basecommands.smx] "Console<0><Console><Console>" changed cvar (cvar "director_afk_timeout") (value "120")
L 10/14/2023 - 18:13:02: -------- Mapchange to l4d_hospital03_sewers --------
L 10/14/2023 - 18:13:02: [basecommands.smx] "Console<0><Console><Console>" changed cvar (cvar "z_difficulty") (value "Impossible")
L 10/14/2023 - 18:13:02: [basecommands.smx] "Console<0><Console><Console>" changed cvar (cvar "sb_all_bot_team") (value "1")
L 10/14/2023 - 18:13:02: [basecommands.smx] "Console<0><Console><Console>" changed cvar (cvar "sv_hibernate_when_empty") (value "0")
L 10/14/2023 - 18:13:02: [basecommands.smx] "Console<0><Console><Console>" changed cvar (cvar "survivor_allow_crawling") (value "1")
L 10/14/2023 - 18:13:02: [basecommands.smx] "Console<0><Console><Console>" changed cvar (cvar "survivor_crawl_speed") (value "100")
L 10/14/2023 - 18:13:02: [basecommands.smx] "Console<0><Console><Console>" changed cvar (cvar "director_afk_timeout") (value "120")
L 10/14/2023 - 18:21:00: -------- Mapchange to l4d_hospital04_interior --------
L 10/14/2023 - 18:21:01: [basecommands.smx] "Console<0><Console><Console>" changed cvar (cvar "z_difficulty") (value "Impossible")
L 10/14/2023 - 18:21:01: [basecommands.smx] "Console<0><Console><Console>" changed cvar (cvar "sb_all_bot_team") (value "1")
L 10/14/2023 - 18:21:01: [basecommands.smx] "Console<0><Console><Console>" changed cvar (cvar "sv_hibernate_when_empty") (value "0")
L 10/14/2023 - 18:21:01: [basecommands.smx] "Console<0><Console><Console>" changed cvar (cvar "survivor_allow_crawling") (value "1")
L 10/14/2023 - 18:21:01: [basecommands.smx] "Console<0><Console><Console>" changed cvar (cvar "survivor_crawl_speed") (value "100")
L 10/14/2023 - 18:21:01: [basecommands.smx] "Console<0><Console><Console>" changed cvar (cvar "director_afk_timeout") (value "120")
L 10/14/2023 - 18:27:04: -------- Mapchange to l4d_hospital05_rooftop --------
L 10/14/2023 - 18:27:04: [basecommands.smx] "Console<0><Console><Console>" changed cvar (cvar "z_difficulty") (value "Impossible")
L 10/14/2023 - 18:27:04: [basecommands.smx] "Console<0><Console><Console>" changed cvar (cvar "sb_all_bot_team") (value "1")
L 10/14/2023 - 18:27:04: [basecommands.smx] "Console<0><Console><Console>" changed cvar (cvar "sv_hibernate_when_empty") (value "0")
L 10/14/2023 - 18:27:04: [basecommands.smx] "Console<0><Console><Console>" changed cvar (cvar "survivor_allow_crawling") (value "1")
L 10/14/2023 - 18:27:04: [basecommands.smx] "Console<0><Console><Console>" changed cvar (cvar "survivor_crawl_speed") (value "100")
L 10/14/2023 - 18:27:04: [basecommands.smx] "Console<0><Console><Console>" changed cvar (cvar "director_afk_timeout") (value "120")
L 10/14/2023 - 18:45:32: [SM] Changed map to "l4d_farm01_hilltop"
L 10/14/2023 - 18:45:32: -------- Mapchange to l4d_farm01_hilltop --------
L 10/14/2023 - 18:45:33: [basecommands.smx] "Console<0><Console><Console>" changed cvar (cvar "z_difficulty") (value "Impossible")
L 10/14/2023 - 18:45:33: [basecommands.smx] "Console<0><Console><Console>" changed cvar (cvar "sb_all_bot_team") (value "1")
L 10/14/2023 - 18:45:33: [basecommands.smx] "Console<0><Console><Console>" changed cvar (cvar "sv_hibernate_when_empty") (value "0")
L 10/14/2023 - 18:45:33: [basecommands.smx] "Console<0><Console><Console>" changed cvar (cvar "survivor_allow_crawling") (value "1")
L 10/14/2023 - 18:45:33: [basecommands.smx] "Console<0><Console><Console>" changed cvar (cvar "survivor_crawl_speed") (value "100")
L 10/14/2023 - 18:45:33: [basecommands.smx] "Console<0><Console><Console>" changed cvar (cvar "director_afk_timeout") (value "120")
L 10/14/2023 - 18:52:31: -------- Mapchange to l4d_farm02_traintunnel --------
L 10/14/2023 - 18:52:31: [basecommands.smx] "Console<0><Console><Console>" changed cvar (cvar "z_difficulty") (value "Impossible")
L 10/14/2023 - 18:52:31: [basecommands.smx] "Console<0><Console><Console>" changed cvar (cvar "sb_all_bot_team") (value "1")
L 10/14/2023 - 18:52:31: [basecommands.smx] "Console<0><Console><Console>" changed cvar (cvar "sv_hibernate_when_empty") (value "0")
L 10/14/2023 - 18:52:31: [basecommands.smx] "Console<0><Console><Console>" changed cvar (cvar "survivor_allow_crawling") (value "1")
L 10/14/2023 - 18:52:31: [basecommands.smx] "Console<0><Console><Console>" changed cvar (cvar "survivor_crawl_speed") (value "100")
L 10/14/2023 - 18:52:31: [basecommands.smx] "Console<0><Console><Console>" changed cvar (cvar "director_afk_timeout") (value "120")
L 10/14/2023 - 18:59:02: -------- Mapchange to l4d_farm03_bridge --------
L 10/14/2023 - 18:59:02: [basecommands.smx] "Console<0><Console><Console>" changed cvar (cvar "z_difficulty") (value "Impossible")
L 10/14/2023 - 18:59:02: [basecommands.smx] "Console<0><Console><Console>" changed cvar (cvar "sb_all_bot_team") (value "1")
L 10/14/2023 - 18:59:02: [basecommands.smx] "Console<0><Console><Console>" changed cvar (cvar "sv_hibernate_when_empty") (value "0")
L 10/14/2023 - 18:59:02: [basecommands.smx] "Console<0><Console><Console>" changed cvar (cvar "survivor_allow_crawling") (value "1")
L 10/14/2023 - 18:59:02: [basecommands.smx] "Console<0><Console><Console>" changed cvar (cvar "survivor_crawl_speed") (value "100")
L 10/14/2023 - 18:59:02: [basecommands.smx] "Console<0><Console><Console>" changed cvar (cvar "director_afk_timeout") (value "120")
L 10/14/2023 - 19:24:49: -------- Mapchange to l4d_farm04_barn --------
L 10/14/2023 - 19:24:50: [basecommands.smx] "Console<0><Console><Console>" changed cvar (cvar "z_difficulty") (value "Impossible")
L 10/14/2023 - 19:24:50: [basecommands.smx] "Console<0><Console><Console>" changed cvar (cvar "sb_all_bot_team") (value "1")
L 10/14/2023 - 19:24:50: [basecommands.smx] "Console<0><Console><Console>" changed cvar (cvar "sv_hibernate_when_empty") (value "0")
L 10/14/2023 - 19:24:50: [basecommands.smx] "Console<0><Console><Console>" changed cvar (cvar "survivor_allow_crawling") (value "1")
L 10/14/2023 - 19:24:50: [basecommands.smx] "Console<0><Console><Console>" changed cvar (cvar "survivor_crawl_speed") (value "100")
L 10/14/2023 - 19:24:50: [basecommands.smx] "Console<0><Console><Console>" changed cvar (cvar "director_afk_timeout") (value "120")
L 10/14/2023 - 19:28:42: -------- Mapchange to l4d_farm05_cornfield --------
L 10/14/2023 - 19:28:43: [basecommands.smx] "Console<0><Console><Console>" changed cvar (cvar "z_difficulty") (value "Impossible")
L 10/14/2023 - 19:28:43: [basecommands.smx] "Console<0><Console><Console>" changed cvar (cvar "sb_all_bot_team") (value "1")
L 10/14/2023 - 19:28:43: [basecommands.smx] "Console<0><Console><Console>" changed cvar (cvar "sv_hibernate_when_empty") (value "0")
L 10/14/2023 - 19:28:43: [basecommands.smx] "Console<0><Console><Console>" changed cvar (cvar "survivor_allow_crawling") (value "1")
L 10/14/2023 - 19:28:43: [basecommands.smx] "Console<0><Console><Console>" changed cvar (cvar "survivor_crawl_speed") (value "100")
L 10/14/2023 - 19:28:43: [basecommands.smx] "Console<0><Console><Console>" changed cvar (cvar "director_afk_timeout") (value "120")
L 10/14/2023 - 19:32:25: -------- Mapchange to l4d_hospital01_apartment --------
L 10/14/2023 - 19:32:26: [basecommands.smx] "Console<0><Console><Console>" changed cvar (cvar "z_difficulty") (value "Impossible")
L 10/14/2023 - 19:32:26: [basecommands.smx] "Console<0><Console><Console>" changed cvar (cvar "sb_all_bot_team") (value "1")
L 10/14/2023 - 19:32:26: [basecommands.smx] "Console<0><Console><Console>" changed cvar (cvar "sv_hibernate_when_empty") (value "0")
L 10/14/2023 - 19:32:26: [basecommands.smx] "Console<0><Console><Console>" changed cvar (cvar "survivor_allow_crawling") (value "1")
L 10/14/2023 - 19:32:26: [basecommands.smx] "Console<0><Console><Console>" changed cvar (cvar "survivor_crawl_speed") (value "100")
L 10/14/2023 - 19:32:26: [basecommands.smx] "Console<0><Console><Console>" changed cvar (cvar "director_afk_timeout") (value "120")
L 10/14/2023 - 19:39:19: -------- Mapchange to l4d_hospital02_subway --------
L 10/14/2023 - 19:39:20: [basecommands.smx] "Console<0><Console><Console>" changed cvar (cvar "z_difficulty") (value "Impossible")
L 10/14/2023 - 19:39:20: [basecommands.smx] "Console<0><Console><Console>" changed cvar (cvar "sb_all_bot_team") (value "1")
L 10/14/2023 - 19:39:20: [basecommands.smx] "Console<0><Console><Console>" changed cvar (cvar "sv_hibernate_when_empty") (value "0")
L 10/14/2023 - 19:39:20: [basecommands.smx] "Console<0><Console><Console>" changed cvar (cvar "survivor_allow_crawling") (value "1")
L 10/14/2023 - 19:39:20: [basecommands.smx] "Console<0><Console><Console>" changed cvar (cvar "survivor_crawl_speed") (value "100")
L 10/14/2023 - 19:39:20: [basecommands.smx] "Console<0><Console><Console>" changed cvar (cvar "director_afk_timeout") (value "120")
L 10/14/2023 - 19:47:41: -------- Mapchange to l4d_hospital03_sewers --------
L 10/14/2023 - 19:47:41: [basecommands.smx] "Console<0><Console><Console>" changed cvar (cvar "z_difficulty") (value "Impossible")
L 10/14/2023 - 19:47:41: [basecommands.smx] "Console<0><Console><Console>" changed cvar (cvar "sb_all_bot_team") (value "1")
L 10/14/2023 - 19:47:41: [basecommands.smx] "Console<0><Console><Console>" changed cvar (cvar "sv_hibernate_when_empty") (value "0")
L 10/14/2023 - 19:47:41: [basecommands.smx] "Console<0><Console><Console>" changed cvar (cvar "survivor_allow_crawling") (value "1")
L 10/14/2023 - 19:47:41: [basecommands.smx] "Console<0><Console><Console>" changed cvar (cvar "survivor_crawl_speed") (value "100")
L 10/14/2023 - 19:47:41: [basecommands.smx] "Console<0><Console><Console>" changed cvar (cvar "director_afk_timeout") (value "120")
L 10/14/2023 - 19:57:19: -------- Mapchange to l4d_hospital04_interior --------
L 10/14/2023 - 19:57:19: [basecommands.smx] "Console<0><Console><Console>" changed cvar (cvar "z_difficulty") (value "Impossible")
L 10/14/2023 - 19:57:19: [basecommands.smx] "Console<0><Console><Console>" changed cvar (cvar "sb_all_bot_team") (value "1")
L 10/14/2023 - 19:57:19: [basecommands.smx] "Console<0><Console><Console>" changed cvar (cvar "sv_hibernate_when_empty") (value "0")
L 10/14/2023 - 19:57:19: [basecommands.smx] "Console<0><Console><Console>" changed cvar (cvar "survivor_allow_crawling") (value "1")
L 10/14/2023 - 19:57:19: [basecommands.smx] "Console<0><Console><Console>" changed cvar (cvar "survivor_crawl_speed") (value "100")
L 10/14/2023 - 19:57:19: [basecommands.smx] "Console<0><Console><Console>" changed cvar (cvar "director_afk_timeout") (value "120")
L 10/14/2023 - 20:04:26: -------- Mapchange to l4d_hospital05_rooftop --------
L 10/14/2023 - 20:04:27: [basecommands.smx] "Console<0><Console><Console>" changed cvar (cvar "z_difficulty") (value "Impossible")
L 10/14/2023 - 20:04:27: [basecommands.smx] "Console<0><Console><Console>" changed cvar (cvar "sb_all_bot_team") (value "1")
L 10/14/2023 - 20:04:27: [basecommands.smx] "Console<0><Console><Console>" changed cvar (cvar "sv_hibernate_when_empty") (value "0")
L 10/14/2023 - 20:04:27: [basecommands.smx] "Console<0><Console><Console>" changed cvar (cvar "survivor_allow_crawling") (value "1")
L 10/14/2023 - 20:04:27: [basecommands.smx] "Console<0><Console><Console>" changed cvar (cvar "survivor_crawl_speed") (value "100")
L 10/14/2023 - 20:04:27: [basecommands.smx] "Console<0><Console><Console>" changed cvar (cvar "director_afk_timeout") (value "120")
L 10/14/2023 - 20:50:43: -------- Mapchange to l4d_hospital01_apartment --------
L 10/14/2023 - 20:50:44: [basecommands.smx] "Console<0><Console><Console>" changed cvar (cvar "z_difficulty") (value "Impossible")
L 10/14/2023 - 20:50:44: [basecommands.smx] "Console<0><Console><Console>" changed cvar (cvar "sb_all_bot_team") (value "1")
L 10/14/2023 - 20:50:44: [basecommands.smx] "Console<0><Console><Console>" changed cvar (cvar "sv_hibernate_when_empty") (value "0")
L 10/14/2023 - 20:50:44: [basecommands.smx] "Console<0><Console><Console>" changed cvar (cvar "survivor_allow_crawling") (value "1")
L 10/14/2023 - 20:50:44: [basecommands.smx] "Console<0><Console><Console>" changed cvar (cvar "survivor_crawl_speed") (value "100")
L 10/14/2023 - 20:50:44: [basecommands.smx] "Console<0><Console><Console>" changed cvar (cvar "director_afk_timeout") (value "120")
L 10/14/2023 - 20:56:08: -------- Mapchange to l4d_hospital02_subway --------
L 10/14/2023 - 20:56:09: [basecommands.smx] "Console<0><Console><Console>" changed cvar (cvar "z_difficulty") (value "Impossible")
L 10/14/2023 - 20:56:09: [basecommands.smx] "Console<0><Console><Console>" changed cvar (cvar "sb_all_bot_team") (value "1")
L 10/14/2023 - 20:56:09: [basecommands.smx] "Console<0><Console><Console>" changed cvar (cvar "sv_hibernate_when_empty") (value "0")
L 10/14/2023 - 20:56:09: [basecommands.smx] "Console<0><Console><Console>" changed cvar (cvar "survivor_allow_crawling") (value "1")
L 10/14/2023 - 20:56:09: [basecommands.smx] "Console<0><Console><Console>" changed cvar (cvar "survivor_crawl_speed") (value "100")
L 10/14/2023 - 20:56:09: [basecommands.smx] "Console<0><Console><Console>" changed cvar (cvar "director_afk_timeout") (value "120")
L 10/14/2023 - 21:04:50: -------- Mapchange to l4d_hospital03_sewers --------
L 10/14/2023 - 21:04:51: [basecommands.smx] "Console<0><Console><Console>" changed cvar (cvar "z_difficulty") (value "Impossible")
L 10/14/2023 - 21:04:51: [basecommands.smx] "Console<0><Console><Console>" changed cvar (cvar "sb_all_bot_team") (value "1")
L 10/14/2023 - 21:04:51: [basecommands.smx] "Console<0><Console><Console>" changed cvar (cvar "sv_hibernate_when_empty") (value "0")
L 10/14/2023 - 21:04:51: [basecommands.smx] "Console<0><Console><Console>" changed cvar (cvar "survivor_allow_crawling") (value "1")
L 10/14/2023 - 21:04:51: [basecommands.smx] "Console<0><Console><Console>" changed cvar (cvar "survivor_crawl_speed") (value "100")
L 10/14/2023 - 21:04:51: [basecommands.smx] "Console<0><Console><Console>" changed cvar (cvar "director_afk_timeout") (value "120")
L 10/14/2023 - 21:12:49: -------- Mapchange to l4d_hospital04_interior --------
L 10/14/2023 - 21:12:49: [basecommands.smx] "Console<0><Console><Console>" changed cvar (cvar "z_difficulty") (value "Impossible")
L 10/14/2023 - 21:12:49: [basecommands.smx] "Console<0><Console><Console>" changed cvar (cvar "sb_all_bot_team") (value "1")
L 10/14/2023 - 21:12:49: [basecommands.smx] "Console<0><Console><Console>" changed cvar (cvar "sv_hibernate_when_empty") (value "0")
L 10/14/2023 - 21:12:49: [basecommands.smx] "Console<0><Console><Console>" changed cvar (cvar "survivor_allow_crawling") (value "1")
L 10/14/2023 - 21:12:49: [basecommands.smx] "Console<0><Console><Console>" changed cvar (cvar "survivor_crawl_speed") (value "100")
L 10/14/2023 - 21:12:49: [basecommands.smx] "Console<0><Console><Console>" changed cvar (cvar "director_afk_timeout") (value "120")
L 10/14/2023 - 21:23:30: -------- Mapchange to l4d_farm01_hilltop --------
L 10/14/2023 - 21:23:31: [basecommands.smx] "Console<0><Console><Console>" changed cvar (cvar "z_difficulty") (value "Impossible")
L 10/14/2023 - 21:23:31: [basecommands.smx] "Console<0><Console><Console>" changed cvar (cvar "sb_all_bot_team") (value "1")
L 10/14/2023 - 21:23:31: [basecommands.smx] "Console<0><Console><Console>" changed cvar (cvar "sv_hibernate_when_empty") (value "0")
L 10/14/2023 - 21:23:31: [basecommands.smx] "Console<0><Console><Console>" changed cvar (cvar "survivor_allow_crawling") (value "1")
L 10/14/2023 - 21:23:31: [basecommands.smx] "Console<0><Console><Console>" changed cvar (cvar "survivor_crawl_speed") (value "100")
L 10/14/2023 - 21:23:31: [basecommands.smx] "Console<0><Console><Console>" changed cvar (cvar "director_afk_timeout") (value "120")
L 10/14/2023 - 21:27:16: -------- Mapchange to l4d_farm02_traintunnel --------
L 10/14/2023 - 21:27:17: [basecommands.smx] "Console<0><Console><Console>" changed cvar (cvar "z_difficulty") (value "Impossible")
L 10/14/2023 - 21:27:17: [basecommands.smx] "Console<0><Console><Console>" changed cvar (cvar "sb_all_bot_team") (value "1")
L 10/14/2023 - 21:27:17: [basecommands.smx] "Console<0><Console><Console>" changed cvar (cvar "sv_hibernate_when_empty") (value "0")
L 10/14/2023 - 21:27:17: [basecommands.smx] "Console<0><Console><Console>" changed cvar (cvar "survivor_allow_crawling") (value "1")
L 10/14/2023 - 21:27:17: [basecommands.smx] "Console<0><Console><Console>" changed cvar (cvar "survivor_crawl_speed") (value "100")
L 10/14/2023 - 21:27:17: [basecommands.smx] "Console<0><Console><Console>" changed cvar (cvar "director_afk_timeout") (value "120")
L 10/14/2023 - 21:33:18: -------- Mapchange to l4d_farm03_bridge --------
L 10/14/2023 - 21:33:19: [basecommands.smx] "Console<0><Console><Console>" changed cvar (cvar "z_difficulty") (value "Impossible")
L 10/14/2023 - 21:33:19: [basecommands.smx] "Console<0><Console><Console>" changed cvar (cvar "sb_all_bot_team") (value "1")
L 10/14/2023 - 21:33:19: [basecommands.smx] "Console<0><Console><Console>" changed cvar (cvar "sv_hibernate_when_empty") (value "0")
L 10/14/2023 - 21:33:19: [basecommands.smx] "Console<0><Console><Console>" changed cvar (cvar "survivor_allow_crawling") (value "1")
L 10/14/2023 - 21:33:19: [basecommands.smx] "Console<0><Console><Console>" changed cvar (cvar "survivor_crawl_speed") (value "100")
L 10/14/2023 - 21:33:19: [basecommands.smx] "Console<0><Console><Console>" changed cvar (cvar "director_afk_timeout") (value "120")
L 10/14/2023 - 21:37:59: -------- Mapchange to l4d_farm04_barn --------
L 10/14/2023 - 21:38:00: [basecommands.smx] "Console<0><Console><Console>" changed cvar (cvar "z_difficulty") (value "Impossible")
L 10/14/2023 - 21:38:00: [basecommands.smx] "Console<0><Console><Console>" changed cvar (cvar "sb_all_bot_team") (value "1")
L 10/14/2023 - 21:38:00: [basecommands.smx] "Console<0><Console><Console>" changed cvar (cvar "sv_hibernate_when_empty") (value "0")
L 10/14/2023 - 21:38:00: [basecommands.smx] "Console<0><Console><Console>" changed cvar (cvar "survivor_allow_crawling") (value "1")
L 10/14/2023 - 21:38:00: [basecommands.smx] "Console<0><Console><Console>" changed cvar (cvar "survivor_crawl_speed") (value "100")
L 10/14/2023 - 21:38:00: [basecommands.smx] "Console<0><Console><Console>" changed cvar (cvar "director_afk_timeout") (value "120")
L 10/14/2023 - 21:42:39: -------- Mapchange to l4d_farm05_cornfield --------
L 10/14/2023 - 21:42:40: [basecommands.smx] "Console<0><Console><Console>" changed cvar (cvar "z_difficulty") (value "Impossible")
L 10/14/2023 - 21:42:40: [basecommands.smx] "Console<0><Console><Console>" changed cvar (cvar "sb_all_bot_team") (value "1")
L 10/14/2023 - 21:42:40: [basecommands.smx] "Console<0><Console><Console>" changed cvar (cvar "sv_hibernate_when_empty") (value "0")
L 10/14/2023 - 21:42:40: [basecommands.smx] "Console<0><Console><Console>" changed cvar (cvar "survivor_allow_crawling") (value "1")
L 10/14/2023 - 21:42:40: [basecommands.smx] "Console<0><Console><Console>" changed cvar (cvar "survivor_crawl_speed") (value "100")
L 10/14/2023 - 21:42:40: [basecommands.smx] "Console<0><Console><Console>" changed cvar (cvar "director_afk_timeout") (value "120")
L 10/14/2023 - 21:50:57: [SM] Changed map to "l4d_garage01_alleys"
L 10/14/2023 - 21:50:58: -------- Mapchange to l4d_garage01_alleys --------
L 10/14/2023 - 21:50:59: [basecommands.smx] "Console<0><Console><Console>" changed cvar (cvar "z_difficulty") (value "Impossible")
L 10/14/2023 - 21:50:59: [basecommands.smx] "Console<0><Console><Console>" changed cvar (cvar "sb_all_bot_team") (value "1")
L 10/14/2023 - 21:50:59: [basecommands.smx] "Console<0><Console><Console>" changed cvar (cvar "sv_hibernate_when_empty") (value "0")
L 10/14/2023 - 21:50:59: [basecommands.smx] "Console<0><Console><Console>" changed cvar (cvar "survivor_allow_crawling") (value "1")
L 10/14/2023 - 21:50:59: [basecommands.smx] "Console<0><Console><Console>" changed cvar (cvar "survivor_crawl_speed") (value "100")
L 10/14/2023 - 21:50:59: [basecommands.smx] "Console<0><Console><Console>" changed cvar (cvar "director_afk_timeout") (value "120")
L 10/14/2023 - 22:00:05: -------- Mapchange to l4d_garage02_lots --------
L 10/14/2023 - 22:00:06: [basecommands.smx] "Console<0><Console><Console>" changed cvar (cvar "z_difficulty") (value "Impossible")
L 10/14/2023 - 22:00:06: [basecommands.smx] "Console<0><Console><Console>" changed cvar (cvar "sb_all_bot_team") (value "1")
L 10/14/2023 - 22:00:06: [basecommands.smx] "Console<0><Console><Console>" changed cvar (cvar "sv_hibernate_when_empty") (value "0")
L 10/14/2023 - 22:00:06: [basecommands.smx] "Console<0><Console><Console>" changed cvar (cvar "survivor_allow_crawling") (value "1")
L 10/14/2023 - 22:00:06: [basecommands.smx] "Console<0><Console><Console>" changed cvar (cvar "survivor_crawl_speed") (value "100")
L 10/14/2023 - 22:00:06: [basecommands.smx] "Console<0><Console><Console>" changed cvar (cvar "director_afk_timeout") (value "120")
L 10/14/2023 - 22:10:32: [SM] Changed map to "l4d_airport01_greenhouse"
L 10/14/2023 - 22:10:32: -------- Mapchange to l4d_airport01_greenhouse --------
L 10/14/2023 - 22:10:32: [basecommands.smx] "Console<0><Console><Console>" changed cvar (cvar "z_difficulty") (value "Impossible")
L 10/14/2023 - 22:10:32: [basecommands.smx] "Console<0><Console><Console>" changed cvar (cvar "sb_all_bot_team") (value "1")
L 10/14/2023 - 22:10:32: [basecommands.smx] "Console<0><Console><Console>" changed cvar (cvar "sv_hibernate_when_empty") (value "0")
L 10/14/2023 - 22:10:32: [basecommands.smx] "Console<0><Console><Console>" changed cvar (cvar "survivor_allow_crawling") (value "1")
L 10/14/2023 - 22:10:32: [basecommands.smx] "Console<0><Console><Console>" changed cvar (cvar "survivor_crawl_speed") (value "100")
L 10/14/2023 - 22:10:32: [basecommands.smx] "Console<0><Console><Console>" changed cvar (cvar "director_afk_timeout") (value "120")
L 10/14/2023 - 22:14:09: -------- Mapchange to l4d_airport02_offices --------
L 10/14/2023 - 22:14:09: [basecommands.smx] "Console<0><Console><Console>" changed cvar (cvar "z_difficulty") (value "Impossible")
L 10/14/2023 - 22:14:09: [basecommands.smx] "Console<0><Console><Console>" changed cvar (cvar "sb_all_bot_team") (value "1")
L 10/14/2023 - 22:14:09: [basecommands.smx] "Console<0><Console><Console>" changed cvar (cvar "sv_hibernate_when_empty") (value "0")
L 10/14/2023 - 22:14:09: [basecommands.smx] "Console<0><Console><Console>" changed cvar (cvar "survivor_allow_crawling") (value "1")
L 10/14/2023 - 22:14:09: [basecommands.smx] "Console<0><Console><Console>" changed cvar (cvar "survivor_crawl_speed") (value "100")
L 10/14/2023 - 22:14:09: [basecommands.smx] "Console<0><Console><Console>" changed cvar (cvar "director_afk_timeout") (value "120")
L 10/14/2023 - 22:22:00: -------- Mapchange to l4d_airport03_garage --------
L 10/14/2023 - 22:22:01: [basecommands.smx] "Console<0><Console><Console>" changed cvar (cvar "z_difficulty") (value "Impossible")
L 10/14/2023 - 22:22:01: [basecommands.smx] "Console<0><Console><Console>" changed cvar (cvar "sb_all_bot_team") (value "1")
L 10/14/2023 - 22:22:01: [basecommands.smx] "Console<0><Console><Console>" changed cvar (cvar "sv_hibernate_when_empty") (value "0")
L 10/14/2023 - 22:22:01: [basecommands.smx] "Console<0><Console><Console>" changed cvar (cvar "survivor_allow_crawling") (value "1")
L 10/14/2023 - 22:22:01: [basecommands.smx] "Console<0><Console><Console>" changed cvar (cvar "survivor_crawl_speed") (value "100")
L 10/14/2023 - 22:22:01: [basecommands.smx] "Console<0><Console><Console>" changed cvar (cvar "director_afk_timeout") (value "120")
L 10/14/2023 - 22:28:05: -------- Mapchange to l4d_airport04_terminal --------
L 10/14/2023 - 22:28:06: [basecommands.smx] "Console<0><Console><Console>" changed cvar (cvar "z_difficulty") (value "Impossible")
L 10/14/2023 - 22:28:06: [basecommands.smx] "Console<0><Console><Console>" changed cvar (cvar "sb_all_bot_team") (value "1")
L 10/14/2023 - 22:28:06: [basecommands.smx] "Console<0><Console><Console>" changed cvar (cvar "sv_hibernate_when_empty") (value "0")
L 10/14/2023 - 22:28:06: [basecommands.smx] "Console<0><Console><Console>" changed cvar (cvar "survivor_allow_crawling") (value "1")
L 10/14/2023 - 22:28:06: [basecommands.smx] "Console<0><Console><Console>" changed cvar (cvar "survivor_crawl_speed") (value "100")
L 10/14/2023 - 22:28:06: [basecommands.smx] "Console<0><Console><Console>" changed cvar (cvar "director_afk_timeout") (value "120")
L 10/14/2023 - 22:35:25: -------- Mapchange to l4d_airport05_runway --------
L 10/14/2023 - 22:35:26: [basecommands.smx] "Console<0><Console><Console>" changed cvar (cvar "z_difficulty") (value "Impossible")
L 10/14/2023 - 22:35:26: [basecommands.smx] "Console<0><Console><Console>" changed cvar (cvar "sb_all_bot_team") (value "1")
L 10/14/2023 - 22:35:26: [basecommands.smx] "Console<0><Console><Console>" changed cvar (cvar "sv_hibernate_when_empty") (value "0")
L 10/14/2023 - 22:35:26: [basecommands.smx] "Console<0><Console><Console>" changed cvar (cvar "survivor_allow_crawling") (value "1")
L 10/14/2023 - 22:35:26: [basecommands.smx] "Console<0><Console><Console>" changed cvar (cvar "survivor_crawl_speed") (value "100")
L 10/14/2023 - 22:35:26: [basecommands.smx] "Console<0><Console><Console>" changed cvar (cvar "director_afk_timeout") (value "120")
L 10/14/2023 - 22:41:07: [SM] Changed map to "l4d_smalltown01_caves"
L 10/14/2023 - 22:41:07: -------- Mapchange to l4d_smalltown01_caves --------
L 10/14/2023 - 22:41:08: [basecommands.smx] "Console<0><Console><Console>" changed cvar (cvar "z_difficulty") (value "Impossible")
L 10/14/2023 - 22:41:08: [basecommands.smx] "Console<0><Console><Console>" changed cvar (cvar "sb_all_bot_team") (value "1")
L 10/14/2023 - 22:41:08: [basecommands.smx] "Console<0><Console><Console>" changed cvar (cvar "sv_hibernate_when_empty") (value "0")
L 10/14/2023 - 22:41:08: [basecommands.smx] "Console<0><Console><Console>" changed cvar (cvar "survivor_allow_crawling") (value "1")
L 10/14/2023 - 22:41:08: [basecommands.smx] "Console<0><Console><Console>" changed cvar (cvar "survivor_crawl_speed") (value "100")
L 10/14/2023 - 22:41:08: [basecommands.smx] "Console<0><Console><Console>" changed cvar (cvar "director_afk_timeout") (value "120")
L 10/14/2023 - 22:46:20: -------- Mapchange to l4d_smalltown02_drainage --------
L 10/14/2023 - 22:46:21: [basecommands.smx] "Console<0><Console><Console>" changed cvar (cvar "z_difficulty") (value "Impossible")
L 10/14/2023 - 22:46:21: [basecommands.smx] "Console<0><Console><Console>" changed cvar (cvar "sb_all_bot_team") (value "1")
L 10/14/2023 - 22:46:21: [basecommands.smx] "Console<0><Console><Console>" changed cvar (cvar "sv_hibernate_when_empty") (value "0")
L 10/14/2023 - 22:46:21: [basecommands.smx] "Console<0><Console><Console>" changed cvar (cvar "survivor_allow_crawling") (value "1")
L 10/14/2023 - 22:46:21: [basecommands.smx] "Console<0><Console><Console>" changed cvar (cvar "survivor_crawl_speed") (value "100")
L 10/14/2023 - 22:46:21: [basecommands.smx] "Console<0><Console><Console>" changed cvar (cvar "director_afk_timeout") (value "120")
L 10/14/2023 - 22:51:38: -------- Mapchange to l4d_smalltown03_ranchhouse --------
L 10/14/2023 - 22:51:39: [basecommands.smx] "Console<0><Console><Console>" changed cvar (cvar "z_difficulty") (value "Impossible")
L 10/14/2023 - 22:51:39: [basecommands.smx] "Console<0><Console><Console>" changed cvar (cvar "sb_all_bot_team") (value "1")
L 10/14/2023 - 22:51:39: [basecommands.smx] "Console<0><Console><Console>" changed cvar (cvar "sv_hibernate_when_empty") (value "0")
L 10/14/2023 - 22:51:39: [basecommands.smx] "Console<0><Console><Console>" changed cvar (cvar "survivor_allow_crawling") (value "1")
L 10/14/2023 - 22:51:39: [basecommands.smx] "Console<0><Console><Console>" changed cvar (cvar "survivor_crawl_speed") (value "100")
L 10/14/2023 - 22:51:39: [basecommands.smx] "Console<0><Console><Console>" changed cvar (cvar "director_afk_timeout") (value "120")
L 10/14/2023 - 22:57:34: -------- Mapchange to l4d_smalltown04_mainstreet --------
L 10/14/2023 - 22:57:35: [basecommands.smx] "Console<0><Console><Console>" changed cvar (cvar "z_difficulty") (value "Impossible")
L 10/14/2023 - 22:57:35: [basecommands.smx] "Console<0><Console><Console>" changed cvar (cvar "sb_all_bot_team") (value "1")
L 10/14/2023 - 22:57:35: [basecommands.smx] "Console<0><Console><Console>" changed cvar (cvar "sv_hibernate_when_empty") (value "0")
L 10/14/2023 - 22:57:35: [basecommands.smx] "Console<0><Console><Console>" changed cvar (cvar "survivor_allow_crawling") (value "1")
L 10/14/2023 - 22:57:35: [basecommands.smx] "Console<0><Console><Console>" changed cvar (cvar "survivor_crawl_speed") (value "100")
L 10/14/2023 - 22:57:35: [basecommands.smx] "Console<0><Console><Console>" changed cvar (cvar "director_afk_timeout") (value "120")
L 10/14/2023 - 23:04:41: -------- Mapchange to l4d_smalltown05_houseboat --------
L 10/14/2023 - 23:04:42: [basecommands.smx] "Console<0><Console><Console>" changed cvar (cvar "z_difficulty") (value "Impossible")
L 10/14/2023 - 23:04:42: [basecommands.smx] "Console<0><Console><Console>" changed cvar (cvar "sb_all_bot_team") (value "1")
L 10/14/2023 - 23:04:42: [basecommands.smx] "Console<0><Console><Console>" changed cvar (cvar "sv_hibernate_when_empty") (value "0")
L 10/14/2023 - 23:04:42: [basecommands.smx] "Console<0><Console><Console>" changed cvar (cvar "survivor_allow_crawling") (value "1")
L 10/14/2023 - 23:04:42: [basecommands.smx] "Console<0><Console><Console>" changed cvar (cvar "survivor_crawl_speed") (value "100")
L 10/14/2023 - 23:04:42: [basecommands.smx] "Console<0><Console><Console>" changed cvar (cvar "director_afk_timeout") (value "120")
L 10/14/2023 - 23:14:19: [SM] Changed map to "l4d_hospital01_apartment"
L 10/14/2023 - 23:14:19: -------- Mapchange to l4d_hospital01_apartment --------
L 10/14/2023 - 23:14:20: [basecommands.smx] "Console<0><Console><Console>" changed cvar (cvar "z_difficulty") (value "Impossible")
L 10/14/2023 - 23:14:20: [basecommands.smx] "Console<0><Console><Console>" changed cvar (cvar "sb_all_bot_team") (value "1")
L 10/14/2023 - 23:14:20: [basecommands.smx] "Console<0><Console><Console>" changed cvar (cvar "sv_hibernate_when_empty") (value "0")
L 10/14/2023 - 23:14:20: [basecommands.smx] "Console<0><Console><Console>" changed cvar (cvar "survivor_allow_crawling") (value "1")
L 10/14/2023 - 23:14:20: [basecommands.smx] "Console<0><Console><Console>" changed cvar (cvar "survivor_crawl_speed") (value "100")
L 10/14/2023 - 23:14:20: [basecommands.smx] "Console<0><Console><Console>" changed cvar (cvar "director_afk_timeout") (value "120")
L 10/14/2023 - 23:20:56: -------- Mapchange to l4d_hospital02_subway --------
L 10/14/2023 - 23:20:57: [basecommands.smx] "Console<0><Console><Console>" changed cvar (cvar "z_difficulty") (value "Impossible")
L 10/14/2023 - 23:20:57: [basecommands.smx] "Console<0><Console><Console>" changed cvar (cvar "sb_all_bot_team") (value "1")
L 10/14/2023 - 23:20:57: [basecommands.smx] "Console<0><Console><Console>" changed cvar (cvar "sv_hibernate_when_empty") (value "0")
L 10/14/2023 - 23:20:57: [basecommands.smx] "Console<0><Console><Console>" changed cvar (cvar "survivor_allow_crawling") (value "1")
L 10/14/2023 - 23:20:57: [basecommands.smx] "Console<0><Console><Console>" changed cvar (cvar "survivor_crawl_speed") (value "100")
L 10/14/2023 - 23:20:57: [basecommands.smx] "Console<0><Console><Console>" changed cvar (cvar "director_afk_timeout") (value "120")
L 10/14/2023 - 23:26:26: -------- Mapchange to l4d_hospital01_apartment --------
L 10/14/2023 - 23:26:27: [basecommands.smx] "Console<0><Console><Console>" changed cvar (cvar "z_difficulty") (value "Impossible")
L 10/14/2023 - 23:26:27: [basecommands.smx] "Console<0><Console><Console>" changed cvar (cvar "sb_all_bot_team") (value "1")
L 10/14/2023 - 23:26:27: [basecommands.smx] "Console<0><Console><Console>" changed cvar (cvar "sv_hibernate_when_empty") (value "0")
L 10/14/2023 - 23:26:27: [basecommands.smx] "Console<0><Console><Console>" changed cvar (cvar "survivor_allow_crawling") (value "1")
L 10/14/2023 - 23:26:27: [basecommands.smx] "Console<0><Console><Console>" changed cvar (cvar "survivor_crawl_speed") (value "100")
L 10/14/2023 - 23:26:27: [basecommands.smx] "Console<0><Console><Console>" changed cvar (cvar "director_afk_timeout") (value "120")
L 10/14/2023 - 23:32:44: -------- Mapchange to l4d_hospital02_subway --------
L 10/14/2023 - 23:32:45: [basecommands.smx] "Console<0><Console><Console>" changed cvar (cvar "z_difficulty") (value "Impossible")
L 10/14/2023 - 23:32:45: [basecommands.smx] "Console<0><Console><Console>" changed cvar (cvar "sb_all_bot_team") (value "1")
L 10/14/2023 - 23:32:45: [basecommands.smx] "Console<0><Console><Console>" changed cvar (cvar "sv_hibernate_when_empty") (value "0")
L 10/14/2023 - 23:32:45: [basecommands.smx] "Console<0><Console><Console>" changed cvar (cvar "survivor_allow_crawling") (value "1")
L 10/14/2023 - 23:32:45: [basecommands.smx] "Console<0><Console><Console>" changed cvar (cvar "survivor_crawl_speed") (value "100")
L 10/14/2023 - 23:32:45: [basecommands.smx] "Console<0><Console><Console>" changed cvar (cvar "director_afk_timeout") (value "120")
L 10/14/2023 - 23:42:57: -------- Mapchange to l4d_hospital03_sewers --------
L 10/14/2023 - 23:42:58: [basecommands.smx] "Console<0><Console><Console>" changed cvar (cvar "z_difficulty") (value "Impossible")
L 10/14/2023 - 23:42:58: [basecommands.smx] "Console<0><Console><Console>" changed cvar (cvar "sb_all_bot_team") (value "1")
L 10/14/2023 - 23:42:58: [basecommands.smx] "Console<0><Console><Console>" changed cvar (cvar "sv_hibernate_when_empty") (value "0")
L 10/14/2023 - 23:42:58: [basecommands.smx] "Console<0><Console><Console>" changed cvar (cvar "survivor_allow_crawling") (value "1")
L 10/14/2023 - 23:42:58: [basecommands.smx] "Console<0><Console><Console>" changed cvar (cvar "survivor_crawl_speed") (value "100")
L 10/14/2023 - 23:42:58: [basecommands.smx] "Console<0><Console><Console>" changed cvar (cvar "director_afk_timeout") (value "120")
L 10/14/2023 - 23:46:45: -------- Mapchange to l4d_garage01_alleys --------
L 10/14/2023 - 23:46:46: [basecommands.smx] "Console<0><Console><Console>" changed cvar (cvar "z_difficulty") (value "Impossible")
L 10/14/2023 - 23:46:46: [basecommands.smx] "Console<0><Console><Console>" changed cvar (cvar "sb_all_bot_team") (value "1")
L 10/14/2023 - 23:46:46: [basecommands.smx] "Console<0><Console><Console>" changed cvar (cvar "sv_hibernate_when_empty") (value "0")
L 10/14/2023 - 23:46:46: [basecommands.smx] "Console<0><Console><Console>" changed cvar (cvar "survivor_allow_crawling") (value "1")
L 10/14/2023 - 23:46:46: [basecommands.smx] "Console<0><Console><Console>" changed cvar (cvar "survivor_crawl_speed") (value "100")
L 10/14/2023 - 23:46:46: [basecommands.smx] "Console<0><Console><Console>" changed cvar (cvar "director_afk_timeout") (value "120")
L 10/14/2023 - 23:58:06: -------- Mapchange to l4d_garage02_lots --------
L 10/14/2023 - 23:58:07: [basecommands.smx] "Console<0><Console><Console>" changed cvar (cvar "z_difficulty") (value "Impossible")
L 10/14/2023 - 23:58:07: [basecommands.smx] "Console<0><Console><Console>" changed cvar (cvar "sb_all_bot_team") (value "1")
L 10/14/2023 - 23:58:07: [basecommands.smx] "Console<0><Console><Console>" changed cvar (cvar "sv_hibernate_when_empty") (value "0")
L 10/14/2023 - 23:58:07: [basecommands.smx] "Console<0><Console><Console>" changed cvar (cvar "survivor_allow_crawling") (value "1")
L 10/14/2023 - 23:58:07: [basecommands.smx] "Console<0><Console><Console>" changed cvar (cvar "survivor_crawl_speed") (value "100")
L 10/14/2023 - 23:58:07: [basecommands.smx] "Console<0><Console><Console>" changed cvar (cvar "director_afk_timeout") (value "120")
L 10/15/2023 - 00:10:58: Log file closed.
