L 10/08/2023 - 05:05:14: SourceMod log file session started (file "/home/steam/Steam/l4d1server/left4dead/addons/sourcemod/logs/L20231008.log") (Version "1.11.0.6936")
L 10/08/2023 - 05:05:14: [basecommands.smx] "Console<0><Console><Console>" changed cvar (cvar "z_difficulty") (value "Impossible")
L 10/08/2023 - 05:05:14: [basecommands.smx] "Console<0><Console><Console>" changed cvar (cvar "sb_all_bot_team") (value "1")
L 10/08/2023 - 05:05:14: [basecommands.smx] "Console<0><Console><Console>" changed cvar (cvar "sv_hibernate_when_empty") (value "0")
L 10/08/2023 - 05:05:14: [basecommands.smx] "Console<0><Console><Console>" changed cvar (cvar "survivor_allow_crawling") (value "1")
L 10/08/2023 - 05:05:14: [basecommands.smx] "Console<0><Console><Console>" changed cvar (cvar "survivor_crawl_speed") (value "100")
L 10/08/2023 - 05:05:14: [basecommands.smx] "Console<0><Console><Console>" changed cvar (cvar "director_afk_timeout") (value "120")
L 10/08/2023 - 17:02:01: -------- Mapchange to l4d_hospital01_apartment --------
L 10/08/2023 - 17:02:01: [basecommands.smx] "Console<0><Console><Console>" changed cvar (cvar "z_difficulty") (value "Impossible")
L 10/08/2023 - 17:02:01: [basecommands.smx] "Console<0><Console><Console>" changed cvar (cvar "sb_all_bot_team") (value "1")
L 10/08/2023 - 17:02:01: [basecommands.smx] "Console<0><Console><Console>" changed cvar (cvar "sv_hibernate_when_empty") (value "0")
L 10/08/2023 - 17:02:01: [basecommands.smx] "Console<0><Console><Console>" changed cvar (cvar "survivor_allow_crawling") (value "1")
L 10/08/2023 - 17:02:01: [basecommands.smx] "Console<0><Console><Console>" changed cvar (cvar "survivor_crawl_speed") (value "100")
L 10/08/2023 - 17:02:01: [basecommands.smx] "Console<0><Console><Console>" changed cvar (cvar "director_afk_timeout") (value "120")
L 10/08/2023 - 17:07:32: -------- Mapchange to l4d_hospital02_subway --------
L 10/08/2023 - 17:07:33: [basecommands.smx] "Console<0><Console><Console>" changed cvar (cvar "z_difficulty") (value "Impossible")
L 10/08/2023 - 17:07:33: [basecommands.smx] "Console<0><Console><Console>" changed cvar (cvar "sb_all_bot_team") (value "1")
L 10/08/2023 - 17:07:33: [basecommands.smx] "Console<0><Console><Console>" changed cvar (cvar "sv_hibernate_when_empty") (value "0")
L 10/08/2023 - 17:07:33: [basecommands.smx] "Console<0><Console><Console>" changed cvar (cvar "survivor_allow_crawling") (value "1")
L 10/08/2023 - 17:07:33: [basecommands.smx] "Console<0><Console><Console>" changed cvar (cvar "survivor_crawl_speed") (value "100")
L 10/08/2023 - 17:07:33: [basecommands.smx] "Console<0><Console><Console>" changed cvar (cvar "director_afk_timeout") (value "120")
L 10/08/2023 - 17:29:35: -------- Mapchange to l4d_hospital03_sewers --------
L 10/08/2023 - 17:29:36: [basecommands.smx] "Console<0><Console><Console>" changed cvar (cvar "z_difficulty") (value "Impossible")
L 10/08/2023 - 17:29:36: [basecommands.smx] "Console<0><Console><Console>" changed cvar (cvar "sb_all_bot_team") (value "1")
L 10/08/2023 - 17:29:36: [basecommands.smx] "Console<0><Console><Console>" changed cvar (cvar "sv_hibernate_when_empty") (value "0")
L 10/08/2023 - 17:29:36: [basecommands.smx] "Console<0><Console><Console>" changed cvar (cvar "survivor_allow_crawling") (value "1")
L 10/08/2023 - 17:29:36: [basecommands.smx] "Console<0><Console><Console>" changed cvar (cvar "survivor_crawl_speed") (value "100")
L 10/08/2023 - 17:29:36: [basecommands.smx] "Console<0><Console><Console>" changed cvar (cvar "director_afk_timeout") (value "120")
L 10/08/2023 - 17:45:13: -------- Mapchange to l4d_hospital04_interior --------
L 10/08/2023 - 17:45:14: [basecommands.smx] "Console<0><Console><Console>" changed cvar (cvar "z_difficulty") (value "Impossible")
L 10/08/2023 - 17:45:14: [basecommands.smx] "Console<0><Console><Console>" changed cvar (cvar "sb_all_bot_team") (value "1")
L 10/08/2023 - 17:45:14: [basecommands.smx] "Console<0><Console><Console>" changed cvar (cvar "sv_hibernate_when_empty") (value "0")
L 10/08/2023 - 17:45:14: [basecommands.smx] "Console<0><Console><Console>" changed cvar (cvar "survivor_allow_crawling") (value "1")
L 10/08/2023 - 17:45:14: [basecommands.smx] "Console<0><Console><Console>" changed cvar (cvar "survivor_crawl_speed") (value "100")
L 10/08/2023 - 17:45:14: [basecommands.smx] "Console<0><Console><Console>" changed cvar (cvar "director_afk_timeout") (value "120")
L 10/08/2023 - 18:06:16: -------- Mapchange to l4d_hospital05_rooftop --------
L 10/08/2023 - 18:06:16: [basecommands.smx] "Console<0><Console><Console>" changed cvar (cvar "z_difficulty") (value "Impossible")
L 10/08/2023 - 18:06:16: [basecommands.smx] "Console<0><Console><Console>" changed cvar (cvar "sb_all_bot_team") (value "1")
L 10/08/2023 - 18:06:16: [basecommands.smx] "Console<0><Console><Console>" changed cvar (cvar "sv_hibernate_when_empty") (value "0")
L 10/08/2023 - 18:06:16: [basecommands.smx] "Console<0><Console><Console>" changed cvar (cvar "survivor_allow_crawling") (value "1")
L 10/08/2023 - 18:06:16: [basecommands.smx] "Console<0><Console><Console>" changed cvar (cvar "survivor_crawl_speed") (value "100")
L 10/08/2023 - 18:06:16: [basecommands.smx] "Console<0><Console><Console>" changed cvar (cvar "director_afk_timeout") (value "120")
L 10/08/2023 - 18:19:10: [SM] Changed map to "l4d_smalltown01_caves"
L 10/08/2023 - 18:19:10: -------- Mapchange to l4d_smalltown01_caves --------
L 10/08/2023 - 18:19:11: [basecommands.smx] "Console<0><Console><Console>" changed cvar (cvar "z_difficulty") (value "Impossible")
L 10/08/2023 - 18:19:11: [basecommands.smx] "Console<0><Console><Console>" changed cvar (cvar "sb_all_bot_team") (value "1")
L 10/08/2023 - 18:19:11: [basecommands.smx] "Console<0><Console><Console>" changed cvar (cvar "sv_hibernate_when_empty") (value "0")
L 10/08/2023 - 18:19:11: [basecommands.smx] "Console<0><Console><Console>" changed cvar (cvar "survivor_allow_crawling") (value "1")
L 10/08/2023 - 18:19:11: [basecommands.smx] "Console<0><Console><Console>" changed cvar (cvar "survivor_crawl_speed") (value "100")
L 10/08/2023 - 18:19:11: [basecommands.smx] "Console<0><Console><Console>" changed cvar (cvar "director_afk_timeout") (value "120")
L 10/08/2023 - 18:31:04: -------- Mapchange to l4d_hospital01_apartment --------
L 10/08/2023 - 18:31:04: [basecommands.smx] "Console<0><Console><Console>" changed cvar (cvar "z_difficulty") (value "Impossible")
L 10/08/2023 - 18:31:04: [basecommands.smx] "Console<0><Console><Console>" changed cvar (cvar "sb_all_bot_team") (value "1")
L 10/08/2023 - 18:31:04: [basecommands.smx] "Console<0><Console><Console>" changed cvar (cvar "sv_hibernate_when_empty") (value "0")
L 10/08/2023 - 18:31:04: [basecommands.smx] "Console<0><Console><Console>" changed cvar (cvar "survivor_allow_crawling") (value "1")
L 10/08/2023 - 18:31:04: [basecommands.smx] "Console<0><Console><Console>" changed cvar (cvar "survivor_crawl_speed") (value "100")
L 10/08/2023 - 18:31:04: [basecommands.smx] "Console<0><Console><Console>" changed cvar (cvar "director_afk_timeout") (value "120")
L 10/08/2023 - 18:38:22: -------- Mapchange to l4d_hospital02_subway --------
L 10/08/2023 - 18:38:23: [basecommands.smx] "Console<0><Console><Console>" changed cvar (cvar "z_difficulty") (value "Impossible")
L 10/08/2023 - 18:38:23: [basecommands.smx] "Console<0><Console><Console>" changed cvar (cvar "sb_all_bot_team") (value "1")
L 10/08/2023 - 18:38:23: [basecommands.smx] "Console<0><Console><Console>" changed cvar (cvar "sv_hibernate_when_empty") (value "0")
L 10/08/2023 - 18:38:23: [basecommands.smx] "Console<0><Console><Console>" changed cvar (cvar "survivor_allow_crawling") (value "1")
L 10/08/2023 - 18:38:23: [basecommands.smx] "Console<0><Console><Console>" changed cvar (cvar "survivor_crawl_speed") (value "100")
L 10/08/2023 - 18:38:23: [basecommands.smx] "Console<0><Console><Console>" changed cvar (cvar "director_afk_timeout") (value "120")
L 10/08/2023 - 18:49:14: -------- Mapchange to l4d_hospital03_sewers --------
L 10/08/2023 - 18:49:15: [basecommands.smx] "Console<0><Console><Console>" changed cvar (cvar "z_difficulty") (value "Impossible")
L 10/08/2023 - 18:49:15: [basecommands.smx] "Console<0><Console><Console>" changed cvar (cvar "sb_all_bot_team") (value "1")
L 10/08/2023 - 18:49:15: [basecommands.smx] "Console<0><Console><Console>" changed cvar (cvar "sv_hibernate_when_empty") (value "0")
L 10/08/2023 - 18:49:15: [basecommands.smx] "Console<0><Console><Console>" changed cvar (cvar "survivor_allow_crawling") (value "1")
L 10/08/2023 - 18:49:15: [basecommands.smx] "Console<0><Console><Console>" changed cvar (cvar "survivor_crawl_speed") (value "100")
L 10/08/2023 - 18:49:15: [basecommands.smx] "Console<0><Console><Console>" changed cvar (cvar "director_afk_timeout") (value "120")
L 10/08/2023 - 18:52:03: -------- Mapchange to l4d_hospital03_sewers --------
L 10/08/2023 - 18:52:04: [basecommands.smx] "Console<0><Console><Console>" changed cvar (cvar "z_difficulty") (value "Impossible")
L 10/08/2023 - 18:52:04: [basecommands.smx] "Console<0><Console><Console>" changed cvar (cvar "sb_all_bot_team") (value "1")
L 10/08/2023 - 18:52:04: [basecommands.smx] "Console<0><Console><Console>" changed cvar (cvar "sv_hibernate_when_empty") (value "0")
L 10/08/2023 - 18:52:04: [basecommands.smx] "Console<0><Console><Console>" changed cvar (cvar "survivor_allow_crawling") (value "1")
L 10/08/2023 - 18:52:04: [basecommands.smx] "Console<0><Console><Console>" changed cvar (cvar "survivor_crawl_speed") (value "100")
L 10/08/2023 - 18:52:04: [basecommands.smx] "Console<0><Console><Console>" changed cvar (cvar "director_afk_timeout") (value "120")
L 10/08/2023 - 19:03:28: -------- Mapchange to l4d_hospital04_interior --------
L 10/08/2023 - 19:03:29: [basecommands.smx] "Console<0><Console><Console>" changed cvar (cvar "z_difficulty") (value "Impossible")
L 10/08/2023 - 19:03:29: [basecommands.smx] "Console<0><Console><Console>" changed cvar (cvar "sb_all_bot_team") (value "1")
L 10/08/2023 - 19:03:29: [basecommands.smx] "Console<0><Console><Console>" changed cvar (cvar "sv_hibernate_when_empty") (value "0")
L 10/08/2023 - 19:03:29: [basecommands.smx] "Console<0><Console><Console>" changed cvar (cvar "survivor_allow_crawling") (value "1")
L 10/08/2023 - 19:03:29: [basecommands.smx] "Console<0><Console><Console>" changed cvar (cvar "survivor_crawl_speed") (value "100")
L 10/08/2023 - 19:03:29: [basecommands.smx] "Console<0><Console><Console>" changed cvar (cvar "director_afk_timeout") (value "120")
L 10/08/2023 - 19:10:30: -------- Mapchange to l4d_hospital05_rooftop --------
L 10/08/2023 - 19:10:30: [basecommands.smx] "Console<0><Console><Console>" changed cvar (cvar "z_difficulty") (value "Impossible")
L 10/08/2023 - 19:10:30: [basecommands.smx] "Console<0><Console><Console>" changed cvar (cvar "sb_all_bot_team") (value "1")
L 10/08/2023 - 19:10:30: [basecommands.smx] "Console<0><Console><Console>" changed cvar (cvar "sv_hibernate_when_empty") (value "0")
L 10/08/2023 - 19:10:30: [basecommands.smx] "Console<0><Console><Console>" changed cvar (cvar "survivor_allow_crawling") (value "1")
L 10/08/2023 - 19:10:30: [basecommands.smx] "Console<0><Console><Console>" changed cvar (cvar "survivor_crawl_speed") (value "100")
L 10/08/2023 - 19:10:30: [basecommands.smx] "Console<0><Console><Console>" changed cvar (cvar "director_afk_timeout") (value "120")
L 10/08/2023 - 20:16:05: -------- Mapchange to l4d_garage01_alleys --------
L 10/08/2023 - 20:16:06: [basecommands.smx] "Console<0><Console><Console>" changed cvar (cvar "z_difficulty") (value "Impossible")
L 10/08/2023 - 20:16:06: [basecommands.smx] "Console<0><Console><Console>" changed cvar (cvar "sb_all_bot_team") (value "1")
L 10/08/2023 - 20:16:06: [basecommands.smx] "Console<0><Console><Console>" changed cvar (cvar "sv_hibernate_when_empty") (value "0")
L 10/08/2023 - 20:16:06: [basecommands.smx] "Console<0><Console><Console>" changed cvar (cvar "survivor_allow_crawling") (value "1")
L 10/08/2023 - 20:16:06: [basecommands.smx] "Console<0><Console><Console>" changed cvar (cvar "survivor_crawl_speed") (value "100")
L 10/08/2023 - 20:16:06: [basecommands.smx] "Console<0><Console><Console>" changed cvar (cvar "director_afk_timeout") (value "120")
L 10/09/2023 - 02:03:18: Log file closed.
